29715617 reads; of these:
  29715617 (100.00%) were paired; of these:
    17158659 (57.74%) aligned concordantly 0 times
    9863348 (33.19%) aligned concordantly exactly 1 time
    2693610 (9.06%) aligned concordantly >1 times
    ----
    17158659 pairs aligned concordantly 0 times; of these:
      163828 (0.95%) aligned discordantly 1 time
    ----
    16994831 pairs aligned 0 times concordantly or discordantly; of these:
      33989662 mates make up the pairs; of these:
        25574027 (75.24%) aligned 0 times
        6882438 (20.25%) aligned exactly 1 time
        1533197 (4.51%) aligned >1 times
56.97% overall alignment rate
[bam_sort_core] merging from 27 files and 1 in-memory blocks...
[Wed Jul 03 18:02:02 CEST 2019] picard.sam.markduplicates.MarkDuplicates MAX_FILE_HANDLES_FOR_READ_ENDS_MAP=1000 INPUT=[FGJ6.sorted.bam] OUTPUT=FGJ6.dupl_rm.bam METRICS_FILE=FGJ6.metricN.log REMOVE_DUPLICATES=true ASSUME_SORTED=true    MAX_SEQUENCES_FOR_DISK_READ_ENDS_MAP=50000 SORTING_COLLECTION_SIZE_RATIO=0.25 TAG_DUPLICATE_SET_MEMBERS=false REMOVE_SEQUENCING_DUPLICATES=false TAGGING_POLICY=DontTag DUPLICATE_SCORING_STRATEGY=SUM_OF_BASE_QUALITIES PROGRAM_RECORD_ID=MarkDuplicates PROGRAM_GROUP_NAME=MarkDuplicates READ_NAME_REGEX=<optimized capture of last three ':' separated fields as numeric values> OPTICAL_DUPLICATE_PIXEL_DISTANCE=100 VERBOSITY=INFO QUIET=false VALIDATION_STRINGENCY=STRICT COMPRESSION_LEVEL=5 MAX_RECORDS_IN_RAM=500000 CREATE_INDEX=false CREATE_MD5_FILE=false GA4GH_CLIENT_SECRETS=client_secrets.json
[Wed Jul 03 18:02:02 CEST 2019] Executing as knam@node112 on Linux 3.10.0-514.26.2.el7.x86_64 amd64; OpenJDK 64-Bit Server VM 1.8.0_102-b14; Picard version: 2.9.4-SNAPSHOT
INFO	2019-07-03 18:02:03	MarkDuplicates	Start of doWork freeMemory: 2031680744; totalMemory: 2058354688; maxMemory: 3817865216
INFO	2019-07-03 18:02:03	MarkDuplicates	Reading input file and constructing read end information.
INFO	2019-07-03 18:02:03	MarkDuplicates	Will retain up to 13832844 data points before spilling to disk.
INFO	2019-07-03 18:02:17	MarkDuplicates	Read     1,000,000 records.  Elapsed time: 00:00:13s.  Time for last 1,000,000:   13s.  Last read position: HiC_scaffold_1:8,612,758
INFO	2019-07-03 18:02:17	MarkDuplicates	Tracking 12244 as yet unmatched pairs. 150 records in RAM.
INFO	2019-07-03 18:02:24	MarkDuplicates	Read     2,000,000 records.  Elapsed time: 00:00:21s.  Time for last 1,000,000:    7s.  Last read position: HiC_scaffold_2:5,251,769
INFO	2019-07-03 18:02:24	MarkDuplicates	Tracking 25760 as yet unmatched pairs. 511 records in RAM.
INFO	2019-07-03 18:02:34	MarkDuplicates	Read     3,000,000 records.  Elapsed time: 00:00:31s.  Time for last 1,000,000:   10s.  Last read position: HiC_scaffold_3:732,389
INFO	2019-07-03 18:02:34	MarkDuplicates	Tracking 37220 as yet unmatched pairs. 1411 records in RAM.
INFO	2019-07-03 18:02:43	MarkDuplicates	Read     4,000,000 records.  Elapsed time: 00:00:39s.  Time for last 1,000,000:    8s.  Last read position: HiC_scaffold_3:9,503,440
INFO	2019-07-03 18:02:43	MarkDuplicates	Tracking 48486 as yet unmatched pairs. 624 records in RAM.
INFO	2019-07-03 18:02:51	MarkDuplicates	Read     5,000,000 records.  Elapsed time: 00:00:47s.  Time for last 1,000,000:    8s.  Last read position: HiC_scaffold_4:4,536,900
INFO	2019-07-03 18:02:51	MarkDuplicates	Tracking 60227 as yet unmatched pairs. 1592 records in RAM.
INFO	2019-07-03 18:02:57	MarkDuplicates	Read     6,000,000 records.  Elapsed time: 00:00:54s.  Time for last 1,000,000:    6s.  Last read position: HiC_scaffold_4:12,776,664
INFO	2019-07-03 18:02:57	MarkDuplicates	Tracking 69476 as yet unmatched pairs. 337 records in RAM.
INFO	2019-07-03 18:03:05	MarkDuplicates	Read     7,000,000 records.  Elapsed time: 00:01:02s.  Time for last 1,000,000:    8s.  Last read position: HiC_scaffold_5:7,021,737
INFO	2019-07-03 18:03:05	MarkDuplicates	Tracking 78822 as yet unmatched pairs. 1133 records in RAM.
INFO	2019-07-03 18:03:13	MarkDuplicates	Read     8,000,000 records.  Elapsed time: 00:01:09s.  Time for last 1,000,000:    7s.  Last read position: HiC_scaffold_6:4,941,290
INFO	2019-07-03 18:03:13	MarkDuplicates	Tracking 90342 as yet unmatched pairs. 1454 records in RAM.
INFO	2019-07-03 18:03:22	MarkDuplicates	Read     9,000,000 records.  Elapsed time: 00:01:18s.  Time for last 1,000,000:    8s.  Last read position: HiC_scaffold_7:4,037,171
INFO	2019-07-03 18:03:22	MarkDuplicates	Tracking 100024 as yet unmatched pairs. 3128 records in RAM.
INFO	2019-07-03 18:03:28	MarkDuplicates	Read    10,000,000 records.  Elapsed time: 00:01:25s.  Time for last 1,000,000:    6s.  Last read position: HiC_scaffold_7:12,388,912
INFO	2019-07-03 18:03:28	MarkDuplicates	Tracking 107468 as yet unmatched pairs. 645 records in RAM.
INFO	2019-07-03 18:03:35	MarkDuplicates	Read    11,000,000 records.  Elapsed time: 00:01:32s.  Time for last 1,000,000:    6s.  Last read position: HiC_scaffold_8:8,283,243
INFO	2019-07-03 18:03:35	MarkDuplicates	Tracking 115158 as yet unmatched pairs. 1330 records in RAM.
INFO	2019-07-03 18:03:42	MarkDuplicates	Read    12,000,000 records.  Elapsed time: 00:01:39s.  Time for last 1,000,000:    7s.  Last read position: HiC_scaffold_9:5,370,102
INFO	2019-07-03 18:03:42	MarkDuplicates	Tracking 124424 as yet unmatched pairs. 2555 records in RAM.
INFO	2019-07-03 18:03:50	MarkDuplicates	Read    13,000,000 records.  Elapsed time: 00:01:46s.  Time for last 1,000,000:    7s.  Last read position: HiC_scaffold_10:1,727,252
INFO	2019-07-03 18:03:50	MarkDuplicates	Tracking 129518 as yet unmatched pairs. 5362 records in RAM.
INFO	2019-07-03 18:03:59	MarkDuplicates	Read    14,000,000 records.  Elapsed time: 00:01:55s.  Time for last 1,000,000:    8s.  Last read position: HiC_scaffold_10:10,254,928
INFO	2019-07-03 18:03:59	MarkDuplicates	Tracking 134616 as yet unmatched pairs. 1709 records in RAM.
INFO	2019-07-03 18:04:06	MarkDuplicates	Read    15,000,000 records.  Elapsed time: 00:02:03s.  Time for last 1,000,000:    7s.  Last read position: HiC_scaffold_11:4,847,993
INFO	2019-07-03 18:04:06	MarkDuplicates	Tracking 139615 as yet unmatched pairs. 4933 records in RAM.
INFO	2019-07-03 18:04:57	MarkDuplicates	Read    16,000,000 records.  Elapsed time: 00:02:53s.  Time for last 1,000,000:   50s.  Last read position: HiC_scaffold_11:13,020,062
INFO	2019-07-03 18:04:57	MarkDuplicates	Tracking 142786 as yet unmatched pairs. 1331 records in RAM.
INFO	2019-07-03 18:05:14	MarkDuplicates	Read    17,000,000 records.  Elapsed time: 00:03:11s.  Time for last 1,000,000:   17s.  Last read position: HiC_scaffold_12:7,833,169
INFO	2019-07-03 18:05:14	MarkDuplicates	Tracking 152834 as yet unmatched pairs. 15479 records in RAM.
INFO	2019-07-03 18:05:20	MarkDuplicates	Read    18,000,000 records.  Elapsed time: 00:03:17s.  Time for last 1,000,000:    6s.  Last read position: HiC_scaffold_12:19,261,431
INFO	2019-07-03 18:05:20	MarkDuplicates	Tracking 159506 as yet unmatched pairs. 2318 records in RAM.
INFO	2019-07-03 18:05:28	MarkDuplicates	Read    19,000,000 records.  Elapsed time: 00:03:25s.  Time for last 1,000,000:    8s.  Last read position: HiC_scaffold_13:7,686,838
INFO	2019-07-03 18:05:28	MarkDuplicates	Tracking 160596 as yet unmatched pairs. 4397 records in RAM.
INFO	2019-07-03 18:05:37	MarkDuplicates	Read    20,000,000 records.  Elapsed time: 00:03:33s.  Time for last 1,000,000:    8s.  Last read position: HiC_scaffold_14:1,029,701
INFO	2019-07-03 18:05:37	MarkDuplicates	Tracking 161440 as yet unmatched pairs. 9758 records in RAM.
INFO	2019-07-03 18:05:44	MarkDuplicates	Read    21,000,000 records.  Elapsed time: 00:03:41s.  Time for last 1,000,000:    7s.  Last read position: HiC_scaffold_14:9,570,143
INFO	2019-07-03 18:05:44	MarkDuplicates	Tracking 161428 as yet unmatched pairs. 4150 records in RAM.
INFO	2019-07-03 18:05:52	MarkDuplicates	Read    22,000,000 records.  Elapsed time: 00:03:48s.  Time for last 1,000,000:    7s.  Last read position: HiC_scaffold_15:4,416,822
INFO	2019-07-03 18:05:52	MarkDuplicates	Tracking 160840 as yet unmatched pairs. 6416 records in RAM.
INFO	2019-07-03 18:05:59	MarkDuplicates	Read    23,000,000 records.  Elapsed time: 00:03:55s.  Time for last 1,000,000:    7s.  Last read position: HiC_scaffold_15:13,372,698
INFO	2019-07-03 18:05:59	MarkDuplicates	Tracking 160164 as yet unmatched pairs. 262 records in RAM.
INFO	2019-07-03 18:06:06	MarkDuplicates	Read    24,000,000 records.  Elapsed time: 00:04:03s.  Time for last 1,000,000:    7s.  Last read position: HiC_scaffold_16:9,120,374
INFO	2019-07-03 18:06:06	MarkDuplicates	Tracking 158469 as yet unmatched pairs. 2699 records in RAM.
INFO	2019-07-03 18:06:14	MarkDuplicates	Read    25,000,000 records.  Elapsed time: 00:04:11s.  Time for last 1,000,000:    7s.  Last read position: HiC_scaffold_17:6,867,772
INFO	2019-07-03 18:06:14	MarkDuplicates	Tracking 155868 as yet unmatched pairs. 5212 records in RAM.
INFO	2019-07-03 18:06:47	MarkDuplicates	Read    26,000,000 records.  Elapsed time: 00:04:43s.  Time for last 1,000,000:   32s.  Last read position: HiC_scaffold_18:5,659,035
INFO	2019-07-03 18:06:47	MarkDuplicates	Tracking 152352 as yet unmatched pairs. 5942 records in RAM.
INFO	2019-07-03 18:06:54	MarkDuplicates	Read    27,000,000 records.  Elapsed time: 00:04:51s.  Time for last 1,000,000:    7s.  Last read position: HiC_scaffold_19:2,073,867
INFO	2019-07-03 18:06:54	MarkDuplicates	Tracking 149250 as yet unmatched pairs. 10947 records in RAM.
INFO	2019-07-03 18:07:03	MarkDuplicates	Read    28,000,000 records.  Elapsed time: 00:05:00s.  Time for last 1,000,000:    9s.  Last read position: HiC_scaffold_19:10,877,624
INFO	2019-07-03 18:07:03	MarkDuplicates	Tracking 145362 as yet unmatched pairs. 2477 records in RAM.
INFO	2019-07-03 18:07:11	MarkDuplicates	Read    29,000,000 records.  Elapsed time: 00:05:07s.  Time for last 1,000,000:    7s.  Last read position: HiC_scaffold_20:7,256,961
INFO	2019-07-03 18:07:11	MarkDuplicates	Tracking 140156 as yet unmatched pairs. 5147 records in RAM.
INFO	2019-07-03 18:07:19	MarkDuplicates	Read    30,000,000 records.  Elapsed time: 00:05:15s.  Time for last 1,000,000:    7s.  Last read position: HiC_scaffold_21:5,593,657
INFO	2019-07-03 18:07:19	MarkDuplicates	Tracking 134286 as yet unmatched pairs. 8250 records in RAM.
INFO	2019-07-03 18:07:27	MarkDuplicates	Read    31,000,000 records.  Elapsed time: 00:05:23s.  Time for last 1,000,000:    7s.  Last read position: HiC_scaffold_22:726,389
INFO	2019-07-03 18:07:27	MarkDuplicates	Tracking 128472 as yet unmatched pairs. 14929 records in RAM.
INFO	2019-07-03 18:07:34	MarkDuplicates	Read    32,000,000 records.  Elapsed time: 00:05:30s.  Time for last 1,000,000:    7s.  Last read position: HiC_scaffold_22:10,412,891
INFO	2019-07-03 18:07:34	MarkDuplicates	Tracking 119113 as yet unmatched pairs. 1143 records in RAM.
INFO	2019-07-03 18:07:41	MarkDuplicates	Read    33,000,000 records.  Elapsed time: 00:05:38s.  Time for last 1,000,000:    7s.  Last read position: HiC_scaffold_23:8,772,084
INFO	2019-07-03 18:07:41	MarkDuplicates	Tracking 111492 as yet unmatched pairs. 630 records in RAM.
INFO	2019-07-03 18:07:49	MarkDuplicates	Read    34,000,000 records.  Elapsed time: 00:05:46s.  Time for last 1,000,000:    7s.  Last read position: HiC_scaffold_24:7,793,519
INFO	2019-07-03 18:07:49	MarkDuplicates	Tracking 101118 as yet unmatched pairs. 4680 records in RAM.
INFO	2019-07-03 18:08:06	MarkDuplicates	Read    35,000,000 records.  Elapsed time: 00:06:02s.  Time for last 1,000,000:   16s.  Last read position: HiC_scaffold_25:6,317,928
INFO	2019-07-03 18:08:06	MarkDuplicates	Tracking 91876 as yet unmatched pairs. 9128 records in RAM.
INFO	2019-07-03 18:08:14	MarkDuplicates	Read    36,000,000 records.  Elapsed time: 00:06:11s.  Time for last 1,000,000:    8s.  Last read position: HiC_scaffold_26:1,057,807
INFO	2019-07-03 18:08:14	MarkDuplicates	Tracking 83140 as yet unmatched pairs. 12923 records in RAM.
INFO	2019-07-03 18:08:23	MarkDuplicates	Read    37,000,000 records.  Elapsed time: 00:06:19s.  Time for last 1,000,000:    8s.  Last read position: HiC_scaffold_27:1,917,427
INFO	2019-07-03 18:08:23	MarkDuplicates	Tracking 69551 as yet unmatched pairs. 14782 records in RAM.
INFO	2019-07-03 18:08:31	MarkDuplicates	Read    38,000,000 records.  Elapsed time: 00:06:28s.  Time for last 1,000,000:    8s.  Last read position: HiC_scaffold_27:10,429,357
INFO	2019-07-03 18:08:31	MarkDuplicates	Tracking 60969 as yet unmatched pairs. 5224 records in RAM.
INFO	2019-07-03 18:09:35	MarkDuplicates	Read    39,000,000 records.  Elapsed time: 00:07:31s.  Time for last 1,000,000:   63s.  Last read position: HiC_scaffold_28:6,137,386
INFO	2019-07-03 18:09:35	MarkDuplicates	Tracking 44389 as yet unmatched pairs. 3170 records in RAM.
INFO	2019-07-03 18:09:44	MarkDuplicates	Read    40,000,000 records.  Elapsed time: 00:07:40s.  Time for last 1,000,000:    9s.  Last read position: HiC_scaffold_29:7,712,069
INFO	2019-07-03 18:09:44	MarkDuplicates	Tracking 31136 as yet unmatched pairs. 21185 records in RAM.
INFO	2019-07-03 18:09:51	MarkDuplicates	Read    41,000,000 records.  Elapsed time: 00:07:48s.  Time for last 1,000,000:    7s.  Last read position: HiC_scaffold_29:19,491,185
INFO	2019-07-03 18:09:51	MarkDuplicates	Tracking 13347 as yet unmatched pairs. 3121 records in RAM.
INFO	2019-07-03 18:09:57	MarkDuplicates	Read 41709928 records. 0 pairs never matched.
INFO	2019-07-03 18:10:39	MarkDuplicates	After buildSortedReadEndLists freeMemory: 2785935304; totalMemory: 3806330880; maxMemory: 3817865216
INFO	2019-07-03 18:10:39	MarkDuplicates	Will retain up to 119308288 duplicate indices before spilling to disk.
INFO	2019-07-03 18:10:39	MarkDuplicates	Traversing read pair information and detecting duplicates.
INFO	2019-07-03 18:10:41	MarkDuplicates	Traversing fragment information and detecting duplicates.
INFO	2019-07-03 18:10:58	MarkDuplicates	Sorting list of duplicate records.
INFO	2019-07-03 18:10:59	MarkDuplicates	After generateDuplicateIndexes freeMemory: 2787231936; totalMemory: 3769630720; maxMemory: 3817865216
INFO	2019-07-03 18:10:59	MarkDuplicates	Marking 4986782 records as duplicates.
INFO	2019-07-03 18:10:59	MarkDuplicates	Found 167229 optical duplicate clusters.
INFO	2019-07-03 18:10:59	MarkDuplicates	Reads are assumed to be ordered by: coordinate
INFO	2019-07-03 18:13:59	MarkDuplicates	Written    10,000,000 records.  Elapsed time: 00:02:59s.  Time for last 10,000,000:  179s.  Last read position: HiC_scaffold_9:126,687
INFO	2019-07-03 18:17:02	MarkDuplicates	Written    20,000,000 records.  Elapsed time: 00:06:02s.  Time for last 10,000,000:  182s.  Last read position: HiC_scaffold_15:10,824,955
INFO	2019-07-03 18:20:04	MarkDuplicates	Written    30,000,000 records.  Elapsed time: 00:09:05s.  Time for last 10,000,000:  182s.  Last read position: HiC_scaffold_24:8,651,544
INFO	2019-07-03 18:23:03	MarkDuplicates	Written    40,000,000 records.  Elapsed time: 00:12:04s.  Time for last 10,000,000:  179s.  Last read position: */*
INFO	2019-07-03 18:26:00	MarkDuplicates	Written    50,000,000 records.  Elapsed time: 00:15:00s.  Time for last 10,000,000:  176s.  Last read position: */*
INFO	2019-07-03 18:27:22	MarkDuplicates	Before output close freeMemory: 3856251400; totalMemory: 3887071232; maxMemory: 3887071232
INFO	2019-07-03 18:27:22	MarkDuplicates	After output close freeMemory: 3856236896; totalMemory: 3887071232; maxMemory: 3887071232
[Wed Jul 03 18:27:22 CEST 2019] picard.sam.markduplicates.MarkDuplicates done. Elapsed time: 25.33 minutes.
Runtime.totalMemory()=3887071232
[Wed Jul 03 18:27:23 CEST 2019] picard.sam.AddOrReplaceReadGroups INPUT=FGJ6.dupl_rm.bam OUTPUT=FGJ6.bam RGID=FGJ6 RGLB=lib1 RGPL=illumina RGPU=unit1 RGSM=FGJ6    VERBOSITY=INFO QUIET=false VALIDATION_STRINGENCY=STRICT COMPRESSION_LEVEL=5 MAX_RECORDS_IN_RAM=500000 CREATE_INDEX=false CREATE_MD5_FILE=false GA4GH_CLIENT_SECRETS=client_secrets.json
[Wed Jul 03 18:27:23 CEST 2019] Executing as knam@node112 on Linux 3.10.0-514.26.2.el7.x86_64 amd64; OpenJDK 64-Bit Server VM 1.8.0_102-b14; Picard version: 2.9.4-SNAPSHOT
INFO	2019-07-03 18:27:23	AddOrReplaceReadGroups	Created read group ID=FGJ6 PL=illumina LB=lib1 SM=FGJ6

INFO	2019-07-03 18:27:46	AddOrReplaceReadGroups	Processed     1,000,000 records.  Elapsed time: 00:00:23s.  Time for last 1,000,000:   23s.  Last read position: HiC_scaffold_1:10,060,331
INFO	2019-07-03 18:28:04	AddOrReplaceReadGroups	Processed     2,000,000 records.  Elapsed time: 00:00:41s.  Time for last 1,000,000:   17s.  Last read position: HiC_scaffold_2:7,453,443
INFO	2019-07-03 18:28:22	AddOrReplaceReadGroups	Processed     3,000,000 records.  Elapsed time: 00:00:58s.  Time for last 1,000,000:   17s.  Last read position: HiC_scaffold_3:4,364,064
INFO	2019-07-03 18:28:39	AddOrReplaceReadGroups	Processed     4,000,000 records.  Elapsed time: 00:01:16s.  Time for last 1,000,000:   17s.  Last read position: HiC_scaffold_4:335,836
INFO	2019-07-03 18:28:57	AddOrReplaceReadGroups	Processed     5,000,000 records.  Elapsed time: 00:01:33s.  Time for last 1,000,000:   17s.  Last read position: HiC_scaffold_4:9,992,507
INFO	2019-07-03 18:29:15	AddOrReplaceReadGroups	Processed     6,000,000 records.  Elapsed time: 00:01:51s.  Time for last 1,000,000:   17s.  Last read position: HiC_scaffold_5:5,651,654
INFO	2019-07-03 18:29:32	AddOrReplaceReadGroups	Processed     7,000,000 records.  Elapsed time: 00:02:09s.  Time for last 1,000,000:   17s.  Last read position: HiC_scaffold_6:4,477,163
INFO	2019-07-03 18:29:50	AddOrReplaceReadGroups	Processed     8,000,000 records.  Elapsed time: 00:02:27s.  Time for last 1,000,000:   17s.  Last read position: HiC_scaffold_7:4,860,687
INFO	2019-07-03 18:30:08	AddOrReplaceReadGroups	Processed     9,000,000 records.  Elapsed time: 00:02:44s.  Time for last 1,000,000:   17s.  Last read position: HiC_scaffold_8:625,557
INFO	2019-07-03 18:30:25	AddOrReplaceReadGroups	Processed    10,000,000 records.  Elapsed time: 00:03:02s.  Time for last 1,000,000:   17s.  Last read position: HiC_scaffold_9:126,687
INFO	2019-07-03 18:30:43	AddOrReplaceReadGroups	Processed    11,000,000 records.  Elapsed time: 00:03:20s.  Time for last 1,000,000:   17s.  Last read position: HiC_scaffold_9:9,890,210
INFO	2019-07-03 18:31:01	AddOrReplaceReadGroups	Processed    12,000,000 records.  Elapsed time: 00:03:37s.  Time for last 1,000,000:   17s.  Last read position: HiC_scaffold_10:7,315,576
INFO	2019-07-03 18:31:18	AddOrReplaceReadGroups	Processed    13,000,000 records.  Elapsed time: 00:03:55s.  Time for last 1,000,000:   17s.  Last read position: HiC_scaffold_11:3,110,573
INFO	2019-07-03 18:31:36	AddOrReplaceReadGroups	Processed    14,000,000 records.  Elapsed time: 00:04:12s.  Time for last 1,000,000:   17s.  Last read position: HiC_scaffold_11:12,475,023
INFO	2019-07-03 18:31:54	AddOrReplaceReadGroups	Processed    15,000,000 records.  Elapsed time: 00:04:30s.  Time for last 1,000,000:   18s.  Last read position: HiC_scaffold_12:8,518,071
INFO	2019-07-03 18:32:12	AddOrReplaceReadGroups	Processed    16,000,000 records.  Elapsed time: 00:04:49s.  Time for last 1,000,000:   18s.  Last read position: HiC_scaffold_13:714,772
INFO	2019-07-03 18:32:30	AddOrReplaceReadGroups	Processed    17,000,000 records.  Elapsed time: 00:05:06s.  Time for last 1,000,000:   17s.  Last read position: HiC_scaffold_13:10,138,384
INFO	2019-07-03 18:32:47	AddOrReplaceReadGroups	Processed    18,000,000 records.  Elapsed time: 00:05:24s.  Time for last 1,000,000:   17s.  Last read position: HiC_scaffold_14:5,344,366
INFO	2019-07-03 18:33:05	AddOrReplaceReadGroups	Processed    19,000,000 records.  Elapsed time: 00:05:41s.  Time for last 1,000,000:   17s.  Last read position: HiC_scaffold_15:593,020
INFO	2019-07-03 18:33:22	AddOrReplaceReadGroups	Processed    20,000,000 records.  Elapsed time: 00:05:59s.  Time for last 1,000,000:   17s.  Last read position: HiC_scaffold_15:10,824,955
INFO	2019-07-03 18:33:40	AddOrReplaceReadGroups	Processed    21,000,000 records.  Elapsed time: 00:06:17s.  Time for last 1,000,000:   17s.  Last read position: HiC_scaffold_16:7,812,332
INFO	2019-07-03 18:33:58	AddOrReplaceReadGroups	Processed    22,000,000 records.  Elapsed time: 00:06:35s.  Time for last 1,000,000:   17s.  Last read position: HiC_scaffold_17:6,916,791
INFO	2019-07-03 18:34:16	AddOrReplaceReadGroups	Processed    23,000,000 records.  Elapsed time: 00:06:52s.  Time for last 1,000,000:   17s.  Last read position: HiC_scaffold_18:6,827,068
INFO	2019-07-03 18:34:34	AddOrReplaceReadGroups	Processed    24,000,000 records.  Elapsed time: 00:07:10s.  Time for last 1,000,000:   17s.  Last read position: HiC_scaffold_19:4,780,428
INFO	2019-07-03 18:34:51	AddOrReplaceReadGroups	Processed    25,000,000 records.  Elapsed time: 00:07:28s.  Time for last 1,000,000:   17s.  Last read position: HiC_scaffold_20:1,491,131
INFO	2019-07-03 18:35:09	AddOrReplaceReadGroups	Processed    26,000,000 records.  Elapsed time: 00:07:46s.  Time for last 1,000,000:   17s.  Last read position: HiC_scaffold_21:1,506,760
INFO	2019-07-03 18:35:27	AddOrReplaceReadGroups	Processed    27,000,000 records.  Elapsed time: 00:08:03s.  Time for last 1,000,000:   17s.  Last read position: HiC_scaffold_21:11,507,914
INFO	2019-07-03 18:35:45	AddOrReplaceReadGroups	Processed    28,000,000 records.  Elapsed time: 00:08:21s.  Time for last 1,000,000:   17s.  Last read position: HiC_scaffold_22:8,704,572
INFO	2019-07-03 18:36:02	AddOrReplaceReadGroups	Processed    29,000,000 records.  Elapsed time: 00:08:39s.  Time for last 1,000,000:   17s.  Last read position: HiC_scaffold_23:8,228,546
INFO	2019-07-03 18:36:20	AddOrReplaceReadGroups	Processed    30,000,000 records.  Elapsed time: 00:08:57s.  Time for last 1,000,000:   17s.  Last read position: HiC_scaffold_24:8,651,544
INFO	2019-07-03 18:36:38	AddOrReplaceReadGroups	Processed    31,000,000 records.  Elapsed time: 00:09:14s.  Time for last 1,000,000:   17s.  Last read position: HiC_scaffold_25:7,943,465
INFO	2019-07-03 18:36:55	AddOrReplaceReadGroups	Processed    32,000,000 records.  Elapsed time: 00:09:32s.  Time for last 1,000,000:   17s.  Last read position: HiC_scaffold_26:4,901,745
INFO	2019-07-03 18:37:13	AddOrReplaceReadGroups	Processed    33,000,000 records.  Elapsed time: 00:09:50s.  Time for last 1,000,000:   17s.  Last read position: HiC_scaffold_27:6,298,284
INFO	2019-07-03 18:37:31	AddOrReplaceReadGroups	Processed    34,000,000 records.  Elapsed time: 00:10:08s.  Time for last 1,000,000:   17s.  Last read position: HiC_scaffold_28:1,704,416
INFO	2019-07-03 18:37:49	AddOrReplaceReadGroups	Processed    35,000,000 records.  Elapsed time: 00:10:26s.  Time for last 1,000,000:   17s.  Last read position: HiC_scaffold_29:5,699,705
INFO	2019-07-03 18:38:07	AddOrReplaceReadGroups	Processed    36,000,000 records.  Elapsed time: 00:10:43s.  Time for last 1,000,000:   17s.  Last read position: HiC_scaffold_29:17,962,316
INFO	2019-07-03 18:38:25	AddOrReplaceReadGroups	Processed    37,000,000 records.  Elapsed time: 00:11:01s.  Time for last 1,000,000:   18s.  Last read position: */*
INFO	2019-07-03 18:38:42	AddOrReplaceReadGroups	Processed    38,000,000 records.  Elapsed time: 00:11:19s.  Time for last 1,000,000:   17s.  Last read position: */*
INFO	2019-07-03 18:38:59	AddOrReplaceReadGroups	Processed    39,000,000 records.  Elapsed time: 00:11:36s.  Time for last 1,000,000:   17s.  Last read position: */*
INFO	2019-07-03 18:39:16	AddOrReplaceReadGroups	Processed    40,000,000 records.  Elapsed time: 00:11:53s.  Time for last 1,000,000:   17s.  Last read position: */*
INFO	2019-07-03 18:39:33	AddOrReplaceReadGroups	Processed    41,000,000 records.  Elapsed time: 00:12:09s.  Time for last 1,000,000:   16s.  Last read position: */*
INFO	2019-07-03 18:39:50	AddOrReplaceReadGroups	Processed    42,000,000 records.  Elapsed time: 00:12:26s.  Time for last 1,000,000:   16s.  Last read position: */*
INFO	2019-07-03 18:40:07	AddOrReplaceReadGroups	Processed    43,000,000 records.  Elapsed time: 00:12:44s.  Time for last 1,000,000:   17s.  Last read position: */*
INFO	2019-07-03 18:40:24	AddOrReplaceReadGroups	Processed    44,000,000 records.  Elapsed time: 00:13:01s.  Time for last 1,000,000:   16s.  Last read position: */*
INFO	2019-07-03 18:40:41	AddOrReplaceReadGroups	Processed    45,000,000 records.  Elapsed time: 00:13:18s.  Time for last 1,000,000:   17s.  Last read position: */*
INFO	2019-07-03 18:40:59	AddOrReplaceReadGroups	Processed    46,000,000 records.  Elapsed time: 00:13:36s.  Time for last 1,000,000:   17s.  Last read position: */*
INFO	2019-07-03 18:41:18	AddOrReplaceReadGroups	Processed    47,000,000 records.  Elapsed time: 00:13:54s.  Time for last 1,000,000:   18s.  Last read position: */*
INFO	2019-07-03 18:41:36	AddOrReplaceReadGroups	Processed    48,000,000 records.  Elapsed time: 00:14:13s.  Time for last 1,000,000:   18s.  Last read position: */*
INFO	2019-07-03 18:41:55	AddOrReplaceReadGroups	Processed    49,000,000 records.  Elapsed time: 00:14:31s.  Time for last 1,000,000:   18s.  Last read position: */*
INFO	2019-07-03 18:42:13	AddOrReplaceReadGroups	Processed    50,000,000 records.  Elapsed time: 00:14:49s.  Time for last 1,000,000:   18s.  Last read position: */*
INFO	2019-07-03 18:42:31	AddOrReplaceReadGroups	Processed    51,000,000 records.  Elapsed time: 00:15:08s.  Time for last 1,000,000:   18s.  Last read position: */*
INFO	2019-07-03 18:42:49	AddOrReplaceReadGroups	Processed    52,000,000 records.  Elapsed time: 00:15:26s.  Time for last 1,000,000:   18s.  Last read position: */*
INFO	2019-07-03 18:43:07	AddOrReplaceReadGroups	Processed    53,000,000 records.  Elapsed time: 00:15:44s.  Time for last 1,000,000:   18s.  Last read position: */*
INFO	2019-07-03 18:43:26	AddOrReplaceReadGroups	Processed    54,000,000 records.  Elapsed time: 00:16:03s.  Time for last 1,000,000:   18s.  Last read position: */*
[Wed Jul 03 18:43:34 CEST 2019] picard.sam.AddOrReplaceReadGroups done. Elapsed time: 16.19 minutes.
Runtime.totalMemory()=1512570880
