28633692 reads; of these:
  28633692 (100.00%) were paired; of these:
    16036906 (56.01%) aligned concordantly 0 times
    9901922 (34.58%) aligned concordantly exactly 1 time
    2694864 (9.41%) aligned concordantly >1 times
    ----
    16036906 pairs aligned concordantly 0 times; of these:
      134136 (0.84%) aligned discordantly 1 time
    ----
    15902770 pairs aligned 0 times concordantly or discordantly; of these:
      31805540 mates make up the pairs; of these:
        23982567 (75.40%) aligned 0 times
        6394198 (20.10%) aligned exactly 1 time
        1428775 (4.49%) aligned >1 times
58.12% overall alignment rate
[bam_sort_core] merging from 26 files and 1 in-memory blocks...
[Wed Jul 03 19:35:06 CEST 2019] picard.sam.markduplicates.MarkDuplicates MAX_FILE_HANDLES_FOR_READ_ENDS_MAP=1000 INPUT=[FGJ7.sorted.bam] OUTPUT=FGJ7.dupl_rm.bam METRICS_FILE=FGJ7.metricN.log REMOVE_DUPLICATES=true ASSUME_SORTED=true    MAX_SEQUENCES_FOR_DISK_READ_ENDS_MAP=50000 SORTING_COLLECTION_SIZE_RATIO=0.25 TAG_DUPLICATE_SET_MEMBERS=false REMOVE_SEQUENCING_DUPLICATES=false TAGGING_POLICY=DontTag DUPLICATE_SCORING_STRATEGY=SUM_OF_BASE_QUALITIES PROGRAM_RECORD_ID=MarkDuplicates PROGRAM_GROUP_NAME=MarkDuplicates READ_NAME_REGEX=<optimized capture of last three ':' separated fields as numeric values> OPTICAL_DUPLICATE_PIXEL_DISTANCE=100 VERBOSITY=INFO QUIET=false VALIDATION_STRINGENCY=STRICT COMPRESSION_LEVEL=5 MAX_RECORDS_IN_RAM=500000 CREATE_INDEX=false CREATE_MD5_FILE=false GA4GH_CLIENT_SECRETS=client_secrets.json
[Wed Jul 03 19:35:07 CEST 2019] Executing as knam@node138 on Linux 3.10.0-514.26.2.el7.x86_64 amd64; OpenJDK 64-Bit Server VM 1.8.0_102-b14; Picard version: 2.9.4-SNAPSHOT
INFO	2019-07-03 19:35:07	MarkDuplicates	Start of doWork freeMemory: 2031680744; totalMemory: 2058354688; maxMemory: 3817865216
INFO	2019-07-03 19:35:07	MarkDuplicates	Reading input file and constructing read end information.
INFO	2019-07-03 19:35:07	MarkDuplicates	Will retain up to 13832844 data points before spilling to disk.
INFO	2019-07-03 19:35:26	MarkDuplicates	Read     1,000,000 records.  Elapsed time: 00:00:18s.  Time for last 1,000,000:   18s.  Last read position: HiC_scaffold_1:8,954,923
INFO	2019-07-03 19:35:26	MarkDuplicates	Tracking 10828 as yet unmatched pairs. 133 records in RAM.
INFO	2019-07-03 19:35:35	MarkDuplicates	Read     2,000,000 records.  Elapsed time: 00:00:27s.  Time for last 1,000,000:    9s.  Last read position: HiC_scaffold_2:5,705,931
INFO	2019-07-03 19:35:35	MarkDuplicates	Tracking 22717 as yet unmatched pairs. 428 records in RAM.
INFO	2019-07-03 19:35:49	MarkDuplicates	Read     3,000,000 records.  Elapsed time: 00:00:41s.  Time for last 1,000,000:   14s.  Last read position: HiC_scaffold_3:1,492,215
INFO	2019-07-03 19:35:49	MarkDuplicates	Tracking 33258 as yet unmatched pairs. 1148 records in RAM.
INFO	2019-07-03 19:36:01	MarkDuplicates	Read     4,000,000 records.  Elapsed time: 00:00:53s.  Time for last 1,000,000:   11s.  Last read position: HiC_scaffold_3:10,601,483
INFO	2019-07-03 19:36:01	MarkDuplicates	Tracking 44128 as yet unmatched pairs. 486 records in RAM.
INFO	2019-07-03 19:36:12	MarkDuplicates	Read     5,000,000 records.  Elapsed time: 00:01:04s.  Time for last 1,000,000:   11s.  Last read position: HiC_scaffold_4:5,805,154
INFO	2019-07-03 19:36:12	MarkDuplicates	Tracking 53834 as yet unmatched pairs. 1299 records in RAM.
INFO	2019-07-03 19:36:21	MarkDuplicates	Read     6,000,000 records.  Elapsed time: 00:01:13s.  Time for last 1,000,000:    8s.  Last read position: HiC_scaffold_4:14,469,998
INFO	2019-07-03 19:36:21	MarkDuplicates	Tracking 62050 as yet unmatched pairs. 37 records in RAM.
INFO	2019-07-03 19:36:32	MarkDuplicates	Read     7,000,000 records.  Elapsed time: 00:01:24s.  Time for last 1,000,000:   11s.  Last read position: HiC_scaffold_5:9,042,271
INFO	2019-07-03 19:36:32	MarkDuplicates	Tracking 71142 as yet unmatched pairs. 560 records in RAM.
INFO	2019-07-03 19:36:42	MarkDuplicates	Read     8,000,000 records.  Elapsed time: 00:01:34s.  Time for last 1,000,000:   10s.  Last read position: HiC_scaffold_6:7,475,340
INFO	2019-07-03 19:36:42	MarkDuplicates	Tracking 81848 as yet unmatched pairs. 778 records in RAM.
INFO	2019-07-03 19:36:53	MarkDuplicates	Read     9,000,000 records.  Elapsed time: 00:01:45s.  Time for last 1,000,000:   10s.  Last read position: HiC_scaffold_7:6,355,741
INFO	2019-07-03 19:36:53	MarkDuplicates	Tracking 89931 as yet unmatched pairs. 2061 records in RAM.
INFO	2019-07-03 19:37:03	MarkDuplicates	Read    10,000,000 records.  Elapsed time: 00:01:54s.  Time for last 1,000,000:    9s.  Last read position: HiC_scaffold_8:1,316,223
INFO	2019-07-03 19:37:03	MarkDuplicates	Tracking 96438 as yet unmatched pairs. 2994 records in RAM.
INFO	2019-07-03 19:37:11	MarkDuplicates	Read    11,000,000 records.  Elapsed time: 00:02:03s.  Time for last 1,000,000:    8s.  Last read position: HiC_scaffold_8:11,440,650
INFO	2019-07-03 19:37:11	MarkDuplicates	Tracking 104182 as yet unmatched pairs. 58 records in RAM.
INFO	2019-07-03 19:37:20	MarkDuplicates	Read    12,000,000 records.  Elapsed time: 00:02:12s.  Time for last 1,000,000:    9s.  Last read position: HiC_scaffold_9:8,573,331
INFO	2019-07-03 19:37:20	MarkDuplicates	Tracking 110330 as yet unmatched pairs. 1318 records in RAM.
INFO	2019-07-03 19:37:32	MarkDuplicates	Read    13,000,000 records.  Elapsed time: 00:02:24s.  Time for last 1,000,000:   11s.  Last read position: HiC_scaffold_10:5,388,728
INFO	2019-07-03 19:37:32	MarkDuplicates	Tracking 115760 as yet unmatched pairs. 3374 records in RAM.
INFO	2019-07-03 19:37:42	MarkDuplicates	Read    14,000,000 records.  Elapsed time: 00:02:34s.  Time for last 1,000,000:    9s.  Last read position: HiC_scaffold_11:81,689
INFO	2019-07-03 19:37:42	MarkDuplicates	Tracking 120520 as yet unmatched pairs. 6047 records in RAM.
INFO	2019-07-03 19:37:50	MarkDuplicates	Read    15,000,000 records.  Elapsed time: 00:02:42s.  Time for last 1,000,000:    8s.  Last read position: HiC_scaffold_11:8,495,293
INFO	2019-07-03 19:37:50	MarkDuplicates	Tracking 124245 as yet unmatched pairs. 2822 records in RAM.
INFO	2019-07-03 19:38:56	MarkDuplicates	Read    16,000,000 records.  Elapsed time: 00:03:48s.  Time for last 1,000,000:   65s.  Last read position: HiC_scaffold_12:2,824,421
INFO	2019-07-03 19:38:56	MarkDuplicates	Tracking 130278 as yet unmatched pairs. 17850 records in RAM.
INFO	2019-07-03 19:39:20	MarkDuplicates	Read    17,000,000 records.  Elapsed time: 00:04:12s.  Time for last 1,000,000:   23s.  Last read position: HiC_scaffold_12:12,441,162
INFO	2019-07-03 19:39:20	MarkDuplicates	Tracking 139784 as yet unmatched pairs. 10516 records in RAM.
INFO	2019-07-03 19:39:29	MarkDuplicates	Read    18,000,000 records.  Elapsed time: 00:04:21s.  Time for last 1,000,000:    9s.  Last read position: HiC_scaffold_13:3,504,241
INFO	2019-07-03 19:39:29	MarkDuplicates	Tracking 142202 as yet unmatched pairs. 6160 records in RAM.
INFO	2019-07-03 19:39:38	MarkDuplicates	Read    19,000,000 records.  Elapsed time: 00:04:30s.  Time for last 1,000,000:    9s.  Last read position: HiC_scaffold_13:11,467,062
INFO	2019-07-03 19:39:38	MarkDuplicates	Tracking 143038 as yet unmatched pairs. 1898 records in RAM.
INFO	2019-07-03 19:39:49	MarkDuplicates	Read    20,000,000 records.  Elapsed time: 00:04:41s.  Time for last 1,000,000:   10s.  Last read position: HiC_scaffold_14:5,845,100
INFO	2019-07-03 19:39:49	MarkDuplicates	Tracking 143550 as yet unmatched pairs. 5873 records in RAM.
INFO	2019-07-03 19:40:00	MarkDuplicates	Read    21,000,000 records.  Elapsed time: 00:04:52s.  Time for last 1,000,000:   10s.  Last read position: HiC_scaffold_15:94,055
INFO	2019-07-03 19:40:00	MarkDuplicates	Tracking 143138 as yet unmatched pairs. 8393 records in RAM.
INFO	2019-07-03 19:40:12	MarkDuplicates	Read    22,000,000 records.  Elapsed time: 00:05:04s.  Time for last 1,000,000:   12s.  Last read position: HiC_scaffold_15:9,322,549
INFO	2019-07-03 19:40:12	MarkDuplicates	Tracking 142688 as yet unmatched pairs. 3117 records in RAM.
INFO	2019-07-03 19:40:22	MarkDuplicates	Read    23,000,000 records.  Elapsed time: 00:05:14s.  Time for last 1,000,000:   10s.  Last read position: HiC_scaffold_16:5,095,320
INFO	2019-07-03 19:40:22	MarkDuplicates	Tracking 141721 as yet unmatched pairs. 5805 records in RAM.
INFO	2019-07-03 19:40:33	MarkDuplicates	Read    24,000,000 records.  Elapsed time: 00:05:25s.  Time for last 1,000,000:   10s.  Last read position: HiC_scaffold_17:3,058,858
INFO	2019-07-03 19:40:33	MarkDuplicates	Tracking 139472 as yet unmatched pairs. 8250 records in RAM.
INFO	2019-07-03 19:41:18	MarkDuplicates	Read    25,000,000 records.  Elapsed time: 00:06:10s.  Time for last 1,000,000:   45s.  Last read position: HiC_scaffold_18:2,202,210
INFO	2019-07-03 19:41:18	MarkDuplicates	Tracking 136181 as yet unmatched pairs. 7819 records in RAM.
INFO	2019-07-03 19:41:26	MarkDuplicates	Read    26,000,000 records.  Elapsed time: 00:06:18s.  Time for last 1,000,000:    8s.  Last read position: HiC_scaffold_18:11,766,614
INFO	2019-07-03 19:41:26	MarkDuplicates	Tracking 133446 as yet unmatched pairs. 762 records in RAM.
INFO	2019-07-03 19:41:37	MarkDuplicates	Read    27,000,000 records.  Elapsed time: 00:06:29s.  Time for last 1,000,000:   10s.  Last read position: HiC_scaffold_19:8,306,527
INFO	2019-07-03 19:41:37	MarkDuplicates	Tracking 130191 as yet unmatched pairs. 4678 records in RAM.
INFO	2019-07-03 19:41:49	MarkDuplicates	Read    28,000,000 records.  Elapsed time: 00:06:41s.  Time for last 1,000,000:   11s.  Last read position: HiC_scaffold_20:4,374,977
INFO	2019-07-03 19:41:49	MarkDuplicates	Tracking 126190 as yet unmatched pairs. 7552 records in RAM.
INFO	2019-07-03 19:42:00	MarkDuplicates	Read    29,000,000 records.  Elapsed time: 00:06:52s.  Time for last 1,000,000:   10s.  Last read position: HiC_scaffold_21:3,430,194
INFO	2019-07-03 19:42:00	MarkDuplicates	Tracking 120386 as yet unmatched pairs. 8732 records in RAM.
INFO	2019-07-03 19:42:09	MarkDuplicates	Read    30,000,000 records.  Elapsed time: 00:07:01s.  Time for last 1,000,000:    9s.  Last read position: HiC_scaffold_21:12,341,286
INFO	2019-07-03 19:42:09	MarkDuplicates	Tracking 115716 as yet unmatched pairs. 1098 records in RAM.
INFO	2019-07-03 19:42:20	MarkDuplicates	Read    31,000,000 records.  Elapsed time: 00:07:12s.  Time for last 1,000,000:   10s.  Last read position: HiC_scaffold_22:8,426,835
INFO	2019-07-03 19:42:20	MarkDuplicates	Tracking 107860 as yet unmatched pairs. 3319 records in RAM.
INFO	2019-07-03 19:42:31	MarkDuplicates	Read    32,000,000 records.  Elapsed time: 00:07:23s.  Time for last 1,000,000:   10s.  Last read position: HiC_scaffold_23:6,876,185
INFO	2019-07-03 19:42:31	MarkDuplicates	Tracking 100256 as yet unmatched pairs. 2566 records in RAM.
INFO	2019-07-03 19:42:43	MarkDuplicates	Read    33,000,000 records.  Elapsed time: 00:07:34s.  Time for last 1,000,000:   11s.  Last read position: HiC_scaffold_24:6,946,260
INFO	2019-07-03 19:42:43	MarkDuplicates	Tracking 90342 as yet unmatched pairs. 5338 records in RAM.
INFO	2019-07-03 19:43:04	MarkDuplicates	Read    34,000,000 records.  Elapsed time: 00:07:56s.  Time for last 1,000,000:   21s.  Last read position: HiC_scaffold_25:5,991,307
INFO	2019-07-03 19:43:04	MarkDuplicates	Tracking 81866 as yet unmatched pairs. 8088 records in RAM.
INFO	2019-07-03 19:43:14	MarkDuplicates	Read    35,000,000 records.  Elapsed time: 00:08:06s.  Time for last 1,000,000:    9s.  Last read position: HiC_scaffold_26:873,034
INFO	2019-07-03 19:43:14	MarkDuplicates	Tracking 74486 as yet unmatched pairs. 11658 records in RAM.
INFO	2019-07-03 19:43:24	MarkDuplicates	Read    36,000,000 records.  Elapsed time: 00:08:16s.  Time for last 1,000,000:   10s.  Last read position: HiC_scaffold_27:2,209,942
INFO	2019-07-03 19:43:24	MarkDuplicates	Tracking 62058 as yet unmatched pairs. 12998 records in RAM.
INFO	2019-07-03 19:43:34	MarkDuplicates	Read    37,000,000 records.  Elapsed time: 00:08:26s.  Time for last 1,000,000:    9s.  Last read position: HiC_scaffold_27:10,973,705
INFO	2019-07-03 19:43:34	MarkDuplicates	Tracking 54014 as yet unmatched pairs. 3976 records in RAM.
INFO	2019-07-03 19:43:45	MarkDuplicates	Read    38,000,000 records.  Elapsed time: 00:08:37s.  Time for last 1,000,000:   10s.  Last read position: HiC_scaffold_28:7,124,676
INFO	2019-07-03 19:43:45	MarkDuplicates	Tracking 38006 as yet unmatched pairs. 1185 records in RAM.
INFO	2019-07-03 19:45:21	MarkDuplicates	Read    39,000,000 records.  Elapsed time: 00:10:13s.  Time for last 1,000,000:   96s.  Last read position: HiC_scaffold_29:8,750,589
INFO	2019-07-03 19:45:21	MarkDuplicates	Tracking 26415 as yet unmatched pairs. 17536 records in RAM.
INFO	2019-07-03 19:45:30	MarkDuplicates	Read    40,000,000 records.  Elapsed time: 00:10:22s.  Time for last 1,000,000:    9s.  Last read position: HiC_scaffold_29:20,792,238
INFO	2019-07-03 19:45:30	MarkDuplicates	Tracking 9660 as yet unmatched pairs. 435 records in RAM.
INFO	2019-07-03 19:45:37	MarkDuplicates	Read 40595824 records. 0 pairs never matched.
INFO	2019-07-03 19:46:37	MarkDuplicates	After buildSortedReadEndLists freeMemory: 2970047032; totalMemory: 3989831680; maxMemory: 3989831680
INFO	2019-07-03 19:46:37	MarkDuplicates	Will retain up to 124682240 duplicate indices before spilling to disk.
INFO	2019-07-03 19:46:37	MarkDuplicates	Traversing read pair information and detecting duplicates.
INFO	2019-07-03 19:46:40	MarkDuplicates	Traversing fragment information and detecting duplicates.
INFO	2019-07-03 19:47:05	MarkDuplicates	Sorting list of duplicate records.
INFO	2019-07-03 19:47:06	MarkDuplicates	After generateDuplicateIndexes freeMemory: 2921073440; totalMemory: 3946840064; maxMemory: 3946840064
INFO	2019-07-03 19:47:06	MarkDuplicates	Marking 5185778 records as duplicates.
INFO	2019-07-03 19:47:06	MarkDuplicates	Found 185324 optical duplicate clusters.
INFO	2019-07-03 19:47:06	MarkDuplicates	Reads are assumed to be ordered by: coordinate
INFO	2019-07-03 19:50:51	MarkDuplicates	Written    10,000,000 records.  Elapsed time: 00:03:45s.  Time for last 10,000,000:  224s.  Last read position: HiC_scaffold_9:4,041,199
INFO	2019-07-03 19:54:41	MarkDuplicates	Written    20,000,000 records.  Elapsed time: 00:07:34s.  Time for last 10,000,000:  229s.  Last read position: HiC_scaffold_16:4,684,159
INFO	2019-07-03 19:58:30	MarkDuplicates	Written    30,000,000 records.  Elapsed time: 00:11:24s.  Time for last 10,000,000:  229s.  Last read position: HiC_scaffold_25:9,269,748
INFO	2019-07-03 20:02:09	MarkDuplicates	Written    40,000,000 records.  Elapsed time: 00:15:02s.  Time for last 10,000,000:  218s.  Last read position: */*
INFO	2019-07-03 20:05:43	MarkDuplicates	Written    50,000,000 records.  Elapsed time: 00:18:37s.  Time for last 10,000,000:  214s.  Last read position: */*
INFO	2019-07-03 20:06:30	MarkDuplicates	Before output close freeMemory: 4040114920; totalMemory: 4071620608; maxMemory: 4071620608
INFO	2019-07-03 20:06:30	MarkDuplicates	After output close freeMemory: 4040100416; totalMemory: 4071620608; maxMemory: 4071620608
[Wed Jul 03 20:06:30 CEST 2019] picard.sam.markduplicates.MarkDuplicates done. Elapsed time: 31.39 minutes.
Runtime.totalMemory()=4071620608
[Wed Jul 03 20:06:31 CEST 2019] picard.sam.AddOrReplaceReadGroups INPUT=FGJ7.dupl_rm.bam OUTPUT=FGJ7.bam RGID=FGJ7 RGLB=lib1 RGPL=illumina RGPU=unit1 RGSM=FGJ7    VERBOSITY=INFO QUIET=false VALIDATION_STRINGENCY=STRICT COMPRESSION_LEVEL=5 MAX_RECORDS_IN_RAM=500000 CREATE_INDEX=false CREATE_MD5_FILE=false GA4GH_CLIENT_SECRETS=client_secrets.json
[Wed Jul 03 20:06:31 CEST 2019] Executing as knam@node138 on Linux 3.10.0-514.26.2.el7.x86_64 amd64; OpenJDK 64-Bit Server VM 1.8.0_102-b14; Picard version: 2.9.4-SNAPSHOT
INFO	2019-07-03 20:06:31	AddOrReplaceReadGroups	Created read group ID=FGJ7 PL=illumina LB=lib1 SM=FGJ7

INFO	2019-07-03 20:06:58	AddOrReplaceReadGroups	Processed     1,000,000 records.  Elapsed time: 00:00:27s.  Time for last 1,000,000:   27s.  Last read position: HiC_scaffold_1:10,628,886
INFO	2019-07-03 20:07:20	AddOrReplaceReadGroups	Processed     2,000,000 records.  Elapsed time: 00:00:48s.  Time for last 1,000,000:   21s.  Last read position: HiC_scaffold_2:8,184,904
INFO	2019-07-03 20:07:42	AddOrReplaceReadGroups	Processed     3,000,000 records.  Elapsed time: 00:01:10s.  Time for last 1,000,000:   21s.  Last read position: HiC_scaffold_3:5,469,475
INFO	2019-07-03 20:08:04	AddOrReplaceReadGroups	Processed     4,000,000 records.  Elapsed time: 00:01:32s.  Time for last 1,000,000:   21s.  Last read position: HiC_scaffold_4:2,014,114
INFO	2019-07-03 20:08:26	AddOrReplaceReadGroups	Processed     5,000,000 records.  Elapsed time: 00:01:54s.  Time for last 1,000,000:   21s.  Last read position: HiC_scaffold_4:12,073,872
INFO	2019-07-03 20:08:48	AddOrReplaceReadGroups	Processed     6,000,000 records.  Elapsed time: 00:02:16s.  Time for last 1,000,000:   22s.  Last read position: HiC_scaffold_5:7,984,274
INFO	2019-07-03 20:09:10	AddOrReplaceReadGroups	Processed     7,000,000 records.  Elapsed time: 00:02:38s.  Time for last 1,000,000:   21s.  Last read position: HiC_scaffold_6:7,999,722
INFO	2019-07-03 20:09:31	AddOrReplaceReadGroups	Processed     8,000,000 records.  Elapsed time: 00:03:00s.  Time for last 1,000,000:   21s.  Last read position: HiC_scaffold_7:7,788,253
INFO	2019-07-03 20:09:53	AddOrReplaceReadGroups	Processed     9,000,000 records.  Elapsed time: 00:03:21s.  Time for last 1,000,000:   21s.  Last read position: HiC_scaffold_8:4,874,239
INFO	2019-07-03 20:10:15	AddOrReplaceReadGroups	Processed    10,000,000 records.  Elapsed time: 00:03:43s.  Time for last 1,000,000:   21s.  Last read position: HiC_scaffold_9:4,041,199
INFO	2019-07-03 20:10:36	AddOrReplaceReadGroups	Processed    11,000,000 records.  Elapsed time: 00:04:05s.  Time for last 1,000,000:   21s.  Last read position: HiC_scaffold_10:1,862,882
INFO	2019-07-03 20:10:58	AddOrReplaceReadGroups	Processed    12,000,000 records.  Elapsed time: 00:04:26s.  Time for last 1,000,000:   21s.  Last read position: HiC_scaffold_10:12,223,396
INFO	2019-07-03 20:11:19	AddOrReplaceReadGroups	Processed    13,000,000 records.  Elapsed time: 00:04:47s.  Time for last 1,000,000:   21s.  Last read position: HiC_scaffold_11:7,928,108
INFO	2019-07-03 20:11:41	AddOrReplaceReadGroups	Processed    14,000,000 records.  Elapsed time: 00:05:09s.  Time for last 1,000,000:   21s.  Last read position: HiC_scaffold_12:3,370,664
INFO	2019-07-03 20:12:03	AddOrReplaceReadGroups	Processed    15,000,000 records.  Elapsed time: 00:05:32s.  Time for last 1,000,000:   22s.  Last read position: HiC_scaffold_12:14,940,829
INFO	2019-07-03 20:12:26	AddOrReplaceReadGroups	Processed    16,000,000 records.  Elapsed time: 00:05:54s.  Time for last 1,000,000:   22s.  Last read position: HiC_scaffold_13:6,468,790
INFO	2019-07-03 20:12:47	AddOrReplaceReadGroups	Processed    17,000,000 records.  Elapsed time: 00:06:15s.  Time for last 1,000,000:   21s.  Last read position: HiC_scaffold_14:1,158,148
INFO	2019-07-03 20:13:08	AddOrReplaceReadGroups	Processed    18,000,000 records.  Elapsed time: 00:06:36s.  Time for last 1,000,000:   21s.  Last read position: HiC_scaffold_14:11,514,917
INFO	2019-07-03 20:13:30	AddOrReplaceReadGroups	Processed    19,000,000 records.  Elapsed time: 00:06:58s.  Time for last 1,000,000:   21s.  Last read position: HiC_scaffold_15:7,714,603
INFO	2019-07-03 20:13:51	AddOrReplaceReadGroups	Processed    20,000,000 records.  Elapsed time: 00:07:20s.  Time for last 1,000,000:   21s.  Last read position: HiC_scaffold_16:4,684,159
INFO	2019-07-03 20:14:13	AddOrReplaceReadGroups	Processed    21,000,000 records.  Elapsed time: 00:07:42s.  Time for last 1,000,000:   21s.  Last read position: HiC_scaffold_17:4,002,799
INFO	2019-07-03 20:14:35	AddOrReplaceReadGroups	Processed    22,000,000 records.  Elapsed time: 00:08:03s.  Time for last 1,000,000:   21s.  Last read position: HiC_scaffold_18:4,671,212
INFO	2019-07-03 20:14:57	AddOrReplaceReadGroups	Processed    23,000,000 records.  Elapsed time: 00:08:25s.  Time for last 1,000,000:   21s.  Last read position: HiC_scaffold_19:2,665,005
INFO	2019-07-03 20:15:19	AddOrReplaceReadGroups	Processed    24,000,000 records.  Elapsed time: 00:08:47s.  Time for last 1,000,000:   21s.  Last read position: HiC_scaffold_19:12,940,986
INFO	2019-07-03 20:15:41	AddOrReplaceReadGroups	Processed    25,000,000 records.  Elapsed time: 00:09:09s.  Time for last 1,000,000:   21s.  Last read position: HiC_scaffold_21:197,389
INFO	2019-07-03 20:16:03	AddOrReplaceReadGroups	Processed    26,000,000 records.  Elapsed time: 00:09:31s.  Time for last 1,000,000:   21s.  Last read position: HiC_scaffold_21:10,536,789
INFO	2019-07-03 20:16:25	AddOrReplaceReadGroups	Processed    27,000,000 records.  Elapsed time: 00:09:53s.  Time for last 1,000,000:   22s.  Last read position: HiC_scaffold_22:8,089,453
INFO	2019-07-03 20:16:47	AddOrReplaceReadGroups	Processed    28,000,000 records.  Elapsed time: 00:10:15s.  Time for last 1,000,000:   22s.  Last read position: HiC_scaffold_23:8,080,304
INFO	2019-07-03 20:17:08	AddOrReplaceReadGroups	Processed    29,000,000 records.  Elapsed time: 00:10:37s.  Time for last 1,000,000:   21s.  Last read position: HiC_scaffold_24:9,849,487
INFO	2019-07-03 20:17:30	AddOrReplaceReadGroups	Processed    30,000,000 records.  Elapsed time: 00:10:58s.  Time for last 1,000,000:   21s.  Last read position: HiC_scaffold_25:9,269,748
INFO	2019-07-03 20:17:52	AddOrReplaceReadGroups	Processed    31,000,000 records.  Elapsed time: 00:11:20s.  Time for last 1,000,000:   22s.  Last read position: HiC_scaffold_26:6,885,544
INFO	2019-07-03 20:18:14	AddOrReplaceReadGroups	Processed    32,000,000 records.  Elapsed time: 00:11:42s.  Time for last 1,000,000:   21s.  Last read position: HiC_scaffold_27:8,351,397
INFO	2019-07-03 20:18:36	AddOrReplaceReadGroups	Processed    33,000,000 records.  Elapsed time: 00:12:04s.  Time for last 1,000,000:   22s.  Last read position: HiC_scaffold_28:4,876,582
INFO	2019-07-03 20:18:59	AddOrReplaceReadGroups	Processed    34,000,000 records.  Elapsed time: 00:12:27s.  Time for last 1,000,000:   22s.  Last read position: HiC_scaffold_29:8,593,637
INFO	2019-07-03 20:19:20	AddOrReplaceReadGroups	Processed    35,000,000 records.  Elapsed time: 00:12:48s.  Time for last 1,000,000:   21s.  Last read position: HiC_scaffold_102:2,022
INFO	2019-07-03 20:19:42	AddOrReplaceReadGroups	Processed    36,000,000 records.  Elapsed time: 00:13:10s.  Time for last 1,000,000:   21s.  Last read position: */*
INFO	2019-07-03 20:20:03	AddOrReplaceReadGroups	Processed    37,000,000 records.  Elapsed time: 00:13:31s.  Time for last 1,000,000:   20s.  Last read position: */*
INFO	2019-07-03 20:20:23	AddOrReplaceReadGroups	Processed    38,000,000 records.  Elapsed time: 00:13:52s.  Time for last 1,000,000:   20s.  Last read position: */*
INFO	2019-07-03 20:20:44	AddOrReplaceReadGroups	Processed    39,000,000 records.  Elapsed time: 00:14:13s.  Time for last 1,000,000:   20s.  Last read position: */*
INFO	2019-07-03 20:21:05	AddOrReplaceReadGroups	Processed    40,000,000 records.  Elapsed time: 00:14:33s.  Time for last 1,000,000:   20s.  Last read position: */*
INFO	2019-07-03 20:21:26	AddOrReplaceReadGroups	Processed    41,000,000 records.  Elapsed time: 00:14:54s.  Time for last 1,000,000:   20s.  Last read position: */*
INFO	2019-07-03 20:21:46	AddOrReplaceReadGroups	Processed    42,000,000 records.  Elapsed time: 00:15:15s.  Time for last 1,000,000:   20s.  Last read position: */*
INFO	2019-07-03 20:22:07	AddOrReplaceReadGroups	Processed    43,000,000 records.  Elapsed time: 00:15:36s.  Time for last 1,000,000:   20s.  Last read position: */*
INFO	2019-07-03 20:22:29	AddOrReplaceReadGroups	Processed    44,000,000 records.  Elapsed time: 00:15:57s.  Time for last 1,000,000:   21s.  Last read position: */*
INFO	2019-07-03 20:22:51	AddOrReplaceReadGroups	Processed    45,000,000 records.  Elapsed time: 00:16:19s.  Time for last 1,000,000:   22s.  Last read position: */*
INFO	2019-07-03 20:23:13	AddOrReplaceReadGroups	Processed    46,000,000 records.  Elapsed time: 00:16:41s.  Time for last 1,000,000:   22s.  Last read position: */*
INFO	2019-07-03 20:23:35	AddOrReplaceReadGroups	Processed    47,000,000 records.  Elapsed time: 00:17:03s.  Time for last 1,000,000:   21s.  Last read position: */*
INFO	2019-07-03 20:23:57	AddOrReplaceReadGroups	Processed    48,000,000 records.  Elapsed time: 00:17:25s.  Time for last 1,000,000:   21s.  Last read position: */*
INFO	2019-07-03 20:24:18	AddOrReplaceReadGroups	Processed    49,000,000 records.  Elapsed time: 00:17:47s.  Time for last 1,000,000:   21s.  Last read position: */*
INFO	2019-07-03 20:24:40	AddOrReplaceReadGroups	Processed    50,000,000 records.  Elapsed time: 00:18:08s.  Time for last 1,000,000:   21s.  Last read position: */*
INFO	2019-07-03 20:25:02	AddOrReplaceReadGroups	Processed    51,000,000 records.  Elapsed time: 00:18:30s.  Time for last 1,000,000:   21s.  Last read position: */*
INFO	2019-07-03 20:25:24	AddOrReplaceReadGroups	Processed    52,000,000 records.  Elapsed time: 00:18:52s.  Time for last 1,000,000:   21s.  Last read position: */*
[Wed Jul 03 20:25:25 CEST 2019] picard.sam.AddOrReplaceReadGroups done. Elapsed time: 18.91 minutes.
Runtime.totalMemory()=1512570880
