46968417 reads; of these:
  46968417 (100.00%) were paired; of these:
    23786141 (50.64%) aligned concordantly 0 times
    17373979 (36.99%) aligned concordantly exactly 1 time
    5808297 (12.37%) aligned concordantly >1 times
    ----
    23786141 pairs aligned concordantly 0 times; of these:
      1549272 (6.51%) aligned discordantly 1 time
    ----
    22236869 pairs aligned 0 times concordantly or discordantly; of these:
      44473738 mates make up the pairs; of these:
        35494228 (79.81%) aligned 0 times
        6444036 (14.49%) aligned exactly 1 time
        2535474 (5.70%) aligned >1 times
62.21% overall alignment rate
[bam_sort_core] merging from 37 files and 1 in-memory blocks...
[Thu Jul 04 00:07:50 CEST 2019] picard.sam.markduplicates.MarkDuplicates MAX_FILE_HANDLES_FOR_READ_ENDS_MAP=1000 INPUT=[MS_C_C9.sorted.bam] OUTPUT=MS_C_C9.dupl_rm.bam METRICS_FILE=MS_C_C9.metricN.log REMOVE_DUPLICATES=true ASSUME_SORTED=true    MAX_SEQUENCES_FOR_DISK_READ_ENDS_MAP=50000 SORTING_COLLECTION_SIZE_RATIO=0.25 TAG_DUPLICATE_SET_MEMBERS=false REMOVE_SEQUENCING_DUPLICATES=false TAGGING_POLICY=DontTag DUPLICATE_SCORING_STRATEGY=SUM_OF_BASE_QUALITIES PROGRAM_RECORD_ID=MarkDuplicates PROGRAM_GROUP_NAME=MarkDuplicates READ_NAME_REGEX=<optimized capture of last three ':' separated fields as numeric values> OPTICAL_DUPLICATE_PIXEL_DISTANCE=100 VERBOSITY=INFO QUIET=false VALIDATION_STRINGENCY=STRICT COMPRESSION_LEVEL=5 MAX_RECORDS_IN_RAM=500000 CREATE_INDEX=false CREATE_MD5_FILE=false GA4GH_CLIENT_SECRETS=client_secrets.json
[Thu Jul 04 00:07:50 CEST 2019] Executing as knam@node128 on Linux 3.10.0-514.26.2.el7.x86_64 amd64; OpenJDK 64-Bit Server VM 1.8.0_102-b14; Picard version: 2.9.4-SNAPSHOT
INFO	2019-07-04 00:07:50	MarkDuplicates	Start of doWork freeMemory: 2031680632; totalMemory: 2058354688; maxMemory: 3817865216
INFO	2019-07-04 00:07:50	MarkDuplicates	Reading input file and constructing read end information.
INFO	2019-07-04 00:07:50	MarkDuplicates	Will retain up to 13832844 data points before spilling to disk.
INFO	2019-07-04 00:08:09	MarkDuplicates	Read     1,000,000 records.  Elapsed time: 00:00:18s.  Time for last 1,000,000:   18s.  Last read position: HiC_scaffold_1:5,758,510
INFO	2019-07-04 00:08:09	MarkDuplicates	Tracking 16988 as yet unmatched pairs. 303 records in RAM.
INFO	2019-07-04 00:08:19	MarkDuplicates	Read     2,000,000 records.  Elapsed time: 00:00:28s.  Time for last 1,000,000:   10s.  Last read position: HiC_scaffold_1:12,211,397
INFO	2019-07-04 00:08:19	MarkDuplicates	Tracking 36378 as yet unmatched pairs. 62 records in RAM.
INFO	2019-07-04 00:08:34	MarkDuplicates	Read     3,000,000 records.  Elapsed time: 00:00:43s.  Time for last 1,000,000:   15s.  Last read position: HiC_scaffold_2:5,055,216
INFO	2019-07-04 00:08:34	MarkDuplicates	Tracking 54472 as yet unmatched pairs. 1084 records in RAM.
INFO	2019-07-04 00:08:47	MarkDuplicates	Read     4,000,000 records.  Elapsed time: 00:00:55s.  Time for last 1,000,000:   12s.  Last read position: HiC_scaffold_2:10,729,296
INFO	2019-07-04 00:08:47	MarkDuplicates	Tracking 69618 as yet unmatched pairs. 492 records in RAM.
INFO	2019-07-04 00:08:59	MarkDuplicates	Read     5,000,000 records.  Elapsed time: 00:01:08s.  Time for last 1,000,000:   12s.  Last read position: HiC_scaffold_3:3,039,797
INFO	2019-07-04 00:08:59	MarkDuplicates	Tracking 87232 as yet unmatched pairs. 2821 records in RAM.
INFO	2019-07-04 00:09:09	MarkDuplicates	Read     6,000,000 records.  Elapsed time: 00:01:17s.  Time for last 1,000,000:    9s.  Last read position: HiC_scaffold_3:8,212,671
INFO	2019-07-04 00:09:09	MarkDuplicates	Tracking 101060 as yet unmatched pairs. 1965 records in RAM.
INFO	2019-07-04 00:09:21	MarkDuplicates	Read     7,000,000 records.  Elapsed time: 00:01:29s.  Time for last 1,000,000:   11s.  Last read position: HiC_scaffold_3:13,652,003
INFO	2019-07-04 00:09:21	MarkDuplicates	Tracking 120695 as yet unmatched pairs. 170 records in RAM.
INFO	2019-07-04 00:09:31	MarkDuplicates	Read     8,000,000 records.  Elapsed time: 00:01:40s.  Time for last 1,000,000:   10s.  Last read position: HiC_scaffold_4:5,128,553
INFO	2019-07-04 00:09:31	MarkDuplicates	Tracking 134850 as yet unmatched pairs. 3392 records in RAM.
INFO	2019-07-04 00:09:43	MarkDuplicates	Read     9,000,000 records.  Elapsed time: 00:01:52s.  Time for last 1,000,000:   11s.  Last read position: HiC_scaffold_4:10,064,151
INFO	2019-07-04 00:09:43	MarkDuplicates	Tracking 146509 as yet unmatched pairs. 2006 records in RAM.
INFO	2019-07-04 00:09:53	MarkDuplicates	Read    10,000,000 records.  Elapsed time: 00:02:02s.  Time for last 1,000,000:   10s.  Last read position: HiC_scaffold_5:556,849
INFO	2019-07-04 00:09:53	MarkDuplicates	Tracking 160011 as yet unmatched pairs. 4744 records in RAM.
INFO	2019-07-04 00:10:03	MarkDuplicates	Read    11,000,000 records.  Elapsed time: 00:02:12s.  Time for last 1,000,000:    9s.  Last read position: HiC_scaffold_5:6,459,855
INFO	2019-07-04 00:10:03	MarkDuplicates	Tracking 173870 as yet unmatched pairs. 2588 records in RAM.
INFO	2019-07-04 00:10:17	MarkDuplicates	Read    12,000,000 records.  Elapsed time: 00:02:26s.  Time for last 1,000,000:   13s.  Last read position: HiC_scaffold_6:195,599
INFO	2019-07-04 00:10:17	MarkDuplicates	Tracking 187276 as yet unmatched pairs. 5974 records in RAM.
INFO	2019-07-04 00:10:28	MarkDuplicates	Read    13,000,000 records.  Elapsed time: 00:02:37s.  Time for last 1,000,000:   10s.  Last read position: HiC_scaffold_6:7,062,971
INFO	2019-07-04 00:10:28	MarkDuplicates	Tracking 205541 as yet unmatched pairs. 2150 records in RAM.
INFO	2019-07-04 00:11:36	MarkDuplicates	Read    14,000,000 records.  Elapsed time: 00:03:45s.  Time for last 1,000,000:   68s.  Last read position: HiC_scaffold_7:2,810,701
INFO	2019-07-04 00:11:36	MarkDuplicates	Tracking 219611 as yet unmatched pairs. 7007 records in RAM.
INFO	2019-07-04 00:11:46	MarkDuplicates	Read    15,000,000 records.  Elapsed time: 00:03:55s.  Time for last 1,000,000:    9s.  Last read position: HiC_scaffold_7:8,138,859
INFO	2019-07-04 00:11:46	MarkDuplicates	Tracking 229608 as yet unmatched pairs. 3821 records in RAM.
INFO	2019-07-04 00:12:13	MarkDuplicates	Read    16,000,000 records.  Elapsed time: 00:04:22s.  Time for last 1,000,000:   27s.  Last read position: HiC_scaffold_8:72,848
INFO	2019-07-04 00:12:13	MarkDuplicates	Tracking 240114 as yet unmatched pairs. 9153 records in RAM.
INFO	2019-07-04 00:12:23	MarkDuplicates	Read    17,000,000 records.  Elapsed time: 00:04:31s.  Time for last 1,000,000:    9s.  Last read position: HiC_scaffold_8:6,173,025
INFO	2019-07-04 00:12:23	MarkDuplicates	Tracking 251596 as yet unmatched pairs. 5210 records in RAM.
INFO	2019-07-04 00:12:34	MarkDuplicates	Read    18,000,000 records.  Elapsed time: 00:04:43s.  Time for last 1,000,000:   11s.  Last read position: HiC_scaffold_9:169,183
INFO	2019-07-04 00:12:34	MarkDuplicates	Tracking 264066 as yet unmatched pairs. 9337 records in RAM.
INFO	2019-07-04 00:12:44	MarkDuplicates	Read    19,000,000 records.  Elapsed time: 00:04:53s.  Time for last 1,000,000:   10s.  Last read position: HiC_scaffold_9:5,666,927
INFO	2019-07-04 00:12:44	MarkDuplicates	Tracking 272190 as yet unmatched pairs. 5333 records in RAM.
INFO	2019-07-04 00:12:58	MarkDuplicates	Read    20,000,000 records.  Elapsed time: 00:05:06s.  Time for last 1,000,000:   13s.  Last read position: HiC_scaffold_9:11,805,619
INFO	2019-07-04 00:12:58	MarkDuplicates	Tracking 280316 as yet unmatched pairs. 653 records in RAM.
INFO	2019-07-04 00:13:09	MarkDuplicates	Read    21,000,000 records.  Elapsed time: 00:05:18s.  Time for last 1,000,000:   11s.  Last read position: HiC_scaffold_10:4,879,057
INFO	2019-07-04 00:13:09	MarkDuplicates	Tracking 288100 as yet unmatched pairs. 8533 records in RAM.
INFO	2019-07-04 00:13:19	MarkDuplicates	Read    22,000,000 records.  Elapsed time: 00:05:28s.  Time for last 1,000,000:   10s.  Last read position: HiC_scaffold_10:10,188,520
INFO	2019-07-04 00:13:19	MarkDuplicates	Tracking 294444 as yet unmatched pairs. 3672 records in RAM.
INFO	2019-07-04 00:14:09	MarkDuplicates	Read    23,000,000 records.  Elapsed time: 00:06:18s.  Time for last 1,000,000:   49s.  Last read position: HiC_scaffold_11:1,945,002
INFO	2019-07-04 00:14:09	MarkDuplicates	Tracking 302510 as yet unmatched pairs. 12240 records in RAM.
INFO	2019-07-04 00:14:18	MarkDuplicates	Read    24,000,000 records.  Elapsed time: 00:06:27s.  Time for last 1,000,000:    9s.  Last read position: HiC_scaffold_11:7,047,555
INFO	2019-07-04 00:14:18	MarkDuplicates	Tracking 307990 as yet unmatched pairs. 7612 records in RAM.
INFO	2019-07-04 00:14:29	MarkDuplicates	Read    25,000,000 records.  Elapsed time: 00:06:38s.  Time for last 1,000,000:   11s.  Last read position: HiC_scaffold_11:12,502,979
INFO	2019-07-04 00:14:29	MarkDuplicates	Tracking 312608 as yet unmatched pairs. 3215 records in RAM.
INFO	2019-07-04 00:14:45	MarkDuplicates	Read    26,000,000 records.  Elapsed time: 00:06:53s.  Time for last 1,000,000:   15s.  Last read position: HiC_scaffold_12:3,271,992
INFO	2019-07-04 00:14:45	MarkDuplicates	Tracking 325618 as yet unmatched pairs. 43881 records in RAM.
INFO	2019-07-04 00:14:55	MarkDuplicates	Read    27,000,000 records.  Elapsed time: 00:07:04s.  Time for last 1,000,000:   10s.  Last read position: HiC_scaffold_12:8,749,598
INFO	2019-07-04 00:14:55	MarkDuplicates	Tracking 342872 as yet unmatched pairs. 37640 records in RAM.
INFO	2019-07-04 00:15:06	MarkDuplicates	Read    28,000,000 records.  Elapsed time: 00:07:15s.  Time for last 1,000,000:   10s.  Last read position: HiC_scaffold_12:15,026,273
INFO	2019-07-04 00:15:06	MarkDuplicates	Tracking 346966 as yet unmatched pairs. 19006 records in RAM.
INFO	2019-07-04 00:15:16	MarkDuplicates	Read    29,000,000 records.  Elapsed time: 00:07:25s.  Time for last 1,000,000:   10s.  Last read position: HiC_scaffold_12:19,165,504
INFO	2019-07-04 00:15:16	MarkDuplicates	Tracking 352416 as yet unmatched pairs. 5430 records in RAM.
INFO	2019-07-04 00:15:28	MarkDuplicates	Read    30,000,000 records.  Elapsed time: 00:07:37s.  Time for last 1,000,000:   11s.  Last read position: HiC_scaffold_13:4,758,074
INFO	2019-07-04 00:15:28	MarkDuplicates	Tracking 354136 as yet unmatched pairs. 12755 records in RAM.
INFO	2019-07-04 00:15:39	MarkDuplicates	Read    31,000,000 records.  Elapsed time: 00:07:48s.  Time for last 1,000,000:   10s.  Last read position: HiC_scaffold_13:9,668,294
INFO	2019-07-04 00:15:39	MarkDuplicates	Tracking 355622 as yet unmatched pairs. 6814 records in RAM.
INFO	2019-07-04 00:16:04	MarkDuplicates	Read    32,000,000 records.  Elapsed time: 00:08:13s.  Time for last 1,000,000:   25s.  Last read position: HiC_scaffold_14:279,160
INFO	2019-07-04 00:16:04	MarkDuplicates	Tracking 356514 as yet unmatched pairs. 20412 records in RAM.
INFO	2019-07-04 00:16:14	MarkDuplicates	Read    33,000,000 records.  Elapsed time: 00:08:23s.  Time for last 1,000,000:    9s.  Last read position: HiC_scaffold_14:6,136,021
INFO	2019-07-04 00:16:14	MarkDuplicates	Tracking 357140 as yet unmatched pairs. 13005 records in RAM.
INFO	2019-07-04 00:16:26	MarkDuplicates	Read    34,000,000 records.  Elapsed time: 00:08:34s.  Time for last 1,000,000:   11s.  Last read position: HiC_scaffold_14:11,541,246
INFO	2019-07-04 00:16:26	MarkDuplicates	Tracking 357346 as yet unmatched pairs. 5625 records in RAM.
INFO	2019-07-04 00:18:15	MarkDuplicates	Read    35,000,000 records.  Elapsed time: 00:10:24s.  Time for last 1,000,000:  109s.  Last read position: HiC_scaffold_15:2,978,351
INFO	2019-07-04 00:18:15	MarkDuplicates	Tracking 357214 as yet unmatched pairs. 16527 records in RAM.
INFO	2019-07-04 00:18:43	MarkDuplicates	Read    36,000,000 records.  Elapsed time: 00:10:52s.  Time for last 1,000,000:   27s.  Last read position: HiC_scaffold_15:8,825,831
INFO	2019-07-04 00:18:43	MarkDuplicates	Tracking 356770 as yet unmatched pairs. 7977 records in RAM.
INFO	2019-07-04 00:18:56	MarkDuplicates	Read    37,000,000 records.  Elapsed time: 00:11:05s.  Time for last 1,000,000:   13s.  Last read position: HiC_scaffold_16:1,071,713
INFO	2019-07-04 00:18:56	MarkDuplicates	Tracking 355441 as yet unmatched pairs. 22534 records in RAM.
INFO	2019-07-04 00:19:07	MarkDuplicates	Read    38,000,000 records.  Elapsed time: 00:11:15s.  Time for last 1,000,000:   10s.  Last read position: HiC_scaffold_16:6,712,816
INFO	2019-07-04 00:19:07	MarkDuplicates	Tracking 353132 as yet unmatched pairs. 11604 records in RAM.
INFO	2019-07-04 00:19:18	MarkDuplicates	Read    39,000,000 records.  Elapsed time: 00:11:27s.  Time for last 1,000,000:   11s.  Last read position: HiC_scaffold_16:12,477,035
INFO	2019-07-04 00:19:18	MarkDuplicates	Tracking 350830 as yet unmatched pairs. 207 records in RAM.
INFO	2019-07-04 00:19:33	MarkDuplicates	Read    40,000,000 records.  Elapsed time: 00:11:42s.  Time for last 1,000,000:   14s.  Last read position: HiC_scaffold_17:6,438,135
INFO	2019-07-04 00:19:33	MarkDuplicates	Tracking 346982 as yet unmatched pairs. 13462 records in RAM.
INFO	2019-07-04 00:19:46	MarkDuplicates	Read    41,000,000 records.  Elapsed time: 00:11:55s.  Time for last 1,000,000:   13s.  Last read position: HiC_scaffold_18:1,583,065
INFO	2019-07-04 00:19:46	MarkDuplicates	Tracking 341938 as yet unmatched pairs. 21319 records in RAM.
INFO	2019-07-04 00:19:57	MarkDuplicates	Read    42,000,000 records.  Elapsed time: 00:12:06s.  Time for last 1,000,000:   10s.  Last read position: HiC_scaffold_18:7,704,118
INFO	2019-07-04 00:19:57	MarkDuplicates	Tracking 337576 as yet unmatched pairs. 10190 records in RAM.
INFO	2019-07-04 00:20:10	MarkDuplicates	Read    43,000,000 records.  Elapsed time: 00:12:19s.  Time for last 1,000,000:   12s.  Last read position: HiC_scaffold_19:812,876
INFO	2019-07-04 00:20:10	MarkDuplicates	Tracking 332932 as yet unmatched pairs. 25441 records in RAM.
INFO	2019-07-04 00:20:20	MarkDuplicates	Read    44,000,000 records.  Elapsed time: 00:12:29s.  Time for last 1,000,000:   10s.  Last read position: HiC_scaffold_19:6,907,881
INFO	2019-07-04 00:20:20	MarkDuplicates	Tracking 327760 as yet unmatched pairs. 13813 records in RAM.
INFO	2019-07-04 00:20:31	MarkDuplicates	Read    45,000,000 records.  Elapsed time: 00:12:40s.  Time for last 1,000,000:   10s.  Last read position: HiC_scaffold_19:12,276,753
INFO	2019-07-04 00:20:31	MarkDuplicates	Tracking 321770 as yet unmatched pairs. 1828 records in RAM.
INFO	2019-07-04 00:20:45	MarkDuplicates	Read    46,000,000 records.  Elapsed time: 00:12:54s.  Time for last 1,000,000:   13s.  Last read position: HiC_scaffold_20:5,101,150
INFO	2019-07-04 00:20:45	MarkDuplicates	Tracking 315527 as yet unmatched pairs. 17228 records in RAM.
INFO	2019-07-04 00:21:11	MarkDuplicates	Read    47,000,000 records.  Elapsed time: 00:13:19s.  Time for last 1,000,000:   25s.  Last read position: HiC_scaffold_21:282,016
INFO	2019-07-04 00:21:11	MarkDuplicates	Tracking 305594 as yet unmatched pairs. 28642 records in RAM.
INFO	2019-07-04 00:21:20	MarkDuplicates	Read    48,000,000 records.  Elapsed time: 00:13:29s.  Time for last 1,000,000:    9s.  Last read position: HiC_scaffold_21:6,076,961
INFO	2019-07-04 00:21:20	MarkDuplicates	Tracking 298024 as yet unmatched pairs. 15850 records in RAM.
INFO	2019-07-04 00:21:31	MarkDuplicates	Read    49,000,000 records.  Elapsed time: 00:13:40s.  Time for last 1,000,000:   10s.  Last read position: HiC_scaffold_21:11,844,868
INFO	2019-07-04 00:21:31	MarkDuplicates	Tracking 290886 as yet unmatched pairs. 3641 records in RAM.
INFO	2019-07-04 00:21:45	MarkDuplicates	Read    50,000,000 records.  Elapsed time: 00:13:53s.  Time for last 1,000,000:   13s.  Last read position: HiC_scaffold_22:3,160,966
INFO	2019-07-04 00:21:45	MarkDuplicates	Tracking 278844 as yet unmatched pairs. 24010 records in RAM.
INFO	2019-07-04 00:22:51	MarkDuplicates	Read    51,000,000 records.  Elapsed time: 00:15:00s.  Time for last 1,000,000:   66s.  Last read position: HiC_scaffold_22:9,186,028
INFO	2019-07-04 00:22:51	MarkDuplicates	Tracking 268051 as yet unmatched pairs. 7392 records in RAM.
INFO	2019-07-04 00:23:03	MarkDuplicates	Read    52,000,000 records.  Elapsed time: 00:15:12s.  Time for last 1,000,000:   12s.  Last read position: HiC_scaffold_23:3,666,668
INFO	2019-07-04 00:23:03	MarkDuplicates	Tracking 256405 as yet unmatched pairs. 13497 records in RAM.
INFO	2019-07-04 00:23:17	MarkDuplicates	Read    53,000,000 records.  Elapsed time: 00:15:26s.  Time for last 1,000,000:   13s.  Last read position: HiC_scaffold_24:931,624
INFO	2019-07-04 00:23:17	MarkDuplicates	Tracking 244102 as yet unmatched pairs. 34725 records in RAM.
INFO	2019-07-04 00:23:28	MarkDuplicates	Read    54,000,000 records.  Elapsed time: 00:15:36s.  Time for last 1,000,000:   10s.  Last read position: HiC_scaffold_24:5,518,482
INFO	2019-07-04 00:23:28	MarkDuplicates	Tracking 230858 as yet unmatched pairs. 17536 records in RAM.
INFO	2019-07-04 00:23:42	MarkDuplicates	Read    55,000,000 records.  Elapsed time: 00:15:51s.  Time for last 1,000,000:   14s.  Last read position: HiC_scaffold_25:1,509,412
INFO	2019-07-04 00:23:42	MarkDuplicates	Tracking 214254 as yet unmatched pairs. 29868 records in RAM.
INFO	2019-07-04 00:23:53	MarkDuplicates	Read    56,000,000 records.  Elapsed time: 00:16:01s.  Time for last 1,000,000:   10s.  Last read position: HiC_scaffold_25:7,042,312
INFO	2019-07-04 00:23:53	MarkDuplicates	Tracking 204870 as yet unmatched pairs. 18266 records in RAM.
INFO	2019-07-04 00:24:06	MarkDuplicates	Read    57,000,000 records.  Elapsed time: 00:16:14s.  Time for last 1,000,000:   12s.  Last read position: HiC_scaffold_25:13,106,209
INFO	2019-07-04 00:24:06	MarkDuplicates	Tracking 192842 as yet unmatched pairs. 3603 records in RAM.
INFO	2019-07-04 00:24:19	MarkDuplicates	Read    58,000,000 records.  Elapsed time: 00:16:28s.  Time for last 1,000,000:   13s.  Last read position: HiC_scaffold_26:5,197,905
INFO	2019-07-04 00:24:19	MarkDuplicates	Tracking 173360 as yet unmatched pairs. 14300 records in RAM.
INFO	2019-07-04 00:24:34	MarkDuplicates	Read    59,000,000 records.  Elapsed time: 00:16:43s.  Time for last 1,000,000:   15s.  Last read position: HiC_scaffold_27:2,094,021
INFO	2019-07-04 00:24:34	MarkDuplicates	Tracking 154840 as yet unmatched pairs. 32386 records in RAM.
INFO	2019-07-04 00:24:45	MarkDuplicates	Read    60,000,000 records.  Elapsed time: 00:16:54s.  Time for last 1,000,000:   10s.  Last read position: HiC_scaffold_27:7,692,503
INFO	2019-07-04 00:24:45	MarkDuplicates	Tracking 142204 as yet unmatched pairs. 18187 records in RAM.
INFO	2019-07-04 00:24:55	MarkDuplicates	Read    61,000,000 records.  Elapsed time: 00:17:04s.  Time for last 1,000,000:   10s.  Last read position: HiC_scaffold_27:13,430,254
INFO	2019-07-04 00:24:55	MarkDuplicates	Tracking 128576 as yet unmatched pairs. 2939 records in RAM.
INFO	2019-07-04 00:25:09	MarkDuplicates	Read    62,000,000 records.  Elapsed time: 00:17:18s.  Time for last 1,000,000:   14s.  Last read position: HiC_scaffold_28:5,116,988
INFO	2019-07-04 00:25:09	MarkDuplicates	Tracking 103192 as yet unmatched pairs. 10952 records in RAM.
INFO	2019-07-04 00:25:38	MarkDuplicates	Read    63,000,000 records.  Elapsed time: 00:17:47s.  Time for last 1,000,000:   28s.  Last read position: HiC_scaffold_29:5,045,040
INFO	2019-07-04 00:25:38	MarkDuplicates	Tracking 79206 as yet unmatched pairs. 47597 records in RAM.
INFO	2019-07-04 00:25:48	MarkDuplicates	Read    64,000,000 records.  Elapsed time: 00:17:57s.  Time for last 1,000,000:   10s.  Last read position: HiC_scaffold_29:12,873,307
INFO	2019-07-04 00:25:48	MarkDuplicates	Tracking 58438 as yet unmatched pairs. 26368 records in RAM.
INFO	2019-07-04 00:26:01	MarkDuplicates	Read    65,000,000 records.  Elapsed time: 00:18:09s.  Time for last 1,000,000:   12s.  Last read position: HiC_scaffold_122:6,635
INFO	2019-07-04 00:26:01	MarkDuplicates	Tracking 26222 as yet unmatched pairs. 146 records in RAM.
INFO	2019-07-04 00:26:12	MarkDuplicates	Read 65711260 records. 0 pairs never matched.
INFO	2019-07-04 00:26:33	MarkDuplicates	After buildSortedReadEndLists freeMemory: 3853166352; totalMemory: 3882352640; maxMemory: 3882352640
INFO	2019-07-04 00:26:33	MarkDuplicates	Will retain up to 121323520 duplicate indices before spilling to disk.
INFO	2019-07-04 00:26:33	MarkDuplicates	Traversing read pair information and detecting duplicates.
INFO	2019-07-04 00:26:59	MarkDuplicates	Traversing fragment information and detecting duplicates.
INFO	2019-07-04 00:27:34	MarkDuplicates	Sorting list of duplicate records.
INFO	2019-07-04 00:27:44	MarkDuplicates	After generateDuplicateIndexes freeMemory: 2807982960; totalMemory: 3806855168; maxMemory: 3817865216
INFO	2019-07-04 00:27:44	MarkDuplicates	Marking 3777626 records as duplicates.
INFO	2019-07-04 00:27:44	MarkDuplicates	Found 275 optical duplicate clusters.
INFO	2019-07-04 00:27:44	MarkDuplicates	Reads are assumed to be ordered by: coordinate
INFO	2019-07-04 00:31:40	MarkDuplicates	Written    10,000,000 records.  Elapsed time: 00:03:56s.  Time for last 10,000,000:  236s.  Last read position: HiC_scaffold_5:3,944,430
INFO	2019-07-04 00:35:41	MarkDuplicates	Written    20,000,000 records.  Elapsed time: 00:07:56s.  Time for last 10,000,000:  240s.  Last read position: HiC_scaffold_10:5,688,869
INFO	2019-07-04 00:39:41	MarkDuplicates	Written    30,000,000 records.  Elapsed time: 00:11:57s.  Time for last 10,000,000:  240s.  Last read position: HiC_scaffold_13:13,788,722
INFO	2019-07-04 00:43:42	MarkDuplicates	Written    40,000,000 records.  Elapsed time: 00:15:58s.  Time for last 10,000,000:  240s.  Last read position: HiC_scaffold_18:9,365,610
INFO	2019-07-04 00:47:43	MarkDuplicates	Written    50,000,000 records.  Elapsed time: 00:19:59s.  Time for last 10,000,000:  241s.  Last read position: HiC_scaffold_24:385,107
INFO	2019-07-04 00:51:42	MarkDuplicates	Written    60,000,000 records.  Elapsed time: 00:23:58s.  Time for last 10,000,000:  239s.  Last read position: HiC_scaffold_29:9,720,464
INFO	2019-07-04 00:55:16	MarkDuplicates	Written    70,000,000 records.  Elapsed time: 00:27:32s.  Time for last 10,000,000:  213s.  Last read position: */*
INFO	2019-07-04 00:58:44	MarkDuplicates	Written    80,000,000 records.  Elapsed time: 00:31:00s.  Time for last 10,000,000:  207s.  Last read position: */*
INFO	2019-07-04 01:02:16	MarkDuplicates	Written    90,000,000 records.  Elapsed time: 00:34:32s.  Time for last 10,000,000:  212s.  Last read position: */*
INFO	2019-07-04 01:02:21	MarkDuplicates	Before output close freeMemory: 3919143032; totalMemory: 3950510080; maxMemory: 3950510080
INFO	2019-07-04 01:02:21	MarkDuplicates	After output close freeMemory: 3919128432; totalMemory: 3950510080; maxMemory: 3950510080
[Thu Jul 04 01:02:21 CEST 2019] picard.sam.markduplicates.MarkDuplicates done. Elapsed time: 54.53 minutes.
Runtime.totalMemory()=3950510080
[Thu Jul 04 01:02:22 CEST 2019] picard.sam.AddOrReplaceReadGroups INPUT=MS_C_C9.dupl_rm.bam OUTPUT=MS_C_C9.bam RGID=MS_C_C9 RGLB=lib1 RGPL=illumina RGPU=unit1 RGSM=MS_C_C9    VERBOSITY=INFO QUIET=false VALIDATION_STRINGENCY=STRICT COMPRESSION_LEVEL=5 MAX_RECORDS_IN_RAM=500000 CREATE_INDEX=false CREATE_MD5_FILE=false GA4GH_CLIENT_SECRETS=client_secrets.json
[Thu Jul 04 01:02:22 CEST 2019] Executing as knam@node128 on Linux 3.10.0-514.26.2.el7.x86_64 amd64; OpenJDK 64-Bit Server VM 1.8.0_102-b14; Picard version: 2.9.4-SNAPSHOT
INFO	2019-07-04 01:02:22	AddOrReplaceReadGroups	Created read group ID=MS_C_C9 PL=illumina LB=lib1 SM=MS_C_C9

INFO	2019-07-04 01:02:56	AddOrReplaceReadGroups	Processed     1,000,000 records.  Elapsed time: 00:00:33s.  Time for last 1,000,000:   33s.  Last read position: HiC_scaffold_1:6,090,110
INFO	2019-07-04 01:03:19	AddOrReplaceReadGroups	Processed     2,000,000 records.  Elapsed time: 00:00:56s.  Time for last 1,000,000:   23s.  Last read position: HiC_scaffold_1:12,932,600
INFO	2019-07-04 01:03:42	AddOrReplaceReadGroups	Processed     3,000,000 records.  Elapsed time: 00:01:19s.  Time for last 1,000,000:   23s.  Last read position: HiC_scaffold_2:6,065,692
INFO	2019-07-04 01:04:05	AddOrReplaceReadGroups	Processed     4,000,000 records.  Elapsed time: 00:01:42s.  Time for last 1,000,000:   22s.  Last read position: HiC_scaffold_2:12,182,286
INFO	2019-07-04 01:04:28	AddOrReplaceReadGroups	Processed     5,000,000 records.  Elapsed time: 00:02:05s.  Time for last 1,000,000:   22s.  Last read position: HiC_scaffold_3:4,613,279
INFO	2019-07-04 01:04:50	AddOrReplaceReadGroups	Processed     6,000,000 records.  Elapsed time: 00:02:27s.  Time for last 1,000,000:   22s.  Last read position: HiC_scaffold_3:9,701,708
INFO	2019-07-04 01:05:13	AddOrReplaceReadGroups	Processed     7,000,000 records.  Elapsed time: 00:02:50s.  Time for last 1,000,000:   22s.  Last read position: HiC_scaffold_4:1,380,216
INFO	2019-07-04 01:05:35	AddOrReplaceReadGroups	Processed     8,000,000 records.  Elapsed time: 00:03:12s.  Time for last 1,000,000:   22s.  Last read position: HiC_scaffold_4:7,288,380
INFO	2019-07-04 01:05:58	AddOrReplaceReadGroups	Processed     9,000,000 records.  Elapsed time: 00:03:35s.  Time for last 1,000,000:   22s.  Last read position: HiC_scaffold_4:12,510,409
INFO	2019-07-04 01:06:20	AddOrReplaceReadGroups	Processed    10,000,000 records.  Elapsed time: 00:03:57s.  Time for last 1,000,000:   22s.  Last read position: HiC_scaffold_5:3,944,430
INFO	2019-07-04 01:06:43	AddOrReplaceReadGroups	Processed    11,000,000 records.  Elapsed time: 00:04:20s.  Time for last 1,000,000:   22s.  Last read position: HiC_scaffold_5:9,833,197
INFO	2019-07-04 01:07:06	AddOrReplaceReadGroups	Processed    12,000,000 records.  Elapsed time: 00:04:43s.  Time for last 1,000,000:   22s.  Last read position: HiC_scaffold_6:4,849,265
INFO	2019-07-04 01:07:29	AddOrReplaceReadGroups	Processed    13,000,000 records.  Elapsed time: 00:05:06s.  Time for last 1,000,000:   22s.  Last read position: HiC_scaffold_7:1,211,396
INFO	2019-07-04 01:07:51	AddOrReplaceReadGroups	Processed    14,000,000 records.  Elapsed time: 00:05:28s.  Time for last 1,000,000:   22s.  Last read position: HiC_scaffold_7:7,160,541
INFO	2019-07-04 01:08:14	AddOrReplaceReadGroups	Processed    15,000,000 records.  Elapsed time: 00:05:51s.  Time for last 1,000,000:   22s.  Last read position: HiC_scaffold_7:13,022,097
INFO	2019-07-04 01:08:37	AddOrReplaceReadGroups	Processed    16,000,000 records.  Elapsed time: 00:06:13s.  Time for last 1,000,000:   22s.  Last read position: HiC_scaffold_8:5,795,479
INFO	2019-07-04 01:08:59	AddOrReplaceReadGroups	Processed    17,000,000 records.  Elapsed time: 00:06:36s.  Time for last 1,000,000:   22s.  Last read position: HiC_scaffold_9:61,902
INFO	2019-07-04 01:09:22	AddOrReplaceReadGroups	Processed    18,000,000 records.  Elapsed time: 00:06:59s.  Time for last 1,000,000:   22s.  Last read position: HiC_scaffold_9:5,800,421
INFO	2019-07-04 01:09:44	AddOrReplaceReadGroups	Processed    19,000,000 records.  Elapsed time: 00:07:21s.  Time for last 1,000,000:   22s.  Last read position: HiC_scaffold_9:12,286,378
INFO	2019-07-04 01:10:07	AddOrReplaceReadGroups	Processed    20,000,000 records.  Elapsed time: 00:07:44s.  Time for last 1,000,000:   22s.  Last read position: HiC_scaffold_10:5,688,869
INFO	2019-07-04 01:10:30	AddOrReplaceReadGroups	Processed    21,000,000 records.  Elapsed time: 00:08:06s.  Time for last 1,000,000:   22s.  Last read position: HiC_scaffold_10:11,409,544
INFO	2019-07-04 01:10:52	AddOrReplaceReadGroups	Processed    22,000,000 records.  Elapsed time: 00:08:29s.  Time for last 1,000,000:   22s.  Last read position: HiC_scaffold_11:3,293,830
INFO	2019-07-04 01:11:15	AddOrReplaceReadGroups	Processed    23,000,000 records.  Elapsed time: 00:08:52s.  Time for last 1,000,000:   22s.  Last read position: HiC_scaffold_11:8,431,473
INFO	2019-07-04 01:11:37	AddOrReplaceReadGroups	Processed    24,000,000 records.  Elapsed time: 00:09:14s.  Time for last 1,000,000:   22s.  Last read position: HiC_scaffold_11:14,521,239
INFO	2019-07-04 01:12:01	AddOrReplaceReadGroups	Processed    25,000,000 records.  Elapsed time: 00:09:38s.  Time for last 1,000,000:   23s.  Last read position: HiC_scaffold_12:5,652,102
INFO	2019-07-04 01:12:24	AddOrReplaceReadGroups	Processed    26,000,000 records.  Elapsed time: 00:10:01s.  Time for last 1,000,000:   23s.  Last read position: HiC_scaffold_12:11,878,083
INFO	2019-07-04 01:12:47	AddOrReplaceReadGroups	Processed    27,000,000 records.  Elapsed time: 00:10:24s.  Time for last 1,000,000:   23s.  Last read position: HiC_scaffold_12:17,662,828
INFO	2019-07-04 01:13:10	AddOrReplaceReadGroups	Processed    28,000,000 records.  Elapsed time: 00:10:47s.  Time for last 1,000,000:   22s.  Last read position: HiC_scaffold_13:2,538,023
INFO	2019-07-04 01:13:33	AddOrReplaceReadGroups	Processed    29,000,000 records.  Elapsed time: 00:11:09s.  Time for last 1,000,000:   22s.  Last read position: HiC_scaffold_13:8,207,841
INFO	2019-07-04 01:13:55	AddOrReplaceReadGroups	Processed    30,000,000 records.  Elapsed time: 00:11:32s.  Time for last 1,000,000:   22s.  Last read position: HiC_scaffold_13:13,788,722
INFO	2019-07-04 01:14:18	AddOrReplaceReadGroups	Processed    31,000,000 records.  Elapsed time: 00:11:55s.  Time for last 1,000,000:   22s.  Last read position: HiC_scaffold_14:5,012,683
INFO	2019-07-04 01:14:40	AddOrReplaceReadGroups	Processed    32,000,000 records.  Elapsed time: 00:12:17s.  Time for last 1,000,000:   22s.  Last read position: HiC_scaffold_14:10,422,417
INFO	2019-07-04 01:15:03	AddOrReplaceReadGroups	Processed    33,000,000 records.  Elapsed time: 00:12:40s.  Time for last 1,000,000:   22s.  Last read position: HiC_scaffold_15:2,341,161
INFO	2019-07-04 01:15:26	AddOrReplaceReadGroups	Processed    34,000,000 records.  Elapsed time: 00:13:03s.  Time for last 1,000,000:   22s.  Last read position: HiC_scaffold_15:8,574,538
INFO	2019-07-04 01:15:49	AddOrReplaceReadGroups	Processed    35,000,000 records.  Elapsed time: 00:13:26s.  Time for last 1,000,000:   22s.  Last read position: HiC_scaffold_16:1,140,113
INFO	2019-07-04 01:16:12	AddOrReplaceReadGroups	Processed    36,000,000 records.  Elapsed time: 00:13:49s.  Time for last 1,000,000:   22s.  Last read position: HiC_scaffold_16:7,159,411
INFO	2019-07-04 01:16:34	AddOrReplaceReadGroups	Processed    37,000,000 records.  Elapsed time: 00:14:11s.  Time for last 1,000,000:   22s.  Last read position: HiC_scaffold_17:743,414
INFO	2019-07-04 01:16:57	AddOrReplaceReadGroups	Processed    38,000,000 records.  Elapsed time: 00:14:34s.  Time for last 1,000,000:   23s.  Last read position: HiC_scaffold_17:7,726,210
INFO	2019-07-04 01:17:20	AddOrReplaceReadGroups	Processed    39,000,000 records.  Elapsed time: 00:14:57s.  Time for last 1,000,000:   23s.  Last read position: HiC_scaffold_18:3,302,956
INFO	2019-07-04 01:17:43	AddOrReplaceReadGroups	Processed    40,000,000 records.  Elapsed time: 00:15:20s.  Time for last 1,000,000:   22s.  Last read position: HiC_scaffold_18:9,365,610
INFO	2019-07-04 01:18:06	AddOrReplaceReadGroups	Processed    41,000,000 records.  Elapsed time: 00:15:43s.  Time for last 1,000,000:   22s.  Last read position: HiC_scaffold_19:3,226,257
INFO	2019-07-04 01:18:29	AddOrReplaceReadGroups	Processed    42,000,000 records.  Elapsed time: 00:16:06s.  Time for last 1,000,000:   22s.  Last read position: HiC_scaffold_19:9,089,373
INFO	2019-07-04 01:18:52	AddOrReplaceReadGroups	Processed    43,000,000 records.  Elapsed time: 00:16:29s.  Time for last 1,000,000:   22s.  Last read position: HiC_scaffold_20:2,056,938
INFO	2019-07-04 01:19:15	AddOrReplaceReadGroups	Processed    44,000,000 records.  Elapsed time: 00:16:52s.  Time for last 1,000,000:   22s.  Last read position: HiC_scaffold_20:8,763,297
INFO	2019-07-04 01:19:38	AddOrReplaceReadGroups	Processed    45,000,000 records.  Elapsed time: 00:17:14s.  Time for last 1,000,000:   22s.  Last read position: HiC_scaffold_21:4,064,538
INFO	2019-07-04 01:20:00	AddOrReplaceReadGroups	Processed    46,000,000 records.  Elapsed time: 00:17:37s.  Time for last 1,000,000:   22s.  Last read position: HiC_scaffold_21:9,682,973
INFO	2019-07-04 01:20:23	AddOrReplaceReadGroups	Processed    47,000,000 records.  Elapsed time: 00:18:00s.  Time for last 1,000,000:   22s.  Last read position: HiC_scaffold_22:1,845,626
INFO	2019-07-04 01:20:45	AddOrReplaceReadGroups	Processed    48,000,000 records.  Elapsed time: 00:18:22s.  Time for last 1,000,000:   22s.  Last read position: HiC_scaffold_22:7,886,119
INFO	2019-07-04 01:21:08	AddOrReplaceReadGroups	Processed    49,000,000 records.  Elapsed time: 00:18:45s.  Time for last 1,000,000:   22s.  Last read position: HiC_scaffold_23:2,552,325
INFO	2019-07-04 01:21:31	AddOrReplaceReadGroups	Processed    50,000,000 records.  Elapsed time: 00:19:08s.  Time for last 1,000,000:   22s.  Last read position: HiC_scaffold_24:385,107
INFO	2019-07-04 01:21:54	AddOrReplaceReadGroups	Processed    51,000,000 records.  Elapsed time: 00:19:31s.  Time for last 1,000,000:   22s.  Last read position: HiC_scaffold_24:5,791,380
INFO	2019-07-04 01:22:16	AddOrReplaceReadGroups	Processed    52,000,000 records.  Elapsed time: 00:19:53s.  Time for last 1,000,000:   22s.  Last read position: HiC_scaffold_25:2,396,411
INFO	2019-07-04 01:22:39	AddOrReplaceReadGroups	Processed    53,000,000 records.  Elapsed time: 00:20:16s.  Time for last 1,000,000:   22s.  Last read position: HiC_scaffold_25:7,933,133
INFO	2019-07-04 01:23:02	AddOrReplaceReadGroups	Processed    54,000,000 records.  Elapsed time: 00:20:38s.  Time for last 1,000,000:   22s.  Last read position: HiC_scaffold_26:85,811
INFO	2019-07-04 01:23:24	AddOrReplaceReadGroups	Processed    55,000,000 records.  Elapsed time: 00:21:01s.  Time for last 1,000,000:   22s.  Last read position: HiC_scaffold_26:7,188,989
INFO	2019-07-04 01:23:47	AddOrReplaceReadGroups	Processed    56,000,000 records.  Elapsed time: 00:21:24s.  Time for last 1,000,000:   22s.  Last read position: HiC_scaffold_27:4,633,675
INFO	2019-07-04 01:24:10	AddOrReplaceReadGroups	Processed    57,000,000 records.  Elapsed time: 00:21:47s.  Time for last 1,000,000:   22s.  Last read position: HiC_scaffold_27:10,097,411
INFO	2019-07-04 01:24:32	AddOrReplaceReadGroups	Processed    58,000,000 records.  Elapsed time: 00:22:09s.  Time for last 1,000,000:   22s.  Last read position: HiC_scaffold_28:1,756,048
INFO	2019-07-04 01:24:55	AddOrReplaceReadGroups	Processed    59,000,000 records.  Elapsed time: 00:22:32s.  Time for last 1,000,000:   23s.  Last read position: HiC_scaffold_29:1,909,351
INFO	2019-07-04 01:25:18	AddOrReplaceReadGroups	Processed    60,000,000 records.  Elapsed time: 00:22:55s.  Time for last 1,000,000:   22s.  Last read position: HiC_scaffold_29:9,720,464
INFO	2019-07-04 01:25:40	AddOrReplaceReadGroups	Processed    61,000,000 records.  Elapsed time: 00:23:17s.  Time for last 1,000,000:   22s.  Last read position: HiC_scaffold_29:19,725,763
INFO	2019-07-04 01:26:03	AddOrReplaceReadGroups	Processed    62,000,000 records.  Elapsed time: 00:23:40s.  Time for last 1,000,000:   22s.  Last read position: */*
INFO	2019-07-04 01:26:23	AddOrReplaceReadGroups	Processed    63,000,000 records.  Elapsed time: 00:24:00s.  Time for last 1,000,000:   20s.  Last read position: */*
INFO	2019-07-04 01:26:44	AddOrReplaceReadGroups	Processed    64,000,000 records.  Elapsed time: 00:24:20s.  Time for last 1,000,000:   20s.  Last read position: */*
INFO	2019-07-04 01:27:04	AddOrReplaceReadGroups	Processed    65,000,000 records.  Elapsed time: 00:24:41s.  Time for last 1,000,000:   20s.  Last read position: */*
INFO	2019-07-04 01:27:24	AddOrReplaceReadGroups	Processed    66,000,000 records.  Elapsed time: 00:25:01s.  Time for last 1,000,000:   20s.  Last read position: */*
INFO	2019-07-04 01:27:45	AddOrReplaceReadGroups	Processed    67,000,000 records.  Elapsed time: 00:25:22s.  Time for last 1,000,000:   20s.  Last read position: */*
INFO	2019-07-04 01:28:05	AddOrReplaceReadGroups	Processed    68,000,000 records.  Elapsed time: 00:25:42s.  Time for last 1,000,000:   20s.  Last read position: */*
INFO	2019-07-04 01:28:25	AddOrReplaceReadGroups	Processed    69,000,000 records.  Elapsed time: 00:26:02s.  Time for last 1,000,000:   20s.  Last read position: */*
INFO	2019-07-04 01:28:45	AddOrReplaceReadGroups	Processed    70,000,000 records.  Elapsed time: 00:26:22s.  Time for last 1,000,000:   20s.  Last read position: */*
INFO	2019-07-04 01:29:06	AddOrReplaceReadGroups	Processed    71,000,000 records.  Elapsed time: 00:26:43s.  Time for last 1,000,000:   20s.  Last read position: */*
INFO	2019-07-04 01:29:26	AddOrReplaceReadGroups	Processed    72,000,000 records.  Elapsed time: 00:27:03s.  Time for last 1,000,000:   20s.  Last read position: */*
INFO	2019-07-04 01:29:46	AddOrReplaceReadGroups	Processed    73,000,000 records.  Elapsed time: 00:27:23s.  Time for last 1,000,000:   20s.  Last read position: */*
INFO	2019-07-04 01:30:07	AddOrReplaceReadGroups	Processed    74,000,000 records.  Elapsed time: 00:27:44s.  Time for last 1,000,000:   20s.  Last read position: */*
INFO	2019-07-04 01:30:27	AddOrReplaceReadGroups	Processed    75,000,000 records.  Elapsed time: 00:28:04s.  Time for last 1,000,000:   20s.  Last read position: */*
INFO	2019-07-04 01:30:48	AddOrReplaceReadGroups	Processed    76,000,000 records.  Elapsed time: 00:28:25s.  Time for last 1,000,000:   20s.  Last read position: */*
INFO	2019-07-04 01:31:08	AddOrReplaceReadGroups	Processed    77,000,000 records.  Elapsed time: 00:28:45s.  Time for last 1,000,000:   20s.  Last read position: */*
INFO	2019-07-04 01:31:29	AddOrReplaceReadGroups	Processed    78,000,000 records.  Elapsed time: 00:29:06s.  Time for last 1,000,000:   20s.  Last read position: */*
INFO	2019-07-04 01:31:50	AddOrReplaceReadGroups	Processed    79,000,000 records.  Elapsed time: 00:29:27s.  Time for last 1,000,000:   20s.  Last read position: */*
INFO	2019-07-04 01:32:10	AddOrReplaceReadGroups	Processed    80,000,000 records.  Elapsed time: 00:29:47s.  Time for last 1,000,000:   20s.  Last read position: */*
INFO	2019-07-04 01:32:32	AddOrReplaceReadGroups	Processed    81,000,000 records.  Elapsed time: 00:30:08s.  Time for last 1,000,000:   21s.  Last read position: */*
INFO	2019-07-04 01:32:52	AddOrReplaceReadGroups	Processed    82,000,000 records.  Elapsed time: 00:30:29s.  Time for last 1,000,000:   20s.  Last read position: */*
INFO	2019-07-04 01:33:13	AddOrReplaceReadGroups	Processed    83,000,000 records.  Elapsed time: 00:30:50s.  Time for last 1,000,000:   20s.  Last read position: */*
INFO	2019-07-04 01:33:33	AddOrReplaceReadGroups	Processed    84,000,000 records.  Elapsed time: 00:31:10s.  Time for last 1,000,000:   20s.  Last read position: */*
INFO	2019-07-04 01:33:54	AddOrReplaceReadGroups	Processed    85,000,000 records.  Elapsed time: 00:31:31s.  Time for last 1,000,000:   20s.  Last read position: */*
INFO	2019-07-04 01:34:15	AddOrReplaceReadGroups	Processed    86,000,000 records.  Elapsed time: 00:31:52s.  Time for last 1,000,000:   20s.  Last read position: */*
INFO	2019-07-04 01:34:36	AddOrReplaceReadGroups	Processed    87,000,000 records.  Elapsed time: 00:32:13s.  Time for last 1,000,000:   20s.  Last read position: */*
INFO	2019-07-04 01:34:56	AddOrReplaceReadGroups	Processed    88,000,000 records.  Elapsed time: 00:32:33s.  Time for last 1,000,000:   20s.  Last read position: */*
INFO	2019-07-04 01:35:17	AddOrReplaceReadGroups	Processed    89,000,000 records.  Elapsed time: 00:32:54s.  Time for last 1,000,000:   20s.  Last read position: */*
INFO	2019-07-04 01:35:38	AddOrReplaceReadGroups	Processed    90,000,000 records.  Elapsed time: 00:33:15s.  Time for last 1,000,000:   20s.  Last read position: */*
[Thu Jul 04 01:35:41 CEST 2019] picard.sam.AddOrReplaceReadGroups done. Elapsed time: 33.32 minutes.
Runtime.totalMemory()=1512570880
