28862221 reads; of these:
  28862221 (100.00%) were paired; of these:
    14970119 (51.87%) aligned concordantly 0 times
    10806485 (37.44%) aligned concordantly exactly 1 time
    3085617 (10.69%) aligned concordantly >1 times
    ----
    14970119 pairs aligned concordantly 0 times; of these:
      162106 (1.08%) aligned discordantly 1 time
    ----
    14808013 pairs aligned 0 times concordantly or discordantly; of these:
      29616026 mates make up the pairs; of these:
        22127197 (74.71%) aligned 0 times
        6077422 (20.52%) aligned exactly 1 time
        1411407 (4.77%) aligned >1 times
61.67% overall alignment rate
[bam_sort_core] merging from 26 files and 1 in-memory blocks...
[Wed Jul 03 18:26:29 CEST 2019] picard.sam.markduplicates.MarkDuplicates MAX_FILE_HANDLES_FOR_READ_ENDS_MAP=1000 INPUT=[B2.sorted.bam] OUTPUT=B2.dupl_rm.bam METRICS_FILE=B2.metricN.log REMOVE_DUPLICATES=true ASSUME_SORTED=true    MAX_SEQUENCES_FOR_DISK_READ_ENDS_MAP=50000 SORTING_COLLECTION_SIZE_RATIO=0.25 TAG_DUPLICATE_SET_MEMBERS=false REMOVE_SEQUENCING_DUPLICATES=false TAGGING_POLICY=DontTag DUPLICATE_SCORING_STRATEGY=SUM_OF_BASE_QUALITIES PROGRAM_RECORD_ID=MarkDuplicates PROGRAM_GROUP_NAME=MarkDuplicates READ_NAME_REGEX=<optimized capture of last three ':' separated fields as numeric values> OPTICAL_DUPLICATE_PIXEL_DISTANCE=100 VERBOSITY=INFO QUIET=false VALIDATION_STRINGENCY=STRICT COMPRESSION_LEVEL=5 MAX_RECORDS_IN_RAM=500000 CREATE_INDEX=false CREATE_MD5_FILE=false GA4GH_CLIENT_SECRETS=client_secrets.json
[Wed Jul 03 18:26:29 CEST 2019] Executing as knam@node128 on Linux 3.10.0-514.26.2.el7.x86_64 amd64; OpenJDK 64-Bit Server VM 1.8.0_102-b14; Picard version: 2.9.4-SNAPSHOT
INFO	2019-07-03 18:26:30	MarkDuplicates	Start of doWork freeMemory: 2031680800; totalMemory: 2058354688; maxMemory: 3817865216
INFO	2019-07-03 18:26:30	MarkDuplicates	Reading input file and constructing read end information.
INFO	2019-07-03 18:26:30	MarkDuplicates	Will retain up to 13832844 data points before spilling to disk.
INFO	2019-07-03 18:26:48	MarkDuplicates	Read     1,000,000 records.  Elapsed time: 00:00:18s.  Time for last 1,000,000:   18s.  Last read position: HiC_scaffold_1:9,142,918
INFO	2019-07-03 18:26:49	MarkDuplicates	Tracking 12837 as yet unmatched pairs. 123 records in RAM.
INFO	2019-07-03 18:26:59	MarkDuplicates	Read     2,000,000 records.  Elapsed time: 00:00:28s.  Time for last 1,000,000:   10s.  Last read position: HiC_scaffold_2:5,738,071
INFO	2019-07-03 18:26:59	MarkDuplicates	Tracking 26391 as yet unmatched pairs. 477 records in RAM.
INFO	2019-07-03 18:27:12	MarkDuplicates	Read     3,000,000 records.  Elapsed time: 00:00:42s.  Time for last 1,000,000:   13s.  Last read position: HiC_scaffold_3:1,219,304
INFO	2019-07-03 18:27:12	MarkDuplicates	Tracking 37936 as yet unmatched pairs. 1421 records in RAM.
INFO	2019-07-03 18:27:26	MarkDuplicates	Read     4,000,000 records.  Elapsed time: 00:00:56s.  Time for last 1,000,000:   13s.  Last read position: HiC_scaffold_3:9,625,126
INFO	2019-07-03 18:27:26	MarkDuplicates	Tracking 50662 as yet unmatched pairs. 680 records in RAM.
INFO	2019-07-03 18:27:37	MarkDuplicates	Read     5,000,000 records.  Elapsed time: 00:01:06s.  Time for last 1,000,000:   10s.  Last read position: HiC_scaffold_4:4,618,961
INFO	2019-07-03 18:27:37	MarkDuplicates	Tracking 62592 as yet unmatched pairs. 1804 records in RAM.
INFO	2019-07-03 18:27:48	MarkDuplicates	Read     6,000,000 records.  Elapsed time: 00:01:17s.  Time for last 1,000,000:   11s.  Last read position: HiC_scaffold_4:12,686,516
INFO	2019-07-03 18:27:48	MarkDuplicates	Tracking 72772 as yet unmatched pairs. 381 records in RAM.
INFO	2019-07-03 18:27:59	MarkDuplicates	Read     7,000,000 records.  Elapsed time: 00:01:28s.  Time for last 1,000,000:   10s.  Last read position: HiC_scaffold_5:6,907,448
INFO	2019-07-03 18:27:59	MarkDuplicates	Tracking 82450 as yet unmatched pairs. 1226 records in RAM.
INFO	2019-07-03 18:28:09	MarkDuplicates	Read     8,000,000 records.  Elapsed time: 00:01:38s.  Time for last 1,000,000:   10s.  Last read position: HiC_scaffold_6:4,810,371
INFO	2019-07-03 18:28:09	MarkDuplicates	Tracking 93730 as yet unmatched pairs. 1599 records in RAM.
INFO	2019-07-03 18:28:21	MarkDuplicates	Read     9,000,000 records.  Elapsed time: 00:01:50s.  Time for last 1,000,000:   12s.  Last read position: HiC_scaffold_7:4,100,295
INFO	2019-07-03 18:28:21	MarkDuplicates	Tracking 103460 as yet unmatched pairs. 3012 records in RAM.
INFO	2019-07-03 18:28:31	MarkDuplicates	Read    10,000,000 records.  Elapsed time: 00:02:01s.  Time for last 1,000,000:   10s.  Last read position: HiC_scaffold_7:12,883,417
INFO	2019-07-03 18:28:31	MarkDuplicates	Tracking 111071 as yet unmatched pairs. 322 records in RAM.
INFO	2019-07-03 18:28:42	MarkDuplicates	Read    11,000,000 records.  Elapsed time: 00:02:11s.  Time for last 1,000,000:   10s.  Last read position: HiC_scaffold_8:8,500,549
INFO	2019-07-03 18:28:42	MarkDuplicates	Tracking 119422 as yet unmatched pairs. 1556 records in RAM.
INFO	2019-07-03 18:28:55	MarkDuplicates	Read    12,000,000 records.  Elapsed time: 00:02:24s.  Time for last 1,000,000:   12s.  Last read position: HiC_scaffold_9:5,629,295
INFO	2019-07-03 18:28:55	MarkDuplicates	Tracking 127216 as yet unmatched pairs. 2356 records in RAM.
INFO	2019-07-03 18:29:06	MarkDuplicates	Read    13,000,000 records.  Elapsed time: 00:02:35s.  Time for last 1,000,000:   11s.  Last read position: HiC_scaffold_10:2,356,908
INFO	2019-07-03 18:29:06	MarkDuplicates	Tracking 132670 as yet unmatched pairs. 5111 records in RAM.
INFO	2019-07-03 18:29:16	MarkDuplicates	Read    14,000,000 records.  Elapsed time: 00:02:46s.  Time for last 1,000,000:   10s.  Last read position: HiC_scaffold_10:11,163,239
INFO	2019-07-03 18:29:16	MarkDuplicates	Tracking 138214 as yet unmatched pairs. 1220 records in RAM.
INFO	2019-07-03 18:29:27	MarkDuplicates	Read    15,000,000 records.  Elapsed time: 00:02:57s.  Time for last 1,000,000:   11s.  Last read position: HiC_scaffold_11:5,639,418
INFO	2019-07-03 18:29:27	MarkDuplicates	Tracking 143330 as yet unmatched pairs. 4465 records in RAM.
INFO	2019-07-03 18:30:35	MarkDuplicates	Read    16,000,000 records.  Elapsed time: 00:04:04s.  Time for last 1,000,000:   67s.  Last read position: HiC_scaffold_11:14,250,949
INFO	2019-07-03 18:30:35	MarkDuplicates	Tracking 147204 as yet unmatched pairs. 617 records in RAM.
INFO	2019-07-03 18:31:05	MarkDuplicates	Read    17,000,000 records.  Elapsed time: 00:04:34s.  Time for last 1,000,000:   30s.  Last read position: HiC_scaffold_12:8,825,284
INFO	2019-07-03 18:31:05	MarkDuplicates	Tracking 159466 as yet unmatched pairs. 17348 records in RAM.
INFO	2019-07-03 18:31:16	MarkDuplicates	Read    18,000,000 records.  Elapsed time: 00:04:45s.  Time for last 1,000,000:   10s.  Last read position: HiC_scaffold_12:18,387,050
INFO	2019-07-03 18:31:16	MarkDuplicates	Tracking 163512 as yet unmatched pairs. 3647 records in RAM.
INFO	2019-07-03 18:31:27	MarkDuplicates	Read    19,000,000 records.  Elapsed time: 00:04:56s.  Time for last 1,000,000:   10s.  Last read position: HiC_scaffold_13:6,673,279
INFO	2019-07-03 18:31:27	MarkDuplicates	Tracking 165342 as yet unmatched pairs. 5652 records in RAM.
INFO	2019-07-03 18:31:38	MarkDuplicates	Read    20,000,000 records.  Elapsed time: 00:05:07s.  Time for last 1,000,000:   11s.  Last read position: HiC_scaffold_14:10,565
INFO	2019-07-03 18:31:38	MarkDuplicates	Tracking 166254 as yet unmatched pairs. 10758 records in RAM.
INFO	2019-07-03 18:31:48	MarkDuplicates	Read    21,000,000 records.  Elapsed time: 00:05:17s.  Time for last 1,000,000:   10s.  Last read position: HiC_scaffold_14:8,705,871
INFO	2019-07-03 18:31:48	MarkDuplicates	Tracking 166586 as yet unmatched pairs. 4841 records in RAM.
INFO	2019-07-03 18:31:59	MarkDuplicates	Read    22,000,000 records.  Elapsed time: 00:05:28s.  Time for last 1,000,000:   10s.  Last read position: HiC_scaffold_15:3,067,503
INFO	2019-07-03 18:31:59	MarkDuplicates	Tracking 166320 as yet unmatched pairs. 7789 records in RAM.
INFO	2019-07-03 18:32:10	MarkDuplicates	Read    23,000,000 records.  Elapsed time: 00:05:39s.  Time for last 1,000,000:   10s.  Last read position: HiC_scaffold_15:12,049,586
INFO	2019-07-03 18:32:10	MarkDuplicates	Tracking 165602 as yet unmatched pairs. 1280 records in RAM.
INFO	2019-07-03 18:32:21	MarkDuplicates	Read    24,000,000 records.  Elapsed time: 00:05:50s.  Time for last 1,000,000:   11s.  Last read position: HiC_scaffold_16:7,834,766
INFO	2019-07-03 18:32:21	MarkDuplicates	Tracking 163904 as yet unmatched pairs. 4292 records in RAM.
INFO	2019-07-03 18:33:08	MarkDuplicates	Read    25,000,000 records.  Elapsed time: 00:06:37s.  Time for last 1,000,000:   46s.  Last read position: HiC_scaffold_17:5,181,922
INFO	2019-07-03 18:33:08	MarkDuplicates	Tracking 161557 as yet unmatched pairs. 7323 records in RAM.
INFO	2019-07-03 18:33:19	MarkDuplicates	Read    26,000,000 records.  Elapsed time: 00:06:48s.  Time for last 1,000,000:   11s.  Last read position: HiC_scaffold_18:4,175,443
INFO	2019-07-03 18:33:19	MarkDuplicates	Tracking 157779 as yet unmatched pairs. 7292 records in RAM.
INFO	2019-07-03 18:33:30	MarkDuplicates	Read    27,000,000 records.  Elapsed time: 00:07:00s.  Time for last 1,000,000:   11s.  Last read position: HiC_scaffold_19:747,306
INFO	2019-07-03 18:33:30	MarkDuplicates	Tracking 154396 as yet unmatched pairs. 12121 records in RAM.
INFO	2019-07-03 18:33:41	MarkDuplicates	Read    28,000,000 records.  Elapsed time: 00:07:11s.  Time for last 1,000,000:   10s.  Last read position: HiC_scaffold_19:9,919,603
INFO	2019-07-03 18:33:41	MarkDuplicates	Tracking 150302 as yet unmatched pairs. 3441 records in RAM.
INFO	2019-07-03 18:33:53	MarkDuplicates	Read    29,000,000 records.  Elapsed time: 00:07:22s.  Time for last 1,000,000:   11s.  Last read position: HiC_scaffold_20:6,162,537
INFO	2019-07-03 18:33:53	MarkDuplicates	Tracking 145402 as yet unmatched pairs. 6240 records in RAM.
INFO	2019-07-03 18:34:04	MarkDuplicates	Read    30,000,000 records.  Elapsed time: 00:07:33s.  Time for last 1,000,000:   11s.  Last read position: HiC_scaffold_21:4,611,888
INFO	2019-07-03 18:34:04	MarkDuplicates	Tracking 139456 as yet unmatched pairs. 8717 records in RAM.
INFO	2019-07-03 18:34:15	MarkDuplicates	Read    31,000,000 records.  Elapsed time: 00:07:44s.  Time for last 1,000,000:   10s.  Last read position: HiC_scaffold_21:13,630,360
INFO	2019-07-03 18:34:15	MarkDuplicates	Tracking 134290 as yet unmatched pairs. 124 records in RAM.
INFO	2019-07-03 18:34:29	MarkDuplicates	Read    32,000,000 records.  Elapsed time: 00:07:58s.  Time for last 1,000,000:   14s.  Last read position: HiC_scaffold_22:8,786,430
INFO	2019-07-03 18:34:29	MarkDuplicates	Tracking 125456 as yet unmatched pairs. 3623 records in RAM.
INFO	2019-07-03 18:34:40	MarkDuplicates	Read    33,000,000 records.  Elapsed time: 00:08:09s.  Time for last 1,000,000:   11s.  Last read position: HiC_scaffold_23:6,700,657
INFO	2019-07-03 18:34:40	MarkDuplicates	Tracking 117804 as yet unmatched pairs. 2840 records in RAM.
INFO	2019-07-03 18:35:04	MarkDuplicates	Read    34,000,000 records.  Elapsed time: 00:08:34s.  Time for last 1,000,000:   24s.  Last read position: HiC_scaffold_24:4,097,328
INFO	2019-07-03 18:35:04	MarkDuplicates	Tracking 109990 as yet unmatched pairs. 9515 records in RAM.
INFO	2019-07-03 18:35:16	MarkDuplicates	Read    35,000,000 records.  Elapsed time: 00:08:46s.  Time for last 1,000,000:   11s.  Last read position: HiC_scaffold_25:3,765,959
INFO	2019-07-03 18:35:16	MarkDuplicates	Tracking 99478 as yet unmatched pairs. 11951 records in RAM.
INFO	2019-07-03 18:35:26	MarkDuplicates	Read    36,000,000 records.  Elapsed time: 00:08:55s.  Time for last 1,000,000:    9s.  Last read position: HiC_scaffold_25:12,889,728
INFO	2019-07-03 18:35:26	MarkDuplicates	Tracking 91232 as yet unmatched pairs. 1797 records in RAM.
INFO	2019-07-03 18:35:37	MarkDuplicates	Read    37,000,000 records.  Elapsed time: 00:09:07s.  Time for last 1,000,000:   11s.  Last read position: HiC_scaffold_26:8,911,984
INFO	2019-07-03 18:35:37	MarkDuplicates	Tracking 77498 as yet unmatched pairs. 284 records in RAM.
INFO	2019-07-03 18:37:25	MarkDuplicates	Read    38,000,000 records.  Elapsed time: 00:10:54s.  Time for last 1,000,000:  107s.  Last read position: HiC_scaffold_27:8,337,452
INFO	2019-07-03 18:37:25	MarkDuplicates	Tracking 67880 as yet unmatched pairs. 7821 records in RAM.
INFO	2019-07-03 18:37:36	MarkDuplicates	Read    39,000,000 records.  Elapsed time: 00:11:05s.  Time for last 1,000,000:   10s.  Last read position: HiC_scaffold_28:3,030,315
INFO	2019-07-03 18:37:36	MarkDuplicates	Tracking 55024 as yet unmatched pairs. 8915 records in RAM.
INFO	2019-07-03 18:37:49	MarkDuplicates	Read    40,000,000 records.  Elapsed time: 00:11:18s.  Time for last 1,000,000:   13s.  Last read position: HiC_scaffold_29:4,384,263
INFO	2019-07-03 18:37:49	MarkDuplicates	Tracking 39752 as yet unmatched pairs. 29788 records in RAM.
INFO	2019-07-03 18:38:00	MarkDuplicates	Read    41,000,000 records.  Elapsed time: 00:11:29s.  Time for last 1,000,000:   10s.  Last read position: HiC_scaffold_29:11,587,404
INFO	2019-07-03 18:38:00	MarkDuplicates	Tracking 27476 as yet unmatched pairs. 17352 records in RAM.
INFO	2019-07-03 18:38:29	MarkDuplicates	Read    42,000,000 records.  Elapsed time: 00:11:58s.  Time for last 1,000,000:   28s.  Last read position: HiC_scaffold_30:1,654
INFO	2019-07-03 18:38:29	MarkDuplicates	Tracking 10480 as yet unmatched pairs. 80 records in RAM.
INFO	2019-07-03 18:38:38	MarkDuplicates	Read 42521528 records. 0 pairs never matched.
INFO	2019-07-03 18:38:47	MarkDuplicates	After buildSortedReadEndLists freeMemory: 3974285088; totalMemory: 4003463168; maxMemory: 4003463168
INFO	2019-07-03 18:38:47	MarkDuplicates	Will retain up to 125108224 duplicate indices before spilling to disk.
INFO	2019-07-03 18:38:47	MarkDuplicates	Traversing read pair information and detecting duplicates.
INFO	2019-07-03 18:39:06	MarkDuplicates	Traversing fragment information and detecting duplicates.
INFO	2019-07-03 18:39:29	MarkDuplicates	Sorting list of duplicate records.
INFO	2019-07-03 18:39:38	MarkDuplicates	After generateDuplicateIndexes freeMemory: 3019532672; totalMemory: 4048551936; maxMemory: 4048551936
INFO	2019-07-03 18:39:38	MarkDuplicates	Marking 5589639 records as duplicates.
INFO	2019-07-03 18:39:38	MarkDuplicates	Found 203380 optical duplicate clusters.
INFO	2019-07-03 18:39:38	MarkDuplicates	Reads are assumed to be ordered by: coordinate
INFO	2019-07-03 18:43:56	MarkDuplicates	Written    10,000,000 records.  Elapsed time: 00:04:17s.  Time for last 10,000,000:  257s.  Last read position: HiC_scaffold_9:1,367,766
INFO	2019-07-03 18:48:16	MarkDuplicates	Written    20,000,000 records.  Elapsed time: 00:08:38s.  Time for last 10,000,000:  260s.  Last read position: HiC_scaffold_15:12,450,605
INFO	2019-07-03 18:52:36	MarkDuplicates	Written    30,000,000 records.  Elapsed time: 00:12:57s.  Time for last 10,000,000:  259s.  Last read position: HiC_scaffold_24:9,949,177
INFO	2019-07-03 18:56:49	MarkDuplicates	Written    40,000,000 records.  Elapsed time: 00:17:10s.  Time for last 10,000,000:  253s.  Last read position: */*
INFO	2019-07-03 19:00:50	MarkDuplicates	Written    50,000,000 records.  Elapsed time: 00:21:11s.  Time for last 10,000,000:  240s.  Last read position: */*
INFO	2019-07-03 19:01:44	MarkDuplicates	Before output close freeMemory: 4091573312; totalMemory: 4123000832; maxMemory: 4123000832
INFO	2019-07-03 19:01:44	MarkDuplicates	After output close freeMemory: 4091558808; totalMemory: 4123000832; maxMemory: 4123000832
[Wed Jul 03 19:01:44 CEST 2019] picard.sam.markduplicates.MarkDuplicates done. Elapsed time: 35.24 minutes.
Runtime.totalMemory()=4123000832
[Wed Jul 03 19:01:45 CEST 2019] picard.sam.AddOrReplaceReadGroups INPUT=B2.dupl_rm.bam OUTPUT=B2.bam RGID=B2 RGLB=lib1 RGPL=illumina RGPU=unit1 RGSM=B2    VERBOSITY=INFO QUIET=false VALIDATION_STRINGENCY=STRICT COMPRESSION_LEVEL=5 MAX_RECORDS_IN_RAM=500000 CREATE_INDEX=false CREATE_MD5_FILE=false GA4GH_CLIENT_SECRETS=client_secrets.json
[Wed Jul 03 19:01:45 CEST 2019] Executing as knam@node128 on Linux 3.10.0-514.26.2.el7.x86_64 amd64; OpenJDK 64-Bit Server VM 1.8.0_102-b14; Picard version: 2.9.4-SNAPSHOT
INFO	2019-07-03 19:01:45	AddOrReplaceReadGroups	Created read group ID=B2 PL=illumina LB=lib1 SM=B2

INFO	2019-07-03 19:02:17	AddOrReplaceReadGroups	Processed     1,000,000 records.  Elapsed time: 00:00:31s.  Time for last 1,000,000:   31s.  Last read position: HiC_scaffold_1:10,884,030
INFO	2019-07-03 19:02:42	AddOrReplaceReadGroups	Processed     2,000,000 records.  Elapsed time: 00:00:56s.  Time for last 1,000,000:   24s.  Last read position: HiC_scaffold_2:8,380,582
INFO	2019-07-03 19:03:07	AddOrReplaceReadGroups	Processed     3,000,000 records.  Elapsed time: 00:01:21s.  Time for last 1,000,000:   24s.  Last read position: HiC_scaffold_3:5,331,127
INFO	2019-07-03 19:03:31	AddOrReplaceReadGroups	Processed     4,000,000 records.  Elapsed time: 00:01:46s.  Time for last 1,000,000:   24s.  Last read position: HiC_scaffold_4:885,667
INFO	2019-07-03 19:03:56	AddOrReplaceReadGroups	Processed     5,000,000 records.  Elapsed time: 00:02:10s.  Time for last 1,000,000:   24s.  Last read position: HiC_scaffold_4:10,843,371
INFO	2019-07-03 19:04:21	AddOrReplaceReadGroups	Processed     6,000,000 records.  Elapsed time: 00:02:35s.  Time for last 1,000,000:   24s.  Last read position: HiC_scaffold_5:6,311,555
INFO	2019-07-03 19:04:45	AddOrReplaceReadGroups	Processed     7,000,000 records.  Elapsed time: 00:03:00s.  Time for last 1,000,000:   24s.  Last read position: HiC_scaffold_6:5,543,569
INFO	2019-07-03 19:05:10	AddOrReplaceReadGroups	Processed     8,000,000 records.  Elapsed time: 00:03:24s.  Time for last 1,000,000:   24s.  Last read position: HiC_scaffold_7:5,976,623
INFO	2019-07-03 19:05:34	AddOrReplaceReadGroups	Processed     9,000,000 records.  Elapsed time: 00:03:48s.  Time for last 1,000,000:   24s.  Last read position: HiC_scaffold_8:2,770,108
INFO	2019-07-03 19:05:58	AddOrReplaceReadGroups	Processed    10,000,000 records.  Elapsed time: 00:04:13s.  Time for last 1,000,000:   24s.  Last read position: HiC_scaffold_9:1,367,766
INFO	2019-07-03 19:06:23	AddOrReplaceReadGroups	Processed    11,000,000 records.  Elapsed time: 00:04:37s.  Time for last 1,000,000:   24s.  Last read position: HiC_scaffold_9:12,109,162
INFO	2019-07-03 19:06:47	AddOrReplaceReadGroups	Processed    12,000,000 records.  Elapsed time: 00:05:01s.  Time for last 1,000,000:   24s.  Last read position: HiC_scaffold_10:9,602,997
INFO	2019-07-03 19:07:11	AddOrReplaceReadGroups	Processed    13,000,000 records.  Elapsed time: 00:05:26s.  Time for last 1,000,000:   24s.  Last read position: HiC_scaffold_11:5,509,787
INFO	2019-07-03 19:07:36	AddOrReplaceReadGroups	Processed    14,000,000 records.  Elapsed time: 00:05:50s.  Time for last 1,000,000:   24s.  Last read position: HiC_scaffold_12:164,362
INFO	2019-07-03 19:08:01	AddOrReplaceReadGroups	Processed    15,000,000 records.  Elapsed time: 00:06:15s.  Time for last 1,000,000:   25s.  Last read position: HiC_scaffold_12:11,992,966
INFO	2019-07-03 19:08:26	AddOrReplaceReadGroups	Processed    16,000,000 records.  Elapsed time: 00:06:40s.  Time for last 1,000,000:   25s.  Last read position: HiC_scaffold_13:1,458,173
INFO	2019-07-03 19:08:50	AddOrReplaceReadGroups	Processed    17,000,000 records.  Elapsed time: 00:07:05s.  Time for last 1,000,000:   24s.  Last read position: HiC_scaffold_13:11,099,529
INFO	2019-07-03 19:09:15	AddOrReplaceReadGroups	Processed    18,000,000 records.  Elapsed time: 00:07:29s.  Time for last 1,000,000:   24s.  Last read position: HiC_scaffold_14:6,637,302
INFO	2019-07-03 19:09:39	AddOrReplaceReadGroups	Processed    19,000,000 records.  Elapsed time: 00:07:53s.  Time for last 1,000,000:   24s.  Last read position: HiC_scaffold_15:2,000,715
INFO	2019-07-03 19:10:03	AddOrReplaceReadGroups	Processed    20,000,000 records.  Elapsed time: 00:08:18s.  Time for last 1,000,000:   24s.  Last read position: HiC_scaffold_15:12,450,605
INFO	2019-07-03 19:10:28	AddOrReplaceReadGroups	Processed    21,000,000 records.  Elapsed time: 00:08:42s.  Time for last 1,000,000:   24s.  Last read position: HiC_scaffold_16:9,498,389
INFO	2019-07-03 19:10:53	AddOrReplaceReadGroups	Processed    22,000,000 records.  Elapsed time: 00:09:07s.  Time for last 1,000,000:   24s.  Last read position: HiC_scaffold_17:8,584,532
INFO	2019-07-03 19:11:17	AddOrReplaceReadGroups	Processed    23,000,000 records.  Elapsed time: 00:09:32s.  Time for last 1,000,000:   24s.  Last read position: HiC_scaffold_18:8,613,966
INFO	2019-07-03 19:11:42	AddOrReplaceReadGroups	Processed    24,000,000 records.  Elapsed time: 00:09:56s.  Time for last 1,000,000:   24s.  Last read position: HiC_scaffold_19:6,876,245
INFO	2019-07-03 19:12:06	AddOrReplaceReadGroups	Processed    25,000,000 records.  Elapsed time: 00:10:21s.  Time for last 1,000,000:   24s.  Last read position: HiC_scaffold_20:4,069,628
INFO	2019-07-03 19:12:31	AddOrReplaceReadGroups	Processed    26,000,000 records.  Elapsed time: 00:10:45s.  Time for last 1,000,000:   24s.  Last read position: HiC_scaffold_21:3,969,695
INFO	2019-07-03 19:12:55	AddOrReplaceReadGroups	Processed    27,000,000 records.  Elapsed time: 00:11:10s.  Time for last 1,000,000:   24s.  Last read position: HiC_scaffold_22:594,368
INFO	2019-07-03 19:13:20	AddOrReplaceReadGroups	Processed    28,000,000 records.  Elapsed time: 00:11:35s.  Time for last 1,000,000:   24s.  Last read position: HiC_scaffold_22:11,065,165
INFO	2019-07-03 19:13:45	AddOrReplaceReadGroups	Processed    29,000,000 records.  Elapsed time: 00:11:59s.  Time for last 1,000,000:   24s.  Last read position: HiC_scaffold_24:1,653,220
INFO	2019-07-03 19:14:09	AddOrReplaceReadGroups	Processed    30,000,000 records.  Elapsed time: 00:12:23s.  Time for last 1,000,000:   23s.  Last read position: HiC_scaffold_24:9,949,177
INFO	2019-07-03 19:14:33	AddOrReplaceReadGroups	Processed    31,000,000 records.  Elapsed time: 00:12:47s.  Time for last 1,000,000:   24s.  Last read position: HiC_scaffold_25:9,557,958
INFO	2019-07-03 19:14:58	AddOrReplaceReadGroups	Processed    32,000,000 records.  Elapsed time: 00:13:12s.  Time for last 1,000,000:   24s.  Last read position: HiC_scaffold_26:6,904,269
INFO	2019-07-03 19:15:22	AddOrReplaceReadGroups	Processed    33,000,000 records.  Elapsed time: 00:13:37s.  Time for last 1,000,000:   24s.  Last read position: HiC_scaffold_27:8,135,695
INFO	2019-07-03 19:15:47	AddOrReplaceReadGroups	Processed    34,000,000 records.  Elapsed time: 00:14:02s.  Time for last 1,000,000:   24s.  Last read position: HiC_scaffold_28:4,420,187
INFO	2019-07-03 19:16:12	AddOrReplaceReadGroups	Processed    35,000,000 records.  Elapsed time: 00:14:26s.  Time for last 1,000,000:   24s.  Last read position: HiC_scaffold_29:6,428,452
INFO	2019-07-03 19:16:36	AddOrReplaceReadGroups	Processed    36,000,000 records.  Elapsed time: 00:14:50s.  Time for last 1,000,000:   24s.  Last read position: HiC_scaffold_29:14,989,179
INFO	2019-07-03 19:17:01	AddOrReplaceReadGroups	Processed    37,000,000 records.  Elapsed time: 00:15:15s.  Time for last 1,000,000:   25s.  Last read position: */*
INFO	2019-07-03 19:17:24	AddOrReplaceReadGroups	Processed    38,000,000 records.  Elapsed time: 00:15:38s.  Time for last 1,000,000:   23s.  Last read position: */*
INFO	2019-07-03 19:17:47	AddOrReplaceReadGroups	Processed    39,000,000 records.  Elapsed time: 00:16:02s.  Time for last 1,000,000:   23s.  Last read position: */*
INFO	2019-07-03 19:18:10	AddOrReplaceReadGroups	Processed    40,000,000 records.  Elapsed time: 00:16:25s.  Time for last 1,000,000:   23s.  Last read position: */*
INFO	2019-07-03 19:18:34	AddOrReplaceReadGroups	Processed    41,000,000 records.  Elapsed time: 00:16:48s.  Time for last 1,000,000:   23s.  Last read position: */*
INFO	2019-07-03 19:18:57	AddOrReplaceReadGroups	Processed    42,000,000 records.  Elapsed time: 00:17:11s.  Time for last 1,000,000:   23s.  Last read position: */*
INFO	2019-07-03 19:19:20	AddOrReplaceReadGroups	Processed    43,000,000 records.  Elapsed time: 00:17:34s.  Time for last 1,000,000:   23s.  Last read position: */*
INFO	2019-07-03 19:19:43	AddOrReplaceReadGroups	Processed    44,000,000 records.  Elapsed time: 00:17:58s.  Time for last 1,000,000:   23s.  Last read position: */*
INFO	2019-07-03 19:20:07	AddOrReplaceReadGroups	Processed    45,000,000 records.  Elapsed time: 00:18:21s.  Time for last 1,000,000:   23s.  Last read position: */*
INFO	2019-07-03 19:20:32	AddOrReplaceReadGroups	Processed    46,000,000 records.  Elapsed time: 00:18:46s.  Time for last 1,000,000:   24s.  Last read position: */*
INFO	2019-07-03 19:20:56	AddOrReplaceReadGroups	Processed    47,000,000 records.  Elapsed time: 00:19:11s.  Time for last 1,000,000:   24s.  Last read position: */*
INFO	2019-07-03 19:21:20	AddOrReplaceReadGroups	Processed    48,000,000 records.  Elapsed time: 00:19:35s.  Time for last 1,000,000:   24s.  Last read position: */*
INFO	2019-07-03 19:21:45	AddOrReplaceReadGroups	Processed    49,000,000 records.  Elapsed time: 00:19:59s.  Time for last 1,000,000:   24s.  Last read position: */*
INFO	2019-07-03 19:22:09	AddOrReplaceReadGroups	Processed    50,000,000 records.  Elapsed time: 00:20:23s.  Time for last 1,000,000:   24s.  Last read position: */*
INFO	2019-07-03 19:22:33	AddOrReplaceReadGroups	Processed    51,000,000 records.  Elapsed time: 00:20:47s.  Time for last 1,000,000:   24s.  Last read position: */*
INFO	2019-07-03 19:22:57	AddOrReplaceReadGroups	Processed    52,000,000 records.  Elapsed time: 00:21:12s.  Time for last 1,000,000:   24s.  Last read position: */*
[Wed Jul 03 19:23:01 CEST 2019] picard.sam.AddOrReplaceReadGroups done. Elapsed time: 21.27 minutes.
Runtime.totalMemory()=1512570880
