26917257 reads; of these:
  26917257 (100.00%) were paired; of these:
    12353848 (45.90%) aligned concordantly 0 times
    11168257 (41.49%) aligned concordantly exactly 1 time
    3395152 (12.61%) aligned concordantly >1 times
    ----
    12353848 pairs aligned concordantly 0 times; of these:
      66758 (0.54%) aligned discordantly 1 time
    ----
    12287090 pairs aligned 0 times concordantly or discordantly; of these:
      24574180 mates make up the pairs; of these:
        20360972 (82.86%) aligned 0 times
        3408363 (13.87%) aligned exactly 1 time
        804845 (3.28%) aligned >1 times
62.18% overall alignment rate
[bam_sort_core] merging from 24 files and 1 in-memory blocks...
[Wed Jul 03 16:10:14 CEST 2019] picard.sam.markduplicates.MarkDuplicates MAX_FILE_HANDLES_FOR_READ_ENDS_MAP=1000 INPUT=[KNAM_0047.sorted.bam] OUTPUT=KNAM_0047.dupl_rm.bam METRICS_FILE=KNAM_0047.metricN.log REMOVE_DUPLICATES=true ASSUME_SORTED=true    MAX_SEQUENCES_FOR_DISK_READ_ENDS_MAP=50000 SORTING_COLLECTION_SIZE_RATIO=0.25 TAG_DUPLICATE_SET_MEMBERS=false REMOVE_SEQUENCING_DUPLICATES=false TAGGING_POLICY=DontTag DUPLICATE_SCORING_STRATEGY=SUM_OF_BASE_QUALITIES PROGRAM_RECORD_ID=MarkDuplicates PROGRAM_GROUP_NAME=MarkDuplicates READ_NAME_REGEX=<optimized capture of last three ':' separated fields as numeric values> OPTICAL_DUPLICATE_PIXEL_DISTANCE=100 VERBOSITY=INFO QUIET=false VALIDATION_STRINGENCY=STRICT COMPRESSION_LEVEL=5 MAX_RECORDS_IN_RAM=500000 CREATE_INDEX=false CREATE_MD5_FILE=false GA4GH_CLIENT_SECRETS=client_secrets.json
[Wed Jul 03 16:10:14 CEST 2019] Executing as knam@node130 on Linux 3.10.0-514.26.2.el7.x86_64 amd64; OpenJDK 64-Bit Server VM 1.8.0_102-b14; Picard version: 2.9.4-SNAPSHOT
INFO	2019-07-03 16:10:15	MarkDuplicates	Start of doWork freeMemory: 2031680432; totalMemory: 2058354688; maxMemory: 3817865216
INFO	2019-07-03 16:10:15	MarkDuplicates	Reading input file and constructing read end information.
INFO	2019-07-03 16:10:15	MarkDuplicates	Will retain up to 13832844 data points before spilling to disk.
INFO	2019-07-03 16:10:30	MarkDuplicates	Read     1,000,000 records.  Elapsed time: 00:00:14s.  Time for last 1,000,000:   14s.  Last read position: HiC_scaffold_1:10,130,105
INFO	2019-07-03 16:10:30	MarkDuplicates	Tracking 3081 as yet unmatched pairs. 27 records in RAM.
INFO	2019-07-03 16:10:38	MarkDuplicates	Read     2,000,000 records.  Elapsed time: 00:00:23s.  Time for last 1,000,000:    8s.  Last read position: HiC_scaffold_2:7,442,827
INFO	2019-07-03 16:10:38	MarkDuplicates	Tracking 6488 as yet unmatched pairs. 103 records in RAM.
INFO	2019-07-03 16:10:47	MarkDuplicates	Read     3,000,000 records.  Elapsed time: 00:00:31s.  Time for last 1,000,000:    8s.  Last read position: HiC_scaffold_3:4,204,919
INFO	2019-07-03 16:10:47	MarkDuplicates	Tracking 9888 as yet unmatched pairs. 323 records in RAM.
INFO	2019-07-03 16:10:56	MarkDuplicates	Read     4,000,000 records.  Elapsed time: 00:00:41s.  Time for last 1,000,000:    9s.  Last read position: HiC_scaffold_3:13,283,478
INFO	2019-07-03 16:10:56	MarkDuplicates	Tracking 13182 as yet unmatched pairs. 29 records in RAM.
INFO	2019-07-03 16:11:02	MarkDuplicates	Read     5,000,000 records.  Elapsed time: 00:00:47s.  Time for last 1,000,000:    6s.  Last read position: HiC_scaffold_4:8,423,897
INFO	2019-07-03 16:11:02	MarkDuplicates	Tracking 15728 as yet unmatched pairs. 274 records in RAM.
INFO	2019-07-03 16:11:10	MarkDuplicates	Read     6,000,000 records.  Elapsed time: 00:00:55s.  Time for last 1,000,000:    8s.  Last read position: HiC_scaffold_5:3,282,003
INFO	2019-07-03 16:11:10	MarkDuplicates	Tracking 18402 as yet unmatched pairs. 462 records in RAM.
INFO	2019-07-03 16:11:18	MarkDuplicates	Read     7,000,000 records.  Elapsed time: 00:01:02s.  Time for last 1,000,000:    7s.  Last read position: HiC_scaffold_6:1,766,458
INFO	2019-07-03 16:11:18	MarkDuplicates	Tracking 21140 as yet unmatched pairs. 622 records in RAM.
INFO	2019-07-03 16:11:25	MarkDuplicates	Read     8,000,000 records.  Elapsed time: 00:01:09s.  Time for last 1,000,000:    6s.  Last read position: HiC_scaffold_7:2,578,444
INFO	2019-07-03 16:11:25	MarkDuplicates	Tracking 24370 as yet unmatched pairs. 794 records in RAM.
INFO	2019-07-03 16:11:33	MarkDuplicates	Read     9,000,000 records.  Elapsed time: 00:01:18s.  Time for last 1,000,000:    8s.  Last read position: HiC_scaffold_7:11,947,275
INFO	2019-07-03 16:11:33	MarkDuplicates	Tracking 26358 as yet unmatched pairs. 148 records in RAM.
INFO	2019-07-03 16:11:40	MarkDuplicates	Read    10,000,000 records.  Elapsed time: 00:01:24s.  Time for last 1,000,000:    6s.  Last read position: HiC_scaffold_8:8,435,400
INFO	2019-07-03 16:11:40	MarkDuplicates	Tracking 28600 as yet unmatched pairs. 366 records in RAM.
INFO	2019-07-03 16:11:47	MarkDuplicates	Read    11,000,000 records.  Elapsed time: 00:01:31s.  Time for last 1,000,000:    7s.  Last read position: HiC_scaffold_9:6,462,569
INFO	2019-07-03 16:11:47	MarkDuplicates	Tracking 30802 as yet unmatched pairs. 492 records in RAM.
INFO	2019-07-03 16:11:55	MarkDuplicates	Read    12,000,000 records.  Elapsed time: 00:01:39s.  Time for last 1,000,000:    7s.  Last read position: HiC_scaffold_10:4,363,036
INFO	2019-07-03 16:11:55	MarkDuplicates	Tracking 32362 as yet unmatched pairs. 1036 records in RAM.
INFO	2019-07-03 16:12:03	MarkDuplicates	Read    13,000,000 records.  Elapsed time: 00:01:47s.  Time for last 1,000,000:    7s.  Last read position: HiC_scaffold_10:13,994,888
INFO	2019-07-03 16:12:03	MarkDuplicates	Tracking 33764 as yet unmatched pairs. 8 records in RAM.
INFO	2019-07-03 16:12:45	MarkDuplicates	Read    14,000,000 records.  Elapsed time: 00:02:30s.  Time for last 1,000,000:   42s.  Last read position: HiC_scaffold_11:8,750,786
INFO	2019-07-03 16:12:45	MarkDuplicates	Tracking 34812 as yet unmatched pairs. 721 records in RAM.
INFO	2019-07-03 16:12:52	MarkDuplicates	Read    15,000,000 records.  Elapsed time: 00:02:36s.  Time for last 1,000,000:    6s.  Last read position: HiC_scaffold_12:3,939,860
INFO	2019-07-03 16:12:52	MarkDuplicates	Tracking 37083 as yet unmatched pairs. 5469 records in RAM.
INFO	2019-07-03 16:13:07	MarkDuplicates	Read    16,000,000 records.  Elapsed time: 00:02:52s.  Time for last 1,000,000:   15s.  Last read position: HiC_scaffold_12:15,729,920
INFO	2019-07-03 16:13:07	MarkDuplicates	Tracking 39920 as yet unmatched pairs. 2361 records in RAM.
INFO	2019-07-03 16:13:14	MarkDuplicates	Read    17,000,000 records.  Elapsed time: 00:02:59s.  Time for last 1,000,000:    7s.  Last read position: HiC_scaffold_13:4,545,828
INFO	2019-07-03 16:13:14	MarkDuplicates	Tracking 40524 as yet unmatched pairs. 1566 records in RAM.
INFO	2019-07-03 16:13:22	MarkDuplicates	Read    18,000,000 records.  Elapsed time: 00:03:06s.  Time for last 1,000,000:    7s.  Last read position: HiC_scaffold_13:13,414,434
INFO	2019-07-03 16:13:22	MarkDuplicates	Tracking 40654 as yet unmatched pairs. 188 records in RAM.
INFO	2019-07-03 16:13:29	MarkDuplicates	Read    19,000,000 records.  Elapsed time: 00:03:14s.  Time for last 1,000,000:    7s.  Last read position: HiC_scaffold_14:8,358,325
INFO	2019-07-03 16:13:29	MarkDuplicates	Tracking 40759 as yet unmatched pairs. 1171 records in RAM.
INFO	2019-07-03 16:13:37	MarkDuplicates	Read    20,000,000 records.  Elapsed time: 00:03:21s.  Time for last 1,000,000:    7s.  Last read position: HiC_scaffold_15:3,995,336
INFO	2019-07-03 16:13:37	MarkDuplicates	Tracking 40556 as yet unmatched pairs. 1594 records in RAM.
INFO	2019-07-03 16:13:44	MarkDuplicates	Read    21,000,000 records.  Elapsed time: 00:03:28s.  Time for last 1,000,000:    7s.  Last read position: HiC_scaffold_16:342,261
INFO	2019-07-03 16:13:44	MarkDuplicates	Tracking 40380 as yet unmatched pairs. 2570 records in RAM.
INFO	2019-07-03 16:13:53	MarkDuplicates	Read    22,000,000 records.  Elapsed time: 00:03:37s.  Time for last 1,000,000:    9s.  Last read position: HiC_scaffold_16:10,124,856
INFO	2019-07-03 16:13:53	MarkDuplicates	Tracking 40066 as yet unmatched pairs. 553 records in RAM.
INFO	2019-07-03 16:14:23	MarkDuplicates	Read    23,000,000 records.  Elapsed time: 00:04:07s.  Time for last 1,000,000:   29s.  Last read position: HiC_scaffold_17:8,796,988
INFO	2019-07-03 16:14:23	MarkDuplicates	Tracking 39069 as yet unmatched pairs. 811 records in RAM.
INFO	2019-07-03 16:14:29	MarkDuplicates	Read    24,000,000 records.  Elapsed time: 00:04:14s.  Time for last 1,000,000:    6s.  Last read position: HiC_scaffold_18:8,295,955
INFO	2019-07-03 16:14:29	MarkDuplicates	Tracking 38120 as yet unmatched pairs. 978 records in RAM.
INFO	2019-07-03 16:14:36	MarkDuplicates	Read    25,000,000 records.  Elapsed time: 00:04:21s.  Time for last 1,000,000:    6s.  Last read position: HiC_scaffold_19:6,192,410
INFO	2019-07-03 16:14:36	MarkDuplicates	Tracking 36934 as yet unmatched pairs. 1594 records in RAM.
INFO	2019-07-03 16:14:44	MarkDuplicates	Read    26,000,000 records.  Elapsed time: 00:04:28s.  Time for last 1,000,000:    7s.  Last read position: HiC_scaffold_20:2,828,609
INFO	2019-07-03 16:14:44	MarkDuplicates	Tracking 35972 as yet unmatched pairs. 2512 records in RAM.
INFO	2019-07-03 16:14:51	MarkDuplicates	Read    27,000,000 records.  Elapsed time: 00:04:35s.  Time for last 1,000,000:    7s.  Last read position: HiC_scaffold_21:2,760,035
INFO	2019-07-03 16:14:51	MarkDuplicates	Tracking 34236 as yet unmatched pairs. 2493 records in RAM.
INFO	2019-07-03 16:14:57	MarkDuplicates	Read    28,000,000 records.  Elapsed time: 00:04:42s.  Time for last 1,000,000:    6s.  Last read position: HiC_scaffold_21:12,365,003
INFO	2019-07-03 16:14:57	MarkDuplicates	Tracking 32900 as yet unmatched pairs. 296 records in RAM.
INFO	2019-07-03 16:15:07	MarkDuplicates	Read    29,000,000 records.  Elapsed time: 00:04:51s.  Time for last 1,000,000:    9s.  Last read position: HiC_scaffold_22:8,180,118
INFO	2019-07-03 16:15:07	MarkDuplicates	Tracking 30650 as yet unmatched pairs. 1138 records in RAM.
INFO	2019-07-03 16:15:14	MarkDuplicates	Read    30,000,000 records.  Elapsed time: 00:04:58s.  Time for last 1,000,000:    6s.  Last read position: HiC_scaffold_23:7,572,831
INFO	2019-07-03 16:15:14	MarkDuplicates	Tracking 28262 as yet unmatched pairs. 549 records in RAM.
INFO	2019-07-03 16:15:21	MarkDuplicates	Read    31,000,000 records.  Elapsed time: 00:05:06s.  Time for last 1,000,000:    7s.  Last read position: HiC_scaffold_24:8,079,871
INFO	2019-07-03 16:15:21	MarkDuplicates	Tracking 25346 as yet unmatched pairs. 1059 records in RAM.
INFO	2019-07-03 16:15:35	MarkDuplicates	Read    32,000,000 records.  Elapsed time: 00:05:19s.  Time for last 1,000,000:   13s.  Last read position: HiC_scaffold_25:7,652,582
INFO	2019-07-03 16:15:35	MarkDuplicates	Tracking 23086 as yet unmatched pairs. 1800 records in RAM.
INFO	2019-07-03 16:15:42	MarkDuplicates	Read    33,000,000 records.  Elapsed time: 00:05:26s.  Time for last 1,000,000:    7s.  Last read position: HiC_scaffold_26:4,148,998
INFO	2019-07-03 16:15:42	MarkDuplicates	Tracking 20132 as yet unmatched pairs. 1970 records in RAM.
INFO	2019-07-03 16:16:39	MarkDuplicates	Read    34,000,000 records.  Elapsed time: 00:06:23s.  Time for last 1,000,000:   56s.  Last read position: HiC_scaffold_27:6,105,137
INFO	2019-07-03 16:16:39	MarkDuplicates	Tracking 16804 as yet unmatched pairs. 2529 records in RAM.
INFO	2019-07-03 16:16:45	MarkDuplicates	Read    35,000,000 records.  Elapsed time: 00:06:29s.  Time for last 1,000,000:    6s.  Last read position: HiC_scaffold_28:1,149,808
INFO	2019-07-03 16:16:45	MarkDuplicates	Tracking 13970 as yet unmatched pairs. 3860 records in RAM.
INFO	2019-07-03 16:17:01	MarkDuplicates	Read    36,000,000 records.  Elapsed time: 00:06:46s.  Time for last 1,000,000:   16s.  Last read position: HiC_scaffold_29:6,852,510
INFO	2019-07-03 16:17:01	MarkDuplicates	Tracking 8282 as yet unmatched pairs. 5318 records in RAM.
INFO	2019-07-03 16:17:11	MarkDuplicates	Read    37,000,000 records.  Elapsed time: 00:06:55s.  Time for last 1,000,000:    9s.  Last read position: HiC_scaffold_154:2,980
INFO	2019-07-03 16:17:11	MarkDuplicates	Tracking 2402 as yet unmatched pairs. 73 records in RAM.
INFO	2019-07-03 16:17:15	MarkDuplicates	Read 37528266 records. 0 pairs never matched.
INFO	2019-07-03 16:17:19	MarkDuplicates	After buildSortedReadEndLists freeMemory: 3742109304; totalMemory: 3771727872; maxMemory: 3817865216
INFO	2019-07-03 16:17:19	MarkDuplicates	Will retain up to 119308288 duplicate indices before spilling to disk.
INFO	2019-07-03 16:17:19	MarkDuplicates	Traversing read pair information and detecting duplicates.
INFO	2019-07-03 16:17:29	MarkDuplicates	Traversing fragment information and detecting duplicates.
INFO	2019-07-03 16:17:38	MarkDuplicates	Sorting list of duplicate records.
INFO	2019-07-03 16:17:45	MarkDuplicates	After generateDuplicateIndexes freeMemory: 2821053568; totalMemory: 3803709440; maxMemory: 3817865216
INFO	2019-07-03 16:17:45	MarkDuplicates	Marking 5330186 records as duplicates.
INFO	2019-07-03 16:17:45	MarkDuplicates	Found 197807 optical duplicate clusters.
INFO	2019-07-03 16:17:45	MarkDuplicates	Reads are assumed to be ordered by: coordinate
INFO	2019-07-03 16:20:08	MarkDuplicates	Written    10,000,000 records.  Elapsed time: 00:02:22s.  Time for last 10,000,000:  142s.  Last read position: HiC_scaffold_10:922,796
INFO	2019-07-03 16:22:32	MarkDuplicates	Written    20,000,000 records.  Elapsed time: 00:04:46s.  Time for last 10,000,000:  144s.  Last read position: HiC_scaffold_18:1,291,063
INFO	2019-07-03 16:24:57	MarkDuplicates	Written    30,000,000 records.  Elapsed time: 00:07:11s.  Time for last 10,000,000:  144s.  Last read position: HiC_scaffold_28:1,084,588
INFO	2019-07-03 16:27:14	MarkDuplicates	Written    40,000,000 records.  Elapsed time: 00:09:29s.  Time for last 10,000,000:  137s.  Last read position: */*
INFO	2019-07-03 16:29:16	MarkDuplicates	Before output close freeMemory: 3814987944; totalMemory: 3846176768; maxMemory: 3846176768
INFO	2019-07-03 16:29:16	MarkDuplicates	After output close freeMemory: 3814973440; totalMemory: 3846176768; maxMemory: 3846176768
[Wed Jul 03 16:29:16 CEST 2019] picard.sam.markduplicates.MarkDuplicates done. Elapsed time: 19.04 minutes.
Runtime.totalMemory()=3846176768
[Wed Jul 03 16:29:17 CEST 2019] picard.sam.AddOrReplaceReadGroups INPUT=KNAM_0047.dupl_rm.bam OUTPUT=KNAM_0047.bam RGID=KNAM_0047 RGLB=lib1 RGPL=illumina RGPU=unit1 RGSM=KNAM_0047    VERBOSITY=INFO QUIET=false VALIDATION_STRINGENCY=STRICT COMPRESSION_LEVEL=5 MAX_RECORDS_IN_RAM=500000 CREATE_INDEX=false CREATE_MD5_FILE=false GA4GH_CLIENT_SECRETS=client_secrets.json
[Wed Jul 03 16:29:17 CEST 2019] Executing as knam@node130 on Linux 3.10.0-514.26.2.el7.x86_64 amd64; OpenJDK 64-Bit Server VM 1.8.0_102-b14; Picard version: 2.9.4-SNAPSHOT
INFO	2019-07-03 16:29:17	AddOrReplaceReadGroups	Created read group ID=KNAM_0047 PL=illumina LB=lib1 SM=KNAM_0047

INFO	2019-07-03 16:29:36	AddOrReplaceReadGroups	Processed     1,000,000 records.  Elapsed time: 00:00:18s.  Time for last 1,000,000:   18s.  Last read position: HiC_scaffold_1:12,215,910
INFO	2019-07-03 16:29:49	AddOrReplaceReadGroups	Processed     2,000,000 records.  Elapsed time: 00:00:32s.  Time for last 1,000,000:   13s.  Last read position: HiC_scaffold_2:10,773,831
INFO	2019-07-03 16:30:03	AddOrReplaceReadGroups	Processed     3,000,000 records.  Elapsed time: 00:00:46s.  Time for last 1,000,000:   13s.  Last read position: HiC_scaffold_3:8,570,631
INFO	2019-07-03 16:30:17	AddOrReplaceReadGroups	Processed     4,000,000 records.  Elapsed time: 00:00:59s.  Time for last 1,000,000:   13s.  Last read position: HiC_scaffold_4:5,676,252
INFO	2019-07-03 16:30:30	AddOrReplaceReadGroups	Processed     5,000,000 records.  Elapsed time: 00:01:13s.  Time for last 1,000,000:   13s.  Last read position: HiC_scaffold_5:1,752,728
INFO	2019-07-03 16:30:44	AddOrReplaceReadGroups	Processed     6,000,000 records.  Elapsed time: 00:01:27s.  Time for last 1,000,000:   13s.  Last read position: HiC_scaffold_6:1,906,895
INFO	2019-07-03 16:30:58	AddOrReplaceReadGroups	Processed     7,000,000 records.  Elapsed time: 00:01:41s.  Time for last 1,000,000:   14s.  Last read position: HiC_scaffold_7:4,200,914
INFO	2019-07-03 16:31:12	AddOrReplaceReadGroups	Processed     8,000,000 records.  Elapsed time: 00:01:55s.  Time for last 1,000,000:   13s.  Last read position: HiC_scaffold_8:1,706,571
INFO	2019-07-03 16:31:26	AddOrReplaceReadGroups	Processed     9,000,000 records.  Elapsed time: 00:02:09s.  Time for last 1,000,000:   13s.  Last read position: HiC_scaffold_9:1,868,346
INFO	2019-07-03 16:31:40	AddOrReplaceReadGroups	Processed    10,000,000 records.  Elapsed time: 00:02:22s.  Time for last 1,000,000:   13s.  Last read position: HiC_scaffold_10:922,796
INFO	2019-07-03 16:31:54	AddOrReplaceReadGroups	Processed    11,000,000 records.  Elapsed time: 00:02:36s.  Time for last 1,000,000:   13s.  Last read position: HiC_scaffold_10:12,378,872
INFO	2019-07-03 16:32:08	AddOrReplaceReadGroups	Processed    12,000,000 records.  Elapsed time: 00:02:50s.  Time for last 1,000,000:   13s.  Last read position: HiC_scaffold_11:8,957,403
INFO	2019-07-03 16:32:22	AddOrReplaceReadGroups	Processed    13,000,000 records.  Elapsed time: 00:03:04s.  Time for last 1,000,000:   14s.  Last read position: HiC_scaffold_12:5,855,190
INFO	2019-07-03 16:32:36	AddOrReplaceReadGroups	Processed    14,000,000 records.  Elapsed time: 00:03:19s.  Time for last 1,000,000:   14s.  Last read position: HiC_scaffold_12:18,297,498
INFO	2019-07-03 16:32:50	AddOrReplaceReadGroups	Processed    15,000,000 records.  Elapsed time: 00:03:32s.  Time for last 1,000,000:   13s.  Last read position: HiC_scaffold_13:8,868,048
INFO	2019-07-03 16:33:04	AddOrReplaceReadGroups	Processed    16,000,000 records.  Elapsed time: 00:03:46s.  Time for last 1,000,000:   13s.  Last read position: HiC_scaffold_14:5,521,920
INFO	2019-07-03 16:33:18	AddOrReplaceReadGroups	Processed    17,000,000 records.  Elapsed time: 00:04:01s.  Time for last 1,000,000:   14s.  Last read position: HiC_scaffold_15:2,290,819
INFO	2019-07-03 16:33:33	AddOrReplaceReadGroups	Processed    18,000,000 records.  Elapsed time: 00:04:15s.  Time for last 1,000,000:   14s.  Last read position: HiC_scaffold_16:395,460
INFO	2019-07-03 16:33:46	AddOrReplaceReadGroups	Processed    19,000,000 records.  Elapsed time: 00:04:29s.  Time for last 1,000,000:   13s.  Last read position: HiC_scaffold_16:12,067,160
INFO	2019-07-03 16:34:01	AddOrReplaceReadGroups	Processed    20,000,000 records.  Elapsed time: 00:04:43s.  Time for last 1,000,000:   14s.  Last read position: HiC_scaffold_18:1,291,063
INFO	2019-07-03 16:34:15	AddOrReplaceReadGroups	Processed    21,000,000 records.  Elapsed time: 00:04:57s.  Time for last 1,000,000:   13s.  Last read position: HiC_scaffold_19:793,047
INFO	2019-07-03 16:34:29	AddOrReplaceReadGroups	Processed    22,000,000 records.  Elapsed time: 00:05:11s.  Time for last 1,000,000:   14s.  Last read position: HiC_scaffold_19:12,477,356
INFO	2019-07-03 16:34:43	AddOrReplaceReadGroups	Processed    23,000,000 records.  Elapsed time: 00:05:25s.  Time for last 1,000,000:   14s.  Last read position: HiC_scaffold_21:886,692
INFO	2019-07-03 16:34:57	AddOrReplaceReadGroups	Processed    24,000,000 records.  Elapsed time: 00:05:39s.  Time for last 1,000,000:   13s.  Last read position: HiC_scaffold_21:12,356,995
INFO	2019-07-03 16:35:11	AddOrReplaceReadGroups	Processed    25,000,000 records.  Elapsed time: 00:05:53s.  Time for last 1,000,000:   13s.  Last read position: HiC_scaffold_22:9,941,609
INFO	2019-07-03 16:35:25	AddOrReplaceReadGroups	Processed    26,000,000 records.  Elapsed time: 00:06:07s.  Time for last 1,000,000:   13s.  Last read position: HiC_scaffold_24:2,126,249
INFO	2019-07-03 16:35:38	AddOrReplaceReadGroups	Processed    27,000,000 records.  Elapsed time: 00:06:20s.  Time for last 1,000,000:   13s.  Last read position: HiC_scaffold_25:2,903,934
INFO	2019-07-03 16:35:52	AddOrReplaceReadGroups	Processed    28,000,000 records.  Elapsed time: 00:06:34s.  Time for last 1,000,000:   13s.  Last read position: HiC_scaffold_26:23,461
INFO	2019-07-03 16:36:06	AddOrReplaceReadGroups	Processed    29,000,000 records.  Elapsed time: 00:06:49s.  Time for last 1,000,000:   14s.  Last read position: HiC_scaffold_27:4,319,935
INFO	2019-07-03 16:36:21	AddOrReplaceReadGroups	Processed    30,000,000 records.  Elapsed time: 00:07:03s.  Time for last 1,000,000:   14s.  Last read position: HiC_scaffold_28:1,084,588
INFO	2019-07-03 16:36:35	AddOrReplaceReadGroups	Processed    31,000,000 records.  Elapsed time: 00:07:17s.  Time for last 1,000,000:   14s.  Last read position: HiC_scaffold_29:8,814,582
INFO	2019-07-03 16:36:48	AddOrReplaceReadGroups	Processed    32,000,000 records.  Elapsed time: 00:07:31s.  Time for last 1,000,000:   13s.  Last read position: HiC_scaffold_320:16,813
INFO	2019-07-03 16:37:03	AddOrReplaceReadGroups	Processed    33,000,000 records.  Elapsed time: 00:07:45s.  Time for last 1,000,000:   14s.  Last read position: */*
INFO	2019-07-03 16:37:16	AddOrReplaceReadGroups	Processed    34,000,000 records.  Elapsed time: 00:07:58s.  Time for last 1,000,000:   13s.  Last read position: */*
INFO	2019-07-03 16:37:30	AddOrReplaceReadGroups	Processed    35,000,000 records.  Elapsed time: 00:08:12s.  Time for last 1,000,000:   13s.  Last read position: */*
INFO	2019-07-03 16:37:44	AddOrReplaceReadGroups	Processed    36,000,000 records.  Elapsed time: 00:08:26s.  Time for last 1,000,000:   13s.  Last read position: */*
INFO	2019-07-03 16:37:57	AddOrReplaceReadGroups	Processed    37,000,000 records.  Elapsed time: 00:08:39s.  Time for last 1,000,000:   13s.  Last read position: */*
INFO	2019-07-03 16:38:11	AddOrReplaceReadGroups	Processed    38,000,000 records.  Elapsed time: 00:08:53s.  Time for last 1,000,000:   13s.  Last read position: */*
INFO	2019-07-03 16:38:25	AddOrReplaceReadGroups	Processed    39,000,000 records.  Elapsed time: 00:09:07s.  Time for last 1,000,000:   13s.  Last read position: */*
INFO	2019-07-03 16:38:38	AddOrReplaceReadGroups	Processed    40,000,000 records.  Elapsed time: 00:09:21s.  Time for last 1,000,000:   13s.  Last read position: */*
INFO	2019-07-03 16:38:52	AddOrReplaceReadGroups	Processed    41,000,000 records.  Elapsed time: 00:09:35s.  Time for last 1,000,000:   13s.  Last read position: */*
INFO	2019-07-03 16:39:07	AddOrReplaceReadGroups	Processed    42,000,000 records.  Elapsed time: 00:09:49s.  Time for last 1,000,000:   14s.  Last read position: */*
INFO	2019-07-03 16:39:21	AddOrReplaceReadGroups	Processed    43,000,000 records.  Elapsed time: 00:10:04s.  Time for last 1,000,000:   14s.  Last read position: */*
INFO	2019-07-03 16:39:36	AddOrReplaceReadGroups	Processed    44,000,000 records.  Elapsed time: 00:10:18s.  Time for last 1,000,000:   14s.  Last read position: */*
INFO	2019-07-03 16:39:50	AddOrReplaceReadGroups	Processed    45,000,000 records.  Elapsed time: 00:10:33s.  Time for last 1,000,000:   14s.  Last read position: */*
INFO	2019-07-03 16:40:05	AddOrReplaceReadGroups	Processed    46,000,000 records.  Elapsed time: 00:10:47s.  Time for last 1,000,000:   14s.  Last read position: */*
INFO	2019-07-03 16:40:19	AddOrReplaceReadGroups	Processed    47,000,000 records.  Elapsed time: 00:11:01s.  Time for last 1,000,000:   14s.  Last read position: */*
INFO	2019-07-03 16:40:34	AddOrReplaceReadGroups	Processed    48,000,000 records.  Elapsed time: 00:11:16s.  Time for last 1,000,000:   14s.  Last read position: */*
[Wed Jul 03 16:40:41 CEST 2019] picard.sam.AddOrReplaceReadGroups done. Elapsed time: 11.40 minutes.
Runtime.totalMemory()=1512570880
