20002052 reads; of these:
  20002052 (100.00%) were paired; of these:
    10546878 (52.73%) aligned concordantly 0 times
    7459699 (37.29%) aligned concordantly exactly 1 time
    1995475 (9.98%) aligned concordantly >1 times
    ----
    10546878 pairs aligned concordantly 0 times; of these:
      78383 (0.74%) aligned discordantly 1 time
    ----
    10468495 pairs aligned 0 times concordantly or discordantly; of these:
      20936990 mates make up the pairs; of these:
        16033036 (76.58%) aligned 0 times
        4007840 (19.14%) aligned exactly 1 time
        896114 (4.28%) aligned >1 times
59.92% overall alignment rate
[bam_sort_core] merging from 18 files and 1 in-memory blocks...
[Wed Jul 03 16:04:58 CEST 2019] picard.sam.markduplicates.MarkDuplicates MAX_FILE_HANDLES_FOR_READ_ENDS_MAP=1000 INPUT=[FCC7.sorted.bam] OUTPUT=FCC7.dupl_rm.bam METRICS_FILE=FCC7.metricN.log REMOVE_DUPLICATES=true ASSUME_SORTED=true    MAX_SEQUENCES_FOR_DISK_READ_ENDS_MAP=50000 SORTING_COLLECTION_SIZE_RATIO=0.25 TAG_DUPLICATE_SET_MEMBERS=false REMOVE_SEQUENCING_DUPLICATES=false TAGGING_POLICY=DontTag DUPLICATE_SCORING_STRATEGY=SUM_OF_BASE_QUALITIES PROGRAM_RECORD_ID=MarkDuplicates PROGRAM_GROUP_NAME=MarkDuplicates READ_NAME_REGEX=<optimized capture of last three ':' separated fields as numeric values> OPTICAL_DUPLICATE_PIXEL_DISTANCE=100 VERBOSITY=INFO QUIET=false VALIDATION_STRINGENCY=STRICT COMPRESSION_LEVEL=5 MAX_RECORDS_IN_RAM=500000 CREATE_INDEX=false CREATE_MD5_FILE=false GA4GH_CLIENT_SECRETS=client_secrets.json
[Wed Jul 03 16:04:58 CEST 2019] Executing as knam@node112 on Linux 3.10.0-514.26.2.el7.x86_64 amd64; OpenJDK 64-Bit Server VM 1.8.0_102-b14; Picard version: 2.9.4-SNAPSHOT
INFO	2019-07-03 16:04:58	MarkDuplicates	Start of doWork freeMemory: 2031680744; totalMemory: 2058354688; maxMemory: 3817865216
INFO	2019-07-03 16:04:58	MarkDuplicates	Reading input file and constructing read end information.
INFO	2019-07-03 16:04:58	MarkDuplicates	Will retain up to 13832844 data points before spilling to disk.
INFO	2019-07-03 16:05:12	MarkDuplicates	Read     1,000,000 records.  Elapsed time: 00:00:13s.  Time for last 1,000,000:   13s.  Last read position: HiC_scaffold_2:590,170
INFO	2019-07-03 16:05:12	MarkDuplicates	Tracking 10739 as yet unmatched pairs. 304 records in RAM.
INFO	2019-07-03 16:05:19	MarkDuplicates	Read     2,000,000 records.  Elapsed time: 00:00:20s.  Time for last 1,000,000:    7s.  Last read position: HiC_scaffold_3:634,552
INFO	2019-07-03 16:05:19	MarkDuplicates	Tracking 20554 as yet unmatched pairs. 762 records in RAM.
INFO	2019-07-03 16:05:29	MarkDuplicates	Read     3,000,000 records.  Elapsed time: 00:00:30s.  Time for last 1,000,000:    9s.  Last read position: HiC_scaffold_3:13,562,725
INFO	2019-07-03 16:05:29	MarkDuplicates	Tracking 30719 as yet unmatched pairs. 47 records in RAM.
INFO	2019-07-03 16:05:41	MarkDuplicates	Read     4,000,000 records.  Elapsed time: 00:00:42s.  Time for last 1,000,000:   11s.  Last read position: HiC_scaffold_4:11,845,324
INFO	2019-07-03 16:05:41	MarkDuplicates	Tracking 38612 as yet unmatched pairs. 321 records in RAM.
INFO	2019-07-03 16:05:48	MarkDuplicates	Read     5,000,000 records.  Elapsed time: 00:00:49s.  Time for last 1,000,000:    7s.  Last read position: HiC_scaffold_5:10,552,950
INFO	2019-07-03 16:05:48	MarkDuplicates	Tracking 46750 as yet unmatched pairs. 163 records in RAM.
INFO	2019-07-03 16:05:58	MarkDuplicates	Read     6,000,000 records.  Elapsed time: 00:00:59s.  Time for last 1,000,000:    9s.  Last read position: HiC_scaffold_7:2,970,353
INFO	2019-07-03 16:05:58	MarkDuplicates	Tracking 55884 as yet unmatched pairs. 1749 records in RAM.
INFO	2019-07-03 16:06:05	MarkDuplicates	Read     7,000,000 records.  Elapsed time: 00:01:06s.  Time for last 1,000,000:    7s.  Last read position: HiC_scaffold_8:2,249,648
INFO	2019-07-03 16:06:05	MarkDuplicates	Tracking 62180 as yet unmatched pairs. 1838 records in RAM.
INFO	2019-07-03 16:06:15	MarkDuplicates	Read     8,000,000 records.  Elapsed time: 00:01:16s.  Time for last 1,000,000:    9s.  Last read position: HiC_scaffold_9:3,936,050
INFO	2019-07-03 16:06:15	MarkDuplicates	Tracking 69199 as yet unmatched pairs. 1691 records in RAM.
INFO	2019-07-03 16:06:22	MarkDuplicates	Read     9,000,000 records.  Elapsed time: 00:01:23s.  Time for last 1,000,000:    7s.  Last read position: HiC_scaffold_10:4,829,692
INFO	2019-07-03 16:06:22	MarkDuplicates	Tracking 73708 as yet unmatched pairs. 2259 records in RAM.
INFO	2019-07-03 16:06:30	MarkDuplicates	Read    10,000,000 records.  Elapsed time: 00:01:31s.  Time for last 1,000,000:    7s.  Last read position: HiC_scaffold_11:3,648,503
INFO	2019-07-03 16:06:30	MarkDuplicates	Tracking 77996 as yet unmatched pairs. 2772 records in RAM.
INFO	2019-07-03 16:06:40	MarkDuplicates	Read    11,000,000 records.  Elapsed time: 00:01:41s.  Time for last 1,000,000:   10s.  Last read position: HiC_scaffold_12:1,049,942
INFO	2019-07-03 16:06:40	MarkDuplicates	Tracking 81774 as yet unmatched pairs. 11990 records in RAM.
INFO	2019-07-03 16:06:48	MarkDuplicates	Read    12,000,000 records.  Elapsed time: 00:01:49s.  Time for last 1,000,000:    7s.  Last read position: HiC_scaffold_12:16,745,809
INFO	2019-07-03 16:06:48	MarkDuplicates	Tracking 89468 as yet unmatched pairs. 4068 records in RAM.
INFO	2019-07-03 16:06:56	MarkDuplicates	Read    13,000,000 records.  Elapsed time: 00:01:56s.  Time for last 1,000,000:    7s.  Last read position: HiC_scaffold_13:8,510,810
INFO	2019-07-03 16:06:56	MarkDuplicates	Tracking 90908 as yet unmatched pairs. 2260 records in RAM.
INFO	2019-07-03 16:07:04	MarkDuplicates	Read    14,000,000 records.  Elapsed time: 00:02:05s.  Time for last 1,000,000:    8s.  Last read position: HiC_scaffold_14:6,601,651
INFO	2019-07-03 16:07:04	MarkDuplicates	Tracking 91420 as yet unmatched pairs. 3317 records in RAM.
INFO	2019-07-03 16:07:12	MarkDuplicates	Read    15,000,000 records.  Elapsed time: 00:02:13s.  Time for last 1,000,000:    8s.  Last read position: HiC_scaffold_15:5,296,947
INFO	2019-07-03 16:07:12	MarkDuplicates	Tracking 91358 as yet unmatched pairs. 3218 records in RAM.
INFO	2019-07-03 16:08:03	MarkDuplicates	Read    16,000,000 records.  Elapsed time: 00:03:04s.  Time for last 1,000,000:   51s.  Last read position: HiC_scaffold_16:5,095,184
INFO	2019-07-03 16:08:03	MarkDuplicates	Tracking 90676 as yet unmatched pairs. 3975 records in RAM.
INFO	2019-07-03 16:08:19	MarkDuplicates	Read    17,000,000 records.  Elapsed time: 00:03:20s.  Time for last 1,000,000:   16s.  Last read position: HiC_scaffold_17:7,050,658
INFO	2019-07-03 16:08:19	MarkDuplicates	Tracking 88694 as yet unmatched pairs. 2845 records in RAM.
INFO	2019-07-03 16:08:26	MarkDuplicates	Read    18,000,000 records.  Elapsed time: 00:03:27s.  Time for last 1,000,000:    7s.  Last read position: HiC_scaffold_18:10,045,588
INFO	2019-07-03 16:08:26	MarkDuplicates	Tracking 86054 as yet unmatched pairs. 1358 records in RAM.
INFO	2019-07-03 16:08:34	MarkDuplicates	Read    19,000,000 records.  Elapsed time: 00:03:35s.  Time for last 1,000,000:    7s.  Last read position: HiC_scaffold_19:10,876,272
INFO	2019-07-03 16:08:34	MarkDuplicates	Tracking 82848 as yet unmatched pairs. 1321 records in RAM.
INFO	2019-07-03 16:08:42	MarkDuplicates	Read    20,000,000 records.  Elapsed time: 00:03:43s.  Time for last 1,000,000:    8s.  Last read position: HiC_scaffold_21:944,925
INFO	2019-07-03 16:08:42	MarkDuplicates	Tracking 78136 as yet unmatched pairs. 6873 records in RAM.
INFO	2019-07-03 16:08:49	MarkDuplicates	Read    21,000,000 records.  Elapsed time: 00:03:50s.  Time for last 1,000,000:    7s.  Last read position: HiC_scaffold_22:351,702
INFO	2019-07-03 16:08:49	MarkDuplicates	Tracking 73884 as yet unmatched pairs. 8974 records in RAM.
INFO	2019-07-03 16:08:57	MarkDuplicates	Read    22,000,000 records.  Elapsed time: 00:03:58s.  Time for last 1,000,000:    7s.  Last read position: HiC_scaffold_23:2,032,490
INFO	2019-07-03 16:08:57	MarkDuplicates	Tracking 66784 as yet unmatched pairs. 4138 records in RAM.
INFO	2019-07-03 16:09:05	MarkDuplicates	Read    23,000,000 records.  Elapsed time: 00:04:06s.  Time for last 1,000,000:    7s.  Last read position: HiC_scaffold_24:7,468,703
INFO	2019-07-03 16:09:05	MarkDuplicates	Tracking 58933 as yet unmatched pairs. 2859 records in RAM.
INFO	2019-07-03 16:09:13	MarkDuplicates	Read    24,000,000 records.  Elapsed time: 00:04:14s.  Time for last 1,000,000:    7s.  Last read position: HiC_scaffold_25:10,503,031
INFO	2019-07-03 16:09:13	MarkDuplicates	Tracking 51872 as yet unmatched pairs. 2498 records in RAM.
INFO	2019-07-03 16:09:45	MarkDuplicates	Read    25,000,000 records.  Elapsed time: 00:04:46s.  Time for last 1,000,000:   32s.  Last read position: HiC_scaffold_27:1,654,716
INFO	2019-07-03 16:09:45	MarkDuplicates	Tracking 41664 as yet unmatched pairs. 8548 records in RAM.
INFO	2019-07-03 16:09:53	MarkDuplicates	Read    26,000,000 records.  Elapsed time: 00:04:54s.  Time for last 1,000,000:    8s.  Last read position: HiC_scaffold_28:90,123
INFO	2019-07-03 16:09:53	MarkDuplicates	Tracking 33943 as yet unmatched pairs. 9216 records in RAM.
INFO	2019-07-03 16:10:02	MarkDuplicates	Read    27,000,000 records.  Elapsed time: 00:05:03s.  Time for last 1,000,000:    8s.  Last read position: HiC_scaffold_29:5,906,399
INFO	2019-07-03 16:10:02	MarkDuplicates	Tracking 19996 as yet unmatched pairs. 14282 records in RAM.
INFO	2019-07-03 16:10:09	MarkDuplicates	Read    28,000,000 records.  Elapsed time: 00:05:10s.  Time for last 1,000,000:    7s.  Last read position: HiC_scaffold_29:17,572,510
INFO	2019-07-03 16:10:09	MarkDuplicates	Tracking 8984 as yet unmatched pairs. 3115 records in RAM.
INFO	2019-07-03 16:10:17	MarkDuplicates	Read 28555188 records. 0 pairs never matched.
INFO	2019-07-03 16:10:51	MarkDuplicates	After buildSortedReadEndLists freeMemory: 2767395488; totalMemory: 3549954048; maxMemory: 3817865216
INFO	2019-07-03 16:10:51	MarkDuplicates	Will retain up to 119308288 duplicate indices before spilling to disk.
INFO	2019-07-03 16:10:51	MarkDuplicates	Traversing read pair information and detecting duplicates.
INFO	2019-07-03 16:10:52	MarkDuplicates	Traversing fragment information and detecting duplicates.
INFO	2019-07-03 16:11:06	MarkDuplicates	Sorting list of duplicate records.
INFO	2019-07-03 16:11:07	MarkDuplicates	After generateDuplicateIndexes freeMemory: 2502668144; totalMemory: 3485466624; maxMemory: 3817865216
INFO	2019-07-03 16:11:07	MarkDuplicates	Marking 3748942 records as duplicates.
INFO	2019-07-03 16:11:07	MarkDuplicates	Found 137377 optical duplicate clusters.
INFO	2019-07-03 16:11:07	MarkDuplicates	Reads are assumed to be ordered by: coordinate
INFO	2019-07-03 16:13:57	MarkDuplicates	Written    10,000,000 records.  Elapsed time: 00:02:50s.  Time for last 10,000,000:  170s.  Last read position: HiC_scaffold_12:8,890,346
INFO	2019-07-03 16:16:49	MarkDuplicates	Written    20,000,000 records.  Elapsed time: 00:05:42s.  Time for last 10,000,000:  172s.  Last read position: HiC_scaffold_24:7,671,296
INFO	2019-07-03 16:19:34	MarkDuplicates	Written    30,000,000 records.  Elapsed time: 00:08:27s.  Time for last 10,000,000:  164s.  Last read position: */*
INFO	2019-07-03 16:21:19	MarkDuplicates	Before output close freeMemory: 3532637128; totalMemory: 3563061248; maxMemory: 3817865216
INFO	2019-07-03 16:21:19	MarkDuplicates	After output close freeMemory: 3532622624; totalMemory: 3563061248; maxMemory: 3817865216
[Wed Jul 03 16:21:19 CEST 2019] picard.sam.markduplicates.MarkDuplicates done. Elapsed time: 16.36 minutes.
Runtime.totalMemory()=3563061248
[Wed Jul 03 16:21:20 CEST 2019] picard.sam.AddOrReplaceReadGroups INPUT=FCC7.dupl_rm.bam OUTPUT=FCC7.bam RGID=FCC7 RGLB=lib1 RGPL=illumina RGPU=unit1 RGSM=FCC7    VERBOSITY=INFO QUIET=false VALIDATION_STRINGENCY=STRICT COMPRESSION_LEVEL=5 MAX_RECORDS_IN_RAM=500000 CREATE_INDEX=false CREATE_MD5_FILE=false GA4GH_CLIENT_SECRETS=client_secrets.json
[Wed Jul 03 16:21:20 CEST 2019] Executing as knam@node112 on Linux 3.10.0-514.26.2.el7.x86_64 amd64; OpenJDK 64-Bit Server VM 1.8.0_102-b14; Picard version: 2.9.4-SNAPSHOT
INFO	2019-07-03 16:21:20	AddOrReplaceReadGroups	Created read group ID=FCC7 PL=illumina LB=lib1 SM=FCC7

INFO	2019-07-03 16:21:40	AddOrReplaceReadGroups	Processed     1,000,000 records.  Elapsed time: 00:00:20s.  Time for last 1,000,000:   20s.  Last read position: HiC_scaffold_2:2,733,848
INFO	2019-07-03 16:21:57	AddOrReplaceReadGroups	Processed     2,000,000 records.  Elapsed time: 00:00:36s.  Time for last 1,000,000:   16s.  Last read position: HiC_scaffold_3:4,660,329
INFO	2019-07-03 16:22:13	AddOrReplaceReadGroups	Processed     3,000,000 records.  Elapsed time: 00:00:53s.  Time for last 1,000,000:   16s.  Last read position: HiC_scaffold_4:5,358,011
INFO	2019-07-03 16:22:29	AddOrReplaceReadGroups	Processed     4,000,000 records.  Elapsed time: 00:01:09s.  Time for last 1,000,000:   16s.  Last read position: HiC_scaffold_5:5,377,687
INFO	2019-07-03 16:22:46	AddOrReplaceReadGroups	Processed     5,000,000 records.  Elapsed time: 00:01:25s.  Time for last 1,000,000:   16s.  Last read position: HiC_scaffold_6:10,375,911
INFO	2019-07-03 16:23:02	AddOrReplaceReadGroups	Processed     6,000,000 records.  Elapsed time: 00:01:42s.  Time for last 1,000,000:   16s.  Last read position: HiC_scaffold_8:807,813
INFO	2019-07-03 16:23:19	AddOrReplaceReadGroups	Processed     7,000,000 records.  Elapsed time: 00:01:58s.  Time for last 1,000,000:   16s.  Last read position: HiC_scaffold_9:4,765,702
INFO	2019-07-03 16:23:35	AddOrReplaceReadGroups	Processed     8,000,000 records.  Elapsed time: 00:02:15s.  Time for last 1,000,000:   16s.  Last read position: HiC_scaffold_10:7,416,477
INFO	2019-07-03 16:23:52	AddOrReplaceReadGroups	Processed     9,000,000 records.  Elapsed time: 00:02:31s.  Time for last 1,000,000:   16s.  Last read position: HiC_scaffold_11:7,935,376
INFO	2019-07-03 16:24:08	AddOrReplaceReadGroups	Processed    10,000,000 records.  Elapsed time: 00:02:48s.  Time for last 1,000,000:   16s.  Last read position: HiC_scaffold_12:8,890,346
INFO	2019-07-03 16:24:25	AddOrReplaceReadGroups	Processed    11,000,000 records.  Elapsed time: 00:03:05s.  Time for last 1,000,000:   16s.  Last read position: HiC_scaffold_13:4,492,646
INFO	2019-07-03 16:24:42	AddOrReplaceReadGroups	Processed    12,000,000 records.  Elapsed time: 00:03:21s.  Time for last 1,000,000:   16s.  Last read position: HiC_scaffold_14:4,254,177
INFO	2019-07-03 16:24:58	AddOrReplaceReadGroups	Processed    13,000,000 records.  Elapsed time: 00:03:38s.  Time for last 1,000,000:   16s.  Last read position: HiC_scaffold_15:4,917,780
INFO	2019-07-03 16:25:15	AddOrReplaceReadGroups	Processed    14,000,000 records.  Elapsed time: 00:03:54s.  Time for last 1,000,000:   16s.  Last read position: HiC_scaffold_16:6,650,203
INFO	2019-07-03 16:25:31	AddOrReplaceReadGroups	Processed    15,000,000 records.  Elapsed time: 00:04:11s.  Time for last 1,000,000:   16s.  Last read position: HiC_scaffold_18:35,143
INFO	2019-07-03 16:25:48	AddOrReplaceReadGroups	Processed    16,000,000 records.  Elapsed time: 00:04:27s.  Time for last 1,000,000:   16s.  Last read position: HiC_scaffold_19:3,224,943
INFO	2019-07-03 16:26:04	AddOrReplaceReadGroups	Processed    17,000,000 records.  Elapsed time: 00:04:44s.  Time for last 1,000,000:   16s.  Last read position: HiC_scaffold_20:5,587,529
INFO	2019-07-03 16:26:21	AddOrReplaceReadGroups	Processed    18,000,000 records.  Elapsed time: 00:05:01s.  Time for last 1,000,000:   16s.  Last read position: HiC_scaffold_21:10,177,469
INFO	2019-07-03 16:26:38	AddOrReplaceReadGroups	Processed    19,000,000 records.  Elapsed time: 00:05:17s.  Time for last 1,000,000:   16s.  Last read position: HiC_scaffold_23:75,582
INFO	2019-07-03 16:26:54	AddOrReplaceReadGroups	Processed    20,000,000 records.  Elapsed time: 00:05:34s.  Time for last 1,000,000:   16s.  Last read position: HiC_scaffold_24:7,671,296
INFO	2019-07-03 16:27:11	AddOrReplaceReadGroups	Processed    21,000,000 records.  Elapsed time: 00:05:50s.  Time for last 1,000,000:   16s.  Last read position: HiC_scaffold_25:12,966,968
INFO	2019-07-03 16:27:27	AddOrReplaceReadGroups	Processed    22,000,000 records.  Elapsed time: 00:06:07s.  Time for last 1,000,000:   16s.  Last read position: HiC_scaffold_27:5,874,637
INFO	2019-07-03 16:27:44	AddOrReplaceReadGroups	Processed    23,000,000 records.  Elapsed time: 00:06:24s.  Time for last 1,000,000:   16s.  Last read position: HiC_scaffold_28:7,595,323
INFO	2019-07-03 16:28:00	AddOrReplaceReadGroups	Processed    24,000,000 records.  Elapsed time: 00:06:40s.  Time for last 1,000,000:   16s.  Last read position: HiC_scaffold_29:12,750,884
INFO	2019-07-03 16:28:17	AddOrReplaceReadGroups	Processed    25,000,000 records.  Elapsed time: 00:06:56s.  Time for last 1,000,000:   16s.  Last read position: */*
INFO	2019-07-03 16:28:33	AddOrReplaceReadGroups	Processed    26,000,000 records.  Elapsed time: 00:07:12s.  Time for last 1,000,000:   15s.  Last read position: */*
INFO	2019-07-03 16:28:48	AddOrReplaceReadGroups	Processed    27,000,000 records.  Elapsed time: 00:07:28s.  Time for last 1,000,000:   15s.  Last read position: */*
INFO	2019-07-03 16:29:04	AddOrReplaceReadGroups	Processed    28,000,000 records.  Elapsed time: 00:07:44s.  Time for last 1,000,000:   15s.  Last read position: */*
INFO	2019-07-03 16:29:20	AddOrReplaceReadGroups	Processed    29,000,000 records.  Elapsed time: 00:08:00s.  Time for last 1,000,000:   15s.  Last read position: */*
INFO	2019-07-03 16:29:36	AddOrReplaceReadGroups	Processed    30,000,000 records.  Elapsed time: 00:08:15s.  Time for last 1,000,000:   15s.  Last read position: */*
INFO	2019-07-03 16:29:52	AddOrReplaceReadGroups	Processed    31,000,000 records.  Elapsed time: 00:08:32s.  Time for last 1,000,000:   16s.  Last read position: */*
INFO	2019-07-03 16:30:09	AddOrReplaceReadGroups	Processed    32,000,000 records.  Elapsed time: 00:08:49s.  Time for last 1,000,000:   16s.  Last read position: */*
INFO	2019-07-03 16:30:26	AddOrReplaceReadGroups	Processed    33,000,000 records.  Elapsed time: 00:09:05s.  Time for last 1,000,000:   16s.  Last read position: */*
INFO	2019-07-03 16:30:42	AddOrReplaceReadGroups	Processed    34,000,000 records.  Elapsed time: 00:09:22s.  Time for last 1,000,000:   16s.  Last read position: */*
INFO	2019-07-03 16:30:59	AddOrReplaceReadGroups	Processed    35,000,000 records.  Elapsed time: 00:09:38s.  Time for last 1,000,000:   16s.  Last read position: */*
INFO	2019-07-03 16:31:16	AddOrReplaceReadGroups	Processed    36,000,000 records.  Elapsed time: 00:09:55s.  Time for last 1,000,000:   16s.  Last read position: */*
[Wed Jul 03 16:31:20 CEST 2019] picard.sam.AddOrReplaceReadGroups done. Elapsed time: 10.01 minutes.
Runtime.totalMemory()=1512570880
