34487330 reads; of these:
  34487330 (100.00%) were paired; of these:
    21075891 (61.11%) aligned concordantly 0 times
    10545471 (30.58%) aligned concordantly exactly 1 time
    2865968 (8.31%) aligned concordantly >1 times
    ----
    21075891 pairs aligned concordantly 0 times; of these:
      182553 (0.87%) aligned discordantly 1 time
    ----
    20893338 pairs aligned 0 times concordantly or discordantly; of these:
      41786676 mates make up the pairs; of these:
        32939556 (78.83%) aligned 0 times
        7223107 (17.29%) aligned exactly 1 time
        1624013 (3.89%) aligned >1 times
52.24% overall alignment rate
[bam_sort_core] merging from 31 files and 1 in-memory blocks...
[Wed Jul 03 20:45:16 CEST 2019] picard.sam.markduplicates.MarkDuplicates MAX_FILE_HANDLES_FOR_READ_ENDS_MAP=1000 INPUT=[FGJ5.sorted.bam] OUTPUT=FGJ5.dupl_rm.bam METRICS_FILE=FGJ5.metricN.log REMOVE_DUPLICATES=true ASSUME_SORTED=true    MAX_SEQUENCES_FOR_DISK_READ_ENDS_MAP=50000 SORTING_COLLECTION_SIZE_RATIO=0.25 TAG_DUPLICATE_SET_MEMBERS=false REMOVE_SEQUENCING_DUPLICATES=false TAGGING_POLICY=DontTag DUPLICATE_SCORING_STRATEGY=SUM_OF_BASE_QUALITIES PROGRAM_RECORD_ID=MarkDuplicates PROGRAM_GROUP_NAME=MarkDuplicates READ_NAME_REGEX=<optimized capture of last three ':' separated fields as numeric values> OPTICAL_DUPLICATE_PIXEL_DISTANCE=100 VERBOSITY=INFO QUIET=false VALIDATION_STRINGENCY=STRICT COMPRESSION_LEVEL=5 MAX_RECORDS_IN_RAM=500000 CREATE_INDEX=false CREATE_MD5_FILE=false GA4GH_CLIENT_SECRETS=client_secrets.json
[Wed Jul 03 20:45:16 CEST 2019] Executing as knam@node050 on Linux 3.10.0-514.26.2.el7.x86_64 amd64; OpenJDK 64-Bit Server VM 1.8.0_102-b14; Picard version: 2.9.4-SNAPSHOT
INFO	2019-07-03 20:45:17	MarkDuplicates	Start of doWork freeMemory: 2031682280; totalMemory: 2058354688; maxMemory: 3817865216
INFO	2019-07-03 20:45:17	MarkDuplicates	Reading input file and constructing read end information.
INFO	2019-07-03 20:45:17	MarkDuplicates	Will retain up to 13832844 data points before spilling to disk.
INFO	2019-07-03 20:45:34	MarkDuplicates	Read     1,000,000 records.  Elapsed time: 00:00:16s.  Time for last 1,000,000:   16s.  Last read position: HiC_scaffold_1:8,137,849
INFO	2019-07-03 20:45:34	MarkDuplicates	Tracking 12068 as yet unmatched pairs. 224 records in RAM.
INFO	2019-07-03 20:45:44	MarkDuplicates	Read     2,000,000 records.  Elapsed time: 00:00:27s.  Time for last 1,000,000:   10s.  Last read position: HiC_scaffold_2:4,188,976
INFO	2019-07-03 20:45:44	MarkDuplicates	Tracking 25856 as yet unmatched pairs. 577 records in RAM.
INFO	2019-07-03 20:45:56	MarkDuplicates	Read     3,000,000 records.  Elapsed time: 00:00:38s.  Time for last 1,000,000:   11s.  Last read position: HiC_scaffold_2:12,625,925
INFO	2019-07-03 20:45:56	MarkDuplicates	Tracking 37123 as yet unmatched pairs. 73 records in RAM.
INFO	2019-07-03 20:46:06	MarkDuplicates	Read     4,000,000 records.  Elapsed time: 00:00:48s.  Time for last 1,000,000:   10s.  Last read position: HiC_scaffold_3:7,425,071
INFO	2019-07-03 20:46:06	MarkDuplicates	Tracking 47434 as yet unmatched pairs. 967 records in RAM.
INFO	2019-07-03 20:46:16	MarkDuplicates	Read     5,000,000 records.  Elapsed time: 00:00:58s.  Time for last 1,000,000:    9s.  Last read position: HiC_scaffold_4:1,905,195
INFO	2019-07-03 20:46:16	MarkDuplicates	Tracking 60343 as yet unmatched pairs. 1874 records in RAM.
INFO	2019-07-03 20:46:24	MarkDuplicates	Read     6,000,000 records.  Elapsed time: 00:01:07s.  Time for last 1,000,000:    8s.  Last read position: HiC_scaffold_4:9,821,316
INFO	2019-07-03 20:46:24	MarkDuplicates	Tracking 69203 as yet unmatched pairs. 904 records in RAM.
INFO	2019-07-03 20:46:35	MarkDuplicates	Read     7,000,000 records.  Elapsed time: 00:01:17s.  Time for last 1,000,000:   10s.  Last read position: HiC_scaffold_5:3,665,190
INFO	2019-07-03 20:46:35	MarkDuplicates	Tracking 78678 as yet unmatched pairs. 1741 records in RAM.
INFO	2019-07-03 20:46:44	MarkDuplicates	Read     8,000,000 records.  Elapsed time: 00:01:27s.  Time for last 1,000,000:    9s.  Last read position: HiC_scaffold_6:159,653
INFO	2019-07-03 20:46:44	MarkDuplicates	Tracking 88488 as yet unmatched pairs. 2861 records in RAM.
INFO	2019-07-03 20:46:53	MarkDuplicates	Read     9,000,000 records.  Elapsed time: 00:01:35s.  Time for last 1,000,000:    8s.  Last read position: HiC_scaffold_6:10,373,446
INFO	2019-07-03 20:46:53	MarkDuplicates	Tracking 100954 as yet unmatched pairs. 60 records in RAM.
INFO	2019-07-03 20:47:04	MarkDuplicates	Read    10,000,000 records.  Elapsed time: 00:01:46s.  Time for last 1,000,000:   10s.  Last read position: HiC_scaffold_7:7,677,078
INFO	2019-07-03 20:47:04	MarkDuplicates	Tracking 108614 as yet unmatched pairs. 2167 records in RAM.
INFO	2019-07-03 20:47:13	MarkDuplicates	Read    11,000,000 records.  Elapsed time: 00:01:55s.  Time for last 1,000,000:    9s.  Last read position: HiC_scaffold_8:2,224,808
INFO	2019-07-03 20:47:13	MarkDuplicates	Tracking 116100 as yet unmatched pairs. 3325 records in RAM.
INFO	2019-07-03 20:47:22	MarkDuplicates	Read    12,000,000 records.  Elapsed time: 00:02:04s.  Time for last 1,000,000:    8s.  Last read position: HiC_scaffold_8:11,443,140
INFO	2019-07-03 20:47:22	MarkDuplicates	Tracking 124062 as yet unmatched pairs. 72 records in RAM.
INFO	2019-07-03 20:47:31	MarkDuplicates	Read    13,000,000 records.  Elapsed time: 00:02:14s.  Time for last 1,000,000:    9s.  Last read position: HiC_scaffold_9:7,644,974
INFO	2019-07-03 20:47:31	MarkDuplicates	Tracking 130862 as yet unmatched pairs. 1964 records in RAM.
INFO	2019-07-03 20:47:43	MarkDuplicates	Read    14,000,000 records.  Elapsed time: 00:02:25s.  Time for last 1,000,000:   11s.  Last read position: HiC_scaffold_10:3,828,979
INFO	2019-07-03 20:47:43	MarkDuplicates	Tracking 136630 as yet unmatched pairs. 4627 records in RAM.
INFO	2019-07-03 20:47:52	MarkDuplicates	Read    15,000,000 records.  Elapsed time: 00:02:34s.  Time for last 1,000,000:    9s.  Last read position: HiC_scaffold_10:11,825,217
INFO	2019-07-03 20:47:52	MarkDuplicates	Tracking 141364 as yet unmatched pairs. 1054 records in RAM.
INFO	2019-07-03 20:48:39	MarkDuplicates	Read    16,000,000 records.  Elapsed time: 00:03:21s.  Time for last 1,000,000:   46s.  Last read position: HiC_scaffold_11:5,718,451
INFO	2019-07-03 20:48:39	MarkDuplicates	Tracking 146343 as yet unmatched pairs. 4586 records in RAM.
INFO	2019-07-03 20:49:03	MarkDuplicates	Read    17,000,000 records.  Elapsed time: 00:03:46s.  Time for last 1,000,000:   24s.  Last read position: HiC_scaffold_11:13,538,619
INFO	2019-07-03 20:49:03	MarkDuplicates	Tracking 149930 as yet unmatched pairs. 1017 records in RAM.
INFO	2019-07-03 20:49:14	MarkDuplicates	Read    18,000,000 records.  Elapsed time: 00:03:57s.  Time for last 1,000,000:   11s.  Last read position: HiC_scaffold_12:7,732,443
INFO	2019-07-03 20:49:15	MarkDuplicates	Tracking 161207 as yet unmatched pairs. 17194 records in RAM.
INFO	2019-07-03 20:49:23	MarkDuplicates	Read    19,000,000 records.  Elapsed time: 00:04:06s.  Time for last 1,000,000:    8s.  Last read position: HiC_scaffold_12:18,487,136
INFO	2019-07-03 20:49:23	MarkDuplicates	Tracking 168218 as yet unmatched pairs. 3645 records in RAM.
INFO	2019-07-03 20:49:34	MarkDuplicates	Read    20,000,000 records.  Elapsed time: 00:04:16s.  Time for last 1,000,000:   10s.  Last read position: HiC_scaffold_13:6,594,134
INFO	2019-07-03 20:49:34	MarkDuplicates	Tracking 169839 as yet unmatched pairs. 5439 records in RAM.
INFO	2019-07-03 20:49:44	MarkDuplicates	Read    21,000,000 records.  Elapsed time: 00:04:26s.  Time for last 1,000,000:    9s.  Last read position: HiC_scaffold_13:14,149,633
INFO	2019-07-03 20:49:44	MarkDuplicates	Tracking 170676 as yet unmatched pairs. 501 records in RAM.
INFO	2019-07-03 20:49:54	MarkDuplicates	Read    22,000,000 records.  Elapsed time: 00:04:36s.  Time for last 1,000,000:   10s.  Last read position: HiC_scaffold_14:7,487,987
INFO	2019-07-03 20:49:54	MarkDuplicates	Tracking 170976 as yet unmatched pairs. 5704 records in RAM.
INFO	2019-07-03 20:50:05	MarkDuplicates	Read    23,000,000 records.  Elapsed time: 00:04:47s.  Time for last 1,000,000:   10s.  Last read position: HiC_scaffold_15:1,462,926
INFO	2019-07-03 20:50:05	MarkDuplicates	Tracking 170680 as yet unmatched pairs. 9171 records in RAM.
INFO	2019-07-03 20:50:14	MarkDuplicates	Read    24,000,000 records.  Elapsed time: 00:04:56s.  Time for last 1,000,000:    9s.  Last read position: HiC_scaffold_15:9,836,895
INFO	2019-07-03 20:50:14	MarkDuplicates	Tracking 170332 as yet unmatched pairs. 3545 records in RAM.
INFO	2019-07-03 20:50:25	MarkDuplicates	Read    25,000,000 records.  Elapsed time: 00:05:07s.  Time for last 1,000,000:   10s.  Last read position: HiC_scaffold_16:4,972,812
INFO	2019-07-03 20:50:25	MarkDuplicates	Tracking 168924 as yet unmatched pairs. 6918 records in RAM.
INFO	2019-07-03 20:50:59	MarkDuplicates	Read    26,000,000 records.  Elapsed time: 00:05:41s.  Time for last 1,000,000:   34s.  Last read position: HiC_scaffold_17:1,959,143
INFO	2019-07-03 20:50:59	MarkDuplicates	Tracking 166832 as yet unmatched pairs. 10954 records in RAM.
INFO	2019-07-03 20:51:08	MarkDuplicates	Read    27,000,000 records.  Elapsed time: 00:05:51s.  Time for last 1,000,000:    9s.  Last read position: HiC_scaffold_18:365,978
INFO	2019-07-03 20:51:08	MarkDuplicates	Tracking 163236 as yet unmatched pairs. 11131 records in RAM.
INFO	2019-07-03 20:51:18	MarkDuplicates	Read    28,000,000 records.  Elapsed time: 00:06:00s.  Time for last 1,000,000:    9s.  Last read position: HiC_scaffold_18:9,031,430
INFO	2019-07-03 20:51:18	MarkDuplicates	Tracking 160686 as yet unmatched pairs. 3951 records in RAM.
INFO	2019-07-03 20:51:28	MarkDuplicates	Read    29,000,000 records.  Elapsed time: 00:06:11s.  Time for last 1,000,000:   10s.  Last read position: HiC_scaffold_19:5,243,136
INFO	2019-07-03 20:51:28	MarkDuplicates	Tracking 156816 as yet unmatched pairs. 8217 records in RAM.
INFO	2019-07-03 20:51:39	MarkDuplicates	Read    30,000,000 records.  Elapsed time: 00:06:21s.  Time for last 1,000,000:   10s.  Last read position: HiC_scaffold_20:163,278
INFO	2019-07-03 20:51:39	MarkDuplicates	Tracking 152688 as yet unmatched pairs. 13362 records in RAM.
INFO	2019-07-03 20:51:48	MarkDuplicates	Read    31,000,000 records.  Elapsed time: 00:06:31s.  Time for last 1,000,000:    9s.  Last read position: HiC_scaffold_20:9,662,337
INFO	2019-07-03 20:51:48	MarkDuplicates	Tracking 146602 as yet unmatched pairs. 2269 records in RAM.
INFO	2019-07-03 20:52:01	MarkDuplicates	Read    32,000,000 records.  Elapsed time: 00:06:43s.  Time for last 1,000,000:   12s.  Last read position: HiC_scaffold_21:6,863,024
INFO	2019-07-03 20:52:01	MarkDuplicates	Tracking 141374 as yet unmatched pairs. 7209 records in RAM.
INFO	2019-07-03 20:52:12	MarkDuplicates	Read    33,000,000 records.  Elapsed time: 00:06:54s.  Time for last 1,000,000:   11s.  Last read position: HiC_scaffold_22:1,899,014
INFO	2019-07-03 20:52:12	MarkDuplicates	Tracking 134556 as yet unmatched pairs. 13480 records in RAM.
INFO	2019-07-03 20:52:21	MarkDuplicates	Read    34,000,000 records.  Elapsed time: 00:07:03s.  Time for last 1,000,000:    9s.  Last read position: HiC_scaffold_22:10,870,827
INFO	2019-07-03 20:52:21	MarkDuplicates	Tracking 126156 as yet unmatched pairs. 775 records in RAM.
INFO	2019-07-03 20:52:44	MarkDuplicates	Read    35,000,000 records.  Elapsed time: 00:07:26s.  Time for last 1,000,000:   22s.  Last read position: HiC_scaffold_23:8,571,804
INFO	2019-07-03 20:52:44	MarkDuplicates	Tracking 118114 as yet unmatched pairs. 934 records in RAM.
INFO	2019-07-03 20:52:56	MarkDuplicates	Read    36,000,000 records.  Elapsed time: 00:07:38s.  Time for last 1,000,000:   12s.  Last read position: HiC_scaffold_24:7,718,441
INFO	2019-07-03 20:52:56	MarkDuplicates	Tracking 107276 as yet unmatched pairs. 5211 records in RAM.
INFO	2019-07-03 20:53:07	MarkDuplicates	Read    37,000,000 records.  Elapsed time: 00:07:49s.  Time for last 1,000,000:   11s.  Last read position: HiC_scaffold_25:5,922,748
INFO	2019-07-03 20:53:07	MarkDuplicates	Tracking 97978 as yet unmatched pairs. 9800 records in RAM.
INFO	2019-07-03 20:53:16	MarkDuplicates	Read    38,000,000 records.  Elapsed time: 00:07:58s.  Time for last 1,000,000:    8s.  Last read position: HiC_scaffold_25:14,303,048
INFO	2019-07-03 20:53:16	MarkDuplicates	Tracking 90156 as yet unmatched pairs. 209 records in RAM.
INFO	2019-07-03 20:53:29	MarkDuplicates	Read    39,000,000 records.  Elapsed time: 00:08:11s.  Time for last 1,000,000:   12s.  Last read position: HiC_scaffold_27:556,727
INFO	2019-07-03 20:53:29	MarkDuplicates	Tracking 75836 as yet unmatched pairs. 17788 records in RAM.
INFO	2019-07-03 20:54:34	MarkDuplicates	Read    40,000,000 records.  Elapsed time: 00:09:16s.  Time for last 1,000,000:   64s.  Last read position: HiC_scaffold_27:8,714,320
INFO	2019-07-03 20:54:34	MarkDuplicates	Tracking 66756 as yet unmatched pairs. 7690 records in RAM.
INFO	2019-07-03 20:54:45	MarkDuplicates	Read    41,000,000 records.  Elapsed time: 00:09:27s.  Time for last 1,000,000:   11s.  Last read position: HiC_scaffold_28:2,757,212
INFO	2019-07-03 20:54:45	MarkDuplicates	Tracking 53548 as yet unmatched pairs. 10530 records in RAM.
INFO	2019-07-03 20:54:58	MarkDuplicates	Read    42,000,000 records.  Elapsed time: 00:09:40s.  Time for last 1,000,000:   13s.  Last read position: HiC_scaffold_29:4,863,641
INFO	2019-07-03 20:54:58	MarkDuplicates	Tracking 36676 as yet unmatched pairs. 26247 records in RAM.
INFO	2019-07-03 20:55:07	MarkDuplicates	Read    43,000,000 records.  Elapsed time: 00:09:49s.  Time for last 1,000,000:    8s.  Last read position: HiC_scaffold_29:14,020,316
INFO	2019-07-03 20:55:07	MarkDuplicates	Tracking 23018 as yet unmatched pairs. 12354 records in RAM.
INFO	2019-07-03 20:55:17	MarkDuplicates	Read    44,000,000 records.  Elapsed time: 00:10:00s.  Time for last 1,000,000:   10s.  Last read position: HiC_scaffold_320:11,726
INFO	2019-07-03 20:55:17	MarkDuplicates	Tracking 6368 as yet unmatched pairs. 1963 records in RAM.
INFO	2019-07-03 20:55:37	MarkDuplicates	Read 44262090 records. 0 pairs never matched.
INFO	2019-07-03 20:55:46	MarkDuplicates	After buildSortedReadEndLists freeMemory: 4065143296; totalMemory: 4094164992; maxMemory: 4094164992
INFO	2019-07-03 20:55:46	MarkDuplicates	Will retain up to 127942656 duplicate indices before spilling to disk.
INFO	2019-07-03 20:55:46	MarkDuplicates	Traversing read pair information and detecting duplicates.
INFO	2019-07-03 20:56:05	MarkDuplicates	Traversing fragment information and detecting duplicates.
INFO	2019-07-03 20:56:24	MarkDuplicates	Sorting list of duplicate records.
INFO	2019-07-03 20:56:30	MarkDuplicates	After generateDuplicateIndexes freeMemory: 3038198600; totalMemory: 4089970688; maxMemory: 4089970688
INFO	2019-07-03 20:56:30	MarkDuplicates	Marking 6141195 records as duplicates.
INFO	2019-07-03 20:56:30	MarkDuplicates	Found 216480 optical duplicate clusters.
INFO	2019-07-03 20:56:30	MarkDuplicates	Reads are assumed to be ordered by: coordinate
INFO	2019-07-03 21:00:53	MarkDuplicates	Written    10,000,000 records.  Elapsed time: 00:04:22s.  Time for last 10,000,000:  262s.  Last read position: HiC_scaffold_8:8,077,935
INFO	2019-07-03 21:03:37	MarkDuplicates	Written    20,000,000 records.  Elapsed time: 00:07:06s.  Time for last 10,000,000:  164s.  Last read position: HiC_scaffold_15:3,686,478
INFO	2019-07-03 21:06:18	MarkDuplicates	Written    30,000,000 records.  Elapsed time: 00:09:47s.  Time for last 10,000,000:  161s.  Last read position: HiC_scaffold_23:7,052,748
INFO	2019-07-03 21:08:57	MarkDuplicates	Written    40,000,000 records.  Elapsed time: 00:12:26s.  Time for last 10,000,000:  158s.  Last read position: */*
INFO	2019-07-03 21:11:21	MarkDuplicates	Written    50,000,000 records.  Elapsed time: 00:14:50s.  Time for last 10,000,000:  144s.  Last read position: */*
INFO	2019-07-03 21:13:53	MarkDuplicates	Written    60,000,000 records.  Elapsed time: 00:17:22s.  Time for last 10,000,000:  152s.  Last read position: */*
INFO	2019-07-03 21:14:37	MarkDuplicates	Before output close freeMemory: 4131884616; totalMemory: 4163371008; maxMemory: 4163371008
INFO	2019-07-03 21:14:37	MarkDuplicates	After output close freeMemory: 4131869936; totalMemory: 4163371008; maxMemory: 4163371008
[Wed Jul 03 21:14:37 CEST 2019] picard.sam.markduplicates.MarkDuplicates done. Elapsed time: 29.34 minutes.
Runtime.totalMemory()=4163371008
[Wed Jul 03 21:14:38 CEST 2019] picard.sam.AddOrReplaceReadGroups INPUT=FGJ5.dupl_rm.bam OUTPUT=FGJ5.bam RGID=FGJ5 RGLB=lib1 RGPL=illumina RGPU=unit1 RGSM=FGJ5    VERBOSITY=INFO QUIET=false VALIDATION_STRINGENCY=STRICT COMPRESSION_LEVEL=5 MAX_RECORDS_IN_RAM=500000 CREATE_INDEX=false CREATE_MD5_FILE=false GA4GH_CLIENT_SECRETS=client_secrets.json
[Wed Jul 03 21:14:38 CEST 2019] Executing as knam@node050 on Linux 3.10.0-514.26.2.el7.x86_64 amd64; OpenJDK 64-Bit Server VM 1.8.0_102-b14; Picard version: 2.9.4-SNAPSHOT
INFO	2019-07-03 21:14:38	AddOrReplaceReadGroups	Created read group ID=FGJ5 PL=illumina LB=lib1 SM=FGJ5

INFO	2019-07-03 21:14:57	AddOrReplaceReadGroups	Processed     1,000,000 records.  Elapsed time: 00:00:19s.  Time for last 1,000,000:   19s.  Last read position: HiC_scaffold_1:9,721,863
INFO	2019-07-03 21:15:13	AddOrReplaceReadGroups	Processed     2,000,000 records.  Elapsed time: 00:00:35s.  Time for last 1,000,000:   15s.  Last read position: HiC_scaffold_2:6,825,249
INFO	2019-07-03 21:15:29	AddOrReplaceReadGroups	Processed     3,000,000 records.  Elapsed time: 00:00:50s.  Time for last 1,000,000:   15s.  Last read position: HiC_scaffold_3:3,380,008
INFO	2019-07-03 21:15:45	AddOrReplaceReadGroups	Processed     4,000,000 records.  Elapsed time: 00:01:06s.  Time for last 1,000,000:   15s.  Last read position: HiC_scaffold_3:13,213,932
INFO	2019-07-03 21:16:00	AddOrReplaceReadGroups	Processed     5,000,000 records.  Elapsed time: 00:01:22s.  Time for last 1,000,000:   15s.  Last read position: HiC_scaffold_4:8,393,208
INFO	2019-07-03 21:16:16	AddOrReplaceReadGroups	Processed     6,000,000 records.  Elapsed time: 00:01:38s.  Time for last 1,000,000:   15s.  Last read position: HiC_scaffold_5:3,493,231
INFO	2019-07-03 21:16:32	AddOrReplaceReadGroups	Processed     7,000,000 records.  Elapsed time: 00:01:53s.  Time for last 1,000,000:   15s.  Last read position: HiC_scaffold_6:1,700,341
INFO	2019-07-03 21:16:47	AddOrReplaceReadGroups	Processed     8,000,000 records.  Elapsed time: 00:02:09s.  Time for last 1,000,000:   15s.  Last read position: HiC_scaffold_7:2,268,900
INFO	2019-07-03 21:17:03	AddOrReplaceReadGroups	Processed     9,000,000 records.  Elapsed time: 00:02:24s.  Time for last 1,000,000:   15s.  Last read position: HiC_scaffold_7:11,361,925
INFO	2019-07-03 21:17:18	AddOrReplaceReadGroups	Processed    10,000,000 records.  Elapsed time: 00:02:40s.  Time for last 1,000,000:   15s.  Last read position: HiC_scaffold_8:8,077,935
INFO	2019-07-03 21:17:34	AddOrReplaceReadGroups	Processed    11,000,000 records.  Elapsed time: 00:02:55s.  Time for last 1,000,000:   15s.  Last read position: HiC_scaffold_9:6,088,534
INFO	2019-07-03 21:17:49	AddOrReplaceReadGroups	Processed    12,000,000 records.  Elapsed time: 00:03:11s.  Time for last 1,000,000:   15s.  Last read position: HiC_scaffold_10:3,399,902
INFO	2019-07-03 21:18:05	AddOrReplaceReadGroups	Processed    13,000,000 records.  Elapsed time: 00:03:26s.  Time for last 1,000,000:   15s.  Last read position: HiC_scaffold_10:12,918,555
INFO	2019-07-03 21:18:20	AddOrReplaceReadGroups	Processed    14,000,000 records.  Elapsed time: 00:03:42s.  Time for last 1,000,000:   15s.  Last read position: HiC_scaffold_11:7,885,377
INFO	2019-07-03 21:18:36	AddOrReplaceReadGroups	Processed    15,000,000 records.  Elapsed time: 00:03:57s.  Time for last 1,000,000:   15s.  Last read position: HiC_scaffold_12:2,764,114
INFO	2019-07-03 21:18:52	AddOrReplaceReadGroups	Processed    16,000,000 records.  Elapsed time: 00:04:13s.  Time for last 1,000,000:   15s.  Last read position: HiC_scaffold_12:13,103,588
INFO	2019-07-03 21:19:07	AddOrReplaceReadGroups	Processed    17,000,000 records.  Elapsed time: 00:04:29s.  Time for last 1,000,000:   15s.  Last read position: HiC_scaffold_13:4,632,281
INFO	2019-07-03 21:19:23	AddOrReplaceReadGroups	Processed    18,000,000 records.  Elapsed time: 00:04:45s.  Time for last 1,000,000:   15s.  Last read position: HiC_scaffold_13:13,480,756
INFO	2019-07-03 21:19:38	AddOrReplaceReadGroups	Processed    19,000,000 records.  Elapsed time: 00:05:00s.  Time for last 1,000,000:   15s.  Last read position: HiC_scaffold_14:8,177,094
INFO	2019-07-03 21:19:54	AddOrReplaceReadGroups	Processed    20,000,000 records.  Elapsed time: 00:05:15s.  Time for last 1,000,000:   15s.  Last read position: HiC_scaffold_15:3,686,478
INFO	2019-07-03 21:20:09	AddOrReplaceReadGroups	Processed    21,000,000 records.  Elapsed time: 00:05:31s.  Time for last 1,000,000:   15s.  Last read position: HiC_scaffold_15:13,516,193
INFO	2019-07-03 21:20:25	AddOrReplaceReadGroups	Processed    22,000,000 records.  Elapsed time: 00:05:46s.  Time for last 1,000,000:   15s.  Last read position: HiC_scaffold_16:10,375,712
INFO	2019-07-03 21:20:41	AddOrReplaceReadGroups	Processed    23,000,000 records.  Elapsed time: 00:06:02s.  Time for last 1,000,000:   15s.  Last read position: HiC_scaffold_17:8,927,713
INFO	2019-07-03 21:20:56	AddOrReplaceReadGroups	Processed    24,000,000 records.  Elapsed time: 00:06:18s.  Time for last 1,000,000:   15s.  Last read position: HiC_scaffold_18:8,098,349
INFO	2019-07-03 21:21:12	AddOrReplaceReadGroups	Processed    25,000,000 records.  Elapsed time: 00:06:33s.  Time for last 1,000,000:   15s.  Last read position: HiC_scaffold_19:5,625,171
INFO	2019-07-03 21:21:27	AddOrReplaceReadGroups	Processed    26,000,000 records.  Elapsed time: 00:06:49s.  Time for last 1,000,000:   15s.  Last read position: HiC_scaffold_20:2,036,894
INFO	2019-07-03 21:21:43	AddOrReplaceReadGroups	Processed    27,000,000 records.  Elapsed time: 00:07:04s.  Time for last 1,000,000:   15s.  Last read position: HiC_scaffold_21:1,644,403
INFO	2019-07-03 21:21:58	AddOrReplaceReadGroups	Processed    28,000,000 records.  Elapsed time: 00:07:20s.  Time for last 1,000,000:   15s.  Last read position: HiC_scaffold_21:11,306,524
INFO	2019-07-03 21:22:14	AddOrReplaceReadGroups	Processed    29,000,000 records.  Elapsed time: 00:07:35s.  Time for last 1,000,000:   15s.  Last read position: HiC_scaffold_22:8,059,857
INFO	2019-07-03 21:22:29	AddOrReplaceReadGroups	Processed    30,000,000 records.  Elapsed time: 00:07:51s.  Time for last 1,000,000:   15s.  Last read position: HiC_scaffold_23:7,052,748
INFO	2019-07-03 21:22:45	AddOrReplaceReadGroups	Processed    31,000,000 records.  Elapsed time: 00:08:06s.  Time for last 1,000,000:   15s.  Last read position: HiC_scaffold_24:7,684,523
INFO	2019-07-03 21:23:00	AddOrReplaceReadGroups	Processed    32,000,000 records.  Elapsed time: 00:08:22s.  Time for last 1,000,000:   15s.  Last read position: HiC_scaffold_25:7,041,242
INFO	2019-07-03 21:23:16	AddOrReplaceReadGroups	Processed    33,000,000 records.  Elapsed time: 00:08:38s.  Time for last 1,000,000:   15s.  Last read position: HiC_scaffold_26:3,100,230
INFO	2019-07-03 21:23:32	AddOrReplaceReadGroups	Processed    34,000,000 records.  Elapsed time: 00:08:53s.  Time for last 1,000,000:   15s.  Last read position: HiC_scaffold_27:4,654,434
INFO	2019-07-03 21:23:47	AddOrReplaceReadGroups	Processed    35,000,000 records.  Elapsed time: 00:09:09s.  Time for last 1,000,000:   15s.  Last read position: HiC_scaffold_27:14,167,069
INFO	2019-07-03 21:24:03	AddOrReplaceReadGroups	Processed    36,000,000 records.  Elapsed time: 00:09:25s.  Time for last 1,000,000:   15s.  Last read position: HiC_scaffold_29:3,051,821
INFO	2019-07-03 21:24:19	AddOrReplaceReadGroups	Processed    37,000,000 records.  Elapsed time: 00:09:40s.  Time for last 1,000,000:   15s.  Last read position: HiC_scaffold_29:13,653,605
INFO	2019-07-03 21:24:34	AddOrReplaceReadGroups	Processed    38,000,000 records.  Elapsed time: 00:09:56s.  Time for last 1,000,000:   15s.  Last read position: HiC_scaffold_337:3,128
INFO	2019-07-03 21:24:49	AddOrReplaceReadGroups	Processed    39,000,000 records.  Elapsed time: 00:10:11s.  Time for last 1,000,000:   15s.  Last read position: */*
INFO	2019-07-03 21:25:04	AddOrReplaceReadGroups	Processed    40,000,000 records.  Elapsed time: 00:10:25s.  Time for last 1,000,000:   14s.  Last read position: */*
INFO	2019-07-03 21:25:18	AddOrReplaceReadGroups	Processed    41,000,000 records.  Elapsed time: 00:10:40s.  Time for last 1,000,000:   14s.  Last read position: */*
INFO	2019-07-03 21:25:33	AddOrReplaceReadGroups	Processed    42,000,000 records.  Elapsed time: 00:10:54s.  Time for last 1,000,000:   14s.  Last read position: */*
INFO	2019-07-03 21:25:47	AddOrReplaceReadGroups	Processed    43,000,000 records.  Elapsed time: 00:11:09s.  Time for last 1,000,000:   14s.  Last read position: */*
INFO	2019-07-03 21:26:02	AddOrReplaceReadGroups	Processed    44,000,000 records.  Elapsed time: 00:11:23s.  Time for last 1,000,000:   14s.  Last read position: */*
INFO	2019-07-03 21:26:16	AddOrReplaceReadGroups	Processed    45,000,000 records.  Elapsed time: 00:11:38s.  Time for last 1,000,000:   14s.  Last read position: */*
INFO	2019-07-03 21:26:31	AddOrReplaceReadGroups	Processed    46,000,000 records.  Elapsed time: 00:11:52s.  Time for last 1,000,000:   14s.  Last read position: */*
INFO	2019-07-03 21:26:45	AddOrReplaceReadGroups	Processed    47,000,000 records.  Elapsed time: 00:12:07s.  Time for last 1,000,000:   14s.  Last read position: */*
INFO	2019-07-03 21:27:00	AddOrReplaceReadGroups	Processed    48,000,000 records.  Elapsed time: 00:12:21s.  Time for last 1,000,000:   14s.  Last read position: */*
INFO	2019-07-03 21:27:14	AddOrReplaceReadGroups	Processed    49,000,000 records.  Elapsed time: 00:12:36s.  Time for last 1,000,000:   14s.  Last read position: */*
INFO	2019-07-03 21:27:29	AddOrReplaceReadGroups	Processed    50,000,000 records.  Elapsed time: 00:12:51s.  Time for last 1,000,000:   14s.  Last read position: */*
INFO	2019-07-03 21:27:44	AddOrReplaceReadGroups	Processed    51,000,000 records.  Elapsed time: 00:13:06s.  Time for last 1,000,000:   15s.  Last read position: */*
INFO	2019-07-03 21:27:59	AddOrReplaceReadGroups	Processed    52,000,000 records.  Elapsed time: 00:13:21s.  Time for last 1,000,000:   15s.  Last read position: */*
INFO	2019-07-03 21:28:15	AddOrReplaceReadGroups	Processed    53,000,000 records.  Elapsed time: 00:13:36s.  Time for last 1,000,000:   15s.  Last read position: */*
INFO	2019-07-03 21:28:30	AddOrReplaceReadGroups	Processed    54,000,000 records.  Elapsed time: 00:13:52s.  Time for last 1,000,000:   15s.  Last read position: */*
INFO	2019-07-03 21:28:46	AddOrReplaceReadGroups	Processed    55,000,000 records.  Elapsed time: 00:14:07s.  Time for last 1,000,000:   15s.  Last read position: */*
INFO	2019-07-03 21:29:01	AddOrReplaceReadGroups	Processed    56,000,000 records.  Elapsed time: 00:14:22s.  Time for last 1,000,000:   15s.  Last read position: */*
INFO	2019-07-03 21:29:16	AddOrReplaceReadGroups	Processed    57,000,000 records.  Elapsed time: 00:14:37s.  Time for last 1,000,000:   15s.  Last read position: */*
INFO	2019-07-03 21:29:31	AddOrReplaceReadGroups	Processed    58,000,000 records.  Elapsed time: 00:14:53s.  Time for last 1,000,000:   15s.  Last read position: */*
INFO	2019-07-03 21:29:46	AddOrReplaceReadGroups	Processed    59,000,000 records.  Elapsed time: 00:15:08s.  Time for last 1,000,000:   15s.  Last read position: */*
INFO	2019-07-03 21:30:01	AddOrReplaceReadGroups	Processed    60,000,000 records.  Elapsed time: 00:15:23s.  Time for last 1,000,000:   14s.  Last read position: */*
INFO	2019-07-03 21:30:16	AddOrReplaceReadGroups	Processed    61,000,000 records.  Elapsed time: 00:15:38s.  Time for last 1,000,000:   15s.  Last read position: */*
INFO	2019-07-03 21:30:32	AddOrReplaceReadGroups	Processed    62,000,000 records.  Elapsed time: 00:15:54s.  Time for last 1,000,000:   15s.  Last read position: */*
[Wed Jul 03 21:30:45 CEST 2019] picard.sam.AddOrReplaceReadGroups done. Elapsed time: 16.12 minutes.
Runtime.totalMemory()=1512570880
