26678146 reads; of these:
  26678146 (100.00%) were paired; of these:
    12313224 (46.15%) aligned concordantly 0 times
    11001460 (41.24%) aligned concordantly exactly 1 time
    3363462 (12.61%) aligned concordantly >1 times
    ----
    12313224 pairs aligned concordantly 0 times; of these:
      49898 (0.41%) aligned discordantly 1 time
    ----
    12263326 pairs aligned 0 times concordantly or discordantly; of these:
      24526652 mates make up the pairs; of these:
        20042099 (81.72%) aligned 0 times
        3642331 (14.85%) aligned exactly 1 time
        842222 (3.43%) aligned >1 times
62.44% overall alignment rate
[bam_sort_core] merging from 24 files and 1 in-memory blocks...
[Wed Jul 03 20:01:29 CEST 2019] picard.sam.markduplicates.MarkDuplicates MAX_FILE_HANDLES_FOR_READ_ENDS_MAP=1000 INPUT=[KNAM_0039.sorted.bam] OUTPUT=KNAM_0039.dupl_rm.bam METRICS_FILE=KNAM_0039.metricN.log REMOVE_DUPLICATES=true ASSUME_SORTED=true    MAX_SEQUENCES_FOR_DISK_READ_ENDS_MAP=50000 SORTING_COLLECTION_SIZE_RATIO=0.25 TAG_DUPLICATE_SET_MEMBERS=false REMOVE_SEQUENCING_DUPLICATES=false TAGGING_POLICY=DontTag DUPLICATE_SCORING_STRATEGY=SUM_OF_BASE_QUALITIES PROGRAM_RECORD_ID=MarkDuplicates PROGRAM_GROUP_NAME=MarkDuplicates READ_NAME_REGEX=<optimized capture of last three ':' separated fields as numeric values> OPTICAL_DUPLICATE_PIXEL_DISTANCE=100 VERBOSITY=INFO QUIET=false VALIDATION_STRINGENCY=STRICT COMPRESSION_LEVEL=5 MAX_RECORDS_IN_RAM=500000 CREATE_INDEX=false CREATE_MD5_FILE=false GA4GH_CLIENT_SECRETS=client_secrets.json
[Wed Jul 03 20:01:29 CEST 2019] Executing as knam@node127 on Linux 3.10.0-514.26.2.el7.x86_64 amd64; OpenJDK 64-Bit Server VM 1.8.0_102-b14; Picard version: 2.9.4-SNAPSHOT
INFO	2019-07-03 20:01:30	MarkDuplicates	Start of doWork freeMemory: 2031680576; totalMemory: 2058354688; maxMemory: 3817865216
INFO	2019-07-03 20:01:30	MarkDuplicates	Reading input file and constructing read end information.
INFO	2019-07-03 20:01:30	MarkDuplicates	Will retain up to 13832844 data points before spilling to disk.
INFO	2019-07-03 20:01:50	MarkDuplicates	Read     1,000,000 records.  Elapsed time: 00:00:19s.  Time for last 1,000,000:   19s.  Last read position: HiC_scaffold_1:10,060,648
INFO	2019-07-03 20:01:50	MarkDuplicates	Tracking 3507 as yet unmatched pairs. 38 records in RAM.
INFO	2019-07-03 20:02:03	MarkDuplicates	Read     2,000,000 records.  Elapsed time: 00:00:33s.  Time for last 1,000,000:   13s.  Last read position: HiC_scaffold_2:7,464,599
INFO	2019-07-03 20:02:03	MarkDuplicates	Tracking 6899 as yet unmatched pairs. 89 records in RAM.
INFO	2019-07-03 20:02:16	MarkDuplicates	Read     3,000,000 records.  Elapsed time: 00:00:46s.  Time for last 1,000,000:   12s.  Last read position: HiC_scaffold_3:4,176,980
INFO	2019-07-03 20:02:16	MarkDuplicates	Tracking 10576 as yet unmatched pairs. 366 records in RAM.
INFO	2019-07-03 20:02:32	MarkDuplicates	Read     4,000,000 records.  Elapsed time: 00:01:01s.  Time for last 1,000,000:   15s.  Last read position: HiC_scaffold_3:13,170,192
INFO	2019-07-03 20:02:32	MarkDuplicates	Tracking 14248 as yet unmatched pairs. 42 records in RAM.
INFO	2019-07-03 20:02:42	MarkDuplicates	Read     5,000,000 records.  Elapsed time: 00:01:11s.  Time for last 1,000,000:   10s.  Last read position: HiC_scaffold_4:8,188,771
INFO	2019-07-03 20:02:42	MarkDuplicates	Tracking 17098 as yet unmatched pairs. 307 records in RAM.
INFO	2019-07-03 20:02:55	MarkDuplicates	Read     6,000,000 records.  Elapsed time: 00:01:24s.  Time for last 1,000,000:   13s.  Last read position: HiC_scaffold_5:3,037,314
INFO	2019-07-03 20:02:55	MarkDuplicates	Tracking 20018 as yet unmatched pairs. 488 records in RAM.
INFO	2019-07-03 20:03:07	MarkDuplicates	Read     7,000,000 records.  Elapsed time: 00:01:36s.  Time for last 1,000,000:   12s.  Last read position: HiC_scaffold_6:1,462,947
INFO	2019-07-03 20:03:07	MarkDuplicates	Tracking 22976 as yet unmatched pairs. 651 records in RAM.
INFO	2019-07-03 20:03:18	MarkDuplicates	Read     8,000,000 records.  Elapsed time: 00:01:47s.  Time for last 1,000,000:   10s.  Last read position: HiC_scaffold_7:2,450,094
INFO	2019-07-03 20:03:18	MarkDuplicates	Tracking 26394 as yet unmatched pairs. 830 records in RAM.
INFO	2019-07-03 20:03:30	MarkDuplicates	Read     9,000,000 records.  Elapsed time: 00:02:00s.  Time for last 1,000,000:   12s.  Last read position: HiC_scaffold_7:11,814,719
INFO	2019-07-03 20:03:30	MarkDuplicates	Tracking 28524 as yet unmatched pairs. 185 records in RAM.
INFO	2019-07-03 20:03:41	MarkDuplicates	Read    10,000,000 records.  Elapsed time: 00:02:11s.  Time for last 1,000,000:   10s.  Last read position: HiC_scaffold_8:8,181,950
INFO	2019-07-03 20:03:41	MarkDuplicates	Tracking 30966 as yet unmatched pairs. 381 records in RAM.
INFO	2019-07-03 20:03:52	MarkDuplicates	Read    11,000,000 records.  Elapsed time: 00:02:22s.  Time for last 1,000,000:   11s.  Last read position: HiC_scaffold_9:6,281,139
INFO	2019-07-03 20:03:52	MarkDuplicates	Tracking 33398 as yet unmatched pairs. 569 records in RAM.
INFO	2019-07-03 20:04:05	MarkDuplicates	Read    12,000,000 records.  Elapsed time: 00:02:34s.  Time for last 1,000,000:   12s.  Last read position: HiC_scaffold_10:4,095,102
INFO	2019-07-03 20:04:05	MarkDuplicates	Tracking 35082 as yet unmatched pairs. 1093 records in RAM.
INFO	2019-07-03 20:04:16	MarkDuplicates	Read    13,000,000 records.  Elapsed time: 00:02:45s.  Time for last 1,000,000:   10s.  Last read position: HiC_scaffold_10:13,618,147
INFO	2019-07-03 20:04:16	MarkDuplicates	Tracking 36380 as yet unmatched pairs. 42 records in RAM.
INFO	2019-07-03 20:04:27	MarkDuplicates	Read    14,000,000 records.  Elapsed time: 00:02:56s.  Time for last 1,000,000:   11s.  Last read position: HiC_scaffold_11:8,269,627
INFO	2019-07-03 20:04:27	MarkDuplicates	Tracking 37518 as yet unmatched pairs. 889 records in RAM.
INFO	2019-07-03 20:05:38	MarkDuplicates	Read    15,000,000 records.  Elapsed time: 00:04:08s.  Time for last 1,000,000:   71s.  Last read position: HiC_scaffold_12:3,455,958
INFO	2019-07-03 20:05:38	MarkDuplicates	Tracking 39694 as yet unmatched pairs. 5993 records in RAM.
INFO	2019-07-03 20:06:08	MarkDuplicates	Read    16,000,000 records.  Elapsed time: 00:04:37s.  Time for last 1,000,000:   29s.  Last read position: HiC_scaffold_12:15,628,682
INFO	2019-07-03 20:06:08	MarkDuplicates	Tracking 42600 as yet unmatched pairs. 2590 records in RAM.
INFO	2019-07-03 20:06:18	MarkDuplicates	Read    17,000,000 records.  Elapsed time: 00:04:48s.  Time for last 1,000,000:   10s.  Last read position: HiC_scaffold_13:4,729,856
INFO	2019-07-03 20:06:18	MarkDuplicates	Tracking 43338 as yet unmatched pairs. 1611 records in RAM.
INFO	2019-07-03 20:06:30	MarkDuplicates	Read    18,000,000 records.  Elapsed time: 00:04:59s.  Time for last 1,000,000:   11s.  Last read position: HiC_scaffold_13:13,481,080
INFO	2019-07-03 20:06:30	MarkDuplicates	Tracking 43522 as yet unmatched pairs. 208 records in RAM.
INFO	2019-07-03 20:06:42	MarkDuplicates	Read    19,000,000 records.  Elapsed time: 00:05:11s.  Time for last 1,000,000:   11s.  Last read position: HiC_scaffold_14:8,301,938
INFO	2019-07-03 20:06:42	MarkDuplicates	Tracking 43500 as yet unmatched pairs. 1219 records in RAM.
INFO	2019-07-03 20:06:53	MarkDuplicates	Read    20,000,000 records.  Elapsed time: 00:05:22s.  Time for last 1,000,000:   11s.  Last read position: HiC_scaffold_15:4,140,521
INFO	2019-07-03 20:06:53	MarkDuplicates	Tracking 43284 as yet unmatched pairs. 1711 records in RAM.
INFO	2019-07-03 20:07:06	MarkDuplicates	Read    21,000,000 records.  Elapsed time: 00:05:36s.  Time for last 1,000,000:   13s.  Last read position: HiC_scaffold_16:474,472
INFO	2019-07-03 20:07:06	MarkDuplicates	Tracking 43126 as yet unmatched pairs. 2810 records in RAM.
INFO	2019-07-03 20:07:18	MarkDuplicates	Read    22,000,000 records.  Elapsed time: 00:05:47s.  Time for last 1,000,000:   11s.  Last read position: HiC_scaffold_16:10,470,481
INFO	2019-07-03 20:07:18	MarkDuplicates	Tracking 42648 as yet unmatched pairs. 511 records in RAM.
INFO	2019-07-03 20:08:08	MarkDuplicates	Read    23,000,000 records.  Elapsed time: 00:06:38s.  Time for last 1,000,000:   50s.  Last read position: HiC_scaffold_17:9,462,559
INFO	2019-07-03 20:08:08	MarkDuplicates	Tracking 41783 as yet unmatched pairs. 722 records in RAM.
INFO	2019-07-03 20:08:19	MarkDuplicates	Read    24,000,000 records.  Elapsed time: 00:06:48s.  Time for last 1,000,000:   10s.  Last read position: HiC_scaffold_18:8,683,047
INFO	2019-07-03 20:08:19	MarkDuplicates	Tracking 40992 as yet unmatched pairs. 959 records in RAM.
INFO	2019-07-03 20:08:29	MarkDuplicates	Read    25,000,000 records.  Elapsed time: 00:06:58s.  Time for last 1,000,000:   10s.  Last read position: HiC_scaffold_19:6,559,113
INFO	2019-07-03 20:08:29	MarkDuplicates	Tracking 39810 as yet unmatched pairs. 1676 records in RAM.
INFO	2019-07-03 20:08:41	MarkDuplicates	Read    26,000,000 records.  Elapsed time: 00:07:10s.  Time for last 1,000,000:   11s.  Last read position: HiC_scaffold_20:3,122,361
INFO	2019-07-03 20:08:41	MarkDuplicates	Tracking 38516 as yet unmatched pairs. 2620 records in RAM.
INFO	2019-07-03 20:08:51	MarkDuplicates	Read    27,000,000 records.  Elapsed time: 00:07:20s.  Time for last 1,000,000:   10s.  Last read position: HiC_scaffold_21:3,273,045
INFO	2019-07-03 20:08:51	MarkDuplicates	Tracking 36514 as yet unmatched pairs. 2558 records in RAM.
INFO	2019-07-03 20:09:02	MarkDuplicates	Read    28,000,000 records.  Elapsed time: 00:07:31s.  Time for last 1,000,000:   10s.  Last read position: HiC_scaffold_21:12,800,958
INFO	2019-07-03 20:09:02	MarkDuplicates	Tracking 35144 as yet unmatched pairs. 240 records in RAM.
INFO	2019-07-03 20:09:15	MarkDuplicates	Read    29,000,000 records.  Elapsed time: 00:07:44s.  Time for last 1,000,000:   13s.  Last read position: HiC_scaffold_22:8,737,144
INFO	2019-07-03 20:09:15	MarkDuplicates	Tracking 32344 as yet unmatched pairs. 999 records in RAM.
INFO	2019-07-03 20:09:26	MarkDuplicates	Read    30,000,000 records.  Elapsed time: 00:07:55s.  Time for last 1,000,000:   10s.  Last read position: HiC_scaffold_23:8,018,772
INFO	2019-07-03 20:09:26	MarkDuplicates	Tracking 29912 as yet unmatched pairs. 444 records in RAM.
INFO	2019-07-03 20:09:37	MarkDuplicates	Read    31,000,000 records.  Elapsed time: 00:08:06s.  Time for last 1,000,000:   10s.  Last read position: HiC_scaffold_24:7,299,729
INFO	2019-07-03 20:09:37	MarkDuplicates	Tracking 27331 as yet unmatched pairs. 1381 records in RAM.
INFO	2019-07-03 20:10:01	MarkDuplicates	Read    32,000,000 records.  Elapsed time: 00:08:30s.  Time for last 1,000,000:   23s.  Last read position: HiC_scaffold_25:7,131,938
INFO	2019-07-03 20:10:01	MarkDuplicates	Tracking 24844 as yet unmatched pairs. 2128 records in RAM.
INFO	2019-07-03 20:10:11	MarkDuplicates	Read    33,000,000 records.  Elapsed time: 00:08:40s.  Time for last 1,000,000:   10s.  Last read position: HiC_scaffold_26:3,607,525
INFO	2019-07-03 20:10:11	MarkDuplicates	Tracking 21737 as yet unmatched pairs. 2410 records in RAM.
INFO	2019-07-03 20:10:22	MarkDuplicates	Read    34,000,000 records.  Elapsed time: 00:08:51s.  Time for last 1,000,000:   10s.  Last read position: HiC_scaffold_27:5,110,179
INFO	2019-07-03 20:10:22	MarkDuplicates	Tracking 18208 as yet unmatched pairs. 3000 records in RAM.
INFO	2019-07-03 20:10:33	MarkDuplicates	Read    35,000,000 records.  Elapsed time: 00:09:02s.  Time for last 1,000,000:   10s.  Last read position: HiC_scaffold_27:14,619,391
INFO	2019-07-03 20:10:33	MarkDuplicates	Tracking 15580 as yet unmatched pairs. 30 records in RAM.
INFO	2019-07-03 20:12:28	MarkDuplicates	Read    36,000,000 records.  Elapsed time: 00:10:57s.  Time for last 1,000,000:  115s.  Last read position: HiC_scaffold_29:5,442,815
INFO	2019-07-03 20:12:28	MarkDuplicates	Tracking 9284 as yet unmatched pairs. 6288 records in RAM.
INFO	2019-07-03 20:13:00	MarkDuplicates	Read    37,000,000 records.  Elapsed time: 00:11:29s.  Time for last 1,000,000:   31s.  Last read position: HiC_scaffold_32:13,351
INFO	2019-07-03 20:13:00	MarkDuplicates	Tracking 3097 as yet unmatched pairs. 1 records in RAM.
INFO	2019-07-03 20:13:07	MarkDuplicates	Read 37636250 records. 0 pairs never matched.
INFO	2019-07-03 20:13:15	MarkDuplicates	After buildSortedReadEndLists freeMemory: 3974206536; totalMemory: 4002938880; maxMemory: 4002938880
INFO	2019-07-03 20:13:15	MarkDuplicates	Will retain up to 125091840 duplicate indices before spilling to disk.
INFO	2019-07-03 20:13:15	MarkDuplicates	Traversing read pair information and detecting duplicates.
INFO	2019-07-03 20:13:35	MarkDuplicates	Traversing fragment information and detecting duplicates.
INFO	2019-07-03 20:13:56	MarkDuplicates	Sorting list of duplicate records.
INFO	2019-07-03 20:14:07	MarkDuplicates	After generateDuplicateIndexes freeMemory: 3022498808; totalMemory: 4051173376; maxMemory: 4051173376
INFO	2019-07-03 20:14:07	MarkDuplicates	Marking 5142961 records as duplicates.
INFO	2019-07-03 20:14:07	MarkDuplicates	Found 192779 optical duplicate clusters.
INFO	2019-07-03 20:14:07	MarkDuplicates	Reads are assumed to be ordered by: coordinate
INFO	2019-07-03 20:18:32	MarkDuplicates	Written    10,000,000 records.  Elapsed time: 00:04:25s.  Time for last 10,000,000:  265s.  Last read position: HiC_scaffold_9:12,638,892
INFO	2019-07-03 20:23:02	MarkDuplicates	Written    20,000,000 records.  Elapsed time: 00:08:55s.  Time for last 10,000,000:  270s.  Last read position: HiC_scaffold_18:295,754
INFO	2019-07-03 20:27:32	MarkDuplicates	Written    30,000,000 records.  Elapsed time: 00:13:25s.  Time for last 10,000,000:  269s.  Last read position: HiC_scaffold_27:11,987,665
INFO	2019-07-03 20:31:39	MarkDuplicates	Written    40,000,000 records.  Elapsed time: 00:17:31s.  Time for last 10,000,000:  246s.  Last read position: */*
INFO	2019-07-03 20:35:04	MarkDuplicates	Before output close freeMemory: 4098624680; totalMemory: 4130340864; maxMemory: 4130340864
INFO	2019-07-03 20:35:04	MarkDuplicates	After output close freeMemory: 4098610176; totalMemory: 4130340864; maxMemory: 4130340864
[Wed Jul 03 20:35:04 CEST 2019] picard.sam.markduplicates.MarkDuplicates done. Elapsed time: 33.59 minutes.
Runtime.totalMemory()=4130340864
[Wed Jul 03 20:35:05 CEST 2019] picard.sam.AddOrReplaceReadGroups INPUT=KNAM_0039.dupl_rm.bam OUTPUT=KNAM_0039.bam RGID=KNAM_0039 RGLB=lib1 RGPL=illumina RGPU=unit1 RGSM=KNAM_0039    VERBOSITY=INFO QUIET=false VALIDATION_STRINGENCY=STRICT COMPRESSION_LEVEL=5 MAX_RECORDS_IN_RAM=500000 CREATE_INDEX=false CREATE_MD5_FILE=false GA4GH_CLIENT_SECRETS=client_secrets.json
[Wed Jul 03 20:35:05 CEST 2019] Executing as knam@node127 on Linux 3.10.0-514.26.2.el7.x86_64 amd64; OpenJDK 64-Bit Server VM 1.8.0_102-b14; Picard version: 2.9.4-SNAPSHOT
INFO	2019-07-03 20:35:06	AddOrReplaceReadGroups	Created read group ID=KNAM_0039 PL=illumina LB=lib1 SM=KNAM_0039

INFO	2019-07-03 20:35:38	AddOrReplaceReadGroups	Processed     1,000,000 records.  Elapsed time: 00:00:31s.  Time for last 1,000,000:   31s.  Last read position: HiC_scaffold_1:12,120,888
INFO	2019-07-03 20:36:03	AddOrReplaceReadGroups	Processed     2,000,000 records.  Elapsed time: 00:00:57s.  Time for last 1,000,000:   25s.  Last read position: HiC_scaffold_2:10,602,451
INFO	2019-07-03 20:36:28	AddOrReplaceReadGroups	Processed     3,000,000 records.  Elapsed time: 00:01:22s.  Time for last 1,000,000:   25s.  Last read position: HiC_scaffold_3:8,334,896
INFO	2019-07-03 20:36:53	AddOrReplaceReadGroups	Processed     4,000,000 records.  Elapsed time: 00:01:47s.  Time for last 1,000,000:   25s.  Last read position: HiC_scaffold_4:5,259,288
INFO	2019-07-03 20:37:18	AddOrReplaceReadGroups	Processed     5,000,000 records.  Elapsed time: 00:02:12s.  Time for last 1,000,000:   24s.  Last read position: HiC_scaffold_5:1,059,942
INFO	2019-07-03 20:37:44	AddOrReplaceReadGroups	Processed     6,000,000 records.  Elapsed time: 00:02:37s.  Time for last 1,000,000:   25s.  Last read position: HiC_scaffold_6:1,057,240
INFO	2019-07-03 20:38:09	AddOrReplaceReadGroups	Processed     7,000,000 records.  Elapsed time: 00:03:03s.  Time for last 1,000,000:   25s.  Last read position: HiC_scaffold_7:3,500,044
INFO	2019-07-03 20:38:34	AddOrReplaceReadGroups	Processed     8,000,000 records.  Elapsed time: 00:03:27s.  Time for last 1,000,000:   24s.  Last read position: HiC_scaffold_8:743,007
INFO	2019-07-03 20:38:59	AddOrReplaceReadGroups	Processed     9,000,000 records.  Elapsed time: 00:03:52s.  Time for last 1,000,000:   24s.  Last read position: HiC_scaffold_9:973,623
INFO	2019-07-03 20:39:23	AddOrReplaceReadGroups	Processed    10,000,000 records.  Elapsed time: 00:04:17s.  Time for last 1,000,000:   24s.  Last read position: HiC_scaffold_9:12,638,892
INFO	2019-07-03 20:39:48	AddOrReplaceReadGroups	Processed    11,000,000 records.  Elapsed time: 00:04:42s.  Time for last 1,000,000:   24s.  Last read position: HiC_scaffold_10:11,029,666
INFO	2019-07-03 20:40:13	AddOrReplaceReadGroups	Processed    12,000,000 records.  Elapsed time: 00:05:06s.  Time for last 1,000,000:   24s.  Last read position: HiC_scaffold_11:7,727,991
INFO	2019-07-03 20:40:38	AddOrReplaceReadGroups	Processed    13,000,000 records.  Elapsed time: 00:05:32s.  Time for last 1,000,000:   25s.  Last read position: HiC_scaffold_12:4,295,487
INFO	2019-07-03 20:41:04	AddOrReplaceReadGroups	Processed    14,000,000 records.  Elapsed time: 00:05:57s.  Time for last 1,000,000:   25s.  Last read position: HiC_scaffold_12:17,453,570
INFO	2019-07-03 20:41:29	AddOrReplaceReadGroups	Processed    15,000,000 records.  Elapsed time: 00:06:22s.  Time for last 1,000,000:   25s.  Last read position: HiC_scaffold_13:8,015,283
INFO	2019-07-03 20:41:54	AddOrReplaceReadGroups	Processed    16,000,000 records.  Elapsed time: 00:06:47s.  Time for last 1,000,000:   24s.  Last read position: HiC_scaffold_14:4,316,927
INFO	2019-07-03 20:42:18	AddOrReplaceReadGroups	Processed    17,000,000 records.  Elapsed time: 00:07:12s.  Time for last 1,000,000:   24s.  Last read position: HiC_scaffold_15:1,089,971
INFO	2019-07-03 20:42:43	AddOrReplaceReadGroups	Processed    18,000,000 records.  Elapsed time: 00:07:37s.  Time for last 1,000,000:   24s.  Last read position: HiC_scaffold_15:12,744,778
INFO	2019-07-03 20:43:08	AddOrReplaceReadGroups	Processed    19,000,000 records.  Elapsed time: 00:08:02s.  Time for last 1,000,000:   24s.  Last read position: HiC_scaffold_16:10,901,247
INFO	2019-07-03 20:43:34	AddOrReplaceReadGroups	Processed    20,000,000 records.  Elapsed time: 00:08:27s.  Time for last 1,000,000:   25s.  Last read position: HiC_scaffold_18:295,754
INFO	2019-07-03 20:43:59	AddOrReplaceReadGroups	Processed    21,000,000 records.  Elapsed time: 00:08:52s.  Time for last 1,000,000:   25s.  Last read position: HiC_scaffold_18:12,355,598
INFO	2019-07-03 20:44:24	AddOrReplaceReadGroups	Processed    22,000,000 records.  Elapsed time: 00:09:17s.  Time for last 1,000,000:   25s.  Last read position: HiC_scaffold_19:11,183,452
INFO	2019-07-03 20:44:49	AddOrReplaceReadGroups	Processed    23,000,000 records.  Elapsed time: 00:09:43s.  Time for last 1,000,000:   25s.  Last read position: HiC_scaffold_20:11,030,377
INFO	2019-07-03 20:45:14	AddOrReplaceReadGroups	Processed    24,000,000 records.  Elapsed time: 00:10:07s.  Time for last 1,000,000:   24s.  Last read position: HiC_scaffold_21:10,830,641
INFO	2019-07-03 20:45:39	AddOrReplaceReadGroups	Processed    25,000,000 records.  Elapsed time: 00:10:33s.  Time for last 1,000,000:   25s.  Last read position: HiC_scaffold_22:8,518,440
INFO	2019-07-03 20:46:04	AddOrReplaceReadGroups	Processed    26,000,000 records.  Elapsed time: 00:10:58s.  Time for last 1,000,000:   25s.  Last read position: HiC_scaffold_24:184,308
INFO	2019-07-03 20:46:29	AddOrReplaceReadGroups	Processed    27,000,000 records.  Elapsed time: 00:11:22s.  Time for last 1,000,000:   24s.  Last read position: HiC_scaffold_25:265,129
INFO	2019-07-03 20:46:54	AddOrReplaceReadGroups	Processed    28,000,000 records.  Elapsed time: 00:11:47s.  Time for last 1,000,000:   24s.  Last read position: HiC_scaffold_25:11,565,890
INFO	2019-07-03 20:47:19	AddOrReplaceReadGroups	Processed    29,000,000 records.  Elapsed time: 00:12:13s.  Time for last 1,000,000:   25s.  Last read position: HiC_scaffold_27:1,047,769
INFO	2019-07-03 20:47:44	AddOrReplaceReadGroups	Processed    30,000,000 records.  Elapsed time: 00:12:38s.  Time for last 1,000,000:   25s.  Last read position: HiC_scaffold_27:11,987,665
INFO	2019-07-03 20:48:10	AddOrReplaceReadGroups	Processed    31,000,000 records.  Elapsed time: 00:13:03s.  Time for last 1,000,000:   25s.  Last read position: HiC_scaffold_29:4,182,916
INFO	2019-07-03 20:48:35	AddOrReplaceReadGroups	Processed    32,000,000 records.  Elapsed time: 00:13:28s.  Time for last 1,000,000:   25s.  Last read position: HiC_scaffold_78:7,609
INFO	2019-07-03 20:48:59	AddOrReplaceReadGroups	Processed    33,000,000 records.  Elapsed time: 00:13:53s.  Time for last 1,000,000:   24s.  Last read position: */*
INFO	2019-07-03 20:49:23	AddOrReplaceReadGroups	Processed    34,000,000 records.  Elapsed time: 00:14:16s.  Time for last 1,000,000:   23s.  Last read position: */*
INFO	2019-07-03 20:49:46	AddOrReplaceReadGroups	Processed    35,000,000 records.  Elapsed time: 00:14:40s.  Time for last 1,000,000:   23s.  Last read position: */*
INFO	2019-07-03 20:50:10	AddOrReplaceReadGroups	Processed    36,000,000 records.  Elapsed time: 00:15:03s.  Time for last 1,000,000:   23s.  Last read position: */*
INFO	2019-07-03 20:50:33	AddOrReplaceReadGroups	Processed    37,000,000 records.  Elapsed time: 00:15:27s.  Time for last 1,000,000:   23s.  Last read position: */*
INFO	2019-07-03 20:50:56	AddOrReplaceReadGroups	Processed    38,000,000 records.  Elapsed time: 00:15:50s.  Time for last 1,000,000:   23s.  Last read position: */*
INFO	2019-07-03 20:51:20	AddOrReplaceReadGroups	Processed    39,000,000 records.  Elapsed time: 00:16:14s.  Time for last 1,000,000:   23s.  Last read position: */*
INFO	2019-07-03 20:51:44	AddOrReplaceReadGroups	Processed    40,000,000 records.  Elapsed time: 00:16:37s.  Time for last 1,000,000:   23s.  Last read position: */*
INFO	2019-07-03 20:52:08	AddOrReplaceReadGroups	Processed    41,000,000 records.  Elapsed time: 00:17:01s.  Time for last 1,000,000:   24s.  Last read position: */*
INFO	2019-07-03 20:52:33	AddOrReplaceReadGroups	Processed    42,000,000 records.  Elapsed time: 00:17:26s.  Time for last 1,000,000:   24s.  Last read position: */*
INFO	2019-07-03 20:52:57	AddOrReplaceReadGroups	Processed    43,000,000 records.  Elapsed time: 00:17:51s.  Time for last 1,000,000:   24s.  Last read position: */*
INFO	2019-07-03 20:53:22	AddOrReplaceReadGroups	Processed    44,000,000 records.  Elapsed time: 00:18:16s.  Time for last 1,000,000:   24s.  Last read position: */*
INFO	2019-07-03 20:53:47	AddOrReplaceReadGroups	Processed    45,000,000 records.  Elapsed time: 00:18:40s.  Time for last 1,000,000:   24s.  Last read position: */*
INFO	2019-07-03 20:54:11	AddOrReplaceReadGroups	Processed    46,000,000 records.  Elapsed time: 00:19:05s.  Time for last 1,000,000:   24s.  Last read position: */*
INFO	2019-07-03 20:54:36	AddOrReplaceReadGroups	Processed    47,000,000 records.  Elapsed time: 00:19:29s.  Time for last 1,000,000:   24s.  Last read position: */*
INFO	2019-07-03 20:55:01	AddOrReplaceReadGroups	Processed    48,000,000 records.  Elapsed time: 00:19:54s.  Time for last 1,000,000:   24s.  Last read position: */*
[Wed Jul 03 20:55:06 CEST 2019] picard.sam.AddOrReplaceReadGroups done. Elapsed time: 20.01 minutes.
Runtime.totalMemory()=1512570880
