25662853 reads; of these:
  25662853 (100.00%) were paired; of these:
    12245419 (47.72%) aligned concordantly 0 times
    10228221 (39.86%) aligned concordantly exactly 1 time
    3189213 (12.43%) aligned concordantly >1 times
    ----
    12245419 pairs aligned concordantly 0 times; of these:
      54351 (0.44%) aligned discordantly 1 time
    ----
    12191068 pairs aligned 0 times concordantly or discordantly; of these:
      24382136 mates make up the pairs; of these:
        19511009 (80.02%) aligned 0 times
        3941695 (16.17%) aligned exactly 1 time
        929432 (3.81%) aligned >1 times
61.99% overall alignment rate
[bam_sort_core] merging from 23 files and 1 in-memory blocks...
[Wed Jul 03 17:16:14 CEST 2019] picard.sam.markduplicates.MarkDuplicates MAX_FILE_HANDLES_FOR_READ_ENDS_MAP=1000 INPUT=[KNAM_0048.sorted.bam] OUTPUT=KNAM_0048.dupl_rm.bam METRICS_FILE=KNAM_0048.metricN.log REMOVE_DUPLICATES=true ASSUME_SORTED=true    MAX_SEQUENCES_FOR_DISK_READ_ENDS_MAP=50000 SORTING_COLLECTION_SIZE_RATIO=0.25 TAG_DUPLICATE_SET_MEMBERS=false REMOVE_SEQUENCING_DUPLICATES=false TAGGING_POLICY=DontTag DUPLICATE_SCORING_STRATEGY=SUM_OF_BASE_QUALITIES PROGRAM_RECORD_ID=MarkDuplicates PROGRAM_GROUP_NAME=MarkDuplicates READ_NAME_REGEX=<optimized capture of last three ':' separated fields as numeric values> OPTICAL_DUPLICATE_PIXEL_DISTANCE=100 VERBOSITY=INFO QUIET=false VALIDATION_STRINGENCY=STRICT COMPRESSION_LEVEL=5 MAX_RECORDS_IN_RAM=500000 CREATE_INDEX=false CREATE_MD5_FILE=false GA4GH_CLIENT_SECRETS=client_secrets.json
[Wed Jul 03 17:16:14 CEST 2019] Executing as knam@node112 on Linux 3.10.0-514.26.2.el7.x86_64 amd64; OpenJDK 64-Bit Server VM 1.8.0_102-b14; Picard version: 2.9.4-SNAPSHOT
INFO	2019-07-03 17:16:15	MarkDuplicates	Start of doWork freeMemory: 2031680576; totalMemory: 2058354688; maxMemory: 3817865216
INFO	2019-07-03 17:16:15	MarkDuplicates	Reading input file and constructing read end information.
INFO	2019-07-03 17:16:15	MarkDuplicates	Will retain up to 13832844 data points before spilling to disk.
INFO	2019-07-03 17:16:27	MarkDuplicates	Read     1,000,000 records.  Elapsed time: 00:00:12s.  Time for last 1,000,000:   12s.  Last read position: HiC_scaffold_1:10,534,125
INFO	2019-07-03 17:16:27	MarkDuplicates	Tracking 4814 as yet unmatched pairs. 27 records in RAM.
INFO	2019-07-03 17:16:35	MarkDuplicates	Read     2,000,000 records.  Elapsed time: 00:00:19s.  Time for last 1,000,000:    7s.  Last read position: HiC_scaffold_2:8,162,077
INFO	2019-07-03 17:16:35	MarkDuplicates	Tracking 9556 as yet unmatched pairs. 128 records in RAM.
INFO	2019-07-03 17:16:45	MarkDuplicates	Read     3,000,000 records.  Elapsed time: 00:00:30s.  Time for last 1,000,000:   10s.  Last read position: HiC_scaffold_3:5,124,401
INFO	2019-07-03 17:16:45	MarkDuplicates	Tracking 14266 as yet unmatched pairs. 409 records in RAM.
INFO	2019-07-03 17:16:56	MarkDuplicates	Read     4,000,000 records.  Elapsed time: 00:00:41s.  Time for last 1,000,000:   10s.  Last read position: HiC_scaffold_4:298,381
INFO	2019-07-03 17:16:56	MarkDuplicates	Tracking 19320 as yet unmatched pairs. 722 records in RAM.
INFO	2019-07-03 17:17:03	MarkDuplicates	Read     5,000,000 records.  Elapsed time: 00:00:47s.  Time for last 1,000,000:    6s.  Last read position: HiC_scaffold_4:9,891,344
INFO	2019-07-03 17:17:03	MarkDuplicates	Tracking 23026 as yet unmatched pairs. 316 records in RAM.
INFO	2019-07-03 17:17:11	MarkDuplicates	Read     6,000,000 records.  Elapsed time: 00:00:55s.  Time for last 1,000,000:    7s.  Last read position: HiC_scaffold_5:5,282,295
INFO	2019-07-03 17:17:11	MarkDuplicates	Tracking 26848 as yet unmatched pairs. 491 records in RAM.
INFO	2019-07-03 17:17:17	MarkDuplicates	Read     7,000,000 records.  Elapsed time: 00:01:01s.  Time for last 1,000,000:    6s.  Last read position: HiC_scaffold_6:4,452,453
INFO	2019-07-03 17:17:17	MarkDuplicates	Tracking 31586 as yet unmatched pairs. 853 records in RAM.
INFO	2019-07-03 17:17:25	MarkDuplicates	Read     8,000,000 records.  Elapsed time: 00:01:09s.  Time for last 1,000,000:    7s.  Last read position: HiC_scaffold_7:5,060,441
INFO	2019-07-03 17:17:25	MarkDuplicates	Tracking 35289 as yet unmatched pairs. 980 records in RAM.
INFO	2019-07-03 17:17:31	MarkDuplicates	Read     9,000,000 records.  Elapsed time: 00:01:16s.  Time for last 1,000,000:    6s.  Last read position: HiC_scaffold_8:1,083,163
INFO	2019-07-03 17:17:31	MarkDuplicates	Tracking 38184 as yet unmatched pairs. 1317 records in RAM.
INFO	2019-07-03 17:17:40	MarkDuplicates	Read    10,000,000 records.  Elapsed time: 00:01:24s.  Time for last 1,000,000:    8s.  Last read position: HiC_scaffold_9:47,411
INFO	2019-07-03 17:17:40	MarkDuplicates	Tracking 41680 as yet unmatched pairs. 1694 records in RAM.
INFO	2019-07-03 17:17:47	MarkDuplicates	Read    11,000,000 records.  Elapsed time: 00:01:31s.  Time for last 1,000,000:    6s.  Last read position: HiC_scaffold_9:10,288,664
INFO	2019-07-03 17:17:47	MarkDuplicates	Tracking 44659 as yet unmatched pairs. 309 records in RAM.
INFO	2019-07-03 17:17:54	MarkDuplicates	Read    12,000,000 records.  Elapsed time: 00:01:38s.  Time for last 1,000,000:    6s.  Last read position: HiC_scaffold_10:7,545,783
INFO	2019-07-03 17:17:54	MarkDuplicates	Tracking 46722 as yet unmatched pairs. 951 records in RAM.
INFO	2019-07-03 17:18:01	MarkDuplicates	Read    13,000,000 records.  Elapsed time: 00:01:45s.  Time for last 1,000,000:    7s.  Last read position: HiC_scaffold_11:3,620,451
INFO	2019-07-03 17:18:01	MarkDuplicates	Tracking 48564 as yet unmatched pairs. 1756 records in RAM.
INFO	2019-07-03 17:18:45	MarkDuplicates	Read    14,000,000 records.  Elapsed time: 00:02:29s.  Time for last 1,000,000:   44s.  Last read position: HiC_scaffold_11:13,022,091
INFO	2019-07-03 17:18:45	MarkDuplicates	Tracking 49912 as yet unmatched pairs. 429 records in RAM.
INFO	2019-07-03 17:18:51	MarkDuplicates	Read    15,000,000 records.  Elapsed time: 00:02:36s.  Time for last 1,000,000:    6s.  Last read position: HiC_scaffold_12:8,930,519
INFO	2019-07-03 17:18:51	MarkDuplicates	Tracking 54681 as yet unmatched pairs. 6240 records in RAM.
INFO	2019-07-03 17:19:06	MarkDuplicates	Read    16,000,000 records.  Elapsed time: 00:02:51s.  Time for last 1,000,000:   15s.  Last read position: HiC_scaffold_12:20,227,559
INFO	2019-07-03 17:19:06	MarkDuplicates	Tracking 56610 as yet unmatched pairs. 160 records in RAM.
INFO	2019-07-03 17:19:13	MarkDuplicates	Read    17,000,000 records.  Elapsed time: 00:02:57s.  Time for last 1,000,000:    6s.  Last read position: HiC_scaffold_13:9,621,407
INFO	2019-07-03 17:19:13	MarkDuplicates	Tracking 56960 as yet unmatched pairs. 1039 records in RAM.
INFO	2019-07-03 17:19:20	MarkDuplicates	Read    18,000,000 records.  Elapsed time: 00:03:05s.  Time for last 1,000,000:    7s.  Last read position: HiC_scaffold_14:5,021,921
INFO	2019-07-03 17:19:20	MarkDuplicates	Tracking 57114 as yet unmatched pairs. 2421 records in RAM.
INFO	2019-07-03 17:19:27	MarkDuplicates	Read    19,000,000 records.  Elapsed time: 00:03:12s.  Time for last 1,000,000:    6s.  Last read position: HiC_scaffold_15:299,070
INFO	2019-07-03 17:19:27	MarkDuplicates	Tracking 56952 as yet unmatched pairs. 3117 records in RAM.
INFO	2019-07-03 17:19:35	MarkDuplicates	Read    20,000,000 records.  Elapsed time: 00:03:19s.  Time for last 1,000,000:    7s.  Last read position: HiC_scaffold_15:10,583,007
INFO	2019-07-03 17:19:35	MarkDuplicates	Tracking 56767 as yet unmatched pairs. 899 records in RAM.
INFO	2019-07-03 17:19:44	MarkDuplicates	Read    21,000,000 records.  Elapsed time: 00:03:28s.  Time for last 1,000,000:    9s.  Last read position: HiC_scaffold_16:7,543,665
INFO	2019-07-03 17:19:44	MarkDuplicates	Tracking 56172 as yet unmatched pairs. 1632 records in RAM.
INFO	2019-07-03 17:19:51	MarkDuplicates	Read    22,000,000 records.  Elapsed time: 00:03:35s.  Time for last 1,000,000:    7s.  Last read position: HiC_scaffold_17:6,212,372
INFO	2019-07-03 17:19:51	MarkDuplicates	Tracking 55136 as yet unmatched pairs. 2222 records in RAM.
INFO	2019-07-03 17:20:21	MarkDuplicates	Read    23,000,000 records.  Elapsed time: 00:04:05s.  Time for last 1,000,000:   30s.  Last read position: HiC_scaffold_18:6,518,615
INFO	2019-07-03 17:20:21	MarkDuplicates	Tracking 53788 as yet unmatched pairs. 1892 records in RAM.
INFO	2019-07-03 17:20:27	MarkDuplicates	Read    24,000,000 records.  Elapsed time: 00:04:12s.  Time for last 1,000,000:    6s.  Last read position: HiC_scaffold_19:4,583,873
INFO	2019-07-03 17:20:27	MarkDuplicates	Tracking 52370 as yet unmatched pairs. 2915 records in RAM.
INFO	2019-07-03 17:20:34	MarkDuplicates	Read    25,000,000 records.  Elapsed time: 00:04:19s.  Time for last 1,000,000:    6s.  Last read position: HiC_scaffold_20:1,443,349
INFO	2019-07-03 17:20:34	MarkDuplicates	Tracking 50644 as yet unmatched pairs. 3972 records in RAM.
INFO	2019-07-03 17:20:41	MarkDuplicates	Read    26,000,000 records.  Elapsed time: 00:04:26s.  Time for last 1,000,000:    7s.  Last read position: HiC_scaffold_21:1,818,288
INFO	2019-07-03 17:20:41	MarkDuplicates	Tracking 48204 as yet unmatched pairs. 3885 records in RAM.
INFO	2019-07-03 17:20:48	MarkDuplicates	Read    27,000,000 records.  Elapsed time: 00:04:32s.  Time for last 1,000,000:    6s.  Last read position: HiC_scaffold_21:11,781,557
INFO	2019-07-03 17:20:48	MarkDuplicates	Tracking 46112 as yet unmatched pairs. 555 records in RAM.
INFO	2019-07-03 17:20:55	MarkDuplicates	Read    28,000,000 records.  Elapsed time: 00:04:40s.  Time for last 1,000,000:    7s.  Last read position: HiC_scaffold_22:8,008,179
INFO	2019-07-03 17:20:55	MarkDuplicates	Tracking 42838 as yet unmatched pairs. 1580 records in RAM.
INFO	2019-07-03 17:21:02	MarkDuplicates	Read    29,000,000 records.  Elapsed time: 00:04:47s.  Time for last 1,000,000:    7s.  Last read position: HiC_scaffold_23:7,565,718
INFO	2019-07-03 17:21:02	MarkDuplicates	Tracking 39493 as yet unmatched pairs. 691 records in RAM.
INFO	2019-07-03 17:21:10	MarkDuplicates	Read    30,000,000 records.  Elapsed time: 00:04:54s.  Time for last 1,000,000:    7s.  Last read position: HiC_scaffold_24:7,010,621
INFO	2019-07-03 17:21:10	MarkDuplicates	Tracking 35903 as yet unmatched pairs. 2083 records in RAM.
INFO	2019-07-03 17:21:17	MarkDuplicates	Read    31,000,000 records.  Elapsed time: 00:05:01s.  Time for last 1,000,000:    7s.  Last read position: HiC_scaffold_25:7,176,544
INFO	2019-07-03 17:21:17	MarkDuplicates	Tracking 32388 as yet unmatched pairs. 2880 records in RAM.
INFO	2019-07-03 17:21:32	MarkDuplicates	Read    32,000,000 records.  Elapsed time: 00:05:16s.  Time for last 1,000,000:   14s.  Last read position: HiC_scaffold_26:3,929,825
INFO	2019-07-03 17:21:32	MarkDuplicates	Tracking 28024 as yet unmatched pairs. 2822 records in RAM.
INFO	2019-07-03 17:21:38	MarkDuplicates	Read    33,000,000 records.  Elapsed time: 00:05:22s.  Time for last 1,000,000:    5s.  Last read position: HiC_scaffold_27:5,999,138
INFO	2019-07-03 17:21:38	MarkDuplicates	Tracking 23312 as yet unmatched pairs. 3540 records in RAM.
INFO	2019-07-03 17:21:47	MarkDuplicates	Read    34,000,000 records.  Elapsed time: 00:05:31s.  Time for last 1,000,000:    9s.  Last read position: HiC_scaffold_28:1,375,863
INFO	2019-07-03 17:21:47	MarkDuplicates	Tracking 19022 as yet unmatched pairs. 4983 records in RAM.
INFO	2019-07-03 17:22:42	MarkDuplicates	Read    35,000,000 records.  Elapsed time: 00:06:27s.  Time for last 1,000,000:   55s.  Last read position: HiC_scaffold_29:7,517,830
INFO	2019-07-03 17:22:42	MarkDuplicates	Tracking 11160 as yet unmatched pairs. 7365 records in RAM.
INFO	2019-07-03 17:22:50	MarkDuplicates	Read    36,000,000 records.  Elapsed time: 00:06:34s.  Time for last 1,000,000:    7s.  Last read position: HiC_scaffold_266:20,627
INFO	2019-07-03 17:22:50	MarkDuplicates	Tracking 2312 as yet unmatched pairs. 57 records in RAM.
INFO	2019-07-03 17:22:53	MarkDuplicates	Read 36475052 records. 0 pairs never matched.
INFO	2019-07-03 17:23:29	MarkDuplicates	After buildSortedReadEndLists freeMemory: 2705197032; totalMemory: 3767533568; maxMemory: 3817865216
INFO	2019-07-03 17:23:29	MarkDuplicates	Will retain up to 119308288 duplicate indices before spilling to disk.
INFO	2019-07-03 17:23:30	MarkDuplicates	Traversing read pair information and detecting duplicates.
INFO	2019-07-03 17:23:31	MarkDuplicates	Traversing fragment information and detecting duplicates.
INFO	2019-07-03 17:23:45	MarkDuplicates	Sorting list of duplicate records.
INFO	2019-07-03 17:23:47	MarkDuplicates	After generateDuplicateIndexes freeMemory: 2745322744; totalMemory: 3728211968; maxMemory: 3817865216
INFO	2019-07-03 17:23:47	MarkDuplicates	Marking 4818910 records as duplicates.
INFO	2019-07-03 17:23:47	MarkDuplicates	Found 184699 optical duplicate clusters.
INFO	2019-07-03 17:23:47	MarkDuplicates	Reads are assumed to be ordered by: coordinate
INFO	2019-07-03 17:26:15	MarkDuplicates	Written    10,000,000 records.  Elapsed time: 00:02:28s.  Time for last 10,000,000:  148s.  Last read position: HiC_scaffold_10:3,353,099
INFO	2019-07-03 17:28:46	MarkDuplicates	Written    20,000,000 records.  Elapsed time: 00:04:59s.  Time for last 10,000,000:  151s.  Last read position: HiC_scaffold_18:7,136,162
INFO	2019-07-03 17:31:16	MarkDuplicates	Written    30,000,000 records.  Elapsed time: 00:07:29s.  Time for last 10,000,000:  149s.  Last read position: HiC_scaffold_29:1,443,204
INFO	2019-07-03 17:33:40	MarkDuplicates	Written    40,000,000 records.  Elapsed time: 00:09:53s.  Time for last 10,000,000:  144s.  Last read position: */*
INFO	2019-07-03 17:35:18	MarkDuplicates	Before output close freeMemory: 3809110336; totalMemory: 3840409600; maxMemory: 3840409600
INFO	2019-07-03 17:35:18	MarkDuplicates	After output close freeMemory: 3809095832; totalMemory: 3840409600; maxMemory: 3840409600
[Wed Jul 03 17:35:18 CEST 2019] picard.sam.markduplicates.MarkDuplicates done. Elapsed time: 19.07 minutes.
Runtime.totalMemory()=3840409600
[Wed Jul 03 17:35:19 CEST 2019] picard.sam.AddOrReplaceReadGroups INPUT=KNAM_0048.dupl_rm.bam OUTPUT=KNAM_0048.bam RGID=KNAM_0048 RGLB=lib1 RGPL=illumina RGPU=unit1 RGSM=KNAM_0048    VERBOSITY=INFO QUIET=false VALIDATION_STRINGENCY=STRICT COMPRESSION_LEVEL=5 MAX_RECORDS_IN_RAM=500000 CREATE_INDEX=false CREATE_MD5_FILE=false GA4GH_CLIENT_SECRETS=client_secrets.json
[Wed Jul 03 17:35:19 CEST 2019] Executing as knam@node112 on Linux 3.10.0-514.26.2.el7.x86_64 amd64; OpenJDK 64-Bit Server VM 1.8.0_102-b14; Picard version: 2.9.4-SNAPSHOT
INFO	2019-07-03 17:35:19	AddOrReplaceReadGroups	Created read group ID=KNAM_0048 PL=illumina LB=lib1 SM=KNAM_0048

INFO	2019-07-03 17:35:38	AddOrReplaceReadGroups	Processed     1,000,000 records.  Elapsed time: 00:00:18s.  Time for last 1,000,000:   18s.  Last read position: HiC_scaffold_1:12,490,165
INFO	2019-07-03 17:35:53	AddOrReplaceReadGroups	Processed     2,000,000 records.  Elapsed time: 00:00:33s.  Time for last 1,000,000:   15s.  Last read position: HiC_scaffold_2:11,354,116
INFO	2019-07-03 17:36:08	AddOrReplaceReadGroups	Processed     3,000,000 records.  Elapsed time: 00:00:48s.  Time for last 1,000,000:   14s.  Last read position: HiC_scaffold_3:9,196,460
INFO	2019-07-03 17:36:23	AddOrReplaceReadGroups	Processed     4,000,000 records.  Elapsed time: 00:01:03s.  Time for last 1,000,000:   15s.  Last read position: HiC_scaffold_4:6,450,218
INFO	2019-07-03 17:36:38	AddOrReplaceReadGroups	Processed     5,000,000 records.  Elapsed time: 00:01:18s.  Time for last 1,000,000:   14s.  Last read position: HiC_scaffold_5:2,862,396
INFO	2019-07-03 17:36:53	AddOrReplaceReadGroups	Processed     6,000,000 records.  Elapsed time: 00:01:33s.  Time for last 1,000,000:   15s.  Last read position: HiC_scaffold_6:3,584,280
INFO	2019-07-03 17:37:08	AddOrReplaceReadGroups	Processed     7,000,000 records.  Elapsed time: 00:01:48s.  Time for last 1,000,000:   15s.  Last read position: HiC_scaffold_7:5,766,437
INFO	2019-07-03 17:37:23	AddOrReplaceReadGroups	Processed     8,000,000 records.  Elapsed time: 00:02:03s.  Time for last 1,000,000:   15s.  Last read position: HiC_scaffold_8:3,911,719
INFO	2019-07-03 17:37:38	AddOrReplaceReadGroups	Processed     9,000,000 records.  Elapsed time: 00:02:18s.  Time for last 1,000,000:   14s.  Last read position: HiC_scaffold_9:3,928,186
INFO	2019-07-03 17:37:53	AddOrReplaceReadGroups	Processed    10,000,000 records.  Elapsed time: 00:02:33s.  Time for last 1,000,000:   14s.  Last read position: HiC_scaffold_10:3,353,099
INFO	2019-07-03 17:38:08	AddOrReplaceReadGroups	Processed    11,000,000 records.  Elapsed time: 00:02:48s.  Time for last 1,000,000:   14s.  Last read position: HiC_scaffold_11:562,795
INFO	2019-07-03 17:38:23	AddOrReplaceReadGroups	Processed    12,000,000 records.  Elapsed time: 00:03:03s.  Time for last 1,000,000:   14s.  Last read position: HiC_scaffold_11:11,486,425
INFO	2019-07-03 17:38:38	AddOrReplaceReadGroups	Processed    13,000,000 records.  Elapsed time: 00:03:18s.  Time for last 1,000,000:   15s.  Last read position: HiC_scaffold_12:8,930,499
INFO	2019-07-03 17:38:53	AddOrReplaceReadGroups	Processed    14,000,000 records.  Elapsed time: 00:03:34s.  Time for last 1,000,000:   15s.  Last read position: HiC_scaffold_13:1,440,083
INFO	2019-07-03 17:39:08	AddOrReplaceReadGroups	Processed    15,000,000 records.  Elapsed time: 00:03:48s.  Time for last 1,000,000:   14s.  Last read position: HiC_scaffold_13:12,445,844
INFO	2019-07-03 17:39:24	AddOrReplaceReadGroups	Processed    16,000,000 records.  Elapsed time: 00:04:04s.  Time for last 1,000,000:   15s.  Last read position: HiC_scaffold_14:9,192,974
INFO	2019-07-03 17:39:40	AddOrReplaceReadGroups	Processed    17,000,000 records.  Elapsed time: 00:04:20s.  Time for last 1,000,000:   16s.  Last read position: HiC_scaffold_15:6,820,929
INFO	2019-07-03 17:39:57	AddOrReplaceReadGroups	Processed    18,000,000 records.  Elapsed time: 00:04:37s.  Time for last 1,000,000:   16s.  Last read position: HiC_scaffold_16:5,153,354
INFO	2019-07-03 17:40:13	AddOrReplaceReadGroups	Processed    19,000,000 records.  Elapsed time: 00:04:54s.  Time for last 1,000,000:   16s.  Last read position: HiC_scaffold_17:5,297,942
INFO	2019-07-03 17:40:30	AddOrReplaceReadGroups	Processed    20,000,000 records.  Elapsed time: 00:05:10s.  Time for last 1,000,000:   16s.  Last read position: HiC_scaffold_18:7,136,162
INFO	2019-07-03 17:40:47	AddOrReplaceReadGroups	Processed    21,000,000 records.  Elapsed time: 00:05:27s.  Time for last 1,000,000:   16s.  Last read position: HiC_scaffold_19:6,779,808
INFO	2019-07-03 17:41:03	AddOrReplaceReadGroups	Processed    22,000,000 records.  Elapsed time: 00:05:44s.  Time for last 1,000,000:   16s.  Last read position: HiC_scaffold_20:5,419,179
INFO	2019-07-03 17:41:20	AddOrReplaceReadGroups	Processed    23,000,000 records.  Elapsed time: 00:06:00s.  Time for last 1,000,000:   16s.  Last read position: HiC_scaffold_21:6,777,757
INFO	2019-07-03 17:41:36	AddOrReplaceReadGroups	Processed    24,000,000 records.  Elapsed time: 00:06:17s.  Time for last 1,000,000:   16s.  Last read position: HiC_scaffold_22:4,490,152
INFO	2019-07-03 17:41:53	AddOrReplaceReadGroups	Processed    25,000,000 records.  Elapsed time: 00:06:33s.  Time for last 1,000,000:   16s.  Last read position: HiC_scaffold_23:5,455,093
INFO	2019-07-03 17:42:09	AddOrReplaceReadGroups	Processed    26,000,000 records.  Elapsed time: 00:06:49s.  Time for last 1,000,000:   15s.  Last read position: HiC_scaffold_24:6,554,305
INFO	2019-07-03 17:42:25	AddOrReplaceReadGroups	Processed    27,000,000 records.  Elapsed time: 00:07:06s.  Time for last 1,000,000:   16s.  Last read position: HiC_scaffold_25:8,220,266
INFO	2019-07-03 17:42:42	AddOrReplaceReadGroups	Processed    28,000,000 records.  Elapsed time: 00:07:22s.  Time for last 1,000,000:   16s.  Last read position: HiC_scaffold_26:7,118,978
INFO	2019-07-03 17:42:59	AddOrReplaceReadGroups	Processed    29,000,000 records.  Elapsed time: 00:07:39s.  Time for last 1,000,000:   16s.  Last read position: HiC_scaffold_27:9,824,640
INFO	2019-07-03 17:43:16	AddOrReplaceReadGroups	Processed    30,000,000 records.  Elapsed time: 00:07:56s.  Time for last 1,000,000:   16s.  Last read position: HiC_scaffold_29:1,443,204
INFO	2019-07-03 17:43:32	AddOrReplaceReadGroups	Processed    31,000,000 records.  Elapsed time: 00:08:12s.  Time for last 1,000,000:   16s.  Last read position: HiC_scaffold_29:19,445,895
INFO	2019-07-03 17:43:49	AddOrReplaceReadGroups	Processed    32,000,000 records.  Elapsed time: 00:08:29s.  Time for last 1,000,000:   16s.  Last read position: */*
INFO	2019-07-03 17:44:05	AddOrReplaceReadGroups	Processed    33,000,000 records.  Elapsed time: 00:08:45s.  Time for last 1,000,000:   16s.  Last read position: */*
INFO	2019-07-03 17:44:21	AddOrReplaceReadGroups	Processed    34,000,000 records.  Elapsed time: 00:09:01s.  Time for last 1,000,000:   16s.  Last read position: */*
INFO	2019-07-03 17:44:37	AddOrReplaceReadGroups	Processed    35,000,000 records.  Elapsed time: 00:09:17s.  Time for last 1,000,000:   16s.  Last read position: */*
INFO	2019-07-03 17:44:53	AddOrReplaceReadGroups	Processed    36,000,000 records.  Elapsed time: 00:09:33s.  Time for last 1,000,000:   16s.  Last read position: */*
INFO	2019-07-03 17:45:09	AddOrReplaceReadGroups	Processed    37,000,000 records.  Elapsed time: 00:09:49s.  Time for last 1,000,000:   16s.  Last read position: */*
INFO	2019-07-03 17:45:25	AddOrReplaceReadGroups	Processed    38,000,000 records.  Elapsed time: 00:10:05s.  Time for last 1,000,000:   16s.  Last read position: */*
INFO	2019-07-03 17:45:41	AddOrReplaceReadGroups	Processed    39,000,000 records.  Elapsed time: 00:10:22s.  Time for last 1,000,000:   16s.  Last read position: */*
INFO	2019-07-03 17:45:58	AddOrReplaceReadGroups	Processed    40,000,000 records.  Elapsed time: 00:10:38s.  Time for last 1,000,000:   16s.  Last read position: */*
INFO	2019-07-03 17:46:15	AddOrReplaceReadGroups	Processed    41,000,000 records.  Elapsed time: 00:10:56s.  Time for last 1,000,000:   17s.  Last read position: */*
INFO	2019-07-03 17:46:33	AddOrReplaceReadGroups	Processed    42,000,000 records.  Elapsed time: 00:11:13s.  Time for last 1,000,000:   17s.  Last read position: */*
INFO	2019-07-03 17:46:49	AddOrReplaceReadGroups	Processed    43,000,000 records.  Elapsed time: 00:11:30s.  Time for last 1,000,000:   16s.  Last read position: */*
INFO	2019-07-03 17:47:06	AddOrReplaceReadGroups	Processed    44,000,000 records.  Elapsed time: 00:11:47s.  Time for last 1,000,000:   16s.  Last read position: */*
INFO	2019-07-03 17:47:23	AddOrReplaceReadGroups	Processed    45,000,000 records.  Elapsed time: 00:12:03s.  Time for last 1,000,000:   16s.  Last read position: */*
INFO	2019-07-03 17:47:40	AddOrReplaceReadGroups	Processed    46,000,000 records.  Elapsed time: 00:12:21s.  Time for last 1,000,000:   17s.  Last read position: */*
[Wed Jul 03 17:47:49 CEST 2019] picard.sam.AddOrReplaceReadGroups done. Elapsed time: 12.50 minutes.
Runtime.totalMemory()=1512570880
