23350603 reads; of these:
  23350603 (100.00%) were paired; of these:
    12033600 (51.53%) aligned concordantly 0 times
    8750819 (37.48%) aligned concordantly exactly 1 time
    2566184 (10.99%) aligned concordantly >1 times
    ----
    12033600 pairs aligned concordantly 0 times; of these:
      44741 (0.37%) aligned discordantly 1 time
    ----
    11988859 pairs aligned 0 times concordantly or discordantly; of these:
      23977718 mates make up the pairs; of these:
        20434358 (85.22%) aligned 0 times
        2893594 (12.07%) aligned exactly 1 time
        649766 (2.71%) aligned >1 times
56.24% overall alignment rate
[bam_sort_core] merging from 21 files and 1 in-memory blocks...
[Wed Jul 03 15:42:35 CEST 2019] picard.sam.markduplicates.MarkDuplicates MAX_FILE_HANDLES_FOR_READ_ENDS_MAP=1000 INPUT=[B12.sorted.bam] OUTPUT=B12.dupl_rm.bam METRICS_FILE=B12.metricN.log REMOVE_DUPLICATES=true ASSUME_SORTED=true    MAX_SEQUENCES_FOR_DISK_READ_ENDS_MAP=50000 SORTING_COLLECTION_SIZE_RATIO=0.25 TAG_DUPLICATE_SET_MEMBERS=false REMOVE_SEQUENCING_DUPLICATES=false TAGGING_POLICY=DontTag DUPLICATE_SCORING_STRATEGY=SUM_OF_BASE_QUALITIES PROGRAM_RECORD_ID=MarkDuplicates PROGRAM_GROUP_NAME=MarkDuplicates READ_NAME_REGEX=<optimized capture of last three ':' separated fields as numeric values> OPTICAL_DUPLICATE_PIXEL_DISTANCE=100 VERBOSITY=INFO QUIET=false VALIDATION_STRINGENCY=STRICT COMPRESSION_LEVEL=5 MAX_RECORDS_IN_RAM=500000 CREATE_INDEX=false CREATE_MD5_FILE=false GA4GH_CLIENT_SECRETS=client_secrets.json
[Wed Jul 03 15:42:35 CEST 2019] Executing as knam@node126 on Linux 3.10.0-514.26.2.el7.x86_64 amd64; OpenJDK 64-Bit Server VM 1.8.0_102-b14; Picard version: 2.9.4-SNAPSHOT
INFO	2019-07-03 15:42:35	MarkDuplicates	Start of doWork freeMemory: 2031680776; totalMemory: 2058354688; maxMemory: 3817865216
INFO	2019-07-03 15:42:35	MarkDuplicates	Reading input file and constructing read end information.
INFO	2019-07-03 15:42:35	MarkDuplicates	Will retain up to 13832844 data points before spilling to disk.
INFO	2019-07-03 15:42:50	MarkDuplicates	Read     1,000,000 records.  Elapsed time: 00:00:14s.  Time for last 1,000,000:   14s.  Last read position: HiC_scaffold_1:13,092,065
INFO	2019-07-03 15:42:50	MarkDuplicates	Tracking 3684 as yet unmatched pairs. 6 records in RAM.
INFO	2019-07-03 15:42:57	MarkDuplicates	Read     2,000,000 records.  Elapsed time: 00:00:21s.  Time for last 1,000,000:    7s.  Last read position: HiC_scaffold_2:12,651,113
INFO	2019-07-03 15:42:57	MarkDuplicates	Tracking 7190 as yet unmatched pairs. 12 records in RAM.
INFO	2019-07-03 15:43:07	MarkDuplicates	Read     3,000,000 records.  Elapsed time: 00:00:31s.  Time for last 1,000,000:    9s.  Last read position: HiC_scaffold_3:10,553,961
INFO	2019-07-03 15:43:07	MarkDuplicates	Tracking 10664 as yet unmatched pairs. 118 records in RAM.
INFO	2019-07-03 15:43:17	MarkDuplicates	Read     4,000,000 records.  Elapsed time: 00:00:41s.  Time for last 1,000,000:    9s.  Last read position: HiC_scaffold_4:8,504,495
INFO	2019-07-03 15:43:17	MarkDuplicates	Tracking 13708 as yet unmatched pairs. 249 records in RAM.
INFO	2019-07-03 15:43:25	MarkDuplicates	Read     5,000,000 records.  Elapsed time: 00:00:49s.  Time for last 1,000,000:    7s.  Last read position: HiC_scaffold_5:6,040,802
INFO	2019-07-03 15:43:25	MarkDuplicates	Tracking 16620 as yet unmatched pairs. 282 records in RAM.
INFO	2019-07-03 15:43:34	MarkDuplicates	Read     6,000,000 records.  Elapsed time: 00:00:57s.  Time for last 1,000,000:    8s.  Last read position: HiC_scaffold_6:7,817,190
INFO	2019-07-03 15:43:34	MarkDuplicates	Tracking 20150 as yet unmatched pairs. 192 records in RAM.
INFO	2019-07-03 15:43:41	MarkDuplicates	Read     7,000,000 records.  Elapsed time: 00:01:04s.  Time for last 1,000,000:    6s.  Last read position: HiC_scaffold_7:9,514,304
INFO	2019-07-03 15:43:41	MarkDuplicates	Tracking 22582 as yet unmatched pairs. 310 records in RAM.
INFO	2019-07-03 15:43:48	MarkDuplicates	Read     8,000,000 records.  Elapsed time: 00:01:12s.  Time for last 1,000,000:    7s.  Last read position: HiC_scaffold_8:8,503,042
INFO	2019-07-03 15:43:48	MarkDuplicates	Tracking 24968 as yet unmatched pairs. 271 records in RAM.
INFO	2019-07-03 15:43:55	MarkDuplicates	Read     9,000,000 records.  Elapsed time: 00:01:19s.  Time for last 1,000,000:    6s.  Last read position: HiC_scaffold_9:9,245,566
INFO	2019-07-03 15:43:55	MarkDuplicates	Tracking 27138 as yet unmatched pairs. 250 records in RAM.
INFO	2019-07-03 15:44:03	MarkDuplicates	Read    10,000,000 records.  Elapsed time: 00:01:27s.  Time for last 1,000,000:    7s.  Last read position: HiC_scaffold_10:8,814,779
INFO	2019-07-03 15:44:03	MarkDuplicates	Tracking 28776 as yet unmatched pairs. 466 records in RAM.
INFO	2019-07-03 15:44:10	MarkDuplicates	Read    11,000,000 records.  Elapsed time: 00:01:34s.  Time for last 1,000,000:    6s.  Last read position: HiC_scaffold_11:6,889,538
INFO	2019-07-03 15:44:10	MarkDuplicates	Tracking 30210 as yet unmatched pairs. 797 records in RAM.
INFO	2019-07-03 15:44:17	MarkDuplicates	Read    12,000,000 records.  Elapsed time: 00:01:41s.  Time for last 1,000,000:    7s.  Last read position: HiC_scaffold_12:4,366,653
INFO	2019-07-03 15:44:17	MarkDuplicates	Tracking 32442 as yet unmatched pairs. 4809 records in RAM.
INFO	2019-07-03 15:44:26	MarkDuplicates	Read    13,000,000 records.  Elapsed time: 00:01:50s.  Time for last 1,000,000:    8s.  Last read position: HiC_scaffold_12:17,867,622
INFO	2019-07-03 15:44:26	MarkDuplicates	Tracking 34934 as yet unmatched pairs. 1218 records in RAM.
INFO	2019-07-03 15:45:14	MarkDuplicates	Read    14,000,000 records.  Elapsed time: 00:02:38s.  Time for last 1,000,000:   48s.  Last read position: HiC_scaffold_13:9,228,862
INFO	2019-07-03 15:45:14	MarkDuplicates	Tracking 35244 as yet unmatched pairs. 676 records in RAM.
INFO	2019-07-03 15:45:21	MarkDuplicates	Read    15,000,000 records.  Elapsed time: 00:02:45s.  Time for last 1,000,000:    6s.  Last read position: HiC_scaffold_14:6,703,574
INFO	2019-07-03 15:45:21	MarkDuplicates	Tracking 35384 as yet unmatched pairs. 1213 records in RAM.
INFO	2019-07-03 15:45:37	MarkDuplicates	Read    16,000,000 records.  Elapsed time: 00:03:01s.  Time for last 1,000,000:   16s.  Last read position: HiC_scaffold_15:4,883,374
INFO	2019-07-03 15:45:37	MarkDuplicates	Tracking 35284 as yet unmatched pairs. 1266 records in RAM.
INFO	2019-07-03 15:45:44	MarkDuplicates	Read    17,000,000 records.  Elapsed time: 00:03:08s.  Time for last 1,000,000:    6s.  Last read position: HiC_scaffold_16:3,904,100
INFO	2019-07-03 15:45:44	MarkDuplicates	Tracking 35025 as yet unmatched pairs. 1600 records in RAM.
INFO	2019-07-03 15:45:53	MarkDuplicates	Read    18,000,000 records.  Elapsed time: 00:03:17s.  Time for last 1,000,000:    9s.  Last read position: HiC_scaffold_17:4,756,263
INFO	2019-07-03 15:45:53	MarkDuplicates	Tracking 34382 as yet unmatched pairs. 1778 records in RAM.
INFO	2019-07-03 15:46:00	MarkDuplicates	Read    19,000,000 records.  Elapsed time: 00:03:24s.  Time for last 1,000,000:    7s.  Last read position: HiC_scaffold_18:7,284,359
INFO	2019-07-03 15:46:00	MarkDuplicates	Tracking 33292 as yet unmatched pairs. 1069 records in RAM.
INFO	2019-07-03 15:46:08	MarkDuplicates	Read    20,000,000 records.  Elapsed time: 00:03:32s.  Time for last 1,000,000:    7s.  Last read position: HiC_scaffold_19:7,639,277
INFO	2019-07-03 15:46:08	MarkDuplicates	Tracking 32154 as yet unmatched pairs. 1295 records in RAM.
INFO	2019-07-03 15:46:14	MarkDuplicates	Read    21,000,000 records.  Elapsed time: 00:03:38s.  Time for last 1,000,000:    6s.  Last read position: HiC_scaffold_20:7,471,831
INFO	2019-07-03 15:46:14	MarkDuplicates	Tracking 30718 as yet unmatched pairs. 1088 records in RAM.
INFO	2019-07-03 15:46:21	MarkDuplicates	Read    22,000,000 records.  Elapsed time: 00:03:45s.  Time for last 1,000,000:    6s.  Last read position: HiC_scaffold_21:9,011,276
INFO	2019-07-03 15:46:21	MarkDuplicates	Tracking 29132 as yet unmatched pairs. 980 records in RAM.
INFO	2019-07-03 15:46:29	MarkDuplicates	Read    23,000,000 records.  Elapsed time: 00:03:53s.  Time for last 1,000,000:    7s.  Last read position: HiC_scaffold_22:7,557,863
INFO	2019-07-03 15:46:29	MarkDuplicates	Tracking 26762 as yet unmatched pairs. 1029 records in RAM.
INFO	2019-07-03 15:47:04	MarkDuplicates	Read    24,000,000 records.  Elapsed time: 00:04:28s.  Time for last 1,000,000:   34s.  Last read position: HiC_scaffold_24:616,708
INFO	2019-07-03 15:47:04	MarkDuplicates	Tracking 24114 as yet unmatched pairs. 3556 records in RAM.
INFO	2019-07-03 15:47:11	MarkDuplicates	Read    25,000,000 records.  Elapsed time: 00:04:35s.  Time for last 1,000,000:    6s.  Last read position: HiC_scaffold_25:3,569,021
INFO	2019-07-03 15:47:11	MarkDuplicates	Tracking 20714 as yet unmatched pairs. 2428 records in RAM.
INFO	2019-07-03 15:47:18	MarkDuplicates	Read    26,000,000 records.  Elapsed time: 00:04:42s.  Time for last 1,000,000:    7s.  Last read position: HiC_scaffold_26:1,902,718
INFO	2019-07-03 15:47:18	MarkDuplicates	Tracking 18212 as yet unmatched pairs. 2683 records in RAM.
INFO	2019-07-03 15:47:25	MarkDuplicates	Read    27,000,000 records.  Elapsed time: 00:04:49s.  Time for last 1,000,000:    6s.  Last read position: HiC_scaffold_27:6,023,342
INFO	2019-07-03 15:47:25	MarkDuplicates	Tracking 14391 as yet unmatched pairs. 2157 records in RAM.
INFO	2019-07-03 15:47:33	MarkDuplicates	Read    28,000,000 records.  Elapsed time: 00:04:57s.  Time for last 1,000,000:    8s.  Last read position: HiC_scaffold_28:4,204,923
INFO	2019-07-03 15:47:33	MarkDuplicates	Tracking 10262 as yet unmatched pairs. 1539 records in RAM.
INFO	2019-07-03 15:47:41	MarkDuplicates	Read    29,000,000 records.  Elapsed time: 00:05:05s.  Time for last 1,000,000:    7s.  Last read position: HiC_scaffold_29:14,079,642
INFO	2019-07-03 15:47:41	MarkDuplicates	Tracking 4796 as yet unmatched pairs. 2305 records in RAM.
INFO	2019-07-03 15:47:46	MarkDuplicates	Read 29678964 records. 0 pairs never matched.
INFO	2019-07-03 15:48:28	MarkDuplicates	After buildSortedReadEndLists freeMemory: 2763731848; totalMemory: 3671064576; maxMemory: 3817865216
INFO	2019-07-03 15:48:28	MarkDuplicates	Will retain up to 119308288 duplicate indices before spilling to disk.
INFO	2019-07-03 15:48:28	MarkDuplicates	Traversing read pair information and detecting duplicates.
INFO	2019-07-03 15:48:30	MarkDuplicates	Traversing fragment information and detecting duplicates.
INFO	2019-07-03 15:48:46	MarkDuplicates	Sorting list of duplicate records.
INFO	2019-07-03 15:48:47	MarkDuplicates	After generateDuplicateIndexes freeMemory: 2642150760; totalMemory: 3624927232; maxMemory: 3817865216
INFO	2019-07-03 15:48:47	MarkDuplicates	Marking 3769389 records as duplicates.
INFO	2019-07-03 15:48:47	MarkDuplicates	Found 138145 optical duplicate clusters.
INFO	2019-07-03 15:48:47	MarkDuplicates	Reads are assumed to be ordered by: coordinate
INFO	2019-07-03 15:51:34	MarkDuplicates	Written    10,000,000 records.  Elapsed time: 00:02:46s.  Time for last 10,000,000:  166s.  Last read position: HiC_scaffold_11:12,508,774
INFO	2019-07-03 15:54:39	MarkDuplicates	Written    20,000,000 records.  Elapsed time: 00:05:51s.  Time for last 10,000,000:  185s.  Last read position: HiC_scaffold_22:6,581,364
INFO	2019-07-03 15:57:29	MarkDuplicates	Written    30,000,000 records.  Elapsed time: 00:08:41s.  Time for last 10,000,000:  170s.  Last read position: */*
INFO	2019-07-03 16:00:07	MarkDuplicates	Written    40,000,000 records.  Elapsed time: 00:11:19s.  Time for last 10,000,000:  157s.  Last read position: */*
INFO	2019-07-03 16:00:54	MarkDuplicates	Before output close freeMemory: 3708589800; totalMemory: 3739746304; maxMemory: 3817865216
INFO	2019-07-03 16:00:55	MarkDuplicates	After output close freeMemory: 3708575296; totalMemory: 3739746304; maxMemory: 3817865216
[Wed Jul 03 16:00:55 CEST 2019] picard.sam.markduplicates.MarkDuplicates done. Elapsed time: 18.33 minutes.
Runtime.totalMemory()=3739746304
[Wed Jul 03 16:00:55 CEST 2019] picard.sam.AddOrReplaceReadGroups INPUT=B12.dupl_rm.bam OUTPUT=B12.bam RGID=B12 RGLB=lib1 RGPL=illumina RGPU=unit1 RGSM=B12    VERBOSITY=INFO QUIET=false VALIDATION_STRINGENCY=STRICT COMPRESSION_LEVEL=5 MAX_RECORDS_IN_RAM=500000 CREATE_INDEX=false CREATE_MD5_FILE=false GA4GH_CLIENT_SECRETS=client_secrets.json
[Wed Jul 03 16:00:55 CEST 2019] Executing as knam@node126 on Linux 3.10.0-514.26.2.el7.x86_64 amd64; OpenJDK 64-Bit Server VM 1.8.0_102-b14; Picard version: 2.9.4-SNAPSHOT
INFO	2019-07-03 16:00:55	AddOrReplaceReadGroups	Created read group ID=B12 PL=illumina LB=lib1 SM=B12

INFO	2019-07-03 16:01:15	AddOrReplaceReadGroups	Processed     1,000,000 records.  Elapsed time: 00:00:19s.  Time for last 1,000,000:   19s.  Last read position: HiC_scaffold_2:1,821,389
INFO	2019-07-03 16:01:31	AddOrReplaceReadGroups	Processed     2,000,000 records.  Elapsed time: 00:00:35s.  Time for last 1,000,000:   15s.  Last read position: HiC_scaffold_3:2,659,400
INFO	2019-07-03 16:01:46	AddOrReplaceReadGroups	Processed     3,000,000 records.  Elapsed time: 00:00:50s.  Time for last 1,000,000:   15s.  Last read position: HiC_scaffold_4:1,935,466
INFO	2019-07-03 16:02:02	AddOrReplaceReadGroups	Processed     4,000,000 records.  Elapsed time: 00:01:06s.  Time for last 1,000,000:   15s.  Last read position: HiC_scaffold_5:772,173
INFO	2019-07-03 16:02:18	AddOrReplaceReadGroups	Processed     5,000,000 records.  Elapsed time: 00:01:22s.  Time for last 1,000,000:   15s.  Last read position: HiC_scaffold_6:4,116,583
INFO	2019-07-03 16:02:33	AddOrReplaceReadGroups	Processed     6,000,000 records.  Elapsed time: 00:01:37s.  Time for last 1,000,000:   15s.  Last read position: HiC_scaffold_7:8,242,460
INFO	2019-07-03 16:02:49	AddOrReplaceReadGroups	Processed     7,000,000 records.  Elapsed time: 00:01:53s.  Time for last 1,000,000:   15s.  Last read position: HiC_scaffold_8:8,771,761
INFO	2019-07-03 16:03:05	AddOrReplaceReadGroups	Processed     8,000,000 records.  Elapsed time: 00:02:09s.  Time for last 1,000,000:   15s.  Last read position: HiC_scaffold_9:11,802,350
INFO	2019-07-03 16:03:21	AddOrReplaceReadGroups	Processed     9,000,000 records.  Elapsed time: 00:02:25s.  Time for last 1,000,000:   15s.  Last read position: HiC_scaffold_10:13,131,708
INFO	2019-07-03 16:03:36	AddOrReplaceReadGroups	Processed    10,000,000 records.  Elapsed time: 00:02:40s.  Time for last 1,000,000:   15s.  Last read position: HiC_scaffold_11:12,508,774
INFO	2019-07-03 16:03:53	AddOrReplaceReadGroups	Processed    11,000,000 records.  Elapsed time: 00:02:57s.  Time for last 1,000,000:   16s.  Last read position: HiC_scaffold_12:12,976,657
INFO	2019-07-03 16:04:09	AddOrReplaceReadGroups	Processed    12,000,000 records.  Elapsed time: 00:03:12s.  Time for last 1,000,000:   15s.  Last read position: HiC_scaffold_13:6,716,284
INFO	2019-07-03 16:04:25	AddOrReplaceReadGroups	Processed    13,000,000 records.  Elapsed time: 00:03:29s.  Time for last 1,000,000:   16s.  Last read position: HiC_scaffold_14:5,658,905
INFO	2019-07-03 16:04:41	AddOrReplaceReadGroups	Processed    14,000,000 records.  Elapsed time: 00:03:45s.  Time for last 1,000,000:   15s.  Last read position: HiC_scaffold_15:5,556,969
INFO	2019-07-03 16:04:57	AddOrReplaceReadGroups	Processed    15,000,000 records.  Elapsed time: 00:04:01s.  Time for last 1,000,000:   16s.  Last read position: HiC_scaffold_16:6,284,762
INFO	2019-07-03 16:05:13	AddOrReplaceReadGroups	Processed    16,000,000 records.  Elapsed time: 00:04:17s.  Time for last 1,000,000:   16s.  Last read position: HiC_scaffold_17:9,704,056
INFO	2019-07-03 16:05:29	AddOrReplaceReadGroups	Processed    17,000,000 records.  Elapsed time: 00:04:33s.  Time for last 1,000,000:   15s.  Last read position: HiC_scaffold_19:859,332
INFO	2019-07-03 16:05:45	AddOrReplaceReadGroups	Processed    18,000,000 records.  Elapsed time: 00:04:49s.  Time for last 1,000,000:   15s.  Last read position: HiC_scaffold_20:2,250,498
INFO	2019-07-03 16:06:01	AddOrReplaceReadGroups	Processed    19,000,000 records.  Elapsed time: 00:05:05s.  Time for last 1,000,000:   15s.  Last read position: HiC_scaffold_21:6,403,151
INFO	2019-07-03 16:06:17	AddOrReplaceReadGroups	Processed    20,000,000 records.  Elapsed time: 00:05:21s.  Time for last 1,000,000:   15s.  Last read position: HiC_scaffold_22:6,581,364
INFO	2019-07-03 16:06:33	AddOrReplaceReadGroups	Processed    21,000,000 records.  Elapsed time: 00:05:37s.  Time for last 1,000,000:   16s.  Last read position: HiC_scaffold_24:1,771,828
INFO	2019-07-03 16:06:49	AddOrReplaceReadGroups	Processed    22,000,000 records.  Elapsed time: 00:05:52s.  Time for last 1,000,000:   15s.  Last read position: HiC_scaffold_25:5,961,462
INFO	2019-07-03 16:07:04	AddOrReplaceReadGroups	Processed    23,000,000 records.  Elapsed time: 00:06:08s.  Time for last 1,000,000:   15s.  Last read position: HiC_scaffold_26:6,909,877
INFO	2019-07-03 16:07:20	AddOrReplaceReadGroups	Processed    24,000,000 records.  Elapsed time: 00:06:24s.  Time for last 1,000,000:   15s.  Last read position: HiC_scaffold_27:11,775,081
INFO	2019-07-03 16:07:36	AddOrReplaceReadGroups	Processed    25,000,000 records.  Elapsed time: 00:06:40s.  Time for last 1,000,000:   16s.  Last read position: HiC_scaffold_29:7,847,183
INFO	2019-07-03 16:07:52	AddOrReplaceReadGroups	Processed    26,000,000 records.  Elapsed time: 00:06:56s.  Time for last 1,000,000:   16s.  Last read position: */*
INFO	2019-07-03 16:08:08	AddOrReplaceReadGroups	Processed    27,000,000 records.  Elapsed time: 00:07:11s.  Time for last 1,000,000:   15s.  Last read position: */*
INFO	2019-07-03 16:08:23	AddOrReplaceReadGroups	Processed    28,000,000 records.  Elapsed time: 00:07:27s.  Time for last 1,000,000:   15s.  Last read position: */*
INFO	2019-07-03 16:08:38	AddOrReplaceReadGroups	Processed    29,000,000 records.  Elapsed time: 00:07:42s.  Time for last 1,000,000:   15s.  Last read position: */*
INFO	2019-07-03 16:08:53	AddOrReplaceReadGroups	Processed    30,000,000 records.  Elapsed time: 00:07:57s.  Time for last 1,000,000:   15s.  Last read position: */*
INFO	2019-07-03 16:09:08	AddOrReplaceReadGroups	Processed    31,000,000 records.  Elapsed time: 00:08:12s.  Time for last 1,000,000:   14s.  Last read position: */*
INFO	2019-07-03 16:09:24	AddOrReplaceReadGroups	Processed    32,000,000 records.  Elapsed time: 00:08:28s.  Time for last 1,000,000:   15s.  Last read position: */*
INFO	2019-07-03 16:09:39	AddOrReplaceReadGroups	Processed    33,000,000 records.  Elapsed time: 00:08:43s.  Time for last 1,000,000:   15s.  Last read position: */*
INFO	2019-07-03 16:09:54	AddOrReplaceReadGroups	Processed    34,000,000 records.  Elapsed time: 00:08:58s.  Time for last 1,000,000:   15s.  Last read position: */*
INFO	2019-07-03 16:10:10	AddOrReplaceReadGroups	Processed    35,000,000 records.  Elapsed time: 00:09:14s.  Time for last 1,000,000:   15s.  Last read position: */*
INFO	2019-07-03 16:10:26	AddOrReplaceReadGroups	Processed    36,000,000 records.  Elapsed time: 00:09:30s.  Time for last 1,000,000:   16s.  Last read position: */*
INFO	2019-07-03 16:10:42	AddOrReplaceReadGroups	Processed    37,000,000 records.  Elapsed time: 00:09:46s.  Time for last 1,000,000:   16s.  Last read position: */*
INFO	2019-07-03 16:10:58	AddOrReplaceReadGroups	Processed    38,000,000 records.  Elapsed time: 00:10:02s.  Time for last 1,000,000:   15s.  Last read position: */*
INFO	2019-07-03 16:11:14	AddOrReplaceReadGroups	Processed    39,000,000 records.  Elapsed time: 00:10:18s.  Time for last 1,000,000:   15s.  Last read position: */*
INFO	2019-07-03 16:11:30	AddOrReplaceReadGroups	Processed    40,000,000 records.  Elapsed time: 00:10:34s.  Time for last 1,000,000:   15s.  Last read position: */*
INFO	2019-07-03 16:11:46	AddOrReplaceReadGroups	Processed    41,000,000 records.  Elapsed time: 00:10:49s.  Time for last 1,000,000:   15s.  Last read position: */*
INFO	2019-07-03 16:12:02	AddOrReplaceReadGroups	Processed    42,000,000 records.  Elapsed time: 00:11:06s.  Time for last 1,000,000:   16s.  Last read position: */*
[Wed Jul 03 16:12:17 CEST 2019] picard.sam.AddOrReplaceReadGroups done. Elapsed time: 11.36 minutes.
Runtime.totalMemory()=1512570880
