22148184 reads; of these:
  22148184 (100.00%) were paired; of these:
    11890959 (53.69%) aligned concordantly 0 times
    7911464 (35.72%) aligned concordantly exactly 1 time
    2345761 (10.59%) aligned concordantly >1 times
    ----
    11890959 pairs aligned concordantly 0 times; of these:
      78917 (0.66%) aligned discordantly 1 time
    ----
    11812042 pairs aligned 0 times concordantly or discordantly; of these:
      23624084 mates make up the pairs; of these:
        18020130 (76.28%) aligned 0 times
        4553626 (19.28%) aligned exactly 1 time
        1050328 (4.45%) aligned >1 times
59.32% overall alignment rate
[bam_sort_core] merging from 20 files and 1 in-memory blocks...
[Wed Jul 03 17:25:34 CEST 2019] picard.sam.markduplicates.MarkDuplicates MAX_FILE_HANDLES_FOR_READ_ENDS_MAP=1000 INPUT=[FGJ4.sorted.bam] OUTPUT=FGJ4.dupl_rm.bam METRICS_FILE=FGJ4.metricN.log REMOVE_DUPLICATES=true ASSUME_SORTED=true    MAX_SEQUENCES_FOR_DISK_READ_ENDS_MAP=50000 SORTING_COLLECTION_SIZE_RATIO=0.25 TAG_DUPLICATE_SET_MEMBERS=false REMOVE_SEQUENCING_DUPLICATES=false TAGGING_POLICY=DontTag DUPLICATE_SCORING_STRATEGY=SUM_OF_BASE_QUALITIES PROGRAM_RECORD_ID=MarkDuplicates PROGRAM_GROUP_NAME=MarkDuplicates READ_NAME_REGEX=<optimized capture of last three ':' separated fields as numeric values> OPTICAL_DUPLICATE_PIXEL_DISTANCE=100 VERBOSITY=INFO QUIET=false VALIDATION_STRINGENCY=STRICT COMPRESSION_LEVEL=5 MAX_RECORDS_IN_RAM=500000 CREATE_INDEX=false CREATE_MD5_FILE=false GA4GH_CLIENT_SECRETS=client_secrets.json
[Wed Jul 03 17:25:34 CEST 2019] Executing as knam@node053 on Linux 3.10.0-514.26.2.el7.x86_64 amd64; OpenJDK 64-Bit Server VM 1.8.0_102-b14; Picard version: 2.9.4-SNAPSHOT
INFO	2019-07-03 17:25:34	MarkDuplicates	Start of doWork freeMemory: 2031682280; totalMemory: 2058354688; maxMemory: 3817865216
INFO	2019-07-03 17:25:34	MarkDuplicates	Reading input file and constructing read end information.
INFO	2019-07-03 17:25:34	MarkDuplicates	Will retain up to 13832844 data points before spilling to disk.
INFO	2019-07-03 17:25:50	MarkDuplicates	Read     1,000,000 records.  Elapsed time: 00:00:15s.  Time for last 1,000,000:   15s.  Last read position: HiC_scaffold_1:12,082,188
INFO	2019-07-03 17:25:50	MarkDuplicates	Tracking 10465 as yet unmatched pairs. 313 records in RAM.
INFO	2019-07-03 17:26:00	MarkDuplicates	Read     2,000,000 records.  Elapsed time: 00:00:24s.  Time for last 1,000,000:    9s.  Last read position: HiC_scaffold_2:10,603,936
INFO	2019-07-03 17:26:00	MarkDuplicates	Tracking 19363 as yet unmatched pairs. 140 records in RAM.
INFO	2019-07-03 17:26:11	MarkDuplicates	Read     3,000,000 records.  Elapsed time: 00:00:36s.  Time for last 1,000,000:   11s.  Last read position: HiC_scaffold_3:8,625,612
INFO	2019-07-03 17:26:11	MarkDuplicates	Tracking 28170 as yet unmatched pairs. 475 records in RAM.
INFO	2019-07-03 17:26:21	MarkDuplicates	Read     4,000,000 records.  Elapsed time: 00:00:45s.  Time for last 1,000,000:    9s.  Last read position: HiC_scaffold_4:5,973,107
INFO	2019-07-03 17:26:21	MarkDuplicates	Tracking 37126 as yet unmatched pairs. 920 records in RAM.
INFO	2019-07-03 17:26:30	MarkDuplicates	Read     5,000,000 records.  Elapsed time: 00:00:55s.  Time for last 1,000,000:    9s.  Last read position: HiC_scaffold_5:2,350,450
INFO	2019-07-03 17:26:30	MarkDuplicates	Tracking 44794 as yet unmatched pairs. 1239 records in RAM.
INFO	2019-07-03 17:26:39	MarkDuplicates	Read     6,000,000 records.  Elapsed time: 00:01:04s.  Time for last 1,000,000:    9s.  Last read position: HiC_scaffold_6:2,495,326
INFO	2019-07-03 17:26:39	MarkDuplicates	Tracking 52552 as yet unmatched pairs. 1421 records in RAM.
INFO	2019-07-03 17:26:48	MarkDuplicates	Read     7,000,000 records.  Elapsed time: 00:01:13s.  Time for last 1,000,000:    8s.  Last read position: HiC_scaffold_7:4,671,100
INFO	2019-07-03 17:26:48	MarkDuplicates	Tracking 60551 as yet unmatched pairs. 1711 records in RAM.
INFO	2019-07-03 17:26:57	MarkDuplicates	Read     8,000,000 records.  Elapsed time: 00:01:22s.  Time for last 1,000,000:    8s.  Last read position: HiC_scaffold_8:2,224,374
INFO	2019-07-03 17:26:57	MarkDuplicates	Tracking 66447 as yet unmatched pairs. 2050 records in RAM.
INFO	2019-07-03 17:27:07	MarkDuplicates	Read     9,000,000 records.  Elapsed time: 00:01:32s.  Time for last 1,000,000:   10s.  Last read position: HiC_scaffold_9:2,693,411
INFO	2019-07-03 17:27:07	MarkDuplicates	Tracking 72764 as yet unmatched pairs. 2420 records in RAM.
INFO	2019-07-03 17:27:16	MarkDuplicates	Read    10,000,000 records.  Elapsed time: 00:01:41s.  Time for last 1,000,000:    9s.  Last read position: HiC_scaffold_10:1,664,111
INFO	2019-07-03 17:27:16	MarkDuplicates	Tracking 77498 as yet unmatched pairs. 3102 records in RAM.
INFO	2019-07-03 17:27:25	MarkDuplicates	Read    11,000,000 records.  Elapsed time: 00:01:50s.  Time for last 1,000,000:    8s.  Last read position: HiC_scaffold_10:13,176,636
INFO	2019-07-03 17:27:25	MarkDuplicates	Tracking 81692 as yet unmatched pairs. 246 records in RAM.
INFO	2019-07-03 17:27:35	MarkDuplicates	Read    12,000,000 records.  Elapsed time: 00:02:00s.  Time for last 1,000,000:   10s.  Last read position: HiC_scaffold_11:9,716,501
INFO	2019-07-03 17:27:35	MarkDuplicates	Tracking 84800 as yet unmatched pairs. 1579 records in RAM.
INFO	2019-07-03 17:27:46	MarkDuplicates	Read    13,000,000 records.  Elapsed time: 00:02:11s.  Time for last 1,000,000:   10s.  Last read position: HiC_scaffold_12:7,216,937
INFO	2019-07-03 17:27:46	MarkDuplicates	Tracking 91632 as yet unmatched pairs. 10842 records in RAM.
INFO	2019-07-03 17:27:55	MarkDuplicates	Read    14,000,000 records.  Elapsed time: 00:02:20s.  Time for last 1,000,000:    9s.  Last read position: HiC_scaffold_12:19,241,590
INFO	2019-07-03 17:27:55	MarkDuplicates	Tracking 96505 as yet unmatched pairs. 1533 records in RAM.
INFO	2019-07-03 17:28:04	MarkDuplicates	Read    15,000,000 records.  Elapsed time: 00:02:29s.  Time for last 1,000,000:    9s.  Last read position: HiC_scaffold_13:10,059,797
INFO	2019-07-03 17:28:04	MarkDuplicates	Tracking 96982 as yet unmatched pairs. 1886 records in RAM.
INFO	2019-07-03 17:28:50	MarkDuplicates	Read    16,000,000 records.  Elapsed time: 00:03:15s.  Time for last 1,000,000:   45s.  Last read position: HiC_scaffold_14:6,784,918
INFO	2019-07-03 17:28:50	MarkDuplicates	Tracking 96858 as yet unmatched pairs. 3499 records in RAM.
INFO	2019-07-03 17:29:14	MarkDuplicates	Read    17,000,000 records.  Elapsed time: 00:03:39s.  Time for last 1,000,000:   24s.  Last read position: HiC_scaffold_15:3,769,907
INFO	2019-07-03 17:29:14	MarkDuplicates	Tracking 96669 as yet unmatched pairs. 4044 records in RAM.
INFO	2019-07-03 17:29:24	MarkDuplicates	Read    18,000,000 records.  Elapsed time: 00:03:49s.  Time for last 1,000,000:    9s.  Last read position: HiC_scaffold_16:1,949,144
INFO	2019-07-03 17:29:24	MarkDuplicates	Tracking 96022 as yet unmatched pairs. 5295 records in RAM.
INFO	2019-07-03 17:29:33	MarkDuplicates	Read    19,000,000 records.  Elapsed time: 00:03:58s.  Time for last 1,000,000:    9s.  Last read position: HiC_scaffold_17:2,394,390
INFO	2019-07-03 17:29:33	MarkDuplicates	Tracking 94311 as yet unmatched pairs. 6018 records in RAM.
INFO	2019-07-03 17:29:42	MarkDuplicates	Read    20,000,000 records.  Elapsed time: 00:04:07s.  Time for last 1,000,000:    9s.  Last read position: HiC_scaffold_18:4,407,426
INFO	2019-07-03 17:29:42	MarkDuplicates	Tracking 91456 as yet unmatched pairs. 4477 records in RAM.
INFO	2019-07-03 17:29:52	MarkDuplicates	Read    21,000,000 records.  Elapsed time: 00:04:16s.  Time for last 1,000,000:    9s.  Last read position: HiC_scaffold_19:3,617,001
INFO	2019-07-03 17:29:52	MarkDuplicates	Tracking 88598 as yet unmatched pairs. 5737 records in RAM.
INFO	2019-07-03 17:30:01	MarkDuplicates	Read    22,000,000 records.  Elapsed time: 00:04:26s.  Time for last 1,000,000:    9s.  Last read position: HiC_scaffold_20:1,913,405
INFO	2019-07-03 17:30:01	MarkDuplicates	Tracking 85377 as yet unmatched pairs. 6741 records in RAM.
INFO	2019-07-03 17:30:10	MarkDuplicates	Read    23,000,000 records.  Elapsed time: 00:04:35s.  Time for last 1,000,000:    9s.  Last read position: HiC_scaffold_21:3,512,619
INFO	2019-07-03 17:30:10	MarkDuplicates	Tracking 80327 as yet unmatched pairs. 5927 records in RAM.
INFO	2019-07-03 17:30:20	MarkDuplicates	Read    24,000,000 records.  Elapsed time: 00:04:45s.  Time for last 1,000,000:    9s.  Last read position: HiC_scaffold_22:1,181,100
INFO	2019-07-03 17:30:20	MarkDuplicates	Tracking 75752 as yet unmatched pairs. 8972 records in RAM.
INFO	2019-07-03 17:30:52	MarkDuplicates	Read    25,000,000 records.  Elapsed time: 00:05:17s.  Time for last 1,000,000:   31s.  Last read position: HiC_scaffold_23:1,078,872
INFO	2019-07-03 17:30:52	MarkDuplicates	Tracking 68482 as yet unmatched pairs. 5208 records in RAM.
INFO	2019-07-03 17:31:01	MarkDuplicates	Read    26,000,000 records.  Elapsed time: 00:05:26s.  Time for last 1,000,000:    9s.  Last read position: HiC_scaffold_24:3,893,169
INFO	2019-07-03 17:31:01	MarkDuplicates	Tracking 61364 as yet unmatched pairs. 6243 records in RAM.
INFO	2019-07-03 17:31:10	MarkDuplicates	Read    27,000,000 records.  Elapsed time: 00:05:35s.  Time for last 1,000,000:    9s.  Last read position: HiC_scaffold_25:6,041,207
INFO	2019-07-03 17:31:10	MarkDuplicates	Tracking 53512 as yet unmatched pairs. 5668 records in RAM.
INFO	2019-07-03 17:31:20	MarkDuplicates	Read    28,000,000 records.  Elapsed time: 00:05:45s.  Time for last 1,000,000:    9s.  Last read position: HiC_scaffold_26:4,034,460
INFO	2019-07-03 17:31:20	MarkDuplicates	Tracking 45177 as yet unmatched pairs. 4836 records in RAM.
INFO	2019-07-03 17:31:30	MarkDuplicates	Read    29,000,000 records.  Elapsed time: 00:05:55s.  Time for last 1,000,000:    9s.  Last read position: HiC_scaffold_27:7,175,097
INFO	2019-07-03 17:31:30	MarkDuplicates	Tracking 36266 as yet unmatched pairs. 5268 records in RAM.
INFO	2019-07-03 17:31:40	MarkDuplicates	Read    30,000,000 records.  Elapsed time: 00:06:05s.  Time for last 1,000,000:    9s.  Last read position: HiC_scaffold_28:4,775,191
INFO	2019-07-03 17:31:40	MarkDuplicates	Tracking 25099 as yet unmatched pairs. 3496 records in RAM.
INFO	2019-07-03 17:31:50	MarkDuplicates	Read    31,000,000 records.  Elapsed time: 00:06:15s.  Time for last 1,000,000:   10s.  Last read position: HiC_scaffold_29:18,782,117
INFO	2019-07-03 17:31:50	MarkDuplicates	Tracking 8514 as yet unmatched pairs. 2090 records in RAM.
INFO	2019-07-03 17:31:56	MarkDuplicates	Read 31535324 records. 0 pairs never matched.
INFO	2019-07-03 17:32:35	MarkDuplicates	After buildSortedReadEndLists freeMemory: 2834852760; totalMemory: 3676307456; maxMemory: 3817865216
INFO	2019-07-03 17:32:35	MarkDuplicates	Will retain up to 119308288 duplicate indices before spilling to disk.
INFO	2019-07-03 17:32:35	MarkDuplicates	Traversing read pair information and detecting duplicates.
INFO	2019-07-03 17:32:37	MarkDuplicates	Traversing fragment information and detecting duplicates.
INFO	2019-07-03 17:32:59	MarkDuplicates	Sorting list of duplicate records.
INFO	2019-07-03 17:33:00	MarkDuplicates	After generateDuplicateIndexes freeMemory: 2705529224; totalMemory: 3688366080; maxMemory: 3817865216
INFO	2019-07-03 17:33:00	MarkDuplicates	Marking 4338996 records as duplicates.
INFO	2019-07-03 17:33:00	MarkDuplicates	Found 162151 optical duplicate clusters.
INFO	2019-07-03 17:33:00	MarkDuplicates	Reads are assumed to be ordered by: coordinate
INFO	2019-07-03 17:37:15	MarkDuplicates	Written    10,000,000 records.  Elapsed time: 00:04:14s.  Time for last 10,000,000:  254s.  Last read position: HiC_scaffold_11:5,756,689
INFO	2019-07-03 17:41:32	MarkDuplicates	Written    20,000,000 records.  Elapsed time: 00:08:31s.  Time for last 10,000,000:  256s.  Last read position: HiC_scaffold_21:5,849,108
INFO	2019-07-03 17:45:38	MarkDuplicates	Written    30,000,000 records.  Elapsed time: 00:12:37s.  Time for last 10,000,000:  246s.  Last read position: */*
INFO	2019-07-03 17:49:26	MarkDuplicates	Before output close freeMemory: 3720985912; totalMemory: 3752329216; maxMemory: 3817865216
INFO	2019-07-03 17:49:26	MarkDuplicates	After output close freeMemory: 3720971408; totalMemory: 3752329216; maxMemory: 3817865216
[Wed Jul 03 17:49:26 CEST 2019] picard.sam.markduplicates.MarkDuplicates done. Elapsed time: 23.87 minutes.
Runtime.totalMemory()=3752329216
[Wed Jul 03 17:49:27 CEST 2019] picard.sam.AddOrReplaceReadGroups INPUT=FGJ4.dupl_rm.bam OUTPUT=FGJ4.bam RGID=FGJ4 RGLB=lib1 RGPL=illumina RGPU=unit1 RGSM=FGJ4    VERBOSITY=INFO QUIET=false VALIDATION_STRINGENCY=STRICT COMPRESSION_LEVEL=5 MAX_RECORDS_IN_RAM=500000 CREATE_INDEX=false CREATE_MD5_FILE=false GA4GH_CLIENT_SECRETS=client_secrets.json
[Wed Jul 03 17:49:27 CEST 2019] Executing as knam@node053 on Linux 3.10.0-514.26.2.el7.x86_64 amd64; OpenJDK 64-Bit Server VM 1.8.0_102-b14; Picard version: 2.9.4-SNAPSHOT
INFO	2019-07-03 17:49:27	AddOrReplaceReadGroups	Created read group ID=FGJ4 PL=illumina LB=lib1 SM=FGJ4

INFO	2019-07-03 17:49:57	AddOrReplaceReadGroups	Processed     1,000,000 records.  Elapsed time: 00:00:29s.  Time for last 1,000,000:   29s.  Last read position: HiC_scaffold_2:763,686
INFO	2019-07-03 17:50:21	AddOrReplaceReadGroups	Processed     2,000,000 records.  Elapsed time: 00:00:54s.  Time for last 1,000,000:   24s.  Last read position: HiC_scaffold_3:990,299
INFO	2019-07-03 17:50:46	AddOrReplaceReadGroups	Processed     3,000,000 records.  Elapsed time: 00:01:18s.  Time for last 1,000,000:   24s.  Last read position: HiC_scaffold_4:103,326
INFO	2019-07-03 17:51:10	AddOrReplaceReadGroups	Processed     4,000,000 records.  Elapsed time: 00:01:42s.  Time for last 1,000,000:   23s.  Last read position: HiC_scaffold_4:12,978,335
INFO	2019-07-03 17:51:34	AddOrReplaceReadGroups	Processed     5,000,000 records.  Elapsed time: 00:02:07s.  Time for last 1,000,000:   24s.  Last read position: HiC_scaffold_5:11,709,383
INFO	2019-07-03 17:51:59	AddOrReplaceReadGroups	Processed     6,000,000 records.  Elapsed time: 00:02:31s.  Time for last 1,000,000:   24s.  Last read position: HiC_scaffold_7:4,357,963
INFO	2019-07-03 17:52:22	AddOrReplaceReadGroups	Processed     7,000,000 records.  Elapsed time: 00:02:55s.  Time for last 1,000,000:   23s.  Last read position: HiC_scaffold_8:4,017,142
INFO	2019-07-03 17:52:46	AddOrReplaceReadGroups	Processed     8,000,000 records.  Elapsed time: 00:03:18s.  Time for last 1,000,000:   23s.  Last read position: HiC_scaffold_9:5,843,808
INFO	2019-07-03 17:53:10	AddOrReplaceReadGroups	Processed     9,000,000 records.  Elapsed time: 00:03:42s.  Time for last 1,000,000:   23s.  Last read position: HiC_scaffold_10:6,869,336
INFO	2019-07-03 17:53:33	AddOrReplaceReadGroups	Processed    10,000,000 records.  Elapsed time: 00:04:06s.  Time for last 1,000,000:   23s.  Last read position: HiC_scaffold_11:5,756,689
INFO	2019-07-03 17:53:57	AddOrReplaceReadGroups	Processed    11,000,000 records.  Elapsed time: 00:04:30s.  Time for last 1,000,000:   23s.  Last read position: HiC_scaffold_12:4,204,435
INFO	2019-07-03 17:54:22	AddOrReplaceReadGroups	Processed    12,000,000 records.  Elapsed time: 00:04:54s.  Time for last 1,000,000:   24s.  Last read position: HiC_scaffold_12:18,829,521
INFO	2019-07-03 17:54:45	AddOrReplaceReadGroups	Processed    13,000,000 records.  Elapsed time: 00:05:17s.  Time for last 1,000,000:   23s.  Last read position: HiC_scaffold_13:11,093,531
INFO	2019-07-03 17:55:09	AddOrReplaceReadGroups	Processed    14,000,000 records.  Elapsed time: 00:05:41s.  Time for last 1,000,000:   23s.  Last read position: HiC_scaffold_14:9,484,486
INFO	2019-07-03 17:55:32	AddOrReplaceReadGroups	Processed    15,000,000 records.  Elapsed time: 00:06:05s.  Time for last 1,000,000:   23s.  Last read position: HiC_scaffold_15:8,723,194
INFO	2019-07-03 17:55:56	AddOrReplaceReadGroups	Processed    16,000,000 records.  Elapsed time: 00:06:29s.  Time for last 1,000,000:   23s.  Last read position: HiC_scaffold_16:9,276,657
INFO	2019-07-03 17:56:20	AddOrReplaceReadGroups	Processed    17,000,000 records.  Elapsed time: 00:06:52s.  Time for last 1,000,000:   23s.  Last read position: HiC_scaffold_18:835,045
INFO	2019-07-03 17:56:44	AddOrReplaceReadGroups	Processed    18,000,000 records.  Elapsed time: 00:07:16s.  Time for last 1,000,000:   23s.  Last read position: HiC_scaffold_19:2,229,899
INFO	2019-07-03 17:57:08	AddOrReplaceReadGroups	Processed    19,000,000 records.  Elapsed time: 00:07:40s.  Time for last 1,000,000:   23s.  Last read position: HiC_scaffold_20:2,622,246
INFO	2019-07-03 17:57:32	AddOrReplaceReadGroups	Processed    20,000,000 records.  Elapsed time: 00:08:04s.  Time for last 1,000,000:   24s.  Last read position: HiC_scaffold_21:5,849,108
INFO	2019-07-03 17:57:56	AddOrReplaceReadGroups	Processed    21,000,000 records.  Elapsed time: 00:08:28s.  Time for last 1,000,000:   23s.  Last read position: HiC_scaffold_22:5,667,832
INFO	2019-07-03 17:58:19	AddOrReplaceReadGroups	Processed    22,000,000 records.  Elapsed time: 00:08:52s.  Time for last 1,000,000:   23s.  Last read position: HiC_scaffold_23:8,519,510
INFO	2019-07-03 17:58:43	AddOrReplaceReadGroups	Processed    23,000,000 records.  Elapsed time: 00:09:15s.  Time for last 1,000,000:   23s.  Last read position: HiC_scaffold_25:2,545,768
INFO	2019-07-03 17:59:07	AddOrReplaceReadGroups	Processed    24,000,000 records.  Elapsed time: 00:09:39s.  Time for last 1,000,000:   23s.  Last read position: HiC_scaffold_26:1,803,681
INFO	2019-07-03 17:59:31	AddOrReplaceReadGroups	Processed    25,000,000 records.  Elapsed time: 00:10:03s.  Time for last 1,000,000:   23s.  Last read position: HiC_scaffold_27:7,180,772
INFO	2019-07-03 17:59:55	AddOrReplaceReadGroups	Processed    26,000,000 records.  Elapsed time: 00:10:27s.  Time for last 1,000,000:   24s.  Last read position: HiC_scaffold_28:7,175,396
INFO	2019-07-03 18:00:19	AddOrReplaceReadGroups	Processed    27,000,000 records.  Elapsed time: 00:10:52s.  Time for last 1,000,000:   24s.  Last read position: HiC_scaffold_319:8,685
INFO	2019-07-03 18:00:42	AddOrReplaceReadGroups	Processed    28,000,000 records.  Elapsed time: 00:11:14s.  Time for last 1,000,000:   22s.  Last read position: */*
INFO	2019-07-03 18:01:04	AddOrReplaceReadGroups	Processed    29,000,000 records.  Elapsed time: 00:11:36s.  Time for last 1,000,000:   21s.  Last read position: */*
INFO	2019-07-03 18:01:26	AddOrReplaceReadGroups	Processed    30,000,000 records.  Elapsed time: 00:11:58s.  Time for last 1,000,000:   21s.  Last read position: */*
INFO	2019-07-03 18:01:47	AddOrReplaceReadGroups	Processed    31,000,000 records.  Elapsed time: 00:12:20s.  Time for last 1,000,000:   21s.  Last read position: */*
INFO	2019-07-03 18:02:09	AddOrReplaceReadGroups	Processed    32,000,000 records.  Elapsed time: 00:12:41s.  Time for last 1,000,000:   21s.  Last read position: */*
INFO	2019-07-03 18:02:31	AddOrReplaceReadGroups	Processed    33,000,000 records.  Elapsed time: 00:13:03s.  Time for last 1,000,000:   21s.  Last read position: */*
INFO	2019-07-03 18:02:53	AddOrReplaceReadGroups	Processed    34,000,000 records.  Elapsed time: 00:13:25s.  Time for last 1,000,000:   22s.  Last read position: */*
INFO	2019-07-03 18:03:16	AddOrReplaceReadGroups	Processed    35,000,000 records.  Elapsed time: 00:13:49s.  Time for last 1,000,000:   23s.  Last read position: */*
INFO	2019-07-03 18:03:39	AddOrReplaceReadGroups	Processed    36,000,000 records.  Elapsed time: 00:14:11s.  Time for last 1,000,000:   22s.  Last read position: */*
INFO	2019-07-03 18:04:02	AddOrReplaceReadGroups	Processed    37,000,000 records.  Elapsed time: 00:14:34s.  Time for last 1,000,000:   22s.  Last read position: */*
INFO	2019-07-03 18:04:24	AddOrReplaceReadGroups	Processed    38,000,000 records.  Elapsed time: 00:14:57s.  Time for last 1,000,000:   22s.  Last read position: */*
INFO	2019-07-03 18:04:47	AddOrReplaceReadGroups	Processed    39,000,000 records.  Elapsed time: 00:15:19s.  Time for last 1,000,000:   22s.  Last read position: */*
[Wed Jul 03 18:05:09 CEST 2019] picard.sam.AddOrReplaceReadGroups done. Elapsed time: 15.70 minutes.
Runtime.totalMemory()=1512570880
