36483905 reads; of these:
  36483905 (100.00%) were paired; of these:
    19505078 (53.46%) aligned concordantly 0 times
    13005728 (35.65%) aligned concordantly exactly 1 time
    3973099 (10.89%) aligned concordantly >1 times
    ----
    19505078 pairs aligned concordantly 0 times; of these:
      265218 (1.36%) aligned discordantly 1 time
    ----
    19239860 pairs aligned 0 times concordantly or discordantly; of these:
      38479720 mates make up the pairs; of these:
        28346917 (73.67%) aligned 0 times
        8107182 (21.07%) aligned exactly 1 time
        2025621 (5.26%) aligned >1 times
61.15% overall alignment rate
[bam_sort_core] merging from 33 files and 1 in-memory blocks...
[Wed Jul 03 23:27:23 CEST 2019] picard.sam.markduplicates.MarkDuplicates MAX_FILE_HANDLES_FOR_READ_ENDS_MAP=1000 INPUT=[B1.sorted.bam] OUTPUT=B1.dupl_rm.bam METRICS_FILE=B1.metricN.log REMOVE_DUPLICATES=true ASSUME_SORTED=true    MAX_SEQUENCES_FOR_DISK_READ_ENDS_MAP=50000 SORTING_COLLECTION_SIZE_RATIO=0.25 TAG_DUPLICATE_SET_MEMBERS=false REMOVE_SEQUENCING_DUPLICATES=false TAGGING_POLICY=DontTag DUPLICATE_SCORING_STRATEGY=SUM_OF_BASE_QUALITIES PROGRAM_RECORD_ID=MarkDuplicates PROGRAM_GROUP_NAME=MarkDuplicates READ_NAME_REGEX=<optimized capture of last three ':' separated fields as numeric values> OPTICAL_DUPLICATE_PIXEL_DISTANCE=100 VERBOSITY=INFO QUIET=false VALIDATION_STRINGENCY=STRICT COMPRESSION_LEVEL=5 MAX_RECORDS_IN_RAM=500000 CREATE_INDEX=false CREATE_MD5_FILE=false GA4GH_CLIENT_SECRETS=client_secrets.json
[Wed Jul 03 23:27:23 CEST 2019] Executing as knam@node058 on Linux 3.10.0-514.26.2.el7.x86_64 amd64; OpenJDK 64-Bit Server VM 1.8.0_102-b14; Picard version: 2.9.4-SNAPSHOT
INFO	2019-07-03 23:27:24	MarkDuplicates	Start of doWork freeMemory: 2031682336; totalMemory: 2058354688; maxMemory: 3817865216
INFO	2019-07-03 23:27:24	MarkDuplicates	Reading input file and constructing read end information.
INFO	2019-07-03 23:27:24	MarkDuplicates	Will retain up to 13832844 data points before spilling to disk.
INFO	2019-07-03 23:27:39	MarkDuplicates	Read     1,000,000 records.  Elapsed time: 00:00:14s.  Time for last 1,000,000:   14s.  Last read position: HiC_scaffold_1:6,942,853
INFO	2019-07-03 23:27:39	MarkDuplicates	Tracking 15091 as yet unmatched pairs. 220 records in RAM.
INFO	2019-07-03 23:27:49	MarkDuplicates	Read     2,000,000 records.  Elapsed time: 00:00:24s.  Time for last 1,000,000:    9s.  Last read position: HiC_scaffold_2:1,349,999
INFO	2019-07-03 23:27:49	MarkDuplicates	Tracking 31554 as yet unmatched pairs. 923 records in RAM.
INFO	2019-07-03 23:28:00	MarkDuplicates	Read     3,000,000 records.  Elapsed time: 00:00:35s.  Time for last 1,000,000:   11s.  Last read position: HiC_scaffold_2:8,357,105
INFO	2019-07-03 23:28:00	MarkDuplicates	Tracking 45350 as yet unmatched pairs. 576 records in RAM.
INFO	2019-07-03 23:28:10	MarkDuplicates	Read     4,000,000 records.  Elapsed time: 00:00:45s.  Time for last 1,000,000:    9s.  Last read position: HiC_scaffold_3:1,917,199
INFO	2019-07-03 23:28:10	MarkDuplicates	Tracking 60587 as yet unmatched pairs. 2208 records in RAM.
INFO	2019-07-03 23:28:19	MarkDuplicates	Read     5,000,000 records.  Elapsed time: 00:00:54s.  Time for last 1,000,000:    9s.  Last read position: HiC_scaffold_3:8,350,094
INFO	2019-07-03 23:28:19	MarkDuplicates	Tracking 74446 as yet unmatched pairs. 1507 records in RAM.
INFO	2019-07-03 23:28:29	MarkDuplicates	Read     6,000,000 records.  Elapsed time: 00:01:05s.  Time for last 1,000,000:   10s.  Last read position: HiC_scaffold_4:701,990
INFO	2019-07-03 23:28:29	MarkDuplicates	Tracking 90440 as yet unmatched pairs. 3354 records in RAM.
INFO	2019-07-03 23:28:38	MarkDuplicates	Read     7,000,000 records.  Elapsed time: 00:01:13s.  Time for last 1,000,000:    8s.  Last read position: HiC_scaffold_4:7,375,468
INFO	2019-07-03 23:28:38	MarkDuplicates	Tracking 102370 as yet unmatched pairs. 2150 records in RAM.
INFO	2019-07-03 23:28:45	MarkDuplicates	Read     8,000,000 records.  Elapsed time: 00:01:21s.  Time for last 1,000,000:    7s.  Last read position: HiC_scaffold_4:13,756,272
INFO	2019-07-03 23:28:45	MarkDuplicates	Tracking 114584 as yet unmatched pairs. 264 records in RAM.
INFO	2019-07-03 23:28:55	MarkDuplicates	Read     9,000,000 records.  Elapsed time: 00:01:31s.  Time for last 1,000,000:    9s.  Last read position: HiC_scaffold_5:6,113,046
INFO	2019-07-03 23:28:55	MarkDuplicates	Tracking 126244 as yet unmatched pairs. 2075 records in RAM.
INFO	2019-07-03 23:29:04	MarkDuplicates	Read    10,000,000 records.  Elapsed time: 00:01:39s.  Time for last 1,000,000:    8s.  Last read position: HiC_scaffold_6:1,304,614
INFO	2019-07-03 23:29:04	MarkDuplicates	Tracking 138353 as yet unmatched pairs. 3897 records in RAM.
INFO	2019-07-03 23:29:12	MarkDuplicates	Read    11,000,000 records.  Elapsed time: 00:01:47s.  Time for last 1,000,000:    8s.  Last read position: HiC_scaffold_6:9,486,308
INFO	2019-07-03 23:29:12	MarkDuplicates	Tracking 153076 as yet unmatched pairs. 507 records in RAM.
INFO	2019-07-03 23:29:22	MarkDuplicates	Read    12,000,000 records.  Elapsed time: 00:01:58s.  Time for last 1,000,000:   10s.  Last read position: HiC_scaffold_7:5,824,155
INFO	2019-07-03 23:29:22	MarkDuplicates	Tracking 163248 as yet unmatched pairs. 3935 records in RAM.
INFO	2019-07-03 23:29:31	MarkDuplicates	Read    13,000,000 records.  Elapsed time: 00:02:06s.  Time for last 1,000,000:    8s.  Last read position: HiC_scaffold_7:12,504,452
INFO	2019-07-03 23:29:31	MarkDuplicates	Tracking 172010 as yet unmatched pairs. 731 records in RAM.
INFO	2019-07-03 23:29:39	MarkDuplicates	Read    14,000,000 records.  Elapsed time: 00:02:14s.  Time for last 1,000,000:    8s.  Last read position: HiC_scaffold_8:6,022,275
INFO	2019-07-03 23:29:39	MarkDuplicates	Tracking 180963 as yet unmatched pairs. 3893 records in RAM.
INFO	2019-07-03 23:29:49	MarkDuplicates	Read    15,000,000 records.  Elapsed time: 00:02:24s.  Time for last 1,000,000:    9s.  Last read position: HiC_scaffold_9:1,013,761
INFO	2019-07-03 23:29:49	MarkDuplicates	Tracking 190826 as yet unmatched pairs. 6868 records in RAM.
INFO	2019-07-03 23:30:31	MarkDuplicates	Read    16,000,000 records.  Elapsed time: 00:03:06s.  Time for last 1,000,000:   42s.  Last read position: HiC_scaffold_9:7,680,408
INFO	2019-07-03 23:30:31	MarkDuplicates	Tracking 199102 as yet unmatched pairs. 2807 records in RAM.
INFO	2019-07-03 23:30:55	MarkDuplicates	Read    17,000,000 records.  Elapsed time: 00:03:30s.  Time for last 1,000,000:   23s.  Last read position: HiC_scaffold_10:2,497,631
INFO	2019-07-03 23:30:55	MarkDuplicates	Tracking 205898 as yet unmatched pairs. 8179 records in RAM.
INFO	2019-07-03 23:31:02	MarkDuplicates	Read    18,000,000 records.  Elapsed time: 00:03:38s.  Time for last 1,000,000:    7s.  Last read position: HiC_scaffold_10:8,934,747
INFO	2019-07-03 23:31:02	MarkDuplicates	Tracking 212588 as yet unmatched pairs. 3424 records in RAM.
INFO	2019-07-03 23:31:14	MarkDuplicates	Read    19,000,000 records.  Elapsed time: 00:03:49s.  Time for last 1,000,000:   11s.  Last read position: HiC_scaffold_11:1,826,550
INFO	2019-07-03 23:31:14	MarkDuplicates	Tracking 218754 as yet unmatched pairs. 9960 records in RAM.
INFO	2019-07-03 23:31:23	MarkDuplicates	Read    20,000,000 records.  Elapsed time: 00:03:58s.  Time for last 1,000,000:    9s.  Last read position: HiC_scaffold_11:8,047,826
INFO	2019-07-03 23:31:23	MarkDuplicates	Tracking 223484 as yet unmatched pairs. 5452 records in RAM.
INFO	2019-07-03 23:31:32	MarkDuplicates	Read    21,000,000 records.  Elapsed time: 00:04:07s.  Time for last 1,000,000:    8s.  Last read position: HiC_scaffold_11:14,992,161
INFO	2019-07-03 23:31:32	MarkDuplicates	Tracking 227782 as yet unmatched pairs. 430 records in RAM.
INFO	2019-07-03 23:31:43	MarkDuplicates	Read    22,000,000 records.  Elapsed time: 00:04:19s.  Time for last 1,000,000:   11s.  Last read position: HiC_scaffold_12:7,555,649
INFO	2019-07-03 23:31:43	MarkDuplicates	Tracking 241048 as yet unmatched pairs. 25930 records in RAM.
INFO	2019-07-03 23:31:52	MarkDuplicates	Read    23,000,000 records.  Elapsed time: 00:04:27s.  Time for last 1,000,000:    8s.  Last read position: HiC_scaffold_12:15,653,802
INFO	2019-07-03 23:31:52	MarkDuplicates	Tracking 248224 as yet unmatched pairs. 13128 records in RAM.
INFO	2019-07-03 23:32:03	MarkDuplicates	Read    24,000,000 records.  Elapsed time: 00:04:38s.  Time for last 1,000,000:   10s.  Last read position: HiC_scaffold_13:1,192,945
INFO	2019-07-03 23:32:03	MarkDuplicates	Tracking 251795 as yet unmatched pairs. 13380 records in RAM.
INFO	2019-07-03 23:32:34	MarkDuplicates	Read    25,000,000 records.  Elapsed time: 00:05:09s.  Time for last 1,000,000:   31s.  Last read position: HiC_scaffold_13:7,860,053
INFO	2019-07-03 23:32:34	MarkDuplicates	Tracking 253222 as yet unmatched pairs. 6906 records in RAM.
INFO	2019-07-03 23:32:42	MarkDuplicates	Read    26,000,000 records.  Elapsed time: 00:05:17s.  Time for last 1,000,000:    8s.  Last read position: HiC_scaffold_13:14,297,435
INFO	2019-07-03 23:32:42	MarkDuplicates	Tracking 253841 as yet unmatched pairs. 681 records in RAM.
INFO	2019-07-03 23:32:53	MarkDuplicates	Read    27,000,000 records.  Elapsed time: 00:05:28s.  Time for last 1,000,000:   10s.  Last read position: HiC_scaffold_14:6,467,888
INFO	2019-07-03 23:32:53	MarkDuplicates	Tracking 254102 as yet unmatched pairs. 9737 records in RAM.
INFO	2019-07-03 23:33:02	MarkDuplicates	Read    28,000,000 records.  Elapsed time: 00:05:37s.  Time for last 1,000,000:    8s.  Last read position: HiC_scaffold_14:13,163,672
INFO	2019-07-03 23:33:02	MarkDuplicates	Tracking 253994 as yet unmatched pairs. 1965 records in RAM.
INFO	2019-07-03 23:33:12	MarkDuplicates	Read    29,000,000 records.  Elapsed time: 00:05:47s.  Time for last 1,000,000:   10s.  Last read position: HiC_scaffold_15:5,635,134
INFO	2019-07-03 23:33:12	MarkDuplicates	Tracking 253038 as yet unmatched pairs. 8863 records in RAM.
INFO	2019-07-03 23:33:21	MarkDuplicates	Read    30,000,000 records.  Elapsed time: 00:05:57s.  Time for last 1,000,000:    9s.  Last read position: HiC_scaffold_15:12,402,369
INFO	2019-07-03 23:33:21	MarkDuplicates	Tracking 252164 as yet unmatched pairs. 1504 records in RAM.
INFO	2019-07-03 23:33:32	MarkDuplicates	Read    31,000,000 records.  Elapsed time: 00:06:08s.  Time for last 1,000,000:   11s.  Last read position: HiC_scaffold_16:5,889,463
INFO	2019-07-03 23:33:32	MarkDuplicates	Tracking 250041 as yet unmatched pairs. 9187 records in RAM.
INFO	2019-07-03 23:33:44	MarkDuplicates	Read    32,000,000 records.  Elapsed time: 00:06:19s.  Time for last 1,000,000:   11s.  Last read position: HiC_scaffold_17:596,791
INFO	2019-07-03 23:33:44	MarkDuplicates	Tracking 247700 as yet unmatched pairs. 18269 records in RAM.
INFO	2019-07-03 23:33:52	MarkDuplicates	Read    33,000,000 records.  Elapsed time: 00:06:28s.  Time for last 1,000,000:    8s.  Last read position: HiC_scaffold_17:8,589,806
INFO	2019-07-03 23:33:52	MarkDuplicates	Tracking 243351 as yet unmatched pairs. 5221 records in RAM.
INFO	2019-07-03 23:34:14	MarkDuplicates	Read    34,000,000 records.  Elapsed time: 00:06:49s.  Time for last 1,000,000:   21s.  Last read position: HiC_scaffold_18:5,174,845
INFO	2019-07-03 23:34:14	MarkDuplicates	Tracking 238602 as yet unmatched pairs. 10210 records in RAM.
INFO	2019-07-03 23:34:23	MarkDuplicates	Read    35,000,000 records.  Elapsed time: 00:06:58s.  Time for last 1,000,000:    8s.  Last read position: HiC_scaffold_18:12,196,631
INFO	2019-07-03 23:34:23	MarkDuplicates	Tracking 234560 as yet unmatched pairs. 628 records in RAM.
INFO	2019-07-03 23:34:33	MarkDuplicates	Read    36,000,000 records.  Elapsed time: 00:07:09s.  Time for last 1,000,000:   10s.  Last read position: HiC_scaffold_19:6,800,733
INFO	2019-07-03 23:34:33	MarkDuplicates	Tracking 229568 as yet unmatched pairs. 10374 records in RAM.
INFO	2019-07-03 23:34:45	MarkDuplicates	Read    37,000,000 records.  Elapsed time: 00:07:21s.  Time for last 1,000,000:   12s.  Last read position: HiC_scaffold_20:272,032
INFO	2019-07-03 23:34:45	MarkDuplicates	Tracking 224086 as yet unmatched pairs. 19397 records in RAM.
INFO	2019-07-03 23:35:44	MarkDuplicates	Read    38,000,000 records.  Elapsed time: 00:08:19s.  Time for last 1,000,000:   58s.  Last read position: HiC_scaffold_20:8,050,082
INFO	2019-07-03 23:35:44	MarkDuplicates	Tracking 216753 as yet unmatched pairs. 6471 records in RAM.
INFO	2019-07-03 23:35:50	MarkDuplicates	Read    39,000,000 records.  Elapsed time: 00:08:26s.  Time for last 1,000,000:    6s.  Last read position: HiC_scaffold_21:4,266,633
INFO	2019-07-03 23:35:50	MarkDuplicates	Tracking 209319 as yet unmatched pairs. 14551 records in RAM.
INFO	2019-07-03 23:35:56	MarkDuplicates	Read    40,000,000 records.  Elapsed time: 00:08:32s.  Time for last 1,000,000:    5s.  Last read position: HiC_scaffold_21:10,958,709
INFO	2019-07-03 23:35:56	MarkDuplicates	Tracking 203164 as yet unmatched pairs. 4255 records in RAM.
INFO	2019-07-03 23:36:04	MarkDuplicates	Read    41,000,000 records.  Elapsed time: 00:08:39s.  Time for last 1,000,000:    7s.  Last read position: HiC_scaffold_22:3,731,190
INFO	2019-07-03 23:36:04	MarkDuplicates	Tracking 192906 as yet unmatched pairs. 15113 records in RAM.
INFO	2019-07-03 23:36:10	MarkDuplicates	Read    42,000,000 records.  Elapsed time: 00:08:45s.  Time for last 1,000,000:    6s.  Last read position: HiC_scaffold_22:11,072,376
INFO	2019-07-03 23:36:10	MarkDuplicates	Tracking 183275 as yet unmatched pairs. 867 records in RAM.
INFO	2019-07-03 23:36:27	MarkDuplicates	Read    43,000,000 records.  Elapsed time: 00:09:02s.  Time for last 1,000,000:   16s.  Last read position: HiC_scaffold_23:6,874,095
INFO	2019-07-03 23:36:27	MarkDuplicates	Tracking 174645 as yet unmatched pairs. 4728 records in RAM.
INFO	2019-07-03 23:36:34	MarkDuplicates	Read    44,000,000 records.  Elapsed time: 00:09:09s.  Time for last 1,000,000:    7s.  Last read position: HiC_scaffold_24:3,912,575
INFO	2019-07-03 23:36:34	MarkDuplicates	Tracking 163058 as yet unmatched pairs. 15667 records in RAM.
INFO	2019-07-03 23:36:41	MarkDuplicates	Read    45,000,000 records.  Elapsed time: 00:09:17s.  Time for last 1,000,000:    7s.  Last read position: HiC_scaffold_25:1,438,543
INFO	2019-07-03 23:36:41	MarkDuplicates	Tracking 148500 as yet unmatched pairs. 22735 records in RAM.
INFO	2019-07-03 23:36:47	MarkDuplicates	Read    46,000,000 records.  Elapsed time: 00:09:23s.  Time for last 1,000,000:    6s.  Last read position: HiC_scaffold_25:7,993,365
INFO	2019-07-03 23:36:47	MarkDuplicates	Tracking 139436 as yet unmatched pairs. 11742 records in RAM.
INFO	2019-07-03 23:36:55	MarkDuplicates	Read    47,000,000 records.  Elapsed time: 00:09:30s.  Time for last 1,000,000:    7s.  Last read position: HiC_scaffold_26:1,014,008
INFO	2019-07-03 23:36:55	MarkDuplicates	Tracking 128058 as yet unmatched pairs. 21078 records in RAM.
INFO	2019-07-03 23:37:01	MarkDuplicates	Read    48,000,000 records.  Elapsed time: 00:09:36s.  Time for last 1,000,000:    6s.  Last read position: HiC_scaffold_26:8,990,737
INFO	2019-07-03 23:37:01	MarkDuplicates	Tracking 109960 as yet unmatched pairs. 225 records in RAM.
INFO	2019-07-03 23:37:08	MarkDuplicates	Read    49,000,000 records.  Elapsed time: 00:09:44s.  Time for last 1,000,000:    7s.  Last read position: HiC_scaffold_27:6,487,242
INFO	2019-07-03 23:37:08	MarkDuplicates	Tracking 98126 as yet unmatched pairs. 16107 records in RAM.
INFO	2019-07-03 23:37:14	MarkDuplicates	Read    50,000,000 records.  Elapsed time: 00:09:50s.  Time for last 1,000,000:    6s.  Last read position: HiC_scaffold_27:13,199,954
INFO	2019-07-03 23:37:14	MarkDuplicates	Tracking 86018 as yet unmatched pairs. 2709 records in RAM.
INFO	2019-07-03 23:37:29	MarkDuplicates	Read    51,000,000 records.  Elapsed time: 00:10:04s.  Time for last 1,000,000:   14s.  Last read position: HiC_scaffold_28:6,416,756
INFO	2019-07-03 23:37:29	MarkDuplicates	Tracking 64646 as yet unmatched pairs. 3804 records in RAM.
INFO	2019-07-03 23:37:38	MarkDuplicates	Read    52,000,000 records.  Elapsed time: 00:10:13s.  Time for last 1,000,000:    8s.  Last read position: HiC_scaffold_29:8,552,555
INFO	2019-07-03 23:37:38	MarkDuplicates	Tracking 44677 as yet unmatched pairs. 27669 records in RAM.
INFO	2019-07-03 23:37:44	MarkDuplicates	Read    53,000,000 records.  Elapsed time: 00:10:19s.  Time for last 1,000,000:    6s.  Last read position: HiC_scaffold_29:20,029,382
INFO	2019-07-03 23:37:44	MarkDuplicates	Tracking 20010 as yet unmatched pairs. 2573 records in RAM.
INFO	2019-07-03 23:38:04	MarkDuplicates	Read 53865254 records. 0 pairs never matched.
INFO	2019-07-03 23:38:09	MarkDuplicates	After buildSortedReadEndLists freeMemory: 3425566688; totalMemory: 3454533632; maxMemory: 3817865216
INFO	2019-07-03 23:38:09	MarkDuplicates	Will retain up to 119308288 duplicate indices before spilling to disk.
INFO	2019-07-03 23:38:09	MarkDuplicates	Traversing read pair information and detecting duplicates.
INFO	2019-07-03 23:38:24	MarkDuplicates	Traversing fragment information and detecting duplicates.
INFO	2019-07-03 23:38:37	MarkDuplicates	Sorting list of duplicate records.
INFO	2019-07-03 23:38:42	MarkDuplicates	After generateDuplicateIndexes freeMemory: 2513862600; totalMemory: 3496476672; maxMemory: 3817865216
INFO	2019-07-03 23:38:42	MarkDuplicates	Marking 7031011 records as duplicates.
INFO	2019-07-03 23:38:42	MarkDuplicates	Found 255209 optical duplicate clusters.
INFO	2019-07-03 23:38:42	MarkDuplicates	Reads are assumed to be ordered by: coordinate
INFO	2019-07-03 23:41:12	MarkDuplicates	Written    10,000,000 records.  Elapsed time: 00:02:30s.  Time for last 10,000,000:  150s.  Last read position: HiC_scaffold_7:2,581,902
INFO	2019-07-03 23:43:43	MarkDuplicates	Written    20,000,000 records.  Elapsed time: 00:05:01s.  Time for last 10,000,000:  151s.  Last read position: HiC_scaffold_12:15,709,484
INFO	2019-07-03 23:46:14	MarkDuplicates	Written    30,000,000 records.  Elapsed time: 00:07:32s.  Time for last 10,000,000:  150s.  Last read position: HiC_scaffold_18:8,679,519
INFO	2019-07-03 23:48:44	MarkDuplicates	Written    40,000,000 records.  Elapsed time: 00:10:02s.  Time for last 10,000,000:  150s.  Last read position: HiC_scaffold_25:8,038,286
INFO	2019-07-03 23:51:12	MarkDuplicates	Written    50,000,000 records.  Elapsed time: 00:12:30s.  Time for last 10,000,000:  147s.  Last read position: */*
INFO	2019-07-03 23:53:32	MarkDuplicates	Written    60,000,000 records.  Elapsed time: 00:14:50s.  Time for last 10,000,000:  140s.  Last read position: */*
INFO	2019-07-03 23:54:58	MarkDuplicates	Before output close freeMemory: 3543409648; totalMemory: 3575119872; maxMemory: 3817865216
INFO	2019-07-03 23:54:58	MarkDuplicates	After output close freeMemory: 3543395144; totalMemory: 3575119872; maxMemory: 3817865216
[Wed Jul 03 23:54:58 CEST 2019] picard.sam.markduplicates.MarkDuplicates done. Elapsed time: 27.58 minutes.
Runtime.totalMemory()=3575119872
[Wed Jul 03 23:54:59 CEST 2019] picard.sam.AddOrReplaceReadGroups INPUT=B1.dupl_rm.bam OUTPUT=B1.bam RGID=B1 RGLB=lib1 RGPL=illumina RGPU=unit1 RGSM=B1    VERBOSITY=INFO QUIET=false VALIDATION_STRINGENCY=STRICT COMPRESSION_LEVEL=5 MAX_RECORDS_IN_RAM=500000 CREATE_INDEX=false CREATE_MD5_FILE=false GA4GH_CLIENT_SECRETS=client_secrets.json
[Wed Jul 03 23:54:59 CEST 2019] Executing as knam@node058 on Linux 3.10.0-514.26.2.el7.x86_64 amd64; OpenJDK 64-Bit Server VM 1.8.0_102-b14; Picard version: 2.9.4-SNAPSHOT
INFO	2019-07-03 23:54:59	AddOrReplaceReadGroups	Created read group ID=B1 PL=illumina LB=lib1 SM=B1

INFO	2019-07-03 23:55:17	AddOrReplaceReadGroups	Processed     1,000,000 records.  Elapsed time: 00:00:18s.  Time for last 1,000,000:   18s.  Last read position: HiC_scaffold_1:7,943,702
INFO	2019-07-03 23:55:32	AddOrReplaceReadGroups	Processed     2,000,000 records.  Elapsed time: 00:00:33s.  Time for last 1,000,000:   15s.  Last read position: HiC_scaffold_2:3,413,651
INFO	2019-07-03 23:55:47	AddOrReplaceReadGroups	Processed     3,000,000 records.  Elapsed time: 00:00:47s.  Time for last 1,000,000:   14s.  Last read position: HiC_scaffold_2:11,575,029
INFO	2019-07-03 23:56:02	AddOrReplaceReadGroups	Processed     4,000,000 records.  Elapsed time: 00:01:02s.  Time for last 1,000,000:   14s.  Last read position: HiC_scaffold_3:5,962,979
INFO	2019-07-03 23:56:17	AddOrReplaceReadGroups	Processed     5,000,000 records.  Elapsed time: 00:01:17s.  Time for last 1,000,000:   14s.  Last read position: HiC_scaffold_3:13,372,957
INFO	2019-07-03 23:56:32	AddOrReplaceReadGroups	Processed     6,000,000 records.  Elapsed time: 00:01:32s.  Time for last 1,000,000:   14s.  Last read position: HiC_scaffold_4:6,861,417
INFO	2019-07-03 23:56:46	AddOrReplaceReadGroups	Processed     7,000,000 records.  Elapsed time: 00:01:46s.  Time for last 1,000,000:   14s.  Last read position: HiC_scaffold_4:14,200,194
INFO	2019-07-03 23:57:00	AddOrReplaceReadGroups	Processed     8,000,000 records.  Elapsed time: 00:02:00s.  Time for last 1,000,000:   14s.  Last read position: HiC_scaffold_5:7,422,379
INFO	2019-07-03 23:57:15	AddOrReplaceReadGroups	Processed     9,000,000 records.  Elapsed time: 00:02:15s.  Time for last 1,000,000:   14s.  Last read position: HiC_scaffold_6:4,304,948
INFO	2019-07-03 23:57:29	AddOrReplaceReadGroups	Processed    10,000,000 records.  Elapsed time: 00:02:29s.  Time for last 1,000,000:   14s.  Last read position: HiC_scaffold_7:2,581,902
INFO	2019-07-03 23:57:43	AddOrReplaceReadGroups	Processed    11,000,000 records.  Elapsed time: 00:02:44s.  Time for last 1,000,000:   14s.  Last read position: HiC_scaffold_7:10,066,736
INFO	2019-07-03 23:57:58	AddOrReplaceReadGroups	Processed    12,000,000 records.  Elapsed time: 00:02:58s.  Time for last 1,000,000:   14s.  Last read position: HiC_scaffold_8:4,875,405
INFO	2019-07-03 23:58:12	AddOrReplaceReadGroups	Processed    13,000,000 records.  Elapsed time: 00:03:12s.  Time for last 1,000,000:   14s.  Last read position: HiC_scaffold_9:762,163
INFO	2019-07-03 23:58:26	AddOrReplaceReadGroups	Processed    14,000,000 records.  Elapsed time: 00:03:27s.  Time for last 1,000,000:   14s.  Last read position: HiC_scaffold_9:8,637,864
INFO	2019-07-03 23:58:41	AddOrReplaceReadGroups	Processed    15,000,000 records.  Elapsed time: 00:03:41s.  Time for last 1,000,000:   14s.  Last read position: HiC_scaffold_10:4,385,735
INFO	2019-07-03 23:58:55	AddOrReplaceReadGroups	Processed    16,000,000 records.  Elapsed time: 00:03:55s.  Time for last 1,000,000:   14s.  Last read position: HiC_scaffold_10:12,082,461
INFO	2019-07-03 23:59:09	AddOrReplaceReadGroups	Processed    17,000,000 records.  Elapsed time: 00:04:10s.  Time for last 1,000,000:   14s.  Last read position: HiC_scaffold_11:5,433,504
INFO	2019-07-03 23:59:24	AddOrReplaceReadGroups	Processed    18,000,000 records.  Elapsed time: 00:04:24s.  Time for last 1,000,000:   14s.  Last read position: HiC_scaffold_11:13,032,376
INFO	2019-07-03 23:59:38	AddOrReplaceReadGroups	Processed    19,000,000 records.  Elapsed time: 00:04:39s.  Time for last 1,000,000:   14s.  Last read position: HiC_scaffold_12:6,566,899
INFO	2019-07-03 23:59:53	AddOrReplaceReadGroups	Processed    20,000,000 records.  Elapsed time: 00:04:54s.  Time for last 1,000,000:   14s.  Last read position: HiC_scaffold_12:15,709,484
INFO	2019-07-04 00:00:11	AddOrReplaceReadGroups	Processed    21,000,000 records.  Elapsed time: 00:05:11s.  Time for last 1,000,000:   17s.  Last read position: HiC_scaffold_13:2,250,078
INFO	2019-07-04 00:00:26	AddOrReplaceReadGroups	Processed    22,000,000 records.  Elapsed time: 00:05:26s.  Time for last 1,000,000:   15s.  Last read position: HiC_scaffold_13:9,736,528
INFO	2019-07-04 00:00:41	AddOrReplaceReadGroups	Processed    23,000,000 records.  Elapsed time: 00:05:41s.  Time for last 1,000,000:   14s.  Last read position: HiC_scaffold_14:2,876,052
INFO	2019-07-04 00:00:55	AddOrReplaceReadGroups	Processed    24,000,000 records.  Elapsed time: 00:05:55s.  Time for last 1,000,000:   14s.  Last read position: HiC_scaffold_14:10,492,451
INFO	2019-07-04 00:01:09	AddOrReplaceReadGroups	Processed    25,000,000 records.  Elapsed time: 00:06:10s.  Time for last 1,000,000:   14s.  Last read position: HiC_scaffold_15:4,070,563
INFO	2019-07-04 00:01:24	AddOrReplaceReadGroups	Processed    26,000,000 records.  Elapsed time: 00:06:24s.  Time for last 1,000,000:   14s.  Last read position: HiC_scaffold_15:11,930,785
INFO	2019-07-04 00:01:38	AddOrReplaceReadGroups	Processed    27,000,000 records.  Elapsed time: 00:06:38s.  Time for last 1,000,000:   14s.  Last read position: HiC_scaffold_16:6,490,009
INFO	2019-07-04 00:01:52	AddOrReplaceReadGroups	Processed    28,000,000 records.  Elapsed time: 00:06:53s.  Time for last 1,000,000:   14s.  Last read position: HiC_scaffold_17:2,512,119
INFO	2019-07-04 00:02:07	AddOrReplaceReadGroups	Processed    29,000,000 records.  Elapsed time: 00:07:07s.  Time for last 1,000,000:   14s.  Last read position: HiC_scaffold_18:294,098
INFO	2019-07-04 00:02:21	AddOrReplaceReadGroups	Processed    30,000,000 records.  Elapsed time: 00:07:22s.  Time for last 1,000,000:   14s.  Last read position: HiC_scaffold_18:8,679,519
INFO	2019-07-04 00:02:36	AddOrReplaceReadGroups	Processed    31,000,000 records.  Elapsed time: 00:07:36s.  Time for last 1,000,000:   14s.  Last read position: HiC_scaffold_19:4,499,410
INFO	2019-07-04 00:02:50	AddOrReplaceReadGroups	Processed    32,000,000 records.  Elapsed time: 00:07:51s.  Time for last 1,000,000:   14s.  Last read position: HiC_scaffold_19:12,252,358
INFO	2019-07-04 00:03:05	AddOrReplaceReadGroups	Processed    33,000,000 records.  Elapsed time: 00:08:05s.  Time for last 1,000,000:   14s.  Last read position: HiC_scaffold_20:7,787,057
INFO	2019-07-04 00:03:19	AddOrReplaceReadGroups	Processed    34,000,000 records.  Elapsed time: 00:08:20s.  Time for last 1,000,000:   14s.  Last read position: HiC_scaffold_21:5,056,881
INFO	2019-07-04 00:03:34	AddOrReplaceReadGroups	Processed    35,000,000 records.  Elapsed time: 00:08:34s.  Time for last 1,000,000:   14s.  Last read position: HiC_scaffold_21:12,954,216
INFO	2019-07-04 00:03:48	AddOrReplaceReadGroups	Processed    36,000,000 records.  Elapsed time: 00:08:48s.  Time for last 1,000,000:   14s.  Last read position: HiC_scaffold_22:6,748,216
INFO	2019-07-04 00:04:03	AddOrReplaceReadGroups	Processed    37,000,000 records.  Elapsed time: 00:09:03s.  Time for last 1,000,000:   14s.  Last read position: HiC_scaffold_23:3,455,353
INFO	2019-07-04 00:04:17	AddOrReplaceReadGroups	Processed    38,000,000 records.  Elapsed time: 00:09:17s.  Time for last 1,000,000:   14s.  Last read position: HiC_scaffold_24:2,632,770
INFO	2019-07-04 00:04:31	AddOrReplaceReadGroups	Processed    39,000,000 records.  Elapsed time: 00:09:31s.  Time for last 1,000,000:   14s.  Last read position: HiC_scaffold_25:366,436
INFO	2019-07-04 00:04:45	AddOrReplaceReadGroups	Processed    40,000,000 records.  Elapsed time: 00:09:46s.  Time for last 1,000,000:   14s.  Last read position: HiC_scaffold_25:8,038,286
INFO	2019-07-04 00:05:00	AddOrReplaceReadGroups	Processed    41,000,000 records.  Elapsed time: 00:10:00s.  Time for last 1,000,000:   14s.  Last read position: HiC_scaffold_26:2,259,265
INFO	2019-07-04 00:05:14	AddOrReplaceReadGroups	Processed    42,000,000 records.  Elapsed time: 00:10:14s.  Time for last 1,000,000:   14s.  Last read position: HiC_scaffold_27:1,578,774
INFO	2019-07-04 00:05:28	AddOrReplaceReadGroups	Processed    43,000,000 records.  Elapsed time: 00:10:29s.  Time for last 1,000,000:   14s.  Last read position: HiC_scaffold_27:9,330,734
INFO	2019-07-04 00:05:43	AddOrReplaceReadGroups	Processed    44,000,000 records.  Elapsed time: 00:10:43s.  Time for last 1,000,000:   14s.  Last read position: HiC_scaffold_28:2,978,808
INFO	2019-07-04 00:05:57	AddOrReplaceReadGroups	Processed    45,000,000 records.  Elapsed time: 00:10:58s.  Time for last 1,000,000:   14s.  Last read position: HiC_scaffold_29:6,020,396
INFO	2019-07-04 00:06:12	AddOrReplaceReadGroups	Processed    46,000,000 records.  Elapsed time: 00:11:12s.  Time for last 1,000,000:   14s.  Last read position: HiC_scaffold_29:18,662,196
INFO	2019-07-04 00:06:27	AddOrReplaceReadGroups	Processed    47,000,000 records.  Elapsed time: 00:11:27s.  Time for last 1,000,000:   14s.  Last read position: */*
INFO	2019-07-04 00:06:40	AddOrReplaceReadGroups	Processed    48,000,000 records.  Elapsed time: 00:11:41s.  Time for last 1,000,000:   13s.  Last read position: */*
INFO	2019-07-04 00:06:54	AddOrReplaceReadGroups	Processed    49,000,000 records.  Elapsed time: 00:11:55s.  Time for last 1,000,000:   13s.  Last read position: */*
INFO	2019-07-04 00:07:08	AddOrReplaceReadGroups	Processed    50,000,000 records.  Elapsed time: 00:12:08s.  Time for last 1,000,000:   13s.  Last read position: */*
INFO	2019-07-04 00:07:22	AddOrReplaceReadGroups	Processed    51,000,000 records.  Elapsed time: 00:12:22s.  Time for last 1,000,000:   13s.  Last read position: */*
INFO	2019-07-04 00:07:35	AddOrReplaceReadGroups	Processed    52,000,000 records.  Elapsed time: 00:12:36s.  Time for last 1,000,000:   13s.  Last read position: */*
INFO	2019-07-04 00:07:49	AddOrReplaceReadGroups	Processed    53,000,000 records.  Elapsed time: 00:12:49s.  Time for last 1,000,000:   13s.  Last read position: */*
INFO	2019-07-04 00:08:03	AddOrReplaceReadGroups	Processed    54,000,000 records.  Elapsed time: 00:13:03s.  Time for last 1,000,000:   13s.  Last read position: */*
INFO	2019-07-04 00:08:17	AddOrReplaceReadGroups	Processed    55,000,000 records.  Elapsed time: 00:13:17s.  Time for last 1,000,000:   13s.  Last read position: */*
INFO	2019-07-04 00:08:30	AddOrReplaceReadGroups	Processed    56,000,000 records.  Elapsed time: 00:13:31s.  Time for last 1,000,000:   13s.  Last read position: */*
INFO	2019-07-04 00:08:45	AddOrReplaceReadGroups	Processed    57,000,000 records.  Elapsed time: 00:13:45s.  Time for last 1,000,000:   14s.  Last read position: */*
INFO	2019-07-04 00:08:59	AddOrReplaceReadGroups	Processed    58,000,000 records.  Elapsed time: 00:14:00s.  Time for last 1,000,000:   14s.  Last read position: */*
INFO	2019-07-04 00:09:14	AddOrReplaceReadGroups	Processed    59,000,000 records.  Elapsed time: 00:14:14s.  Time for last 1,000,000:   14s.  Last read position: */*
INFO	2019-07-04 00:09:28	AddOrReplaceReadGroups	Processed    60,000,000 records.  Elapsed time: 00:14:29s.  Time for last 1,000,000:   14s.  Last read position: */*
INFO	2019-07-04 00:09:43	AddOrReplaceReadGroups	Processed    61,000,000 records.  Elapsed time: 00:14:43s.  Time for last 1,000,000:   14s.  Last read position: */*
INFO	2019-07-04 00:09:57	AddOrReplaceReadGroups	Processed    62,000,000 records.  Elapsed time: 00:14:57s.  Time for last 1,000,000:   14s.  Last read position: */*
INFO	2019-07-04 00:10:11	AddOrReplaceReadGroups	Processed    63,000,000 records.  Elapsed time: 00:15:12s.  Time for last 1,000,000:   14s.  Last read position: */*
INFO	2019-07-04 00:10:26	AddOrReplaceReadGroups	Processed    64,000,000 records.  Elapsed time: 00:15:26s.  Time for last 1,000,000:   14s.  Last read position: */*
INFO	2019-07-04 00:10:40	AddOrReplaceReadGroups	Processed    65,000,000 records.  Elapsed time: 00:15:41s.  Time for last 1,000,000:   14s.  Last read position: */*
[Thu Jul 04 00:10:54 CEST 2019] picard.sam.AddOrReplaceReadGroups done. Elapsed time: 15.92 minutes.
Runtime.totalMemory()=1512570880
