31418356 reads; of these:
  31418356 (100.00%) were paired; of these:
    17948159 (57.13%) aligned concordantly 0 times
    10609836 (33.77%) aligned concordantly exactly 1 time
    2860361 (9.10%) aligned concordantly >1 times
    ----
    17948159 pairs aligned concordantly 0 times; of these:
      140824 (0.78%) aligned discordantly 1 time
    ----
    17807335 pairs aligned 0 times concordantly or discordantly; of these:
      35614670 mates make up the pairs; of these:
        27210180 (76.40%) aligned 0 times
        6885970 (19.33%) aligned exactly 1 time
        1518520 (4.26%) aligned >1 times
56.70% overall alignment rate
[bam_sort_core] merging from 28 files and 1 in-memory blocks...
[Wed Jul 03 19:50:04 CEST 2019] picard.sam.markduplicates.MarkDuplicates MAX_FILE_HANDLES_FOR_READ_ENDS_MAP=1000 INPUT=[FGJ3.sorted.bam] OUTPUT=FGJ3.dupl_rm.bam METRICS_FILE=FGJ3.metricN.log REMOVE_DUPLICATES=true ASSUME_SORTED=true    MAX_SEQUENCES_FOR_DISK_READ_ENDS_MAP=50000 SORTING_COLLECTION_SIZE_RATIO=0.25 TAG_DUPLICATE_SET_MEMBERS=false REMOVE_SEQUENCING_DUPLICATES=false TAGGING_POLICY=DontTag DUPLICATE_SCORING_STRATEGY=SUM_OF_BASE_QUALITIES PROGRAM_RECORD_ID=MarkDuplicates PROGRAM_GROUP_NAME=MarkDuplicates READ_NAME_REGEX=<optimized capture of last three ':' separated fields as numeric values> OPTICAL_DUPLICATE_PIXEL_DISTANCE=100 VERBOSITY=INFO QUIET=false VALIDATION_STRINGENCY=STRICT COMPRESSION_LEVEL=5 MAX_RECORDS_IN_RAM=500000 CREATE_INDEX=false CREATE_MD5_FILE=false GA4GH_CLIENT_SECRETS=client_secrets.json
[Wed Jul 03 19:50:04 CEST 2019] Executing as knam@node114 on Linux 3.10.0-514.26.2.el7.x86_64 amd64; OpenJDK 64-Bit Server VM 1.8.0_102-b14; Picard version: 2.9.4-SNAPSHOT
INFO	2019-07-03 19:50:05	MarkDuplicates	Start of doWork freeMemory: 2031680744; totalMemory: 2058354688; maxMemory: 3817865216
INFO	2019-07-03 19:50:05	MarkDuplicates	Reading input file and constructing read end information.
INFO	2019-07-03 19:50:05	MarkDuplicates	Will retain up to 13832844 data points before spilling to disk.
INFO	2019-07-03 19:50:17	MarkDuplicates	Read     1,000,000 records.  Elapsed time: 00:00:12s.  Time for last 1,000,000:   12s.  Last read position: HiC_scaffold_1:8,242,293
INFO	2019-07-03 19:50:17	MarkDuplicates	Tracking 10390 as yet unmatched pairs. 152 records in RAM.
INFO	2019-07-03 19:50:24	MarkDuplicates	Read     2,000,000 records.  Elapsed time: 00:00:18s.  Time for last 1,000,000:    6s.  Last read position: HiC_scaffold_2:4,485,372
INFO	2019-07-03 19:50:24	MarkDuplicates	Tracking 22340 as yet unmatched pairs. 503 records in RAM.
INFO	2019-07-03 19:50:34	MarkDuplicates	Read     3,000,000 records.  Elapsed time: 00:00:28s.  Time for last 1,000,000:    9s.  Last read position: HiC_scaffold_2:12,983,818
INFO	2019-07-03 19:50:34	MarkDuplicates	Tracking 32210 as yet unmatched pairs. 38 records in RAM.
INFO	2019-07-03 19:50:42	MarkDuplicates	Read     4,000,000 records.  Elapsed time: 00:00:37s.  Time for last 1,000,000:    8s.  Last read position: HiC_scaffold_3:7,944,875
INFO	2019-07-03 19:50:42	MarkDuplicates	Tracking 41552 as yet unmatched pairs. 751 records in RAM.
INFO	2019-07-03 19:50:50	MarkDuplicates	Read     5,000,000 records.  Elapsed time: 00:00:45s.  Time for last 1,000,000:    8s.  Last read position: HiC_scaffold_4:2,596,008
INFO	2019-07-03 19:50:50	MarkDuplicates	Tracking 52878 as yet unmatched pairs. 1512 records in RAM.
INFO	2019-07-03 19:50:57	MarkDuplicates	Read     6,000,000 records.  Elapsed time: 00:00:51s.  Time for last 1,000,000:    6s.  Last read position: HiC_scaffold_4:10,673,005
INFO	2019-07-03 19:50:57	MarkDuplicates	Tracking 60541 as yet unmatched pairs. 647 records in RAM.
INFO	2019-07-03 19:51:05	MarkDuplicates	Read     7,000,000 records.  Elapsed time: 00:00:59s.  Time for last 1,000,000:    8s.  Last read position: HiC_scaffold_5:4,753,159
INFO	2019-07-03 19:51:05	MarkDuplicates	Tracking 69324 as yet unmatched pairs. 1417 records in RAM.
INFO	2019-07-03 19:51:12	MarkDuplicates	Read     8,000,000 records.  Elapsed time: 00:01:07s.  Time for last 1,000,000:    7s.  Last read position: HiC_scaffold_6:1,587,029
INFO	2019-07-03 19:51:12	MarkDuplicates	Tracking 77932 as yet unmatched pairs. 2185 records in RAM.
INFO	2019-07-03 19:51:21	MarkDuplicates	Read     9,000,000 records.  Elapsed time: 00:01:15s.  Time for last 1,000,000:    8s.  Last read position: HiC_scaffold_7:883,250
INFO	2019-07-03 19:51:21	MarkDuplicates	Tracking 87874 as yet unmatched pairs. 3429 records in RAM.
INFO	2019-07-03 19:51:28	MarkDuplicates	Read    10,000,000 records.  Elapsed time: 00:01:22s.  Time for last 1,000,000:    6s.  Last read position: HiC_scaffold_7:8,782,430
INFO	2019-07-03 19:51:28	MarkDuplicates	Tracking 94308 as yet unmatched pairs. 1470 records in RAM.
INFO	2019-07-03 19:51:35	MarkDuplicates	Read    11,000,000 records.  Elapsed time: 00:01:29s.  Time for last 1,000,000:    7s.  Last read position: HiC_scaffold_8:3,969,972
INFO	2019-07-03 19:51:35	MarkDuplicates	Tracking 101639 as yet unmatched pairs. 2469 records in RAM.
INFO	2019-07-03 19:51:41	MarkDuplicates	Read    12,000,000 records.  Elapsed time: 00:01:36s.  Time for last 1,000,000:    6s.  Last read position: HiC_scaffold_9:1,415,578
INFO	2019-07-03 19:51:41	MarkDuplicates	Tracking 108608 as yet unmatched pairs. 3872 records in RAM.
INFO	2019-07-03 19:51:50	MarkDuplicates	Read    13,000,000 records.  Elapsed time: 00:01:44s.  Time for last 1,000,000:    8s.  Last read position: HiC_scaffold_9:9,738,788
INFO	2019-07-03 19:51:50	MarkDuplicates	Tracking 114258 as yet unmatched pairs. 1048 records in RAM.
INFO	2019-07-03 19:51:57	MarkDuplicates	Read    14,000,000 records.  Elapsed time: 00:01:52s.  Time for last 1,000,000:    7s.  Last read position: HiC_scaffold_10:5,796,185
INFO	2019-07-03 19:51:57	MarkDuplicates	Tracking 119400 as yet unmatched pairs. 3264 records in RAM.
INFO	2019-07-03 19:52:05	MarkDuplicates	Read    15,000,000 records.  Elapsed time: 00:01:59s.  Time for last 1,000,000:    7s.  Last read position: HiC_scaffold_10:14,089,661
INFO	2019-07-03 19:52:05	MarkDuplicates	Tracking 123530 as yet unmatched pairs. 34 records in RAM.
INFO	2019-07-03 19:52:47	MarkDuplicates	Read    16,000,000 records.  Elapsed time: 00:02:41s.  Time for last 1,000,000:   42s.  Last read position: HiC_scaffold_11:7,776,185
INFO	2019-07-03 19:52:47	MarkDuplicates	Tracking 127366 as yet unmatched pairs. 3191 records in RAM.
INFO	2019-07-03 19:53:03	MarkDuplicates	Read    17,000,000 records.  Elapsed time: 00:02:58s.  Time for last 1,000,000:   16s.  Last read position: HiC_scaffold_12:644,358
INFO	2019-07-03 19:53:03	MarkDuplicates	Tracking 131370 as yet unmatched pairs. 19533 records in RAM.
INFO	2019-07-03 19:53:10	MarkDuplicates	Read    18,000,000 records.  Elapsed time: 00:03:04s.  Time for last 1,000,000:    6s.  Last read position: HiC_scaffold_12:9,658,627
INFO	2019-07-03 19:53:10	MarkDuplicates	Tracking 141361 as yet unmatched pairs. 13444 records in RAM.
INFO	2019-07-03 19:53:17	MarkDuplicates	Read    19,000,000 records.  Elapsed time: 00:03:12s.  Time for last 1,000,000:    7s.  Last read position: HiC_scaffold_13:769,663
INFO	2019-07-03 19:53:17	MarkDuplicates	Tracking 145852 as yet unmatched pairs. 7699 records in RAM.
INFO	2019-07-03 19:53:25	MarkDuplicates	Read    20,000,000 records.  Elapsed time: 00:03:20s.  Time for last 1,000,000:    7s.  Last read position: HiC_scaffold_13:8,807,142
INFO	2019-07-03 19:53:25	MarkDuplicates	Tracking 147087 as yet unmatched pairs. 3402 records in RAM.
INFO	2019-07-03 19:53:32	MarkDuplicates	Read    21,000,000 records.  Elapsed time: 00:03:27s.  Time for last 1,000,000:    7s.  Last read position: HiC_scaffold_14:2,148,640
INFO	2019-07-03 19:53:32	MarkDuplicates	Tracking 147664 as yet unmatched pairs. 7763 records in RAM.
INFO	2019-07-03 19:53:41	MarkDuplicates	Read    22,000,000 records.  Elapsed time: 00:03:36s.  Time for last 1,000,000:    8s.  Last read position: HiC_scaffold_14:10,204,763
INFO	2019-07-03 19:53:41	MarkDuplicates	Tracking 147884 as yet unmatched pairs. 3256 records in RAM.
INFO	2019-07-03 19:53:48	MarkDuplicates	Read    23,000,000 records.  Elapsed time: 00:03:43s.  Time for last 1,000,000:    6s.  Last read position: HiC_scaffold_15:4,736,015
INFO	2019-07-03 19:53:48	MarkDuplicates	Tracking 147601 as yet unmatched pairs. 5805 records in RAM.
INFO	2019-07-03 19:53:55	MarkDuplicates	Read    24,000,000 records.  Elapsed time: 00:03:49s.  Time for last 1,000,000:    6s.  Last read position: HiC_scaffold_15:13,251,245
INFO	2019-07-03 19:53:55	MarkDuplicates	Tracking 146834 as yet unmatched pairs. 368 records in RAM.
INFO	2019-07-03 19:54:22	MarkDuplicates	Read    25,000,000 records.  Elapsed time: 00:04:16s.  Time for last 1,000,000:   27s.  Last read position: HiC_scaffold_16:8,489,647
INFO	2019-07-03 19:54:22	MarkDuplicates	Tracking 145594 as yet unmatched pairs. 3110 records in RAM.
INFO	2019-07-03 19:54:29	MarkDuplicates	Read    26,000,000 records.  Elapsed time: 00:04:23s.  Time for last 1,000,000:    7s.  Last read position: HiC_scaffold_17:6,055,477
INFO	2019-07-03 19:54:29	MarkDuplicates	Tracking 143190 as yet unmatched pairs. 6136 records in RAM.
INFO	2019-07-03 19:54:36	MarkDuplicates	Read    27,000,000 records.  Elapsed time: 00:04:30s.  Time for last 1,000,000:    7s.  Last read position: HiC_scaffold_18:4,552,604
INFO	2019-07-03 19:54:36	MarkDuplicates	Tracking 139718 as yet unmatched pairs. 6244 records in RAM.
INFO	2019-07-03 19:54:43	MarkDuplicates	Read    28,000,000 records.  Elapsed time: 00:04:38s.  Time for last 1,000,000:    7s.  Last read position: HiC_scaffold_19:516,548
INFO	2019-07-03 19:54:43	MarkDuplicates	Tracking 136781 as yet unmatched pairs. 10849 records in RAM.
INFO	2019-07-03 19:54:49	MarkDuplicates	Read    29,000,000 records.  Elapsed time: 00:04:44s.  Time for last 1,000,000:    6s.  Last read position: HiC_scaffold_19:9,059,734
INFO	2019-07-03 19:54:49	MarkDuplicates	Tracking 133742 as yet unmatched pairs. 4168 records in RAM.
INFO	2019-07-03 19:54:56	MarkDuplicates	Read    30,000,000 records.  Elapsed time: 00:04:51s.  Time for last 1,000,000:    6s.  Last read position: HiC_scaffold_20:4,678,791
INFO	2019-07-03 19:54:56	MarkDuplicates	Tracking 129850 as yet unmatched pairs. 7496 records in RAM.
INFO	2019-07-03 19:55:04	MarkDuplicates	Read    31,000,000 records.  Elapsed time: 00:04:58s.  Time for last 1,000,000:    7s.  Last read position: HiC_scaffold_21:3,118,520
INFO	2019-07-03 19:55:04	MarkDuplicates	Tracking 124290 as yet unmatched pairs. 9476 records in RAM.
INFO	2019-07-03 19:55:10	MarkDuplicates	Read    32,000,000 records.  Elapsed time: 00:05:04s.  Time for last 1,000,000:    6s.  Last read position: HiC_scaffold_21:11,265,538
INFO	2019-07-03 19:55:10	MarkDuplicates	Tracking 119923 as yet unmatched pairs. 2058 records in RAM.
INFO	2019-07-03 19:55:17	MarkDuplicates	Read    33,000,000 records.  Elapsed time: 00:05:12s.  Time for last 1,000,000:    7s.  Last read position: HiC_scaffold_22:6,728,588
INFO	2019-07-03 19:55:17	MarkDuplicates	Tracking 112584 as yet unmatched pairs. 5421 records in RAM.
INFO	2019-07-03 19:55:31	MarkDuplicates	Read    34,000,000 records.  Elapsed time: 00:05:26s.  Time for last 1,000,000:   13s.  Last read position: HiC_scaffold_23:4,429,704
INFO	2019-07-03 19:55:31	MarkDuplicates	Tracking 105018 as yet unmatched pairs. 4896 records in RAM.
INFO	2019-07-03 19:55:38	MarkDuplicates	Read    35,000,000 records.  Elapsed time: 00:05:33s.  Time for last 1,000,000:    7s.  Last read position: HiC_scaffold_24:3,544,031
INFO	2019-07-03 19:55:38	MarkDuplicates	Tracking 96563 as yet unmatched pairs. 9910 records in RAM.
INFO	2019-07-03 19:55:46	MarkDuplicates	Read    36,000,000 records.  Elapsed time: 00:05:41s.  Time for last 1,000,000:    7s.  Last read position: HiC_scaffold_25:2,774,450
INFO	2019-07-03 19:55:46	MarkDuplicates	Tracking 86866 as yet unmatched pairs. 11429 records in RAM.
INFO	2019-07-03 19:56:40	MarkDuplicates	Read    37,000,000 records.  Elapsed time: 00:06:35s.  Time for last 1,000,000:   54s.  Last read position: HiC_scaffold_25:10,887,598
INFO	2019-07-03 19:56:40	MarkDuplicates	Tracking 80764 as yet unmatched pairs. 3982 records in RAM.
INFO	2019-07-03 19:56:47	MarkDuplicates	Read    38,000,000 records.  Elapsed time: 00:06:42s.  Time for last 1,000,000:    6s.  Last read position: HiC_scaffold_26:6,468,052
INFO	2019-07-03 19:56:47	MarkDuplicates	Tracking 68834 as yet unmatched pairs. 3336 records in RAM.
INFO	2019-07-03 19:56:55	MarkDuplicates	Read    39,000,000 records.  Elapsed time: 00:06:49s.  Time for last 1,000,000:    7s.  Last read position: HiC_scaffold_27:6,104,974
INFO	2019-07-03 19:56:55	MarkDuplicates	Tracking 60018 as yet unmatched pairs. 9487 records in RAM.
INFO	2019-07-03 19:57:01	MarkDuplicates	Read    40,000,000 records.  Elapsed time: 00:06:56s.  Time for last 1,000,000:    6s.  Last read position: HiC_scaffold_27:14,377,855
INFO	2019-07-03 19:57:01	MarkDuplicates	Tracking 51796 as yet unmatched pairs. 325 records in RAM.
INFO	2019-07-03 19:57:10	MarkDuplicates	Read    41,000,000 records.  Elapsed time: 00:07:05s.  Time for last 1,000,000:    8s.  Last read position: HiC_scaffold_29:1,968,886
INFO	2019-07-03 19:57:10	MarkDuplicates	Tracking 34542 as yet unmatched pairs. 25978 records in RAM.
INFO	2019-07-03 19:57:17	MarkDuplicates	Read    42,000,000 records.  Elapsed time: 00:07:11s.  Time for last 1,000,000:    6s.  Last read position: HiC_scaffold_29:10,493,698
INFO	2019-07-03 19:57:17	MarkDuplicates	Tracking 23744 as yet unmatched pairs. 15027 records in RAM.
INFO	2019-07-03 19:57:23	MarkDuplicates	Read    43,000,000 records.  Elapsed time: 00:07:18s.  Time for last 1,000,000:    6s.  Last read position: HiC_scaffold_111:3,661
INFO	2019-07-03 19:57:23	MarkDuplicates	Tracking 7088 as yet unmatched pairs. 30 records in RAM.
INFO	2019-07-03 19:57:37	MarkDuplicates	Read 43499562 records. 0 pairs never matched.
INFO	2019-07-03 19:57:42	MarkDuplicates	After buildSortedReadEndLists freeMemory: 3633089416; totalMemory: 3662675968; maxMemory: 3817865216
INFO	2019-07-03 19:57:42	MarkDuplicates	Will retain up to 119308288 duplicate indices before spilling to disk.
INFO	2019-07-03 19:57:42	MarkDuplicates	Traversing read pair information and detecting duplicates.
INFO	2019-07-03 19:57:52	MarkDuplicates	Traversing fragment information and detecting duplicates.
INFO	2019-07-03 19:58:02	MarkDuplicates	Sorting list of duplicate records.
INFO	2019-07-03 19:58:10	MarkDuplicates	After generateDuplicateIndexes freeMemory: 2708692160; totalMemory: 3691511808; maxMemory: 3817865216
INFO	2019-07-03 19:58:10	MarkDuplicates	Marking 5804183 records as duplicates.
INFO	2019-07-03 19:58:10	MarkDuplicates	Found 197768 optical duplicate clusters.
INFO	2019-07-03 19:58:10	MarkDuplicates	Reads are assumed to be ordered by: coordinate
INFO	2019-07-03 20:00:39	MarkDuplicates	Written    10,000,000 records.  Elapsed time: 00:02:29s.  Time for last 10,000,000:  149s.  Last read position: HiC_scaffold_8:9,230,925
INFO	2019-07-03 20:03:11	MarkDuplicates	Written    20,000,000 records.  Elapsed time: 00:05:01s.  Time for last 10,000,000:  151s.  Last read position: HiC_scaffold_15:5,656,602
INFO	2019-07-03 20:05:42	MarkDuplicates	Written    30,000,000 records.  Elapsed time: 00:07:32s.  Time for last 10,000,000:  151s.  Last read position: HiC_scaffold_24:1,271,791
INFO	2019-07-03 20:08:11	MarkDuplicates	Written    40,000,000 records.  Elapsed time: 00:10:01s.  Time for last 10,000,000:  149s.  Last read position: */*
INFO	2019-07-03 20:10:37	MarkDuplicates	Written    50,000,000 records.  Elapsed time: 00:12:27s.  Time for last 10,000,000:  145s.  Last read position: */*
INFO	2019-07-03 20:12:23	MarkDuplicates	Before output close freeMemory: 3724571128; totalMemory: 3755999232; maxMemory: 3817865216
INFO	2019-07-03 20:12:23	MarkDuplicates	After output close freeMemory: 3724556624; totalMemory: 3755999232; maxMemory: 3817865216
[Wed Jul 03 20:12:23 CEST 2019] picard.sam.markduplicates.MarkDuplicates done. Elapsed time: 22.31 minutes.
Runtime.totalMemory()=3755999232
[Wed Jul 03 20:12:23 CEST 2019] picard.sam.AddOrReplaceReadGroups INPUT=FGJ3.dupl_rm.bam OUTPUT=FGJ3.bam RGID=FGJ3 RGLB=lib1 RGPL=illumina RGPU=unit1 RGSM=FGJ3    VERBOSITY=INFO QUIET=false VALIDATION_STRINGENCY=STRICT COMPRESSION_LEVEL=5 MAX_RECORDS_IN_RAM=500000 CREATE_INDEX=false CREATE_MD5_FILE=false GA4GH_CLIENT_SECRETS=client_secrets.json
[Wed Jul 03 20:12:23 CEST 2019] Executing as knam@node114 on Linux 3.10.0-514.26.2.el7.x86_64 amd64; OpenJDK 64-Bit Server VM 1.8.0_102-b14; Picard version: 2.9.4-SNAPSHOT
INFO	2019-07-03 20:12:24	AddOrReplaceReadGroups	Created read group ID=FGJ3 PL=illumina LB=lib1 SM=FGJ3

INFO	2019-07-03 20:12:41	AddOrReplaceReadGroups	Processed     1,000,000 records.  Elapsed time: 00:00:17s.  Time for last 1,000,000:   17s.  Last read position: HiC_scaffold_1:9,796,289
INFO	2019-07-03 20:12:57	AddOrReplaceReadGroups	Processed     2,000,000 records.  Elapsed time: 00:00:33s.  Time for last 1,000,000:   16s.  Last read position: HiC_scaffold_2:6,986,473
INFO	2019-07-03 20:13:14	AddOrReplaceReadGroups	Processed     3,000,000 records.  Elapsed time: 00:00:50s.  Time for last 1,000,000:   16s.  Last read position: HiC_scaffold_3:3,651,235
INFO	2019-07-03 20:13:31	AddOrReplaceReadGroups	Processed     4,000,000 records.  Elapsed time: 00:01:07s.  Time for last 1,000,000:   16s.  Last read position: HiC_scaffold_3:13,577,475
INFO	2019-07-03 20:13:47	AddOrReplaceReadGroups	Processed     5,000,000 records.  Elapsed time: 00:01:23s.  Time for last 1,000,000:   16s.  Last read position: HiC_scaffold_4:8,847,241
INFO	2019-07-03 20:14:04	AddOrReplaceReadGroups	Processed     6,000,000 records.  Elapsed time: 00:01:40s.  Time for last 1,000,000:   16s.  Last read position: HiC_scaffold_5:4,175,247
INFO	2019-07-03 20:14:21	AddOrReplaceReadGroups	Processed     7,000,000 records.  Elapsed time: 00:01:57s.  Time for last 1,000,000:   16s.  Last read position: HiC_scaffold_6:2,546,252
INFO	2019-07-03 20:14:38	AddOrReplaceReadGroups	Processed     8,000,000 records.  Elapsed time: 00:02:14s.  Time for last 1,000,000:   16s.  Last read position: HiC_scaffold_7:2,987,528
INFO	2019-07-03 20:14:55	AddOrReplaceReadGroups	Processed     9,000,000 records.  Elapsed time: 00:02:31s.  Time for last 1,000,000:   16s.  Last read position: HiC_scaffold_7:12,246,083
INFO	2019-07-03 20:15:12	AddOrReplaceReadGroups	Processed    10,000,000 records.  Elapsed time: 00:02:47s.  Time for last 1,000,000:   16s.  Last read position: HiC_scaffold_8:9,230,925
INFO	2019-07-03 20:15:28	AddOrReplaceReadGroups	Processed    11,000,000 records.  Elapsed time: 00:03:04s.  Time for last 1,000,000:   16s.  Last read position: HiC_scaffold_9:7,188,202
INFO	2019-07-03 20:15:45	AddOrReplaceReadGroups	Processed    12,000,000 records.  Elapsed time: 00:03:21s.  Time for last 1,000,000:   16s.  Last read position: HiC_scaffold_10:4,696,491
INFO	2019-07-03 20:16:02	AddOrReplaceReadGroups	Processed    13,000,000 records.  Elapsed time: 00:03:38s.  Time for last 1,000,000:   16s.  Last read position: HiC_scaffold_11:84,828
INFO	2019-07-03 20:16:19	AddOrReplaceReadGroups	Processed    14,000,000 records.  Elapsed time: 00:03:55s.  Time for last 1,000,000:   16s.  Last read position: HiC_scaffold_11:9,214,100
INFO	2019-07-03 20:16:36	AddOrReplaceReadGroups	Processed    15,000,000 records.  Elapsed time: 00:04:12s.  Time for last 1,000,000:   17s.  Last read position: HiC_scaffold_12:4,075,321
INFO	2019-07-03 20:16:53	AddOrReplaceReadGroups	Processed    16,000,000 records.  Elapsed time: 00:04:29s.  Time for last 1,000,000:   17s.  Last read position: HiC_scaffold_12:15,220,985
INFO	2019-07-03 20:17:11	AddOrReplaceReadGroups	Processed    17,000,000 records.  Elapsed time: 00:04:46s.  Time for last 1,000,000:   17s.  Last read position: HiC_scaffold_13:6,205,016
INFO	2019-07-03 20:17:27	AddOrReplaceReadGroups	Processed    18,000,000 records.  Elapsed time: 00:05:03s.  Time for last 1,000,000:   16s.  Last read position: HiC_scaffold_14:243,493
INFO	2019-07-03 20:17:44	AddOrReplaceReadGroups	Processed    19,000,000 records.  Elapsed time: 00:05:20s.  Time for last 1,000,000:   16s.  Last read position: HiC_scaffold_14:9,817,165
INFO	2019-07-03 20:18:01	AddOrReplaceReadGroups	Processed    20,000,000 records.  Elapsed time: 00:05:37s.  Time for last 1,000,000:   16s.  Last read position: HiC_scaffold_15:5,656,602
INFO	2019-07-03 20:18:18	AddOrReplaceReadGroups	Processed    21,000,000 records.  Elapsed time: 00:05:54s.  Time for last 1,000,000:   16s.  Last read position: HiC_scaffold_16:1,815,444
INFO	2019-07-03 20:18:35	AddOrReplaceReadGroups	Processed    22,000,000 records.  Elapsed time: 00:06:11s.  Time for last 1,000,000:   16s.  Last read position: HiC_scaffold_17:168,562
INFO	2019-07-03 20:18:52	AddOrReplaceReadGroups	Processed    23,000,000 records.  Elapsed time: 00:06:28s.  Time for last 1,000,000:   17s.  Last read position: HiC_scaffold_18:370,389
INFO	2019-07-03 20:19:09	AddOrReplaceReadGroups	Processed    24,000,000 records.  Elapsed time: 00:06:45s.  Time for last 1,000,000:   17s.  Last read position: HiC_scaffold_18:10,532,033
INFO	2019-07-03 20:19:26	AddOrReplaceReadGroups	Processed    25,000,000 records.  Elapsed time: 00:07:02s.  Time for last 1,000,000:   16s.  Last read position: HiC_scaffold_19:8,083,531
INFO	2019-07-03 20:19:43	AddOrReplaceReadGroups	Processed    26,000,000 records.  Elapsed time: 00:07:19s.  Time for last 1,000,000:   16s.  Last read position: HiC_scaffold_20:4,905,448
INFO	2019-07-03 20:20:00	AddOrReplaceReadGroups	Processed    27,000,000 records.  Elapsed time: 00:07:36s.  Time for last 1,000,000:   17s.  Last read position: HiC_scaffold_21:4,568,008
INFO	2019-07-03 20:20:17	AddOrReplaceReadGroups	Processed    28,000,000 records.  Elapsed time: 00:07:53s.  Time for last 1,000,000:   16s.  Last read position: HiC_scaffold_22:496,441
INFO	2019-07-03 20:20:34	AddOrReplaceReadGroups	Processed    29,000,000 records.  Elapsed time: 00:08:10s.  Time for last 1,000,000:   16s.  Last read position: HiC_scaffold_22:11,158,189
INFO	2019-07-03 20:20:51	AddOrReplaceReadGroups	Processed    30,000,000 records.  Elapsed time: 00:08:27s.  Time for last 1,000,000:   17s.  Last read position: HiC_scaffold_24:1,271,791
INFO	2019-07-03 20:21:08	AddOrReplaceReadGroups	Processed    31,000,000 records.  Elapsed time: 00:08:44s.  Time for last 1,000,000:   16s.  Last read position: HiC_scaffold_25:783,359
INFO	2019-07-03 20:21:25	AddOrReplaceReadGroups	Processed    32,000,000 records.  Elapsed time: 00:09:00s.  Time for last 1,000,000:   16s.  Last read position: HiC_scaffold_25:10,222,995
INFO	2019-07-03 20:21:42	AddOrReplaceReadGroups	Processed    33,000,000 records.  Elapsed time: 00:09:17s.  Time for last 1,000,000:   17s.  Last read position: HiC_scaffold_26:7,260,409
INFO	2019-07-03 20:21:58	AddOrReplaceReadGroups	Processed    34,000,000 records.  Elapsed time: 00:09:34s.  Time for last 1,000,000:   16s.  Last read position: HiC_scaffold_27:7,924,834
INFO	2019-07-03 20:22:15	AddOrReplaceReadGroups	Processed    35,000,000 records.  Elapsed time: 00:09:51s.  Time for last 1,000,000:   16s.  Last read position: HiC_scaffold_28:3,379,561
INFO	2019-07-03 20:22:33	AddOrReplaceReadGroups	Processed    36,000,000 records.  Elapsed time: 00:10:08s.  Time for last 1,000,000:   17s.  Last read position: HiC_scaffold_29:6,814,408
INFO	2019-07-03 20:22:49	AddOrReplaceReadGroups	Processed    37,000,000 records.  Elapsed time: 00:10:25s.  Time for last 1,000,000:   16s.  Last read position: HiC_scaffold_29:19,636,904
INFO	2019-07-03 20:23:06	AddOrReplaceReadGroups	Processed    38,000,000 records.  Elapsed time: 00:10:42s.  Time for last 1,000,000:   16s.  Last read position: */*
INFO	2019-07-03 20:23:23	AddOrReplaceReadGroups	Processed    39,000,000 records.  Elapsed time: 00:10:59s.  Time for last 1,000,000:   16s.  Last read position: */*
INFO	2019-07-03 20:23:39	AddOrReplaceReadGroups	Processed    40,000,000 records.  Elapsed time: 00:11:15s.  Time for last 1,000,000:   16s.  Last read position: */*
INFO	2019-07-03 20:23:55	AddOrReplaceReadGroups	Processed    41,000,000 records.  Elapsed time: 00:11:31s.  Time for last 1,000,000:   16s.  Last read position: */*
INFO	2019-07-03 20:24:12	AddOrReplaceReadGroups	Processed    42,000,000 records.  Elapsed time: 00:11:48s.  Time for last 1,000,000:   16s.  Last read position: */*
INFO	2019-07-03 20:24:28	AddOrReplaceReadGroups	Processed    43,000,000 records.  Elapsed time: 00:12:04s.  Time for last 1,000,000:   16s.  Last read position: */*
INFO	2019-07-03 20:24:44	AddOrReplaceReadGroups	Processed    44,000,000 records.  Elapsed time: 00:12:20s.  Time for last 1,000,000:   16s.  Last read position: */*
INFO	2019-07-03 20:25:01	AddOrReplaceReadGroups	Processed    45,000,000 records.  Elapsed time: 00:12:37s.  Time for last 1,000,000:   16s.  Last read position: */*
INFO	2019-07-03 20:25:17	AddOrReplaceReadGroups	Processed    46,000,000 records.  Elapsed time: 00:12:53s.  Time for last 1,000,000:   16s.  Last read position: */*
INFO	2019-07-03 20:25:34	AddOrReplaceReadGroups	Processed    47,000,000 records.  Elapsed time: 00:13:10s.  Time for last 1,000,000:   16s.  Last read position: */*
INFO	2019-07-03 20:25:51	AddOrReplaceReadGroups	Processed    48,000,000 records.  Elapsed time: 00:13:27s.  Time for last 1,000,000:   17s.  Last read position: */*
INFO	2019-07-03 20:26:08	AddOrReplaceReadGroups	Processed    49,000,000 records.  Elapsed time: 00:13:44s.  Time for last 1,000,000:   17s.  Last read position: */*
INFO	2019-07-03 20:26:26	AddOrReplaceReadGroups	Processed    50,000,000 records.  Elapsed time: 00:14:02s.  Time for last 1,000,000:   17s.  Last read position: */*
INFO	2019-07-03 20:26:43	AddOrReplaceReadGroups	Processed    51,000,000 records.  Elapsed time: 00:14:19s.  Time for last 1,000,000:   17s.  Last read position: */*
INFO	2019-07-03 20:27:00	AddOrReplaceReadGroups	Processed    52,000,000 records.  Elapsed time: 00:14:36s.  Time for last 1,000,000:   16s.  Last read position: */*
INFO	2019-07-03 20:27:18	AddOrReplaceReadGroups	Processed    53,000,000 records.  Elapsed time: 00:14:53s.  Time for last 1,000,000:   17s.  Last read position: */*
INFO	2019-07-03 20:27:35	AddOrReplaceReadGroups	Processed    54,000,000 records.  Elapsed time: 00:15:11s.  Time for last 1,000,000:   17s.  Last read position: */*
INFO	2019-07-03 20:27:52	AddOrReplaceReadGroups	Processed    55,000,000 records.  Elapsed time: 00:15:28s.  Time for last 1,000,000:   16s.  Last read position: */*
INFO	2019-07-03 20:28:09	AddOrReplaceReadGroups	Processed    56,000,000 records.  Elapsed time: 00:15:45s.  Time for last 1,000,000:   17s.  Last read position: */*
INFO	2019-07-03 20:28:27	AddOrReplaceReadGroups	Processed    57,000,000 records.  Elapsed time: 00:16:02s.  Time for last 1,000,000:   17s.  Last read position: */*
[Wed Jul 03 20:28:27 CEST 2019] picard.sam.AddOrReplaceReadGroups done. Elapsed time: 16.06 minutes.
Runtime.totalMemory()=1512570880
