42834821 reads; of these:
  42834821 (100.00%) were paired; of these:
    42699259 (99.68%) aligned concordantly 0 times
    105134 (0.25%) aligned concordantly exactly 1 time
    30428 (0.07%) aligned concordantly >1 times
    ----
    42699259 pairs aligned concordantly 0 times; of these:
      1142 (0.00%) aligned discordantly 1 time
    ----
    42698117 pairs aligned 0 times concordantly or discordantly; of these:
      85396234 mates make up the pairs; of these:
        85322888 (99.91%) aligned 0 times
        57879 (0.07%) aligned exactly 1 time
        15467 (0.02%) aligned >1 times
0.40% overall alignment rate
[bam_sort_core] merging from 35 files and 1 in-memory blocks...
[Wed Jul 03 13:15:47 CEST 2019] picard.sam.markduplicates.MarkDuplicates MAX_FILE_HANDLES_FOR_READ_ENDS_MAP=1000 INPUT=[B9.sorted.bam] OUTPUT=B9.dupl_rm.bam METRICS_FILE=B9.metricN.log REMOVE_DUPLICATES=true ASSUME_SORTED=true    MAX_SEQUENCES_FOR_DISK_READ_ENDS_MAP=50000 SORTING_COLLECTION_SIZE_RATIO=0.25 TAG_DUPLICATE_SET_MEMBERS=false REMOVE_SEQUENCING_DUPLICATES=false TAGGING_POLICY=DontTag DUPLICATE_SCORING_STRATEGY=SUM_OF_BASE_QUALITIES PROGRAM_RECORD_ID=MarkDuplicates PROGRAM_GROUP_NAME=MarkDuplicates READ_NAME_REGEX=<optimized capture of last three ':' separated fields as numeric values> OPTICAL_DUPLICATE_PIXEL_DISTANCE=100 VERBOSITY=INFO QUIET=false VALIDATION_STRINGENCY=STRICT COMPRESSION_LEVEL=5 MAX_RECORDS_IN_RAM=500000 CREATE_INDEX=false CREATE_MD5_FILE=false GA4GH_CLIENT_SECRETS=client_secrets.json
[Wed Jul 03 13:15:47 CEST 2019] Executing as knam@node113 on Linux 3.10.0-514.26.2.el7.x86_64 amd64; OpenJDK 64-Bit Server VM 1.8.0_102-b14; Picard version: 2.9.4-SNAPSHOT
INFO	2019-07-03 13:15:48	MarkDuplicates	Start of doWork freeMemory: 2031680800; totalMemory: 2058354688; maxMemory: 3817865216
INFO	2019-07-03 13:15:48	MarkDuplicates	Reading input file and constructing read end information.
INFO	2019-07-03 13:15:48	MarkDuplicates	Will retain up to 13832844 data points before spilling to disk.
INFO	2019-07-03 13:15:59	MarkDuplicates	Read 415638 records. 0 pairs never matched.
INFO	2019-07-03 13:16:03	MarkDuplicates	After buildSortedReadEndLists freeMemory: 2426986856; totalMemory: 2595749888; maxMemory: 3817865216
INFO	2019-07-03 13:16:03	MarkDuplicates	Will retain up to 119308288 duplicate indices before spilling to disk.
INFO	2019-07-03 13:16:03	MarkDuplicates	Traversing read pair information and detecting duplicates.
INFO	2019-07-03 13:16:03	MarkDuplicates	Traversing fragment information and detecting duplicates.
INFO	2019-07-03 13:16:04	MarkDuplicates	Sorting list of duplicate records.
INFO	2019-07-03 13:16:22	MarkDuplicates	After generateDuplicateIndexes freeMemory: 1618217656; totalMemory: 2595749888; maxMemory: 3817865216
INFO	2019-07-03 13:16:22	MarkDuplicates	Marking 50631 records as duplicates.
INFO	2019-07-03 13:16:22	MarkDuplicates	Found 1854 optical duplicate clusters.
INFO	2019-07-03 13:16:22	MarkDuplicates	Reads are assumed to be ordered by: coordinate
INFO	2019-07-03 13:20:37	MarkDuplicates	Written    10,000,000 records.  Elapsed time: 00:04:15s.  Time for last 10,000,000:  255s.  Last read position: */*
INFO	2019-07-03 13:24:43	MarkDuplicates	Written    20,000,000 records.  Elapsed time: 00:08:21s.  Time for last 10,000,000:  245s.  Last read position: */*
INFO	2019-07-03 13:28:49	MarkDuplicates	Written    30,000,000 records.  Elapsed time: 00:12:27s.  Time for last 10,000,000:  246s.  Last read position: */*
INFO	2019-07-03 13:32:56	MarkDuplicates	Written    40,000,000 records.  Elapsed time: 00:16:34s.  Time for last 10,000,000:  247s.  Last read position: */*
INFO	2019-07-03 13:37:08	MarkDuplicates	Written    50,000,000 records.  Elapsed time: 00:20:46s.  Time for last 10,000,000:  252s.  Last read position: */*
INFO	2019-07-03 13:41:22	MarkDuplicates	Written    60,000,000 records.  Elapsed time: 00:25:00s.  Time for last 10,000,000:  253s.  Last read position: */*
INFO	2019-07-03 13:45:33	MarkDuplicates	Written    70,000,000 records.  Elapsed time: 00:29:11s.  Time for last 10,000,000:  251s.  Last read position: */*
INFO	2019-07-03 13:49:46	MarkDuplicates	Written    80,000,000 records.  Elapsed time: 00:33:24s.  Time for last 10,000,000:  252s.  Last read position: */*
INFO	2019-07-03 13:52:10	MarkDuplicates	Before output close freeMemory: 3835025608; totalMemory: 3866624000; maxMemory: 3866624000
INFO	2019-07-03 13:52:10	MarkDuplicates	After output close freeMemory: 3835010984; totalMemory: 3866624000; maxMemory: 3866624000
[Wed Jul 03 13:52:10 CEST 2019] picard.sam.markduplicates.MarkDuplicates done. Elapsed time: 36.40 minutes.
Runtime.totalMemory()=3866624000
[Wed Jul 03 13:52:11 CEST 2019] picard.sam.AddOrReplaceReadGroups INPUT=B9.dupl_rm.bam OUTPUT=B9.bam RGID=B9 RGLB=lib1 RGPL=illumina RGPU=unit1 RGSM=B9    VERBOSITY=INFO QUIET=false VALIDATION_STRINGENCY=STRICT COMPRESSION_LEVEL=5 MAX_RECORDS_IN_RAM=500000 CREATE_INDEX=false CREATE_MD5_FILE=false GA4GH_CLIENT_SECRETS=client_secrets.json
[Wed Jul 03 13:52:11 CEST 2019] Executing as knam@node113 on Linux 3.10.0-514.26.2.el7.x86_64 amd64; OpenJDK 64-Bit Server VM 1.8.0_102-b14; Picard version: 2.9.4-SNAPSHOT
INFO	2019-07-03 13:52:12	AddOrReplaceReadGroups	Created read group ID=B9 PL=illumina LB=lib1 SM=B9

INFO	2019-07-03 13:52:45	AddOrReplaceReadGroups	Processed     1,000,000 records.  Elapsed time: 00:00:33s.  Time for last 1,000,000:   33s.  Last read position: */*
INFO	2019-07-03 13:53:10	AddOrReplaceReadGroups	Processed     2,000,000 records.  Elapsed time: 00:00:58s.  Time for last 1,000,000:   24s.  Last read position: */*
INFO	2019-07-03 13:53:34	AddOrReplaceReadGroups	Processed     3,000,000 records.  Elapsed time: 00:01:22s.  Time for last 1,000,000:   24s.  Last read position: */*
INFO	2019-07-03 13:53:58	AddOrReplaceReadGroups	Processed     4,000,000 records.  Elapsed time: 00:01:46s.  Time for last 1,000,000:   24s.  Last read position: */*
INFO	2019-07-03 13:54:22	AddOrReplaceReadGroups	Processed     5,000,000 records.  Elapsed time: 00:02:10s.  Time for last 1,000,000:   24s.  Last read position: */*
INFO	2019-07-03 13:54:46	AddOrReplaceReadGroups	Processed     6,000,000 records.  Elapsed time: 00:02:34s.  Time for last 1,000,000:   24s.  Last read position: */*
INFO	2019-07-03 13:55:11	AddOrReplaceReadGroups	Processed     7,000,000 records.  Elapsed time: 00:02:59s.  Time for last 1,000,000:   24s.  Last read position: */*
INFO	2019-07-03 13:55:35	AddOrReplaceReadGroups	Processed     8,000,000 records.  Elapsed time: 00:03:23s.  Time for last 1,000,000:   24s.  Last read position: */*
INFO	2019-07-03 13:55:59	AddOrReplaceReadGroups	Processed     9,000,000 records.  Elapsed time: 00:03:47s.  Time for last 1,000,000:   23s.  Last read position: */*
INFO	2019-07-03 13:56:23	AddOrReplaceReadGroups	Processed    10,000,000 records.  Elapsed time: 00:04:10s.  Time for last 1,000,000:   23s.  Last read position: */*
INFO	2019-07-03 13:56:47	AddOrReplaceReadGroups	Processed    11,000,000 records.  Elapsed time: 00:04:34s.  Time for last 1,000,000:   23s.  Last read position: */*
INFO	2019-07-03 13:57:10	AddOrReplaceReadGroups	Processed    12,000,000 records.  Elapsed time: 00:04:58s.  Time for last 1,000,000:   23s.  Last read position: */*
INFO	2019-07-03 13:57:34	AddOrReplaceReadGroups	Processed    13,000,000 records.  Elapsed time: 00:05:22s.  Time for last 1,000,000:   23s.  Last read position: */*
INFO	2019-07-03 13:57:58	AddOrReplaceReadGroups	Processed    14,000,000 records.  Elapsed time: 00:05:46s.  Time for last 1,000,000:   23s.  Last read position: */*
INFO	2019-07-03 13:58:23	AddOrReplaceReadGroups	Processed    15,000,000 records.  Elapsed time: 00:06:10s.  Time for last 1,000,000:   24s.  Last read position: */*
INFO	2019-07-03 13:58:47	AddOrReplaceReadGroups	Processed    16,000,000 records.  Elapsed time: 00:06:35s.  Time for last 1,000,000:   24s.  Last read position: */*
INFO	2019-07-03 13:59:11	AddOrReplaceReadGroups	Processed    17,000,000 records.  Elapsed time: 00:06:59s.  Time for last 1,000,000:   24s.  Last read position: */*
INFO	2019-07-03 13:59:35	AddOrReplaceReadGroups	Processed    18,000,000 records.  Elapsed time: 00:07:23s.  Time for last 1,000,000:   23s.  Last read position: */*
INFO	2019-07-03 13:59:59	AddOrReplaceReadGroups	Processed    19,000,000 records.  Elapsed time: 00:07:47s.  Time for last 1,000,000:   23s.  Last read position: */*
INFO	2019-07-03 14:00:23	AddOrReplaceReadGroups	Processed    20,000,000 records.  Elapsed time: 00:08:10s.  Time for last 1,000,000:   23s.  Last read position: */*
INFO	2019-07-03 14:00:47	AddOrReplaceReadGroups	Processed    21,000,000 records.  Elapsed time: 00:08:34s.  Time for last 1,000,000:   23s.  Last read position: */*
INFO	2019-07-03 14:01:11	AddOrReplaceReadGroups	Processed    22,000,000 records.  Elapsed time: 00:08:58s.  Time for last 1,000,000:   24s.  Last read position: */*
INFO	2019-07-03 14:01:35	AddOrReplaceReadGroups	Processed    23,000,000 records.  Elapsed time: 00:09:22s.  Time for last 1,000,000:   23s.  Last read position: */*
INFO	2019-07-03 14:01:59	AddOrReplaceReadGroups	Processed    24,000,000 records.  Elapsed time: 00:09:46s.  Time for last 1,000,000:   23s.  Last read position: */*
INFO	2019-07-03 14:02:22	AddOrReplaceReadGroups	Processed    25,000,000 records.  Elapsed time: 00:10:10s.  Time for last 1,000,000:   23s.  Last read position: */*
INFO	2019-07-03 14:02:46	AddOrReplaceReadGroups	Processed    26,000,000 records.  Elapsed time: 00:10:34s.  Time for last 1,000,000:   23s.  Last read position: */*
INFO	2019-07-03 14:03:10	AddOrReplaceReadGroups	Processed    27,000,000 records.  Elapsed time: 00:10:58s.  Time for last 1,000,000:   23s.  Last read position: */*
INFO	2019-07-03 14:03:34	AddOrReplaceReadGroups	Processed    28,000,000 records.  Elapsed time: 00:11:22s.  Time for last 1,000,000:   23s.  Last read position: */*
INFO	2019-07-03 14:03:58	AddOrReplaceReadGroups	Processed    29,000,000 records.  Elapsed time: 00:11:46s.  Time for last 1,000,000:   24s.  Last read position: */*
INFO	2019-07-03 14:04:23	AddOrReplaceReadGroups	Processed    30,000,000 records.  Elapsed time: 00:12:11s.  Time for last 1,000,000:   24s.  Last read position: */*
INFO	2019-07-03 14:04:47	AddOrReplaceReadGroups	Processed    31,000,000 records.  Elapsed time: 00:12:35s.  Time for last 1,000,000:   24s.  Last read position: */*
INFO	2019-07-03 14:05:11	AddOrReplaceReadGroups	Processed    32,000,000 records.  Elapsed time: 00:12:59s.  Time for last 1,000,000:   24s.  Last read position: */*
INFO	2019-07-03 14:05:35	AddOrReplaceReadGroups	Processed    33,000,000 records.  Elapsed time: 00:13:23s.  Time for last 1,000,000:   24s.  Last read position: */*
INFO	2019-07-03 14:06:00	AddOrReplaceReadGroups	Processed    34,000,000 records.  Elapsed time: 00:13:47s.  Time for last 1,000,000:   24s.  Last read position: */*
INFO	2019-07-03 14:06:24	AddOrReplaceReadGroups	Processed    35,000,000 records.  Elapsed time: 00:14:11s.  Time for last 1,000,000:   23s.  Last read position: */*
INFO	2019-07-03 14:06:48	AddOrReplaceReadGroups	Processed    36,000,000 records.  Elapsed time: 00:14:35s.  Time for last 1,000,000:   24s.  Last read position: */*
INFO	2019-07-03 14:07:12	AddOrReplaceReadGroups	Processed    37,000,000 records.  Elapsed time: 00:15:00s.  Time for last 1,000,000:   24s.  Last read position: */*
INFO	2019-07-03 14:07:36	AddOrReplaceReadGroups	Processed    38,000,000 records.  Elapsed time: 00:15:24s.  Time for last 1,000,000:   24s.  Last read position: */*
INFO	2019-07-03 14:08:00	AddOrReplaceReadGroups	Processed    39,000,000 records.  Elapsed time: 00:15:48s.  Time for last 1,000,000:   24s.  Last read position: */*
INFO	2019-07-03 14:08:25	AddOrReplaceReadGroups	Processed    40,000,000 records.  Elapsed time: 00:16:12s.  Time for last 1,000,000:   24s.  Last read position: */*
INFO	2019-07-03 14:08:49	AddOrReplaceReadGroups	Processed    41,000,000 records.  Elapsed time: 00:16:37s.  Time for last 1,000,000:   24s.  Last read position: */*
INFO	2019-07-03 14:09:13	AddOrReplaceReadGroups	Processed    42,000,000 records.  Elapsed time: 00:17:01s.  Time for last 1,000,000:   24s.  Last read position: */*
INFO	2019-07-03 14:09:37	AddOrReplaceReadGroups	Processed    43,000,000 records.  Elapsed time: 00:17:25s.  Time for last 1,000,000:   24s.  Last read position: */*
INFO	2019-07-03 14:10:02	AddOrReplaceReadGroups	Processed    44,000,000 records.  Elapsed time: 00:17:50s.  Time for last 1,000,000:   24s.  Last read position: */*
INFO	2019-07-03 14:10:26	AddOrReplaceReadGroups	Processed    45,000,000 records.  Elapsed time: 00:18:14s.  Time for last 1,000,000:   24s.  Last read position: */*
INFO	2019-07-03 14:10:51	AddOrReplaceReadGroups	Processed    46,000,000 records.  Elapsed time: 00:18:39s.  Time for last 1,000,000:   24s.  Last read position: */*
INFO	2019-07-03 14:11:15	AddOrReplaceReadGroups	Processed    47,000,000 records.  Elapsed time: 00:19:03s.  Time for last 1,000,000:   24s.  Last read position: */*
INFO	2019-07-03 14:11:40	AddOrReplaceReadGroups	Processed    48,000,000 records.  Elapsed time: 00:19:28s.  Time for last 1,000,000:   24s.  Last read position: */*
INFO	2019-07-03 14:12:05	AddOrReplaceReadGroups	Processed    49,000,000 records.  Elapsed time: 00:19:53s.  Time for last 1,000,000:   25s.  Last read position: */*
INFO	2019-07-03 14:12:31	AddOrReplaceReadGroups	Processed    50,000,000 records.  Elapsed time: 00:20:19s.  Time for last 1,000,000:   25s.  Last read position: */*
INFO	2019-07-03 14:12:56	AddOrReplaceReadGroups	Processed    51,000,000 records.  Elapsed time: 00:20:44s.  Time for last 1,000,000:   25s.  Last read position: */*
INFO	2019-07-03 14:13:21	AddOrReplaceReadGroups	Processed    52,000,000 records.  Elapsed time: 00:21:09s.  Time for last 1,000,000:   24s.  Last read position: */*
INFO	2019-07-03 14:13:45	AddOrReplaceReadGroups	Processed    53,000,000 records.  Elapsed time: 00:21:33s.  Time for last 1,000,000:   24s.  Last read position: */*
INFO	2019-07-03 14:14:10	AddOrReplaceReadGroups	Processed    54,000,000 records.  Elapsed time: 00:21:58s.  Time for last 1,000,000:   24s.  Last read position: */*
INFO	2019-07-03 14:14:35	AddOrReplaceReadGroups	Processed    55,000,000 records.  Elapsed time: 00:22:23s.  Time for last 1,000,000:   24s.  Last read position: */*
INFO	2019-07-03 14:15:00	AddOrReplaceReadGroups	Processed    56,000,000 records.  Elapsed time: 00:22:47s.  Time for last 1,000,000:   24s.  Last read position: */*
INFO	2019-07-03 14:15:25	AddOrReplaceReadGroups	Processed    57,000,000 records.  Elapsed time: 00:23:13s.  Time for last 1,000,000:   25s.  Last read position: */*
INFO	2019-07-03 14:15:50	AddOrReplaceReadGroups	Processed    58,000,000 records.  Elapsed time: 00:23:37s.  Time for last 1,000,000:   24s.  Last read position: */*
INFO	2019-07-03 14:16:14	AddOrReplaceReadGroups	Processed    59,000,000 records.  Elapsed time: 00:24:02s.  Time for last 1,000,000:   24s.  Last read position: */*
INFO	2019-07-03 14:16:38	AddOrReplaceReadGroups	Processed    60,000,000 records.  Elapsed time: 00:24:26s.  Time for last 1,000,000:   24s.  Last read position: */*
INFO	2019-07-03 14:17:03	AddOrReplaceReadGroups	Processed    61,000,000 records.  Elapsed time: 00:24:50s.  Time for last 1,000,000:   24s.  Last read position: */*
INFO	2019-07-03 14:17:27	AddOrReplaceReadGroups	Processed    62,000,000 records.  Elapsed time: 00:25:15s.  Time for last 1,000,000:   24s.  Last read position: */*
INFO	2019-07-03 14:17:51	AddOrReplaceReadGroups	Processed    63,000,000 records.  Elapsed time: 00:25:39s.  Time for last 1,000,000:   24s.  Last read position: */*
INFO	2019-07-03 14:18:16	AddOrReplaceReadGroups	Processed    64,000,000 records.  Elapsed time: 00:26:04s.  Time for last 1,000,000:   24s.  Last read position: */*
INFO	2019-07-03 14:18:41	AddOrReplaceReadGroups	Processed    65,000,000 records.  Elapsed time: 00:26:29s.  Time for last 1,000,000:   25s.  Last read position: */*
INFO	2019-07-03 14:19:06	AddOrReplaceReadGroups	Processed    66,000,000 records.  Elapsed time: 00:26:54s.  Time for last 1,000,000:   24s.  Last read position: */*
INFO	2019-07-03 14:19:31	AddOrReplaceReadGroups	Processed    67,000,000 records.  Elapsed time: 00:27:19s.  Time for last 1,000,000:   24s.  Last read position: */*
INFO	2019-07-03 14:19:55	AddOrReplaceReadGroups	Processed    68,000,000 records.  Elapsed time: 00:27:43s.  Time for last 1,000,000:   24s.  Last read position: */*
INFO	2019-07-03 14:20:20	AddOrReplaceReadGroups	Processed    69,000,000 records.  Elapsed time: 00:28:08s.  Time for last 1,000,000:   24s.  Last read position: */*
INFO	2019-07-03 14:20:45	AddOrReplaceReadGroups	Processed    70,000,000 records.  Elapsed time: 00:28:32s.  Time for last 1,000,000:   24s.  Last read position: */*
INFO	2019-07-03 14:21:09	AddOrReplaceReadGroups	Processed    71,000,000 records.  Elapsed time: 00:28:57s.  Time for last 1,000,000:   24s.  Last read position: */*
INFO	2019-07-03 14:21:34	AddOrReplaceReadGroups	Processed    72,000,000 records.  Elapsed time: 00:29:22s.  Time for last 1,000,000:   25s.  Last read position: */*
INFO	2019-07-03 14:21:59	AddOrReplaceReadGroups	Processed    73,000,000 records.  Elapsed time: 00:29:47s.  Time for last 1,000,000:   24s.  Last read position: */*
INFO	2019-07-03 14:22:23	AddOrReplaceReadGroups	Processed    74,000,000 records.  Elapsed time: 00:30:11s.  Time for last 1,000,000:   24s.  Last read position: */*
INFO	2019-07-03 14:22:48	AddOrReplaceReadGroups	Processed    75,000,000 records.  Elapsed time: 00:30:35s.  Time for last 1,000,000:   24s.  Last read position: */*
INFO	2019-07-03 14:23:12	AddOrReplaceReadGroups	Processed    76,000,000 records.  Elapsed time: 00:31:00s.  Time for last 1,000,000:   24s.  Last read position: */*
INFO	2019-07-03 14:23:37	AddOrReplaceReadGroups	Processed    77,000,000 records.  Elapsed time: 00:31:24s.  Time for last 1,000,000:   24s.  Last read position: */*
INFO	2019-07-03 14:24:01	AddOrReplaceReadGroups	Processed    78,000,000 records.  Elapsed time: 00:31:49s.  Time for last 1,000,000:   24s.  Last read position: */*
INFO	2019-07-03 14:24:26	AddOrReplaceReadGroups	Processed    79,000,000 records.  Elapsed time: 00:32:14s.  Time for last 1,000,000:   25s.  Last read position: */*
INFO	2019-07-03 14:24:52	AddOrReplaceReadGroups	Processed    80,000,000 records.  Elapsed time: 00:32:40s.  Time for last 1,000,000:   25s.  Last read position: */*
INFO	2019-07-03 14:25:17	AddOrReplaceReadGroups	Processed    81,000,000 records.  Elapsed time: 00:33:05s.  Time for last 1,000,000:   25s.  Last read position: */*
INFO	2019-07-03 14:25:42	AddOrReplaceReadGroups	Processed    82,000,000 records.  Elapsed time: 00:33:30s.  Time for last 1,000,000:   24s.  Last read position: */*
INFO	2019-07-03 14:26:07	AddOrReplaceReadGroups	Processed    83,000,000 records.  Elapsed time: 00:33:54s.  Time for last 1,000,000:   24s.  Last read position: */*
INFO	2019-07-03 14:26:31	AddOrReplaceReadGroups	Processed    84,000,000 records.  Elapsed time: 00:34:19s.  Time for last 1,000,000:   24s.  Last read position: */*
INFO	2019-07-03 14:26:56	AddOrReplaceReadGroups	Processed    85,000,000 records.  Elapsed time: 00:34:44s.  Time for last 1,000,000:   24s.  Last read position: */*
[Wed Jul 03 14:27:11 CEST 2019] picard.sam.AddOrReplaceReadGroups done. Elapsed time: 35.00 minutes.
Runtime.totalMemory()=1512570880
