26827043 reads; of these:
  26827043 (100.00%) were paired; of these:
    16631334 (61.99%) aligned concordantly 0 times
    7759514 (28.92%) aligned concordantly exactly 1 time
    2436195 (9.08%) aligned concordantly >1 times
    ----
    16631334 pairs aligned concordantly 0 times; of these:
      80295 (0.48%) aligned discordantly 1 time
    ----
    16551039 pairs aligned 0 times concordantly or discordantly; of these:
      33102078 mates make up the pairs; of these:
        28682707 (86.65%) aligned 0 times
        3559857 (10.75%) aligned exactly 1 time
        859514 (2.60%) aligned >1 times
46.54% overall alignment rate
[bam_sort_core] merging from 24 files and 1 in-memory blocks...
[Wed Jul 03 18:27:34 CEST 2019] picard.sam.markduplicates.MarkDuplicates MAX_FILE_HANDLES_FOR_READ_ENDS_MAP=1000 INPUT=[B3.sorted.bam] OUTPUT=B3.dupl_rm.bam METRICS_FILE=B3.metricN.log REMOVE_DUPLICATES=true ASSUME_SORTED=true    MAX_SEQUENCES_FOR_DISK_READ_ENDS_MAP=50000 SORTING_COLLECTION_SIZE_RATIO=0.25 TAG_DUPLICATE_SET_MEMBERS=false REMOVE_SEQUENCING_DUPLICATES=false TAGGING_POLICY=DontTag DUPLICATE_SCORING_STRATEGY=SUM_OF_BASE_QUALITIES PROGRAM_RECORD_ID=MarkDuplicates PROGRAM_GROUP_NAME=MarkDuplicates READ_NAME_REGEX=<optimized capture of last three ':' separated fields as numeric values> OPTICAL_DUPLICATE_PIXEL_DISTANCE=100 VERBOSITY=INFO QUIET=false VALIDATION_STRINGENCY=STRICT COMPRESSION_LEVEL=5 MAX_RECORDS_IN_RAM=500000 CREATE_INDEX=false CREATE_MD5_FILE=false GA4GH_CLIENT_SECRETS=client_secrets.json
[Wed Jul 03 18:27:34 CEST 2019] Executing as knam@node138 on Linux 3.10.0-514.26.2.el7.x86_64 amd64; OpenJDK 64-Bit Server VM 1.8.0_102-b14; Picard version: 2.9.4-SNAPSHOT
INFO	2019-07-03 18:27:34	MarkDuplicates	Start of doWork freeMemory: 2031680800; totalMemory: 2058354688; maxMemory: 3817865216
INFO	2019-07-03 18:27:34	MarkDuplicates	Reading input file and constructing read end information.
INFO	2019-07-03 18:27:34	MarkDuplicates	Will retain up to 13832844 data points before spilling to disk.
INFO	2019-07-03 18:27:53	MarkDuplicates	Read     1,000,000 records.  Elapsed time: 00:00:18s.  Time for last 1,000,000:   18s.  Last read position: HiC_scaffold_2:647,566
INFO	2019-07-03 18:27:53	MarkDuplicates	Tracking 8850 as yet unmatched pairs. 268 records in RAM.
INFO	2019-07-03 18:28:03	MarkDuplicates	Read     2,000,000 records.  Elapsed time: 00:00:28s.  Time for last 1,000,000:   10s.  Last read position: HiC_scaffold_3:762,197
INFO	2019-07-03 18:28:03	MarkDuplicates	Tracking 16812 as yet unmatched pairs. 736 records in RAM.
INFO	2019-07-03 18:28:16	MarkDuplicates	Read     3,000,000 records.  Elapsed time: 00:00:40s.  Time for last 1,000,000:   12s.  Last read position: HiC_scaffold_3:13,457,045
INFO	2019-07-03 18:28:16	MarkDuplicates	Tracking 25404 as yet unmatched pairs. 91 records in RAM.
INFO	2019-07-03 18:28:28	MarkDuplicates	Read     4,000,000 records.  Elapsed time: 00:00:52s.  Time for last 1,000,000:   11s.  Last read position: HiC_scaffold_4:11,689,679
INFO	2019-07-03 18:28:28	MarkDuplicates	Tracking 32016 as yet unmatched pairs. 309 records in RAM.
INFO	2019-07-03 18:28:37	MarkDuplicates	Read     5,000,000 records.  Elapsed time: 00:01:02s.  Time for last 1,000,000:    9s.  Last read position: HiC_scaffold_5:10,108,838
INFO	2019-07-03 18:28:37	MarkDuplicates	Tracking 38731 as yet unmatched pairs. 198 records in RAM.
INFO	2019-07-03 18:28:48	MarkDuplicates	Read     6,000,000 records.  Elapsed time: 00:01:13s.  Time for last 1,000,000:   11s.  Last read position: HiC_scaffold_7:2,433,027
INFO	2019-07-03 18:28:48	MarkDuplicates	Tracking 45906 as yet unmatched pairs. 1535 records in RAM.
INFO	2019-07-03 18:28:58	MarkDuplicates	Read     7,000,000 records.  Elapsed time: 00:01:23s.  Time for last 1,000,000:   10s.  Last read position: HiC_scaffold_8:1,785,449
INFO	2019-07-03 18:28:58	MarkDuplicates	Tracking 51142 as yet unmatched pairs. 1616 records in RAM.
INFO	2019-07-03 18:29:11	MarkDuplicates	Read     8,000,000 records.  Elapsed time: 00:01:36s.  Time for last 1,000,000:   12s.  Last read position: HiC_scaffold_9:3,153,631
INFO	2019-07-03 18:29:11	MarkDuplicates	Tracking 57590 as yet unmatched pairs. 1476 records in RAM.
INFO	2019-07-03 18:29:21	MarkDuplicates	Read     9,000,000 records.  Elapsed time: 00:01:46s.  Time for last 1,000,000:   10s.  Last read position: HiC_scaffold_10:4,062,563
INFO	2019-07-03 18:29:21	MarkDuplicates	Tracking 61356 as yet unmatched pairs. 2045 records in RAM.
INFO	2019-07-03 18:29:34	MarkDuplicates	Read    10,000,000 records.  Elapsed time: 00:01:59s.  Time for last 1,000,000:   12s.  Last read position: HiC_scaffold_11:2,784,569
INFO	2019-07-03 18:29:34	MarkDuplicates	Tracking 64831 as yet unmatched pairs. 2613 records in RAM.
INFO	2019-07-03 18:29:45	MarkDuplicates	Read    11,000,000 records.  Elapsed time: 00:02:09s.  Time for last 1,000,000:   10s.  Last read position: HiC_scaffold_11:15,413,633
INFO	2019-07-03 18:29:45	MarkDuplicates	Tracking 67334 as yet unmatched pairs. 17 records in RAM.
INFO	2019-07-03 18:29:57	MarkDuplicates	Read    12,000,000 records.  Elapsed time: 00:02:22s.  Time for last 1,000,000:   12s.  Last read position: HiC_scaffold_12:15,188,678
INFO	2019-07-03 18:29:57	MarkDuplicates	Tracking 73984 as yet unmatched pairs. 4587 records in RAM.
INFO	2019-07-03 18:30:08	MarkDuplicates	Read    13,000,000 records.  Elapsed time: 00:02:32s.  Time for last 1,000,000:   10s.  Last read position: HiC_scaffold_13:6,788,036
INFO	2019-07-03 18:30:08	MarkDuplicates	Tracking 75062 as yet unmatched pairs. 2415 records in RAM.
INFO	2019-07-03 18:30:21	MarkDuplicates	Read    14,000,000 records.  Elapsed time: 00:02:45s.  Time for last 1,000,000:   12s.  Last read position: HiC_scaffold_14:4,475,601
INFO	2019-07-03 18:30:21	MarkDuplicates	Tracking 75374 as yet unmatched pairs. 3619 records in RAM.
INFO	2019-07-03 18:31:30	MarkDuplicates	Read    15,000,000 records.  Elapsed time: 00:03:55s.  Time for last 1,000,000:   69s.  Last read position: HiC_scaffold_15:2,777,087
INFO	2019-07-03 18:31:30	MarkDuplicates	Tracking 74974 as yet unmatched pairs. 3508 records in RAM.
INFO	2019-07-03 18:31:42	MarkDuplicates	Read    16,000,000 records.  Elapsed time: 00:04:07s.  Time for last 1,000,000:   11s.  Last read position: HiC_scaffold_16:2,697,293
INFO	2019-07-03 18:31:42	MarkDuplicates	Tracking 74438 as yet unmatched pairs. 4000 records in RAM.
INFO	2019-07-03 18:32:09	MarkDuplicates	Read    17,000,000 records.  Elapsed time: 00:04:33s.  Time for last 1,000,000:   26s.  Last read position: HiC_scaffold_17:4,198,457
INFO	2019-07-03 18:32:09	MarkDuplicates	Tracking 73000 as yet unmatched pairs. 3681 records in RAM.
INFO	2019-07-03 18:32:20	MarkDuplicates	Read    18,000,000 records.  Elapsed time: 00:04:45s.  Time for last 1,000,000:   11s.  Last read position: HiC_scaffold_18:7,416,795
INFO	2019-07-03 18:32:20	MarkDuplicates	Tracking 70866 as yet unmatched pairs. 2160 records in RAM.
INFO	2019-07-03 18:32:31	MarkDuplicates	Read    19,000,000 records.  Elapsed time: 00:04:55s.  Time for last 1,000,000:   10s.  Last read position: HiC_scaffold_19:8,344,753
INFO	2019-07-03 18:32:31	MarkDuplicates	Tracking 68462 as yet unmatched pairs. 2350 records in RAM.
INFO	2019-07-03 18:32:42	MarkDuplicates	Read    20,000,000 records.  Elapsed time: 00:05:07s.  Time for last 1,000,000:   11s.  Last read position: HiC_scaffold_20:9,032,534
INFO	2019-07-03 18:32:42	MarkDuplicates	Tracking 65040 as yet unmatched pairs. 1164 records in RAM.
INFO	2019-07-03 18:32:55	MarkDuplicates	Read    21,000,000 records.  Elapsed time: 00:05:20s.  Time for last 1,000,000:   12s.  Last read position: HiC_scaffold_21:11,278,020
INFO	2019-07-03 18:32:55	MarkDuplicates	Tracking 61471 as yet unmatched pairs. 1026 records in RAM.
INFO	2019-07-03 18:33:06	MarkDuplicates	Read    22,000,000 records.  Elapsed time: 00:05:31s.  Time for last 1,000,000:   11s.  Last read position: HiC_scaffold_22:10,790,477
INFO	2019-07-03 18:33:06	MarkDuplicates	Tracking 56016 as yet unmatched pairs. 362 records in RAM.
INFO	2019-07-03 18:33:19	MarkDuplicates	Read    23,000,000 records.  Elapsed time: 00:05:44s.  Time for last 1,000,000:   12s.  Last read position: HiC_scaffold_24:2,633,031
INFO	2019-07-03 18:33:19	MarkDuplicates	Tracking 51694 as yet unmatched pairs. 6449 records in RAM.
INFO	2019-07-03 18:33:31	MarkDuplicates	Read    24,000,000 records.  Elapsed time: 00:05:55s.  Time for last 1,000,000:   11s.  Last read position: HiC_scaffold_25:5,106,886
INFO	2019-07-03 18:33:31	MarkDuplicates	Tracking 44574 as yet unmatched pairs. 4607 records in RAM.
INFO	2019-07-03 18:34:20	MarkDuplicates	Read    25,000,000 records.  Elapsed time: 00:06:45s.  Time for last 1,000,000:   49s.  Last read position: HiC_scaffold_26:4,918,412
INFO	2019-07-03 18:34:20	MarkDuplicates	Tracking 37878 as yet unmatched pairs. 2887 records in RAM.
INFO	2019-07-03 18:34:32	MarkDuplicates	Read    26,000,000 records.  Elapsed time: 00:06:57s.  Time for last 1,000,000:   11s.  Last read position: HiC_scaffold_27:8,988,354
INFO	2019-07-03 18:34:32	MarkDuplicates	Tracking 30882 as yet unmatched pairs. 3195 records in RAM.
INFO	2019-07-03 18:34:45	MarkDuplicates	Read    27,000,000 records.  Elapsed time: 00:07:10s.  Time for last 1,000,000:   12s.  Last read position: HiC_scaffold_29:1,020,623
INFO	2019-07-03 18:34:45	MarkDuplicates	Tracking 20521 as yet unmatched pairs. 15720 records in RAM.
INFO	2019-07-03 18:34:56	MarkDuplicates	Read    28,000,000 records.  Elapsed time: 00:07:20s.  Time for last 1,000,000:   10s.  Last read position: HiC_scaffold_29:11,805,263
INFO	2019-07-03 18:34:56	MarkDuplicates	Tracking 12300 as yet unmatched pairs. 7360 records in RAM.
INFO	2019-07-03 18:35:07	MarkDuplicates	Read    29,000,000 records.  Elapsed time: 00:07:31s.  Time for last 1,000,000:   11s.  Last read position: HiC_scaffold_328:17,161
INFO	2019-07-03 18:35:07	MarkDuplicates	Tracking 1917 as yet unmatched pairs. 1 records in RAM.
INFO	2019-07-03 18:35:10	MarkDuplicates	Read 29136950 records. 0 pairs never matched.
INFO	2019-07-03 18:36:06	MarkDuplicates	After buildSortedReadEndLists freeMemory: 2909315256; totalMemory: 3742892032; maxMemory: 3817865216
INFO	2019-07-03 18:36:06	MarkDuplicates	Will retain up to 119308288 duplicate indices before spilling to disk.
INFO	2019-07-03 18:36:06	MarkDuplicates	Traversing read pair information and detecting duplicates.
INFO	2019-07-03 18:36:09	MarkDuplicates	Traversing fragment information and detecting duplicates.
INFO	2019-07-03 18:36:31	MarkDuplicates	Sorting list of duplicate records.
INFO	2019-07-03 18:36:32	MarkDuplicates	After generateDuplicateIndexes freeMemory: 2694565464; totalMemory: 3677356032; maxMemory: 3817865216
INFO	2019-07-03 18:36:32	MarkDuplicates	Marking 3929182 records as duplicates.
INFO	2019-07-03 18:36:32	MarkDuplicates	Found 143198 optical duplicate clusters.
INFO	2019-07-03 18:36:32	MarkDuplicates	Reads are assumed to be ordered by: coordinate
INFO	2019-07-03 18:41:05	MarkDuplicates	Written    10,000,000 records.  Elapsed time: 00:04:32s.  Time for last 10,000,000:  272s.  Last read position: HiC_scaffold_12:8,570,189
INFO	2019-07-03 18:45:39	MarkDuplicates	Written    20,000,000 records.  Elapsed time: 00:09:06s.  Time for last 10,000,000:  273s.  Last read position: HiC_scaffold_24:2,646,384
INFO	2019-07-03 18:50:00	MarkDuplicates	Written    30,000,000 records.  Elapsed time: 00:13:27s.  Time for last 10,000,000:  260s.  Last read position: */*
INFO	2019-07-03 18:54:06	MarkDuplicates	Written    40,000,000 records.  Elapsed time: 00:17:33s.  Time for last 10,000,000:  245s.  Last read position: */*
INFO	2019-07-03 18:58:11	MarkDuplicates	Before output close freeMemory: 3772526824; totalMemory: 3804233728; maxMemory: 3817865216
INFO	2019-07-03 18:58:11	MarkDuplicates	After output close freeMemory: 3772512320; totalMemory: 3804233728; maxMemory: 3817865216
[Wed Jul 03 18:58:11 CEST 2019] picard.sam.markduplicates.MarkDuplicates done. Elapsed time: 30.62 minutes.
Runtime.totalMemory()=3804233728
[Wed Jul 03 18:58:12 CEST 2019] picard.sam.AddOrReplaceReadGroups INPUT=B3.dupl_rm.bam OUTPUT=B3.bam RGID=B3 RGLB=lib1 RGPL=illumina RGPU=unit1 RGSM=B3    VERBOSITY=INFO QUIET=false VALIDATION_STRINGENCY=STRICT COMPRESSION_LEVEL=5 MAX_RECORDS_IN_RAM=500000 CREATE_INDEX=false CREATE_MD5_FILE=false GA4GH_CLIENT_SECRETS=client_secrets.json
[Wed Jul 03 18:58:12 CEST 2019] Executing as knam@node138 on Linux 3.10.0-514.26.2.el7.x86_64 amd64; OpenJDK 64-Bit Server VM 1.8.0_102-b14; Picard version: 2.9.4-SNAPSHOT
INFO	2019-07-03 18:58:13	AddOrReplaceReadGroups	Created read group ID=B3 PL=illumina LB=lib1 SM=B3

INFO	2019-07-03 18:58:45	AddOrReplaceReadGroups	Processed     1,000,000 records.  Elapsed time: 00:00:32s.  Time for last 1,000,000:   32s.  Last read position: HiC_scaffold_2:2,828,789
INFO	2019-07-03 18:59:12	AddOrReplaceReadGroups	Processed     2,000,000 records.  Elapsed time: 00:00:59s.  Time for last 1,000,000:   26s.  Last read position: HiC_scaffold_3:4,878,417
INFO	2019-07-03 18:59:38	AddOrReplaceReadGroups	Processed     3,000,000 records.  Elapsed time: 00:01:24s.  Time for last 1,000,000:   25s.  Last read position: HiC_scaffold_4:5,394,840
INFO	2019-07-03 19:00:03	AddOrReplaceReadGroups	Processed     4,000,000 records.  Elapsed time: 00:01:50s.  Time for last 1,000,000:   25s.  Last read position: HiC_scaffold_5:5,238,666
INFO	2019-07-03 19:00:29	AddOrReplaceReadGroups	Processed     5,000,000 records.  Elapsed time: 00:02:16s.  Time for last 1,000,000:   25s.  Last read position: HiC_scaffold_6:10,159,375
INFO	2019-07-03 19:00:55	AddOrReplaceReadGroups	Processed     6,000,000 records.  Elapsed time: 00:02:42s.  Time for last 1,000,000:   25s.  Last read position: HiC_scaffold_8:831,956
INFO	2019-07-03 19:01:20	AddOrReplaceReadGroups	Processed     7,000,000 records.  Elapsed time: 00:03:07s.  Time for last 1,000,000:   25s.  Last read position: HiC_scaffold_9:4,520,678
INFO	2019-07-03 19:01:45	AddOrReplaceReadGroups	Processed     8,000,000 records.  Elapsed time: 00:03:32s.  Time for last 1,000,000:   25s.  Last read position: HiC_scaffold_10:7,195,825
INFO	2019-07-03 19:02:10	AddOrReplaceReadGroups	Processed     9,000,000 records.  Elapsed time: 00:03:57s.  Time for last 1,000,000:   24s.  Last read position: HiC_scaffold_11:7,760,435
INFO	2019-07-03 19:02:35	AddOrReplaceReadGroups	Processed    10,000,000 records.  Elapsed time: 00:04:22s.  Time for last 1,000,000:   25s.  Last read position: HiC_scaffold_12:8,570,189
INFO	2019-07-03 19:03:01	AddOrReplaceReadGroups	Processed    11,000,000 records.  Elapsed time: 00:04:48s.  Time for last 1,000,000:   25s.  Last read position: HiC_scaffold_13:3,090,435
INFO	2019-07-03 19:03:26	AddOrReplaceReadGroups	Processed    12,000,000 records.  Elapsed time: 00:05:12s.  Time for last 1,000,000:   24s.  Last read position: HiC_scaffold_14:2,754,834
INFO	2019-07-03 19:03:50	AddOrReplaceReadGroups	Processed    13,000,000 records.  Elapsed time: 00:05:37s.  Time for last 1,000,000:   24s.  Last read position: HiC_scaffold_15:3,242,783
INFO	2019-07-03 19:04:15	AddOrReplaceReadGroups	Processed    14,000,000 records.  Elapsed time: 00:06:02s.  Time for last 1,000,000:   24s.  Last read position: HiC_scaffold_16:5,261,801
INFO	2019-07-03 19:04:40	AddOrReplaceReadGroups	Processed    15,000,000 records.  Elapsed time: 00:06:27s.  Time for last 1,000,000:   25s.  Last read position: HiC_scaffold_17:9,044,825
INFO	2019-07-03 19:05:05	AddOrReplaceReadGroups	Processed    16,000,000 records.  Elapsed time: 00:06:52s.  Time for last 1,000,000:   25s.  Last read position: HiC_scaffold_19:1,437,860
INFO	2019-07-03 19:05:30	AddOrReplaceReadGroups	Processed    17,000,000 records.  Elapsed time: 00:07:17s.  Time for last 1,000,000:   24s.  Last read position: HiC_scaffold_20:3,720,894
INFO	2019-07-03 19:05:55	AddOrReplaceReadGroups	Processed    18,000,000 records.  Elapsed time: 00:07:42s.  Time for last 1,000,000:   24s.  Last read position: HiC_scaffold_21:8,629,083
INFO	2019-07-03 19:06:20	AddOrReplaceReadGroups	Processed    19,000,000 records.  Elapsed time: 00:08:07s.  Time for last 1,000,000:   24s.  Last read position: HiC_scaffold_22:10,092,526
INFO	2019-07-03 19:06:45	AddOrReplaceReadGroups	Processed    20,000,000 records.  Elapsed time: 00:08:32s.  Time for last 1,000,000:   24s.  Last read position: HiC_scaffold_24:2,646,384
INFO	2019-07-03 19:07:10	AddOrReplaceReadGroups	Processed    21,000,000 records.  Elapsed time: 00:08:57s.  Time for last 1,000,000:   24s.  Last read position: HiC_scaffold_25:8,286,675
INFO	2019-07-03 19:07:30	AddOrReplaceReadGroups	Processed    22,000,000 records.  Elapsed time: 00:09:17s.  Time for last 1,000,000:   20s.  Last read position: HiC_scaffold_27:1,240,894
INFO	2019-07-03 19:07:47	AddOrReplaceReadGroups	Processed    23,000,000 records.  Elapsed time: 00:09:34s.  Time for last 1,000,000:   16s.  Last read position: HiC_scaffold_28:2,309,324
INFO	2019-07-03 19:08:04	AddOrReplaceReadGroups	Processed    24,000,000 records.  Elapsed time: 00:09:51s.  Time for last 1,000,000:   16s.  Last read position: HiC_scaffold_29:8,883,014
INFO	2019-07-03 19:08:20	AddOrReplaceReadGroups	Processed    25,000,000 records.  Elapsed time: 00:10:07s.  Time for last 1,000,000:   16s.  Last read position: HiC_scaffold_320:7,470
INFO	2019-07-03 19:08:37	AddOrReplaceReadGroups	Processed    26,000,000 records.  Elapsed time: 00:10:24s.  Time for last 1,000,000:   16s.  Last read position: */*
INFO	2019-07-03 19:08:53	AddOrReplaceReadGroups	Processed    27,000,000 records.  Elapsed time: 00:10:40s.  Time for last 1,000,000:   16s.  Last read position: */*
INFO	2019-07-03 19:09:10	AddOrReplaceReadGroups	Processed    28,000,000 records.  Elapsed time: 00:10:57s.  Time for last 1,000,000:   16s.  Last read position: */*
INFO	2019-07-03 19:09:26	AddOrReplaceReadGroups	Processed    29,000,000 records.  Elapsed time: 00:11:13s.  Time for last 1,000,000:   16s.  Last read position: */*
INFO	2019-07-03 19:09:43	AddOrReplaceReadGroups	Processed    30,000,000 records.  Elapsed time: 00:11:30s.  Time for last 1,000,000:   16s.  Last read position: */*
INFO	2019-07-03 19:09:59	AddOrReplaceReadGroups	Processed    31,000,000 records.  Elapsed time: 00:11:46s.  Time for last 1,000,000:   16s.  Last read position: */*
INFO	2019-07-03 19:10:15	AddOrReplaceReadGroups	Processed    32,000,000 records.  Elapsed time: 00:12:02s.  Time for last 1,000,000:   16s.  Last read position: */*
INFO	2019-07-03 19:10:32	AddOrReplaceReadGroups	Processed    33,000,000 records.  Elapsed time: 00:12:19s.  Time for last 1,000,000:   16s.  Last read position: */*
INFO	2019-07-03 19:10:48	AddOrReplaceReadGroups	Processed    34,000,000 records.  Elapsed time: 00:12:35s.  Time for last 1,000,000:   16s.  Last read position: */*
INFO	2019-07-03 19:11:05	AddOrReplaceReadGroups	Processed    35,000,000 records.  Elapsed time: 00:12:52s.  Time for last 1,000,000:   16s.  Last read position: */*
INFO	2019-07-03 19:11:21	AddOrReplaceReadGroups	Processed    36,000,000 records.  Elapsed time: 00:13:08s.  Time for last 1,000,000:   16s.  Last read position: */*
INFO	2019-07-03 19:11:38	AddOrReplaceReadGroups	Processed    37,000,000 records.  Elapsed time: 00:13:25s.  Time for last 1,000,000:   16s.  Last read position: */*
INFO	2019-07-03 19:11:55	AddOrReplaceReadGroups	Processed    38,000,000 records.  Elapsed time: 00:13:42s.  Time for last 1,000,000:   16s.  Last read position: */*
INFO	2019-07-03 19:12:12	AddOrReplaceReadGroups	Processed    39,000,000 records.  Elapsed time: 00:13:59s.  Time for last 1,000,000:   17s.  Last read position: */*
INFO	2019-07-03 19:12:29	AddOrReplaceReadGroups	Processed    40,000,000 records.  Elapsed time: 00:14:16s.  Time for last 1,000,000:   17s.  Last read position: */*
INFO	2019-07-03 19:12:47	AddOrReplaceReadGroups	Processed    41,000,000 records.  Elapsed time: 00:14:33s.  Time for last 1,000,000:   17s.  Last read position: */*
INFO	2019-07-03 19:13:04	AddOrReplaceReadGroups	Processed    42,000,000 records.  Elapsed time: 00:14:51s.  Time for last 1,000,000:   17s.  Last read position: */*
INFO	2019-07-03 19:13:21	AddOrReplaceReadGroups	Processed    43,000,000 records.  Elapsed time: 00:15:08s.  Time for last 1,000,000:   16s.  Last read position: */*
INFO	2019-07-03 19:13:38	AddOrReplaceReadGroups	Processed    44,000,000 records.  Elapsed time: 00:15:25s.  Time for last 1,000,000:   17s.  Last read position: */*
INFO	2019-07-03 19:13:55	AddOrReplaceReadGroups	Processed    45,000,000 records.  Elapsed time: 00:15:42s.  Time for last 1,000,000:   17s.  Last read position: */*
INFO	2019-07-03 19:14:12	AddOrReplaceReadGroups	Processed    46,000,000 records.  Elapsed time: 00:15:59s.  Time for last 1,000,000:   17s.  Last read position: */*
INFO	2019-07-03 19:14:29	AddOrReplaceReadGroups	Processed    47,000,000 records.  Elapsed time: 00:16:16s.  Time for last 1,000,000:   16s.  Last read position: */*
INFO	2019-07-03 19:14:46	AddOrReplaceReadGroups	Processed    48,000,000 records.  Elapsed time: 00:16:33s.  Time for last 1,000,000:   17s.  Last read position: */*
INFO	2019-07-03 19:15:04	AddOrReplaceReadGroups	Processed    49,000,000 records.  Elapsed time: 00:16:51s.  Time for last 1,000,000:   17s.  Last read position: */*
[Wed Jul 03 19:15:16 CEST 2019] picard.sam.AddOrReplaceReadGroups done. Elapsed time: 17.07 minutes.
Runtime.totalMemory()=1512570880
