37035142 reads; of these:
  37035142 (100.00%) were paired; of these:
    18417990 (49.73%) aligned concordantly 0 times
    13711783 (37.02%) aligned concordantly exactly 1 time
    4905369 (13.25%) aligned concordantly >1 times
    ----
    18417990 pairs aligned concordantly 0 times; of these:
      1198638 (6.51%) aligned discordantly 1 time
    ----
    17219352 pairs aligned 0 times concordantly or discordantly; of these:
      34438704 mates make up the pairs; of these:
        27810359 (80.75%) aligned 0 times
        4646575 (13.49%) aligned exactly 1 time
        1981770 (5.75%) aligned >1 times
62.45% overall alignment rate
[bam_sort_core] merging from 29 files and 1 in-memory blocks...
[Wed Jul 03 20:53:18 CEST 2019] picard.sam.markduplicates.MarkDuplicates MAX_FILE_HANDLES_FOR_READ_ENDS_MAP=1000 INPUT=[MS_C_C8.sorted.bam] OUTPUT=MS_C_C8.dupl_rm.bam METRICS_FILE=MS_C_C8.metricN.log REMOVE_DUPLICATES=true ASSUME_SORTED=true    MAX_SEQUENCES_FOR_DISK_READ_ENDS_MAP=50000 SORTING_COLLECTION_SIZE_RATIO=0.25 TAG_DUPLICATE_SET_MEMBERS=false REMOVE_SEQUENCING_DUPLICATES=false TAGGING_POLICY=DontTag DUPLICATE_SCORING_STRATEGY=SUM_OF_BASE_QUALITIES PROGRAM_RECORD_ID=MarkDuplicates PROGRAM_GROUP_NAME=MarkDuplicates READ_NAME_REGEX=<optimized capture of last three ':' separated fields as numeric values> OPTICAL_DUPLICATE_PIXEL_DISTANCE=100 VERBOSITY=INFO QUIET=false VALIDATION_STRINGENCY=STRICT COMPRESSION_LEVEL=5 MAX_RECORDS_IN_RAM=500000 CREATE_INDEX=false CREATE_MD5_FILE=false GA4GH_CLIENT_SECRETS=client_secrets.json
[Wed Jul 03 20:53:18 CEST 2019] Executing as knam@node125 on Linux 3.10.0-514.26.2.el7.x86_64 amd64; OpenJDK 64-Bit Server VM 1.8.0_102-b14; Picard version: 2.9.4-SNAPSHOT
INFO	2019-07-03 20:53:19	MarkDuplicates	Start of doWork freeMemory: 2031680488; totalMemory: 2058354688; maxMemory: 3817865216
INFO	2019-07-03 20:53:19	MarkDuplicates	Reading input file and constructing read end information.
INFO	2019-07-03 20:53:19	MarkDuplicates	Will retain up to 13832844 data points before spilling to disk.
INFO	2019-07-03 20:53:36	MarkDuplicates	Read     1,000,000 records.  Elapsed time: 00:00:17s.  Time for last 1,000,000:   17s.  Last read position: HiC_scaffold_1:7,506,192
INFO	2019-07-03 20:53:36	MarkDuplicates	Tracking 17982 as yet unmatched pairs. 244 records in RAM.
INFO	2019-07-03 20:53:47	MarkDuplicates	Read     2,000,000 records.  Elapsed time: 00:00:27s.  Time for last 1,000,000:   10s.  Last read position: HiC_scaffold_2:2,382,920
INFO	2019-07-03 20:53:47	MarkDuplicates	Tracking 37708 as yet unmatched pairs. 1041 records in RAM.
INFO	2019-07-03 20:54:00	MarkDuplicates	Read     3,000,000 records.  Elapsed time: 00:00:41s.  Time for last 1,000,000:   13s.  Last read position: HiC_scaffold_2:9,787,069
INFO	2019-07-03 20:54:00	MarkDuplicates	Tracking 53076 as yet unmatched pairs. 558 records in RAM.
INFO	2019-07-03 20:54:13	MarkDuplicates	Read     4,000,000 records.  Elapsed time: 00:00:53s.  Time for last 1,000,000:   12s.  Last read position: HiC_scaffold_3:4,009,234
INFO	2019-07-03 20:54:13	MarkDuplicates	Tracking 70719 as yet unmatched pairs. 2096 records in RAM.
INFO	2019-07-03 20:54:25	MarkDuplicates	Read     5,000,000 records.  Elapsed time: 00:01:05s.  Time for last 1,000,000:   11s.  Last read position: HiC_scaffold_3:10,596,001
INFO	2019-07-03 20:54:25	MarkDuplicates	Tracking 87428 as yet unmatched pairs. 801 records in RAM.
INFO	2019-07-03 20:54:34	MarkDuplicates	Read     6,000,000 records.  Elapsed time: 00:01:15s.  Time for last 1,000,000:    9s.  Last read position: HiC_scaffold_4:3,594,908
INFO	2019-07-03 20:54:34	MarkDuplicates	Tracking 103200 as yet unmatched pairs. 2855 records in RAM.
INFO	2019-07-03 20:54:46	MarkDuplicates	Read     7,000,000 records.  Elapsed time: 00:01:26s.  Time for last 1,000,000:   11s.  Last read position: HiC_scaffold_4:10,246,675
INFO	2019-07-03 20:54:46	MarkDuplicates	Tracking 114922 as yet unmatched pairs. 1446 records in RAM.
INFO	2019-07-03 20:54:56	MarkDuplicates	Read     8,000,000 records.  Elapsed time: 00:01:36s.  Time for last 1,000,000:    9s.  Last read position: HiC_scaffold_5:2,511,217
INFO	2019-07-03 20:54:56	MarkDuplicates	Tracking 128530 as yet unmatched pairs. 3062 records in RAM.
INFO	2019-07-03 20:55:07	MarkDuplicates	Read     9,000,000 records.  Elapsed time: 00:01:48s.  Time for last 1,000,000:   11s.  Last read position: HiC_scaffold_5:9,725,297
INFO	2019-07-03 20:55:07	MarkDuplicates	Tracking 142022 as yet unmatched pairs. 755 records in RAM.
INFO	2019-07-03 20:55:17	MarkDuplicates	Read    10,000,000 records.  Elapsed time: 00:01:58s.  Time for last 1,000,000:   10s.  Last read position: HiC_scaffold_6:6,080,333
INFO	2019-07-03 20:55:17	MarkDuplicates	Tracking 158110 as yet unmatched pairs. 1975 records in RAM.
INFO	2019-07-03 20:55:28	MarkDuplicates	Read    11,000,000 records.  Elapsed time: 00:02:09s.  Time for last 1,000,000:   10s.  Last read position: HiC_scaffold_7:3,471,557
INFO	2019-07-03 20:55:28	MarkDuplicates	Tracking 171096 as yet unmatched pairs. 5016 records in RAM.
INFO	2019-07-03 20:55:40	MarkDuplicates	Read    12,000,000 records.  Elapsed time: 00:02:20s.  Time for last 1,000,000:   11s.  Last read position: HiC_scaffold_7:10,547,454
INFO	2019-07-03 20:55:40	MarkDuplicates	Tracking 181678 as yet unmatched pairs. 1689 records in RAM.
INFO	2019-07-03 20:55:50	MarkDuplicates	Read    13,000,000 records.  Elapsed time: 00:02:31s.  Time for last 1,000,000:   10s.  Last read position: HiC_scaffold_8:4,998,971
INFO	2019-07-03 20:55:50	MarkDuplicates	Tracking 192964 as yet unmatched pairs. 4736 records in RAM.
INFO	2019-07-03 20:56:53	MarkDuplicates	Read    14,000,000 records.  Elapsed time: 00:03:34s.  Time for last 1,000,000:   63s.  Last read position: HiC_scaffold_9:303,553
INFO	2019-07-03 20:56:53	MarkDuplicates	Tracking 204706 as yet unmatched pairs. 6945 records in RAM.
INFO	2019-07-03 20:57:03	MarkDuplicates	Read    15,000,000 records.  Elapsed time: 00:03:43s.  Time for last 1,000,000:    9s.  Last read position: HiC_scaffold_9:7,386,450
INFO	2019-07-03 20:57:03	MarkDuplicates	Tracking 212800 as yet unmatched pairs. 3149 records in RAM.
INFO	2019-07-03 20:57:28	MarkDuplicates	Read    16,000,000 records.  Elapsed time: 00:04:08s.  Time for last 1,000,000:   25s.  Last read position: HiC_scaffold_10:2,678,930
INFO	2019-07-03 20:57:28	MarkDuplicates	Tracking 220996 as yet unmatched pairs. 8252 records in RAM.
INFO	2019-07-03 20:57:37	MarkDuplicates	Read    17,000,000 records.  Elapsed time: 00:04:18s.  Time for last 1,000,000:    9s.  Last read position: HiC_scaffold_10:9,528,127
INFO	2019-07-03 20:57:37	MarkDuplicates	Tracking 228221 as yet unmatched pairs. 3167 records in RAM.
INFO	2019-07-03 20:57:49	MarkDuplicates	Read    18,000,000 records.  Elapsed time: 00:04:29s.  Time for last 1,000,000:   11s.  Last read position: HiC_scaffold_11:2,802,998
INFO	2019-07-03 20:57:49	MarkDuplicates	Tracking 235866 as yet unmatched pairs. 8950 records in RAM.
INFO	2019-07-03 20:58:01	MarkDuplicates	Read    19,000,000 records.  Elapsed time: 00:04:42s.  Time for last 1,000,000:   12s.  Last read position: HiC_scaffold_11:9,335,466
INFO	2019-07-03 20:58:01	MarkDuplicates	Tracking 240649 as yet unmatched pairs. 4494 records in RAM.
INFO	2019-07-03 20:58:16	MarkDuplicates	Read    20,000,000 records.  Elapsed time: 00:04:56s.  Time for last 1,000,000:   14s.  Last read position: HiC_scaffold_12:1,453,992
INFO	2019-07-03 20:58:16	MarkDuplicates	Tracking 248688 as yet unmatched pairs. 35171 records in RAM.
INFO	2019-07-03 20:58:26	MarkDuplicates	Read    21,000,000 records.  Elapsed time: 00:05:07s.  Time for last 1,000,000:   10s.  Last read position: HiC_scaffold_12:8,659,554
INFO	2019-07-03 20:58:26	MarkDuplicates	Tracking 266238 as yet unmatched pairs. 28476 records in RAM.
INFO	2019-07-03 20:58:37	MarkDuplicates	Read    22,000,000 records.  Elapsed time: 00:05:17s.  Time for last 1,000,000:   10s.  Last read position: HiC_scaffold_12:16,140,894
INFO	2019-07-03 20:58:37	MarkDuplicates	Tracking 271924 as yet unmatched pairs. 12807 records in RAM.
INFO	2019-07-03 20:59:28	MarkDuplicates	Read    23,000,000 records.  Elapsed time: 00:06:08s.  Time for last 1,000,000:   50s.  Last read position: HiC_scaffold_13:1,421,625
INFO	2019-07-03 20:59:28	MarkDuplicates	Tracking 275454 as yet unmatched pairs. 13124 records in RAM.
INFO	2019-07-03 20:59:38	MarkDuplicates	Read    24,000,000 records.  Elapsed time: 00:06:19s.  Time for last 1,000,000:   10s.  Last read position: HiC_scaffold_13:8,359,672
INFO	2019-07-03 20:59:38	MarkDuplicates	Tracking 277534 as yet unmatched pairs. 6571 records in RAM.
INFO	2019-07-03 20:59:51	MarkDuplicates	Read    25,000,000 records.  Elapsed time: 00:06:31s.  Time for last 1,000,000:   12s.  Last read position: HiC_scaffold_14:236,412
INFO	2019-07-03 20:59:51	MarkDuplicates	Tracking 278340 as yet unmatched pairs. 16530 records in RAM.
INFO	2019-07-03 21:00:02	MarkDuplicates	Read    26,000,000 records.  Elapsed time: 00:06:42s.  Time for last 1,000,000:   11s.  Last read position: HiC_scaffold_14:7,454,838
INFO	2019-07-03 21:00:02	MarkDuplicates	Tracking 278664 as yet unmatched pairs. 9298 records in RAM.
INFO	2019-07-03 21:00:12	MarkDuplicates	Read    27,000,000 records.  Elapsed time: 00:06:53s.  Time for last 1,000,000:   10s.  Last read position: HiC_scaffold_14:14,503,099
INFO	2019-07-03 21:00:12	MarkDuplicates	Tracking 278574 as yet unmatched pairs. 36 records in RAM.
INFO	2019-07-03 21:00:24	MarkDuplicates	Read    28,000,000 records.  Elapsed time: 00:07:05s.  Time for last 1,000,000:   11s.  Last read position: HiC_scaffold_15:7,781,598
INFO	2019-07-03 21:00:24	MarkDuplicates	Tracking 278126 as yet unmatched pairs. 6788 records in RAM.
INFO	2019-07-03 21:00:37	MarkDuplicates	Read    29,000,000 records.  Elapsed time: 00:07:18s.  Time for last 1,000,000:   12s.  Last read position: HiC_scaffold_16:1,553,334
INFO	2019-07-03 21:00:37	MarkDuplicates	Tracking 277096 as yet unmatched pairs. 16868 records in RAM.
INFO	2019-07-03 21:00:48	MarkDuplicates	Read    30,000,000 records.  Elapsed time: 00:07:29s.  Time for last 1,000,000:   11s.  Last read position: HiC_scaffold_16:8,747,236
INFO	2019-07-03 21:00:48	MarkDuplicates	Tracking 275248 as yet unmatched pairs. 6078 records in RAM.
INFO	2019-07-03 21:01:15	MarkDuplicates	Read    31,000,000 records.  Elapsed time: 00:07:55s.  Time for last 1,000,000:   26s.  Last read position: HiC_scaffold_17:4,157,146
INFO	2019-07-03 21:01:15	MarkDuplicates	Tracking 272306 as yet unmatched pairs. 14951 records in RAM.
INFO	2019-07-03 21:01:26	MarkDuplicates	Read    32,000,000 records.  Elapsed time: 00:08:06s.  Time for last 1,000,000:   11s.  Last read position: HiC_scaffold_18:804,625
INFO	2019-07-03 21:01:26	MarkDuplicates	Tracking 267418 as yet unmatched pairs. 18145 records in RAM.
INFO	2019-07-03 21:01:36	MarkDuplicates	Read    33,000,000 records.  Elapsed time: 00:08:16s.  Time for last 1,000,000:    9s.  Last read position: HiC_scaffold_18:8,574,744
INFO	2019-07-03 21:01:36	MarkDuplicates	Tracking 262886 as yet unmatched pairs. 6636 records in RAM.
INFO	2019-07-03 21:01:49	MarkDuplicates	Read    34,000,000 records.  Elapsed time: 00:08:29s.  Time for last 1,000,000:   13s.  Last read position: HiC_scaffold_19:3,660,250
INFO	2019-07-03 21:01:49	MarkDuplicates	Tracking 257838 as yet unmatched pairs. 15606 records in RAM.
INFO	2019-07-03 21:03:42	MarkDuplicates	Read    35,000,000 records.  Elapsed time: 00:10:22s.  Time for last 1,000,000:  113s.  Last read position: HiC_scaffold_19:10,845,618
INFO	2019-07-03 21:03:42	MarkDuplicates	Tracking 252662 as yet unmatched pairs. 4338 records in RAM.
INFO	2019-07-03 21:04:12	MarkDuplicates	Read    36,000,000 records.  Elapsed time: 00:10:53s.  Time for last 1,000,000:   30s.  Last read position: HiC_scaffold_20:5,165,844
INFO	2019-07-03 21:04:12	MarkDuplicates	Tracking 246346 as yet unmatched pairs. 13321 records in RAM.
INFO	2019-07-03 21:04:25	MarkDuplicates	Read    37,000,000 records.  Elapsed time: 00:11:05s.  Time for last 1,000,000:   12s.  Last read position: HiC_scaffold_21:1,987,244
INFO	2019-07-03 21:04:25	MarkDuplicates	Tracking 236976 as yet unmatched pairs. 19489 records in RAM.
INFO	2019-07-03 21:04:35	MarkDuplicates	Read    38,000,000 records.  Elapsed time: 00:11:15s.  Time for last 1,000,000:   10s.  Last read position: HiC_scaffold_21:9,213,227
INFO	2019-07-03 21:04:35	MarkDuplicates	Tracking 230078 as yet unmatched pairs. 7185 records in RAM.
INFO	2019-07-03 21:04:48	MarkDuplicates	Read    39,000,000 records.  Elapsed time: 00:11:29s.  Time for last 1,000,000:   13s.  Last read position: HiC_scaffold_22:2,330,163
INFO	2019-07-03 21:04:48	MarkDuplicates	Tracking 220138 as yet unmatched pairs. 21411 records in RAM.
INFO	2019-07-03 21:05:01	MarkDuplicates	Read    40,000,000 records.  Elapsed time: 00:11:41s.  Time for last 1,000,000:   12s.  Last read position: HiC_scaffold_22:9,910,005
INFO	2019-07-03 21:05:01	MarkDuplicates	Tracking 208686 as yet unmatched pairs. 3497 records in RAM.
INFO	2019-07-03 21:05:13	MarkDuplicates	Read    41,000,000 records.  Elapsed time: 00:11:54s.  Time for last 1,000,000:   12s.  Last read position: HiC_scaffold_23:6,043,957
INFO	2019-07-03 21:05:14	MarkDuplicates	Tracking 198962 as yet unmatched pairs. 6559 records in RAM.
INFO	2019-07-03 21:05:27	MarkDuplicates	Read    42,000,000 records.  Elapsed time: 00:12:07s.  Time for last 1,000,000:   13s.  Last read position: HiC_scaffold_24:2,747,160
INFO	2019-07-03 21:05:27	MarkDuplicates	Tracking 187758 as yet unmatched pairs. 20692 records in RAM.
INFO	2019-07-03 21:05:40	MarkDuplicates	Read    43,000,000 records.  Elapsed time: 00:12:21s.  Time for last 1,000,000:   13s.  Last read position: HiC_scaffold_25:694,219
INFO	2019-07-03 21:05:40	MarkDuplicates	Tracking 170367 as yet unmatched pairs. 24961 records in RAM.
INFO	2019-07-03 21:05:51	MarkDuplicates	Read    44,000,000 records.  Elapsed time: 00:12:31s.  Time for last 1,000,000:   10s.  Last read position: HiC_scaffold_25:7,914,683
INFO	2019-07-03 21:05:51	MarkDuplicates	Tracking 160546 as yet unmatched pairs. 12800 records in RAM.
INFO	2019-07-03 21:06:03	MarkDuplicates	Read    45,000,000 records.  Elapsed time: 00:12:44s.  Time for last 1,000,000:   12s.  Last read position: HiC_scaffold_26:1,582,217
INFO	2019-07-03 21:06:03	MarkDuplicates	Tracking 146658 as yet unmatched pairs. 22030 records in RAM.
INFO	2019-07-03 21:06:17	MarkDuplicates	Read    46,000,000 records.  Elapsed time: 00:12:58s.  Time for last 1,000,000:   13s.  Last read position: HiC_scaffold_27:379,444
INFO	2019-07-03 21:06:17	MarkDuplicates	Tracking 127002 as yet unmatched pairs. 29533 records in RAM.
INFO	2019-07-03 21:06:40	MarkDuplicates	Read    47,000,000 records.  Elapsed time: 00:13:20s.  Time for last 1,000,000:   22s.  Last read position: HiC_scaffold_27:7,623,000
INFO	2019-07-03 21:06:40	MarkDuplicates	Tracking 113274 as yet unmatched pairs. 14237 records in RAM.
INFO	2019-07-03 21:06:53	MarkDuplicates	Read    48,000,000 records.  Elapsed time: 00:13:33s.  Time for last 1,000,000:   13s.  Last read position: HiC_scaffold_28:544,533
INFO	2019-07-03 21:06:53	MarkDuplicates	Tracking 98722 as yet unmatched pairs. 26002 records in RAM.
INFO	2019-07-03 21:07:08	MarkDuplicates	Read    49,000,000 records.  Elapsed time: 00:13:49s.  Time for last 1,000,000:   15s.  Last read position: HiC_scaffold_29:1,038,276
INFO	2019-07-03 21:07:08	MarkDuplicates	Tracking 72348 as yet unmatched pairs. 46526 records in RAM.
INFO	2019-07-03 21:08:17	MarkDuplicates	Read    50,000,000 records.  Elapsed time: 00:14:57s.  Time for last 1,000,000:   68s.  Last read position: HiC_scaffold_29:10,767,621
INFO	2019-07-03 21:08:17	MarkDuplicates	Tracking 52252 as yet unmatched pairs. 25937 records in RAM.
INFO	2019-07-03 21:08:29	MarkDuplicates	Read    51,000,000 records.  Elapsed time: 00:15:10s.  Time for last 1,000,000:   12s.  Last read position: HiC_scaffold_122:6,484
INFO	2019-07-03 21:08:29	MarkDuplicates	Tracking 21712 as yet unmatched pairs. 123 records in RAM.
INFO	2019-07-03 21:08:37	MarkDuplicates	Read 51530096 records. 0 pairs never matched.
INFO	2019-07-03 21:08:52	MarkDuplicates	After buildSortedReadEndLists freeMemory: 3840822096; totalMemory: 3868721152; maxMemory: 3868721152
INFO	2019-07-03 21:08:52	MarkDuplicates	Will retain up to 120897536 duplicate indices before spilling to disk.
INFO	2019-07-03 21:08:52	MarkDuplicates	Traversing read pair information and detecting duplicates.
INFO	2019-07-03 21:09:14	MarkDuplicates	Traversing fragment information and detecting duplicates.
INFO	2019-07-03 21:09:41	MarkDuplicates	Sorting list of duplicate records.
INFO	2019-07-03 21:09:50	MarkDuplicates	After generateDuplicateIndexes freeMemory: 2871837424; totalMemory: 3866099712; maxMemory: 3866099712
INFO	2019-07-03 21:09:50	MarkDuplicates	Marking 2353568 records as duplicates.
INFO	2019-07-03 21:09:50	MarkDuplicates	Found 210 optical duplicate clusters.
INFO	2019-07-03 21:09:50	MarkDuplicates	Reads are assumed to be ordered by: coordinate
INFO	2019-07-03 21:13:43	MarkDuplicates	Written    10,000,000 records.  Elapsed time: 00:03:52s.  Time for last 10,000,000:  232s.  Last read position: HiC_scaffold_6:9,989,395
INFO	2019-07-03 21:17:39	MarkDuplicates	Written    20,000,000 records.  Elapsed time: 00:07:48s.  Time for last 10,000,000:  235s.  Last read position: HiC_scaffold_12:7,984,503
INFO	2019-07-03 21:21:34	MarkDuplicates	Written    30,000,000 records.  Elapsed time: 00:11:43s.  Time for last 10,000,000:  235s.  Last read position: HiC_scaffold_17:7,008,489
INFO	2019-07-03 21:25:31	MarkDuplicates	Written    40,000,000 records.  Elapsed time: 00:15:40s.  Time for last 10,000,000:  236s.  Last read position: HiC_scaffold_24:2,638,325
INFO	2019-07-03 21:29:24	MarkDuplicates	Written    50,000,000 records.  Elapsed time: 00:19:34s.  Time for last 10,000,000:  233s.  Last read position: */*
INFO	2019-07-03 21:32:45	MarkDuplicates	Written    60,000,000 records.  Elapsed time: 00:22:55s.  Time for last 10,000,000:  201s.  Last read position: */*
INFO	2019-07-03 21:36:11	MarkDuplicates	Written    70,000,000 records.  Elapsed time: 00:26:20s.  Time for last 10,000,000:  205s.  Last read position: */*
INFO	2019-07-03 21:36:47	MarkDuplicates	Before output close freeMemory: 3933470320; totalMemory: 3965190144; maxMemory: 3965190144
INFO	2019-07-03 21:36:48	MarkDuplicates	After output close freeMemory: 3933455720; totalMemory: 3965190144; maxMemory: 3965190144
[Wed Jul 03 21:36:48 CEST 2019] picard.sam.markduplicates.MarkDuplicates done. Elapsed time: 43.50 minutes.
Runtime.totalMemory()=3965190144
[Wed Jul 03 21:36:49 CEST 2019] picard.sam.AddOrReplaceReadGroups INPUT=MS_C_C8.dupl_rm.bam OUTPUT=MS_C_C8.bam RGID=MS_C_C8 RGLB=lib1 RGPL=illumina RGPU=unit1 RGSM=MS_C_C8    VERBOSITY=INFO QUIET=false VALIDATION_STRINGENCY=STRICT COMPRESSION_LEVEL=5 MAX_RECORDS_IN_RAM=500000 CREATE_INDEX=false CREATE_MD5_FILE=false GA4GH_CLIENT_SECRETS=client_secrets.json
[Wed Jul 03 21:36:49 CEST 2019] Executing as knam@node125 on Linux 3.10.0-514.26.2.el7.x86_64 amd64; OpenJDK 64-Bit Server VM 1.8.0_102-b14; Picard version: 2.9.4-SNAPSHOT
INFO	2019-07-03 21:36:49	AddOrReplaceReadGroups	Created read group ID=MS_C_C8 PL=illumina LB=lib1 SM=MS_C_C8

INFO	2019-07-03 21:37:19	AddOrReplaceReadGroups	Processed     1,000,000 records.  Elapsed time: 00:00:29s.  Time for last 1,000,000:   29s.  Last read position: HiC_scaffold_1:7,807,995
INFO	2019-07-03 21:37:42	AddOrReplaceReadGroups	Processed     2,000,000 records.  Elapsed time: 00:00:53s.  Time for last 1,000,000:   23s.  Last read position: HiC_scaffold_2:3,024,137
INFO	2019-07-03 21:38:05	AddOrReplaceReadGroups	Processed     3,000,000 records.  Elapsed time: 00:01:15s.  Time for last 1,000,000:   22s.  Last read position: HiC_scaffold_2:10,939,524
INFO	2019-07-03 21:38:28	AddOrReplaceReadGroups	Processed     4,000,000 records.  Elapsed time: 00:01:38s.  Time for last 1,000,000:   22s.  Last read position: HiC_scaffold_3:5,248,642
INFO	2019-07-03 21:38:50	AddOrReplaceReadGroups	Processed     5,000,000 records.  Elapsed time: 00:02:01s.  Time for last 1,000,000:   22s.  Last read position: HiC_scaffold_3:12,096,284
INFO	2019-07-03 21:39:13	AddOrReplaceReadGroups	Processed     6,000,000 records.  Elapsed time: 00:02:23s.  Time for last 1,000,000:   22s.  Last read position: HiC_scaffold_4:5,516,360
INFO	2019-07-03 21:39:35	AddOrReplaceReadGroups	Processed     7,000,000 records.  Elapsed time: 00:02:46s.  Time for last 1,000,000:   22s.  Last read position: HiC_scaffold_4:12,093,608
INFO	2019-07-03 21:39:58	AddOrReplaceReadGroups	Processed     8,000,000 records.  Elapsed time: 00:03:08s.  Time for last 1,000,000:   22s.  Last read position: HiC_scaffold_5:5,117,203
INFO	2019-07-03 21:40:20	AddOrReplaceReadGroups	Processed     9,000,000 records.  Elapsed time: 00:03:30s.  Time for last 1,000,000:   22s.  Last read position: HiC_scaffold_6:713,493
INFO	2019-07-03 21:40:43	AddOrReplaceReadGroups	Processed    10,000,000 records.  Elapsed time: 00:03:53s.  Time for last 1,000,000:   22s.  Last read position: HiC_scaffold_6:9,989,395
INFO	2019-07-03 21:41:05	AddOrReplaceReadGroups	Processed    11,000,000 records.  Elapsed time: 00:04:16s.  Time for last 1,000,000:   22s.  Last read position: HiC_scaffold_7:6,960,957
INFO	2019-07-03 21:41:28	AddOrReplaceReadGroups	Processed    12,000,000 records.  Elapsed time: 00:04:38s.  Time for last 1,000,000:   22s.  Last read position: HiC_scaffold_8:847,333
INFO	2019-07-03 21:41:50	AddOrReplaceReadGroups	Processed    13,000,000 records.  Elapsed time: 00:05:00s.  Time for last 1,000,000:   22s.  Last read position: HiC_scaffold_8:8,843,447
INFO	2019-07-03 21:42:12	AddOrReplaceReadGroups	Processed    14,000,000 records.  Elapsed time: 00:05:23s.  Time for last 1,000,000:   22s.  Last read position: HiC_scaffold_9:4,872,454
INFO	2019-07-03 21:42:35	AddOrReplaceReadGroups	Processed    15,000,000 records.  Elapsed time: 00:05:45s.  Time for last 1,000,000:   22s.  Last read position: HiC_scaffold_10:66,722
INFO	2019-07-03 21:42:57	AddOrReplaceReadGroups	Processed    16,000,000 records.  Elapsed time: 00:06:07s.  Time for last 1,000,000:   22s.  Last read position: HiC_scaffold_10:7,407,412
INFO	2019-07-03 21:43:19	AddOrReplaceReadGroups	Processed    17,000,000 records.  Elapsed time: 00:06:30s.  Time for last 1,000,000:   22s.  Last read position: HiC_scaffold_11:1,019,106
INFO	2019-07-03 21:43:42	AddOrReplaceReadGroups	Processed    18,000,000 records.  Elapsed time: 00:06:52s.  Time for last 1,000,000:   22s.  Last read position: HiC_scaffold_11:7,849,856
INFO	2019-07-03 21:44:04	AddOrReplaceReadGroups	Processed    19,000,000 records.  Elapsed time: 00:07:14s.  Time for last 1,000,000:   22s.  Last read position: HiC_scaffold_12:102,730
INFO	2019-07-03 21:44:27	AddOrReplaceReadGroups	Processed    20,000,000 records.  Elapsed time: 00:07:37s.  Time for last 1,000,000:   22s.  Last read position: HiC_scaffold_12:7,984,503
INFO	2019-07-03 21:44:50	AddOrReplaceReadGroups	Processed    21,000,000 records.  Elapsed time: 00:08:00s.  Time for last 1,000,000:   22s.  Last read position: HiC_scaffold_12:15,949,701
INFO	2019-07-03 21:45:12	AddOrReplaceReadGroups	Processed    22,000,000 records.  Elapsed time: 00:08:23s.  Time for last 1,000,000:   22s.  Last read position: HiC_scaffold_13:1,510,519
INFO	2019-07-03 21:45:35	AddOrReplaceReadGroups	Processed    23,000,000 records.  Elapsed time: 00:08:45s.  Time for last 1,000,000:   22s.  Last read position: HiC_scaffold_13:8,639,737
INFO	2019-07-03 21:45:57	AddOrReplaceReadGroups	Processed    24,000,000 records.  Elapsed time: 00:09:07s.  Time for last 1,000,000:   22s.  Last read position: HiC_scaffold_14:787,325
INFO	2019-07-03 21:46:19	AddOrReplaceReadGroups	Processed    25,000,000 records.  Elapsed time: 00:09:30s.  Time for last 1,000,000:   22s.  Last read position: HiC_scaffold_14:8,256,499
INFO	2019-07-03 21:46:42	AddOrReplaceReadGroups	Processed    26,000,000 records.  Elapsed time: 00:09:52s.  Time for last 1,000,000:   22s.  Last read position: HiC_scaffold_15:1,255,139
INFO	2019-07-03 21:47:04	AddOrReplaceReadGroups	Processed    27,000,000 records.  Elapsed time: 00:10:14s.  Time for last 1,000,000:   22s.  Last read position: HiC_scaffold_15:9,289,727
INFO	2019-07-03 21:47:27	AddOrReplaceReadGroups	Processed    28,000,000 records.  Elapsed time: 00:10:37s.  Time for last 1,000,000:   22s.  Last read position: HiC_scaffold_16:3,650,243
INFO	2019-07-03 21:47:49	AddOrReplaceReadGroups	Processed    29,000,000 records.  Elapsed time: 00:10:59s.  Time for last 1,000,000:   22s.  Last read position: HiC_scaffold_16:11,166,995
INFO	2019-07-03 21:48:12	AddOrReplaceReadGroups	Processed    30,000,000 records.  Elapsed time: 00:11:22s.  Time for last 1,000,000:   22s.  Last read position: HiC_scaffold_17:7,008,489
INFO	2019-07-03 21:48:34	AddOrReplaceReadGroups	Processed    31,000,000 records.  Elapsed time: 00:11:45s.  Time for last 1,000,000:   22s.  Last read position: HiC_scaffold_18:4,187,427
INFO	2019-07-03 21:48:57	AddOrReplaceReadGroups	Processed    32,000,000 records.  Elapsed time: 00:12:07s.  Time for last 1,000,000:   22s.  Last read position: HiC_scaffold_18:12,089,016
INFO	2019-07-03 21:49:19	AddOrReplaceReadGroups	Processed    33,000,000 records.  Elapsed time: 00:12:30s.  Time for last 1,000,000:   22s.  Last read position: HiC_scaffold_19:7,427,689
INFO	2019-07-03 21:49:42	AddOrReplaceReadGroups	Processed    34,000,000 records.  Elapsed time: 00:12:52s.  Time for last 1,000,000:   22s.  Last read position: HiC_scaffold_20:1,692,116
INFO	2019-07-03 21:50:05	AddOrReplaceReadGroups	Processed    35,000,000 records.  Elapsed time: 00:13:15s.  Time for last 1,000,000:   22s.  Last read position: HiC_scaffold_20:10,225,893
INFO	2019-07-03 21:50:27	AddOrReplaceReadGroups	Processed    36,000,000 records.  Elapsed time: 00:13:38s.  Time for last 1,000,000:   22s.  Last read position: HiC_scaffold_21:6,619,659
INFO	2019-07-03 21:50:50	AddOrReplaceReadGroups	Processed    37,000,000 records.  Elapsed time: 00:14:00s.  Time for last 1,000,000:   22s.  Last read position: HiC_scaffold_22:768,135
INFO	2019-07-03 21:51:12	AddOrReplaceReadGroups	Processed    38,000,000 records.  Elapsed time: 00:14:23s.  Time for last 1,000,000:   22s.  Last read position: HiC_scaffold_22:7,800,336
INFO	2019-07-03 21:51:35	AddOrReplaceReadGroups	Processed    39,000,000 records.  Elapsed time: 00:14:45s.  Time for last 1,000,000:   22s.  Last read position: HiC_scaffold_23:4,262,551
INFO	2019-07-03 21:51:58	AddOrReplaceReadGroups	Processed    40,000,000 records.  Elapsed time: 00:15:08s.  Time for last 1,000,000:   22s.  Last read position: HiC_scaffold_24:2,638,325
INFO	2019-07-03 21:52:20	AddOrReplaceReadGroups	Processed    41,000,000 records.  Elapsed time: 00:15:31s.  Time for last 1,000,000:   22s.  Last read position: HiC_scaffold_25:292,222
INFO	2019-07-03 21:52:43	AddOrReplaceReadGroups	Processed    42,000,000 records.  Elapsed time: 00:15:53s.  Time for last 1,000,000:   22s.  Last read position: HiC_scaffold_25:7,786,402
INFO	2019-07-03 21:53:05	AddOrReplaceReadGroups	Processed    43,000,000 records.  Elapsed time: 00:16:16s.  Time for last 1,000,000:   22s.  Last read position: HiC_scaffold_26:1,801,408
INFO	2019-07-03 21:53:28	AddOrReplaceReadGroups	Processed    44,000,000 records.  Elapsed time: 00:16:38s.  Time for last 1,000,000:   22s.  Last read position: HiC_scaffold_27:1,060,043
INFO	2019-07-03 21:53:50	AddOrReplaceReadGroups	Processed    45,000,000 records.  Elapsed time: 00:17:01s.  Time for last 1,000,000:   22s.  Last read position: HiC_scaffold_27:8,633,837
INFO	2019-07-03 21:54:13	AddOrReplaceReadGroups	Processed    46,000,000 records.  Elapsed time: 00:17:23s.  Time for last 1,000,000:   22s.  Last read position: HiC_scaffold_28:2,025,192
INFO	2019-07-03 21:54:36	AddOrReplaceReadGroups	Processed    47,000,000 records.  Elapsed time: 00:17:46s.  Time for last 1,000,000:   22s.  Last read position: HiC_scaffold_29:3,302,700
INFO	2019-07-03 21:54:58	AddOrReplaceReadGroups	Processed    48,000,000 records.  Elapsed time: 00:18:09s.  Time for last 1,000,000:   22s.  Last read position: HiC_scaffold_29:13,452,883
INFO	2019-07-03 21:55:21	AddOrReplaceReadGroups	Processed    49,000,000 records.  Elapsed time: 00:18:31s.  Time for last 1,000,000:   22s.  Last read position: HiC_scaffold_372:4,404
INFO	2019-07-03 21:55:41	AddOrReplaceReadGroups	Processed    50,000,000 records.  Elapsed time: 00:18:52s.  Time for last 1,000,000:   20s.  Last read position: */*
INFO	2019-07-03 21:56:01	AddOrReplaceReadGroups	Processed    51,000,000 records.  Elapsed time: 00:19:12s.  Time for last 1,000,000:   19s.  Last read position: */*
INFO	2019-07-03 21:56:21	AddOrReplaceReadGroups	Processed    52,000,000 records.  Elapsed time: 00:19:32s.  Time for last 1,000,000:   19s.  Last read position: */*
INFO	2019-07-03 21:56:41	AddOrReplaceReadGroups	Processed    53,000,000 records.  Elapsed time: 00:19:52s.  Time for last 1,000,000:   20s.  Last read position: */*
INFO	2019-07-03 21:57:01	AddOrReplaceReadGroups	Processed    54,000,000 records.  Elapsed time: 00:20:12s.  Time for last 1,000,000:   19s.  Last read position: */*
INFO	2019-07-03 21:57:21	AddOrReplaceReadGroups	Processed    55,000,000 records.  Elapsed time: 00:20:31s.  Time for last 1,000,000:   19s.  Last read position: */*
INFO	2019-07-03 21:57:41	AddOrReplaceReadGroups	Processed    56,000,000 records.  Elapsed time: 00:20:51s.  Time for last 1,000,000:   19s.  Last read position: */*
INFO	2019-07-03 21:58:01	AddOrReplaceReadGroups	Processed    57,000,000 records.  Elapsed time: 00:21:11s.  Time for last 1,000,000:   19s.  Last read position: */*
INFO	2019-07-03 21:58:20	AddOrReplaceReadGroups	Processed    58,000,000 records.  Elapsed time: 00:21:31s.  Time for last 1,000,000:   19s.  Last read position: */*
INFO	2019-07-03 21:58:40	AddOrReplaceReadGroups	Processed    59,000,000 records.  Elapsed time: 00:21:51s.  Time for last 1,000,000:   19s.  Last read position: */*
INFO	2019-07-03 21:59:00	AddOrReplaceReadGroups	Processed    60,000,000 records.  Elapsed time: 00:22:11s.  Time for last 1,000,000:   19s.  Last read position: */*
INFO	2019-07-03 21:59:20	AddOrReplaceReadGroups	Processed    61,000,000 records.  Elapsed time: 00:22:31s.  Time for last 1,000,000:   20s.  Last read position: */*
INFO	2019-07-03 21:59:41	AddOrReplaceReadGroups	Processed    62,000,000 records.  Elapsed time: 00:22:51s.  Time for last 1,000,000:   20s.  Last read position: */*
INFO	2019-07-03 22:00:01	AddOrReplaceReadGroups	Processed    63,000,000 records.  Elapsed time: 00:23:11s.  Time for last 1,000,000:   20s.  Last read position: */*
INFO	2019-07-03 22:00:21	AddOrReplaceReadGroups	Processed    64,000,000 records.  Elapsed time: 00:23:32s.  Time for last 1,000,000:   20s.  Last read position: */*
INFO	2019-07-03 22:00:42	AddOrReplaceReadGroups	Processed    65,000,000 records.  Elapsed time: 00:23:52s.  Time for last 1,000,000:   20s.  Last read position: */*
INFO	2019-07-03 22:01:02	AddOrReplaceReadGroups	Processed    66,000,000 records.  Elapsed time: 00:24:12s.  Time for last 1,000,000:   20s.  Last read position: */*
INFO	2019-07-03 22:01:22	AddOrReplaceReadGroups	Processed    67,000,000 records.  Elapsed time: 00:24:33s.  Time for last 1,000,000:   20s.  Last read position: */*
INFO	2019-07-03 22:01:43	AddOrReplaceReadGroups	Processed    68,000,000 records.  Elapsed time: 00:24:53s.  Time for last 1,000,000:   20s.  Last read position: */*
INFO	2019-07-03 22:02:03	AddOrReplaceReadGroups	Processed    69,000,000 records.  Elapsed time: 00:25:13s.  Time for last 1,000,000:   20s.  Last read position: */*
INFO	2019-07-03 22:02:23	AddOrReplaceReadGroups	Processed    70,000,000 records.  Elapsed time: 00:25:34s.  Time for last 1,000,000:   20s.  Last read position: */*
INFO	2019-07-03 22:02:43	AddOrReplaceReadGroups	Processed    71,000,000 records.  Elapsed time: 00:25:54s.  Time for last 1,000,000:   20s.  Last read position: */*
[Wed Jul 03 22:02:58 CEST 2019] picard.sam.AddOrReplaceReadGroups done. Elapsed time: 26.16 minutes.
Runtime.totalMemory()=1512570880
