27980669 reads; of these:
  27980669 (100.00%) were paired; of these:
    17036882 (60.89%) aligned concordantly 0 times
    8662808 (30.96%) aligned concordantly exactly 1 time
    2280979 (8.15%) aligned concordantly >1 times
    ----
    17036882 pairs aligned concordantly 0 times; of these:
      143082 (0.84%) aligned discordantly 1 time
    ----
    16893800 pairs aligned 0 times concordantly or discordantly; of these:
      33787600 mates make up the pairs; of these:
        27473024 (81.31%) aligned 0 times
        5126784 (15.17%) aligned exactly 1 time
        1187792 (3.52%) aligned >1 times
50.91% overall alignment rate
[bam_sort_core] merging from 25 files and 1 in-memory blocks...
[Wed Jul 03 16:58:33 CEST 2019] picard.sam.markduplicates.MarkDuplicates MAX_FILE_HANDLES_FOR_READ_ENDS_MAP=1000 INPUT=[FCC6.sorted.bam] OUTPUT=FCC6.dupl_rm.bam METRICS_FILE=FCC6.metricN.log REMOVE_DUPLICATES=true ASSUME_SORTED=true    MAX_SEQUENCES_FOR_DISK_READ_ENDS_MAP=50000 SORTING_COLLECTION_SIZE_RATIO=0.25 TAG_DUPLICATE_SET_MEMBERS=false REMOVE_SEQUENCING_DUPLICATES=false TAGGING_POLICY=DontTag DUPLICATE_SCORING_STRATEGY=SUM_OF_BASE_QUALITIES PROGRAM_RECORD_ID=MarkDuplicates PROGRAM_GROUP_NAME=MarkDuplicates READ_NAME_REGEX=<optimized capture of last three ':' separated fields as numeric values> OPTICAL_DUPLICATE_PIXEL_DISTANCE=100 VERBOSITY=INFO QUIET=false VALIDATION_STRINGENCY=STRICT COMPRESSION_LEVEL=5 MAX_RECORDS_IN_RAM=500000 CREATE_INDEX=false CREATE_MD5_FILE=false GA4GH_CLIENT_SECRETS=client_secrets.json
[Wed Jul 03 16:58:33 CEST 2019] Executing as knam@node060 on Linux 3.10.0-514.26.2.el7.x86_64 amd64; OpenJDK 64-Bit Server VM 1.8.0_102-b14; Picard version: 2.9.4-SNAPSHOT
INFO	2019-07-03 16:58:34	MarkDuplicates	Start of doWork freeMemory: 2031682280; totalMemory: 2058354688; maxMemory: 3817865216
INFO	2019-07-03 16:58:34	MarkDuplicates	Reading input file and constructing read end information.
INFO	2019-07-03 16:58:34	MarkDuplicates	Will retain up to 13832844 data points before spilling to disk.
INFO	2019-07-03 16:58:49	MarkDuplicates	Read     1,000,000 records.  Elapsed time: 00:00:15s.  Time for last 1,000,000:   15s.  Last read position: HiC_scaffold_1:11,444,894
INFO	2019-07-03 16:58:49	MarkDuplicates	Tracking 13187 as yet unmatched pairs. 63 records in RAM.
INFO	2019-07-03 16:58:59	MarkDuplicates	Read     2,000,000 records.  Elapsed time: 00:00:24s.  Time for last 1,000,000:    9s.  Last read position: HiC_scaffold_2:9,401,330
INFO	2019-07-03 16:58:59	MarkDuplicates	Tracking 26032 as yet unmatched pairs. 318 records in RAM.
INFO	2019-07-03 16:59:11	MarkDuplicates	Read     3,000,000 records.  Elapsed time: 00:00:37s.  Time for last 1,000,000:   12s.  Last read position: HiC_scaffold_3:6,936,681
INFO	2019-07-03 16:59:11	MarkDuplicates	Tracking 38336 as yet unmatched pairs. 961 records in RAM.
INFO	2019-07-03 16:59:22	MarkDuplicates	Read     4,000,000 records.  Elapsed time: 00:00:47s.  Time for last 1,000,000:   10s.  Last read position: HiC_scaffold_4:3,388,194
INFO	2019-07-03 16:59:22	MarkDuplicates	Tracking 51487 as yet unmatched pairs. 1596 records in RAM.
INFO	2019-07-03 16:59:32	MarkDuplicates	Read     5,000,000 records.  Elapsed time: 00:00:57s.  Time for last 1,000,000:   10s.  Last read position: HiC_scaffold_4:13,575,760
INFO	2019-07-03 16:59:32	MarkDuplicates	Tracking 61396 as yet unmatched pairs. 156 records in RAM.
INFO	2019-07-03 16:59:41	MarkDuplicates	Read     6,000,000 records.  Elapsed time: 00:01:06s.  Time for last 1,000,000:    9s.  Last read position: HiC_scaffold_5:10,019,014
INFO	2019-07-03 16:59:41	MarkDuplicates	Tracking 71523 as yet unmatched pairs. 372 records in RAM.
INFO	2019-07-03 16:59:52	MarkDuplicates	Read     7,000,000 records.  Elapsed time: 00:01:18s.  Time for last 1,000,000:   11s.  Last read position: HiC_scaffold_7:324,068
INFO	2019-07-03 16:59:52	MarkDuplicates	Tracking 83366 as yet unmatched pairs. 3483 records in RAM.
INFO	2019-07-03 17:00:02	MarkDuplicates	Read     8,000,000 records.  Elapsed time: 00:01:27s.  Time for last 1,000,000:    9s.  Last read position: HiC_scaffold_7:10,713,243
INFO	2019-07-03 17:00:02	MarkDuplicates	Tracking 91156 as yet unmatched pairs. 910 records in RAM.
INFO	2019-07-03 17:00:11	MarkDuplicates	Read     9,000,000 records.  Elapsed time: 00:01:36s.  Time for last 1,000,000:    9s.  Last read position: HiC_scaffold_8:8,462,743
INFO	2019-07-03 17:00:11	MarkDuplicates	Tracking 99504 as yet unmatched pairs. 1029 records in RAM.
INFO	2019-07-03 17:00:23	MarkDuplicates	Read    10,000,000 records.  Elapsed time: 00:01:48s.  Time for last 1,000,000:   11s.  Last read position: HiC_scaffold_9:7,672,125
INFO	2019-07-03 17:00:23	MarkDuplicates	Tracking 107458 as yet unmatched pairs. 1448 records in RAM.
INFO	2019-07-03 17:00:33	MarkDuplicates	Read    11,000,000 records.  Elapsed time: 00:01:58s.  Time for last 1,000,000:   10s.  Last read position: HiC_scaffold_10:6,368,823
INFO	2019-07-03 17:00:33	MarkDuplicates	Tracking 113942 as yet unmatched pairs. 2891 records in RAM.
INFO	2019-07-03 17:00:43	MarkDuplicates	Read    12,000,000 records.  Elapsed time: 00:02:08s.  Time for last 1,000,000:    9s.  Last read position: HiC_scaffold_11:2,997,934
INFO	2019-07-03 17:00:43	MarkDuplicates	Tracking 119379 as yet unmatched pairs. 4784 records in RAM.
INFO	2019-07-03 17:00:52	MarkDuplicates	Read    13,000,000 records.  Elapsed time: 00:02:18s.  Time for last 1,000,000:    9s.  Last read position: HiC_scaffold_11:13,058,969
INFO	2019-07-03 17:00:52	MarkDuplicates	Tracking 123272 as yet unmatched pairs. 1003 records in RAM.
INFO	2019-07-03 17:01:05	MarkDuplicates	Read    14,000,000 records.  Elapsed time: 00:02:31s.  Time for last 1,000,000:   12s.  Last read position: HiC_scaffold_12:10,345,404
INFO	2019-07-03 17:01:05	MarkDuplicates	Tracking 133782 as yet unmatched pairs. 12127 records in RAM.
INFO	2019-07-03 17:01:14	MarkDuplicates	Read    15,000,000 records.  Elapsed time: 00:02:40s.  Time for last 1,000,000:    9s.  Last read position: HiC_scaffold_13:1,839,348
INFO	2019-07-03 17:01:14	MarkDuplicates	Tracking 138298 as yet unmatched pairs. 6936 records in RAM.
INFO	2019-07-03 17:02:00	MarkDuplicates	Read    16,000,000 records.  Elapsed time: 00:03:25s.  Time for last 1,000,000:   45s.  Last read position: HiC_scaffold_13:12,068,759
INFO	2019-07-03 17:02:00	MarkDuplicates	Tracking 139377 as yet unmatched pairs. 1567 records in RAM.
INFO	2019-07-03 17:02:21	MarkDuplicates	Read    17,000,000 records.  Elapsed time: 00:03:47s.  Time for last 1,000,000:   21s.  Last read position: HiC_scaffold_14:8,238,676
INFO	2019-07-03 17:02:21	MarkDuplicates	Tracking 139624 as yet unmatched pairs. 4213 records in RAM.
INFO	2019-07-03 17:02:28	MarkDuplicates	Read    18,000,000 records.  Elapsed time: 00:03:54s.  Time for last 1,000,000:    6s.  Last read position: HiC_scaffold_15:4,909,445
INFO	2019-07-03 17:02:28	MarkDuplicates	Tracking 139392 as yet unmatched pairs. 5449 records in RAM.
INFO	2019-07-03 17:02:35	MarkDuplicates	Read    19,000,000 records.  Elapsed time: 00:04:01s.  Time for last 1,000,000:    7s.  Last read position: HiC_scaffold_16:2,178,713
INFO	2019-07-03 17:02:35	MarkDuplicates	Tracking 138668 as yet unmatched pairs. 7788 records in RAM.
INFO	2019-07-03 17:02:42	MarkDuplicates	Read    20,000,000 records.  Elapsed time: 00:04:08s.  Time for last 1,000,000:    6s.  Last read position: HiC_scaffold_17:1,424,758
INFO	2019-07-03 17:02:42	MarkDuplicates	Tracking 136652 as yet unmatched pairs. 9017 records in RAM.
INFO	2019-07-03 17:02:49	MarkDuplicates	Read    21,000,000 records.  Elapsed time: 00:04:15s.  Time for last 1,000,000:    7s.  Last read position: HiC_scaffold_18:2,850,137
INFO	2019-07-03 17:02:49	MarkDuplicates	Tracking 133064 as yet unmatched pairs. 7169 records in RAM.
INFO	2019-07-03 17:02:56	MarkDuplicates	Read    22,000,000 records.  Elapsed time: 00:04:22s.  Time for last 1,000,000:    7s.  Last read position: HiC_scaffold_19:1,612,547
INFO	2019-07-03 17:02:56	MarkDuplicates	Tracking 129712 as yet unmatched pairs. 9713 records in RAM.
INFO	2019-07-03 17:03:02	MarkDuplicates	Read    23,000,000 records.  Elapsed time: 00:04:28s.  Time for last 1,000,000:    6s.  Last read position: HiC_scaffold_19:12,667,706
INFO	2019-07-03 17:03:02	MarkDuplicates	Tracking 125212 as yet unmatched pairs. 348 records in RAM.
INFO	2019-07-03 17:03:10	MarkDuplicates	Read    24,000,000 records.  Elapsed time: 00:04:36s.  Time for last 1,000,000:    7s.  Last read position: HiC_scaffold_21:898,067
INFO	2019-07-03 17:03:10	MarkDuplicates	Tracking 119104 as yet unmatched pairs. 10724 records in RAM.
INFO	2019-07-03 17:03:16	MarkDuplicates	Read    25,000,000 records.  Elapsed time: 00:04:42s.  Time for last 1,000,000:    5s.  Last read position: HiC_scaffold_21:11,719,517
INFO	2019-07-03 17:03:16	MarkDuplicates	Tracking 113509 as yet unmatched pairs. 1432 records in RAM.
INFO	2019-07-03 17:03:38	MarkDuplicates	Read    26,000,000 records.  Elapsed time: 00:05:04s.  Time for last 1,000,000:   21s.  Last read position: HiC_scaffold_22:9,005,709
INFO	2019-07-03 17:03:38	MarkDuplicates	Tracking 105358 as yet unmatched pairs. 2991 records in RAM.
INFO	2019-07-03 17:03:46	MarkDuplicates	Read    27,000,000 records.  Elapsed time: 00:05:11s.  Time for last 1,000,000:    7s.  Last read position: HiC_scaffold_24:254,449
INFO	2019-07-03 17:03:46	MarkDuplicates	Tracking 96845 as yet unmatched pairs. 14203 records in RAM.
INFO	2019-07-03 17:03:53	MarkDuplicates	Read    28,000,000 records.  Elapsed time: 00:05:19s.  Time for last 1,000,000:    7s.  Last read position: HiC_scaffold_25:1,244,719
INFO	2019-07-03 17:03:53	MarkDuplicates	Tracking 85012 as yet unmatched pairs. 12166 records in RAM.
INFO	2019-07-03 17:04:00	MarkDuplicates	Read    29,000,000 records.  Elapsed time: 00:05:25s.  Time for last 1,000,000:    6s.  Last read position: HiC_scaffold_25:11,987,876
INFO	2019-07-03 17:04:00	MarkDuplicates	Tracking 77160 as yet unmatched pairs. 2477 records in RAM.
INFO	2019-07-03 17:04:08	MarkDuplicates	Read    30,000,000 records.  Elapsed time: 00:05:34s.  Time for last 1,000,000:    8s.  Last read position: HiC_scaffold_27:993,564
INFO	2019-07-03 17:04:08	MarkDuplicates	Tracking 63505 as yet unmatched pairs. 14354 records in RAM.
INFO	2019-07-03 17:04:15	MarkDuplicates	Read    31,000,000 records.  Elapsed time: 00:05:40s.  Time for last 1,000,000:    6s.  Last read position: HiC_scaffold_27:11,459,889
INFO	2019-07-03 17:04:15	MarkDuplicates	Tracking 53746 as yet unmatched pairs. 3417 records in RAM.
INFO	2019-07-03 17:04:24	MarkDuplicates	Read    32,000,000 records.  Elapsed time: 00:05:49s.  Time for last 1,000,000:    9s.  Last read position: HiC_scaffold_29:1,893,800
INFO	2019-07-03 17:04:24	MarkDuplicates	Tracking 36436 as yet unmatched pairs. 28361 records in RAM.
INFO	2019-07-03 17:04:30	MarkDuplicates	Read    33,000,000 records.  Elapsed time: 00:05:56s.  Time for last 1,000,000:    6s.  Last read position: HiC_scaffold_29:10,635,031
INFO	2019-07-03 17:04:30	MarkDuplicates	Tracking 24250 as yet unmatched pairs. 15979 records in RAM.
INFO	2019-07-03 17:04:45	MarkDuplicates	Read    34,000,000 records.  Elapsed time: 00:06:11s.  Time for last 1,000,000:   14s.  Last read position: HiC_scaffold_154:5,825
INFO	2019-07-03 17:04:45	MarkDuplicates	Tracking 6232 as yet unmatched pairs. 14 records in RAM.
INFO	2019-07-03 17:04:48	MarkDuplicates	Read 34306676 records. 0 pairs never matched.
INFO	2019-07-03 17:05:09	MarkDuplicates	After buildSortedReadEndLists freeMemory: 2744299176; totalMemory: 3644325888; maxMemory: 3817865216
INFO	2019-07-03 17:05:09	MarkDuplicates	Will retain up to 119308288 duplicate indices before spilling to disk.
INFO	2019-07-03 17:05:09	MarkDuplicates	Traversing read pair information and detecting duplicates.
INFO	2019-07-03 17:05:10	MarkDuplicates	Traversing fragment information and detecting duplicates.
INFO	2019-07-03 17:05:26	MarkDuplicates	Sorting list of duplicate records.
INFO	2019-07-03 17:05:26	MarkDuplicates	After generateDuplicateIndexes freeMemory: 2656076200; totalMemory: 3638558720; maxMemory: 3817865216
INFO	2019-07-03 17:05:26	MarkDuplicates	Marking 4312001 records as duplicates.
INFO	2019-07-03 17:05:26	MarkDuplicates	Found 161984 optical duplicate clusters.
INFO	2019-07-03 17:05:27	MarkDuplicates	Reads are assumed to be ordered by: coordinate
INFO	2019-07-03 17:08:21	MarkDuplicates	Written    10,000,000 records.  Elapsed time: 00:02:54s.  Time for last 10,000,000:  174s.  Last read position: HiC_scaffold_10:10,971,369
INFO	2019-07-03 17:11:17	MarkDuplicates	Written    20,000,000 records.  Elapsed time: 00:05:50s.  Time for last 10,000,000:  175s.  Last read position: HiC_scaffold_19:11,279,459
INFO	2019-07-03 17:14:11	MarkDuplicates	Written    30,000,000 records.  Elapsed time: 00:08:44s.  Time for last 10,000,000:  174s.  Last read position: */*
INFO	2019-07-03 17:16:46	MarkDuplicates	Written    40,000,000 records.  Elapsed time: 00:11:19s.  Time for last 10,000,000:  154s.  Last read position: */*
INFO	2019-07-03 17:19:57	MarkDuplicates	Written    50,000,000 records.  Elapsed time: 00:14:30s.  Time for last 10,000,000:  191s.  Last read position: */*
INFO	2019-07-03 17:20:36	MarkDuplicates	Before output close freeMemory: 3682630800; totalMemory: 3714056192; maxMemory: 3817865216
INFO	2019-07-03 17:20:37	MarkDuplicates	After output close freeMemory: 3682616296; totalMemory: 3714056192; maxMemory: 3817865216
[Wed Jul 03 17:20:37 CEST 2019] picard.sam.markduplicates.MarkDuplicates done. Elapsed time: 22.06 minutes.
Runtime.totalMemory()=3714056192
[Wed Jul 03 17:20:38 CEST 2019] picard.sam.AddOrReplaceReadGroups INPUT=FCC6.dupl_rm.bam OUTPUT=FCC6.bam RGID=FCC6 RGLB=lib1 RGPL=illumina RGPU=unit1 RGSM=FCC6    VERBOSITY=INFO QUIET=false VALIDATION_STRINGENCY=STRICT COMPRESSION_LEVEL=5 MAX_RECORDS_IN_RAM=500000 CREATE_INDEX=false CREATE_MD5_FILE=false GA4GH_CLIENT_SECRETS=client_secrets.json
[Wed Jul 03 17:20:38 CEST 2019] Executing as knam@node060 on Linux 3.10.0-514.26.2.el7.x86_64 amd64; OpenJDK 64-Bit Server VM 1.8.0_102-b14; Picard version: 2.9.4-SNAPSHOT
INFO	2019-07-03 17:20:38	AddOrReplaceReadGroups	Created read group ID=FCC6 PL=illumina LB=lib1 SM=FCC6

INFO	2019-07-03 17:21:10	AddOrReplaceReadGroups	Processed     1,000,000 records.  Elapsed time: 00:00:32s.  Time for last 1,000,000:   32s.  Last read position: HiC_scaffold_1:13,127,801
INFO	2019-07-03 17:21:35	AddOrReplaceReadGroups	Processed     2,000,000 records.  Elapsed time: 00:00:56s.  Time for last 1,000,000:   24s.  Last read position: HiC_scaffold_2:12,743,212
INFO	2019-07-03 17:21:57	AddOrReplaceReadGroups	Processed     3,000,000 records.  Elapsed time: 00:01:18s.  Time for last 1,000,000:   21s.  Last read position: HiC_scaffold_3:11,177,738
INFO	2019-07-03 17:22:14	AddOrReplaceReadGroups	Processed     4,000,000 records.  Elapsed time: 00:01:35s.  Time for last 1,000,000:   16s.  Last read position: HiC_scaffold_4:9,242,057
INFO	2019-07-03 17:22:31	AddOrReplaceReadGroups	Processed     5,000,000 records.  Elapsed time: 00:01:52s.  Time for last 1,000,000:   17s.  Last read position: HiC_scaffold_5:6,990,075
INFO	2019-07-03 17:22:48	AddOrReplaceReadGroups	Processed     6,000,000 records.  Elapsed time: 00:02:10s.  Time for last 1,000,000:   17s.  Last read position: HiC_scaffold_6:9,326,471
INFO	2019-07-03 17:23:05	AddOrReplaceReadGroups	Processed     7,000,000 records.  Elapsed time: 00:02:27s.  Time for last 1,000,000:   16s.  Last read position: HiC_scaffold_7:10,876,889
INFO	2019-07-03 17:23:22	AddOrReplaceReadGroups	Processed     8,000,000 records.  Elapsed time: 00:02:43s.  Time for last 1,000,000:   16s.  Last read position: HiC_scaffold_8:10,199,673
INFO	2019-07-03 17:23:44	AddOrReplaceReadGroups	Processed     9,000,000 records.  Elapsed time: 00:03:05s.  Time for last 1,000,000:   22s.  Last read position: HiC_scaffold_9:11,395,323
INFO	2019-07-03 17:24:08	AddOrReplaceReadGroups	Processed    10,000,000 records.  Elapsed time: 00:03:29s.  Time for last 1,000,000:   23s.  Last read position: HiC_scaffold_10:10,971,369
INFO	2019-07-03 17:24:31	AddOrReplaceReadGroups	Processed    11,000,000 records.  Elapsed time: 00:03:53s.  Time for last 1,000,000:   23s.  Last read position: HiC_scaffold_11:8,733,487
INFO	2019-07-03 17:24:56	AddOrReplaceReadGroups	Processed    12,000,000 records.  Elapsed time: 00:04:17s.  Time for last 1,000,000:   24s.  Last read position: HiC_scaffold_12:7,389,851
INFO	2019-07-03 17:25:20	AddOrReplaceReadGroups	Processed    13,000,000 records.  Elapsed time: 00:04:42s.  Time for last 1,000,000:   24s.  Last read position: HiC_scaffold_13:288,320
INFO	2019-07-03 17:25:44	AddOrReplaceReadGroups	Processed    14,000,000 records.  Elapsed time: 00:05:06s.  Time for last 1,000,000:   23s.  Last read position: HiC_scaffold_13:12,301,643
INFO	2019-07-03 17:26:08	AddOrReplaceReadGroups	Processed    15,000,000 records.  Elapsed time: 00:05:30s.  Time for last 1,000,000:   24s.  Last read position: HiC_scaffold_14:9,916,744
INFO	2019-07-03 17:26:27	AddOrReplaceReadGroups	Processed    16,000,000 records.  Elapsed time: 00:05:48s.  Time for last 1,000,000:   18s.  Last read position: HiC_scaffold_15:8,149,948
INFO	2019-07-03 17:26:43	AddOrReplaceReadGroups	Processed    17,000,000 records.  Elapsed time: 00:06:05s.  Time for last 1,000,000:   16s.  Last read position: HiC_scaffold_16:7,463,000
INFO	2019-07-03 17:27:00	AddOrReplaceReadGroups	Processed    18,000,000 records.  Elapsed time: 00:06:21s.  Time for last 1,000,000:   16s.  Last read position: HiC_scaffold_17:8,884,709
INFO	2019-07-03 17:27:16	AddOrReplaceReadGroups	Processed    19,000,000 records.  Elapsed time: 00:06:38s.  Time for last 1,000,000:   16s.  Last read position: HiC_scaffold_18:11,090,419
INFO	2019-07-03 17:27:36	AddOrReplaceReadGroups	Processed    20,000,000 records.  Elapsed time: 00:06:58s.  Time for last 1,000,000:   19s.  Last read position: HiC_scaffold_19:11,279,459
INFO	2019-07-03 17:28:00	AddOrReplaceReadGroups	Processed    21,000,000 records.  Elapsed time: 00:07:22s.  Time for last 1,000,000:   24s.  Last read position: HiC_scaffold_21:1,092,320
INFO	2019-07-03 17:28:24	AddOrReplaceReadGroups	Processed    22,000,000 records.  Elapsed time: 00:07:46s.  Time for last 1,000,000:   23s.  Last read position: HiC_scaffold_21:13,555,053
INFO	2019-07-03 17:28:48	AddOrReplaceReadGroups	Processed    23,000,000 records.  Elapsed time: 00:08:10s.  Time for last 1,000,000:   23s.  Last read position: HiC_scaffold_23:447,096
INFO	2019-07-03 17:29:12	AddOrReplaceReadGroups	Processed    24,000,000 records.  Elapsed time: 00:08:34s.  Time for last 1,000,000:   23s.  Last read position: HiC_scaffold_24:4,697,043
INFO	2019-07-03 17:29:36	AddOrReplaceReadGroups	Processed    25,000,000 records.  Elapsed time: 00:08:57s.  Time for last 1,000,000:   23s.  Last read position: HiC_scaffold_25:7,275,766
INFO	2019-07-03 17:30:00	AddOrReplaceReadGroups	Processed    26,000,000 records.  Elapsed time: 00:09:22s.  Time for last 1,000,000:   24s.  Last read position: HiC_scaffold_26:6,745,634
INFO	2019-07-03 17:30:20	AddOrReplaceReadGroups	Processed    27,000,000 records.  Elapsed time: 00:09:42s.  Time for last 1,000,000:   20s.  Last read position: HiC_scaffold_27:10,019,477
INFO	2019-07-03 17:30:37	AddOrReplaceReadGroups	Processed    28,000,000 records.  Elapsed time: 00:09:58s.  Time for last 1,000,000:   16s.  Last read position: HiC_scaffold_29:1,943,207
INFO	2019-07-03 17:30:53	AddOrReplaceReadGroups	Processed    29,000,000 records.  Elapsed time: 00:10:15s.  Time for last 1,000,000:   16s.  Last read position: HiC_scaffold_29:12,187,186
INFO	2019-07-03 17:31:10	AddOrReplaceReadGroups	Processed    30,000,000 records.  Elapsed time: 00:10:32s.  Time for last 1,000,000:   16s.  Last read position: */*
INFO	2019-07-03 17:31:28	AddOrReplaceReadGroups	Processed    31,000,000 records.  Elapsed time: 00:10:50s.  Time for last 1,000,000:   18s.  Last read position: */*
INFO	2019-07-03 17:31:50	AddOrReplaceReadGroups	Processed    32,000,000 records.  Elapsed time: 00:11:11s.  Time for last 1,000,000:   21s.  Last read position: */*
INFO	2019-07-03 17:32:11	AddOrReplaceReadGroups	Processed    33,000,000 records.  Elapsed time: 00:11:33s.  Time for last 1,000,000:   21s.  Last read position: */*
INFO	2019-07-03 17:32:33	AddOrReplaceReadGroups	Processed    34,000,000 records.  Elapsed time: 00:11:55s.  Time for last 1,000,000:   21s.  Last read position: */*
INFO	2019-07-03 17:32:55	AddOrReplaceReadGroups	Processed    35,000,000 records.  Elapsed time: 00:12:17s.  Time for last 1,000,000:   21s.  Last read position: */*
INFO	2019-07-03 17:33:17	AddOrReplaceReadGroups	Processed    36,000,000 records.  Elapsed time: 00:12:38s.  Time for last 1,000,000:   21s.  Last read position: */*
INFO	2019-07-03 17:33:38	AddOrReplaceReadGroups	Processed    37,000,000 records.  Elapsed time: 00:13:00s.  Time for last 1,000,000:   21s.  Last read position: */*
INFO	2019-07-03 17:34:01	AddOrReplaceReadGroups	Processed    38,000,000 records.  Elapsed time: 00:13:22s.  Time for last 1,000,000:   22s.  Last read position: */*
INFO	2019-07-03 17:34:17	AddOrReplaceReadGroups	Processed    39,000,000 records.  Elapsed time: 00:13:39s.  Time for last 1,000,000:   16s.  Last read position: */*
INFO	2019-07-03 17:34:32	AddOrReplaceReadGroups	Processed    40,000,000 records.  Elapsed time: 00:13:54s.  Time for last 1,000,000:   15s.  Last read position: */*
INFO	2019-07-03 17:34:48	AddOrReplaceReadGroups	Processed    41,000,000 records.  Elapsed time: 00:14:10s.  Time for last 1,000,000:   15s.  Last read position: */*
INFO	2019-07-03 17:35:04	AddOrReplaceReadGroups	Processed    42,000,000 records.  Elapsed time: 00:14:26s.  Time for last 1,000,000:   16s.  Last read position: */*
INFO	2019-07-03 17:35:24	AddOrReplaceReadGroups	Processed    43,000,000 records.  Elapsed time: 00:14:46s.  Time for last 1,000,000:   19s.  Last read position: */*
INFO	2019-07-03 17:35:47	AddOrReplaceReadGroups	Processed    44,000,000 records.  Elapsed time: 00:15:09s.  Time for last 1,000,000:   22s.  Last read position: */*
INFO	2019-07-03 17:36:10	AddOrReplaceReadGroups	Processed    45,000,000 records.  Elapsed time: 00:15:31s.  Time for last 1,000,000:   22s.  Last read position: */*
INFO	2019-07-03 17:36:32	AddOrReplaceReadGroups	Processed    46,000,000 records.  Elapsed time: 00:15:54s.  Time for last 1,000,000:   22s.  Last read position: */*
INFO	2019-07-03 17:36:55	AddOrReplaceReadGroups	Processed    47,000,000 records.  Elapsed time: 00:16:17s.  Time for last 1,000,000:   22s.  Last read position: */*
INFO	2019-07-03 17:37:18	AddOrReplaceReadGroups	Processed    48,000,000 records.  Elapsed time: 00:16:40s.  Time for last 1,000,000:   22s.  Last read position: */*
INFO	2019-07-03 17:37:41	AddOrReplaceReadGroups	Processed    49,000,000 records.  Elapsed time: 00:17:02s.  Time for last 1,000,000:   22s.  Last read position: */*
INFO	2019-07-03 17:37:59	AddOrReplaceReadGroups	Processed    50,000,000 records.  Elapsed time: 00:17:20s.  Time for last 1,000,000:   17s.  Last read position: */*
INFO	2019-07-03 17:38:15	AddOrReplaceReadGroups	Processed    51,000,000 records.  Elapsed time: 00:17:36s.  Time for last 1,000,000:   16s.  Last read position: */*
[Wed Jul 03 17:38:25 CEST 2019] picard.sam.AddOrReplaceReadGroups done. Elapsed time: 17.80 minutes.
Runtime.totalMemory()=1512570880
