22290486 reads; of these:
  22290486 (100.00%) were paired; of these:
    10219777 (45.85%) aligned concordantly 0 times
    9264855 (41.56%) aligned concordantly exactly 1 time
    2805854 (12.59%) aligned concordantly >1 times
    ----
    10219777 pairs aligned concordantly 0 times; of these:
      64888 (0.63%) aligned discordantly 1 time
    ----
    10154889 pairs aligned 0 times concordantly or discordantly; of these:
      20309778 mates make up the pairs; of these:
        16865257 (83.04%) aligned 0 times
        2787811 (13.73%) aligned exactly 1 time
        656710 (3.23%) aligned >1 times
62.17% overall alignment rate
[bam_sort_core] merging from 20 files and 1 in-memory blocks...
[Wed Jul 03 18:00:38 CEST 2019] picard.sam.markduplicates.MarkDuplicates MAX_FILE_HANDLES_FOR_READ_ENDS_MAP=1000 INPUT=[KNAM_0045.sorted.bam] OUTPUT=KNAM_0045.dupl_rm.bam METRICS_FILE=KNAM_0045.metricN.log REMOVE_DUPLICATES=true ASSUME_SORTED=true    MAX_SEQUENCES_FOR_DISK_READ_ENDS_MAP=50000 SORTING_COLLECTION_SIZE_RATIO=0.25 TAG_DUPLICATE_SET_MEMBERS=false REMOVE_SEQUENCING_DUPLICATES=false TAGGING_POLICY=DontTag DUPLICATE_SCORING_STRATEGY=SUM_OF_BASE_QUALITIES PROGRAM_RECORD_ID=MarkDuplicates PROGRAM_GROUP_NAME=MarkDuplicates READ_NAME_REGEX=<optimized capture of last three ':' separated fields as numeric values> OPTICAL_DUPLICATE_PIXEL_DISTANCE=100 VERBOSITY=INFO QUIET=false VALIDATION_STRINGENCY=STRICT COMPRESSION_LEVEL=5 MAX_RECORDS_IN_RAM=500000 CREATE_INDEX=false CREATE_MD5_FILE=false GA4GH_CLIENT_SECRETS=client_secrets.json
[Wed Jul 03 18:00:38 CEST 2019] Executing as knam@node114 on Linux 3.10.0-514.26.2.el7.x86_64 amd64; OpenJDK 64-Bit Server VM 1.8.0_102-b14; Picard version: 2.9.4-SNAPSHOT
INFO	2019-07-03 18:00:39	MarkDuplicates	Start of doWork freeMemory: 2031680432; totalMemory: 2058354688; maxMemory: 3817865216
INFO	2019-07-03 18:00:39	MarkDuplicates	Reading input file and constructing read end information.
INFO	2019-07-03 18:00:39	MarkDuplicates	Will retain up to 13832844 data points before spilling to disk.
INFO	2019-07-03 18:00:55	MarkDuplicates	Read     1,000,000 records.  Elapsed time: 00:00:16s.  Time for last 1,000,000:   16s.  Last read position: HiC_scaffold_1:12,616,222
INFO	2019-07-03 18:00:55	MarkDuplicates	Tracking 3408 as yet unmatched pairs. 4 records in RAM.
INFO	2019-07-03 18:01:07	MarkDuplicates	Read     2,000,000 records.  Elapsed time: 00:00:27s.  Time for last 1,000,000:   11s.  Last read position: HiC_scaffold_2:11,620,468
INFO	2019-07-03 18:01:07	MarkDuplicates	Tracking 6588 as yet unmatched pairs. 31 records in RAM.
INFO	2019-07-03 18:01:18	MarkDuplicates	Read     3,000,000 records.  Elapsed time: 00:00:38s.  Time for last 1,000,000:   11s.  Last read position: HiC_scaffold_3:9,449,549
INFO	2019-07-03 18:01:18	MarkDuplicates	Tracking 9858 as yet unmatched pairs. 134 records in RAM.
INFO	2019-07-03 18:01:30	MarkDuplicates	Read     4,000,000 records.  Elapsed time: 00:00:51s.  Time for last 1,000,000:   12s.  Last read position: HiC_scaffold_4:6,917,562
INFO	2019-07-03 18:01:30	MarkDuplicates	Tracking 13076 as yet unmatched pairs. 262 records in RAM.
INFO	2019-07-03 18:01:41	MarkDuplicates	Read     5,000,000 records.  Elapsed time: 00:01:02s.  Time for last 1,000,000:   11s.  Last read position: HiC_scaffold_5:3,576,292
INFO	2019-07-03 18:01:41	MarkDuplicates	Tracking 15888 as yet unmatched pairs. 379 records in RAM.
INFO	2019-07-03 18:01:50	MarkDuplicates	Read     6,000,000 records.  Elapsed time: 00:01:11s.  Time for last 1,000,000:    8s.  Last read position: HiC_scaffold_6:4,483,415
INFO	2019-07-03 18:01:50	MarkDuplicates	Tracking 19064 as yet unmatched pairs. 342 records in RAM.
INFO	2019-07-03 18:02:01	MarkDuplicates	Read     7,000,000 records.  Elapsed time: 00:01:21s.  Time for last 1,000,000:   10s.  Last read position: HiC_scaffold_7:6,697,295
INFO	2019-07-03 18:02:01	MarkDuplicates	Tracking 22016 as yet unmatched pairs. 461 records in RAM.
INFO	2019-07-03 18:02:09	MarkDuplicates	Read     8,000,000 records.  Elapsed time: 00:01:30s.  Time for last 1,000,000:    8s.  Last read position: HiC_scaffold_8:5,182,029
INFO	2019-07-03 18:02:09	MarkDuplicates	Tracking 24088 as yet unmatched pairs. 566 records in RAM.
INFO	2019-07-03 18:02:20	MarkDuplicates	Read     9,000,000 records.  Elapsed time: 00:01:40s.  Time for last 1,000,000:   10s.  Last read position: HiC_scaffold_9:5,359,221
INFO	2019-07-03 18:02:20	MarkDuplicates	Tracking 26576 as yet unmatched pairs. 545 records in RAM.
INFO	2019-07-03 18:02:29	MarkDuplicates	Read    10,000,000 records.  Elapsed time: 00:01:49s.  Time for last 1,000,000:    8s.  Last read position: HiC_scaffold_10:5,068,468
INFO	2019-07-03 18:02:29	MarkDuplicates	Tracking 28161 as yet unmatched pairs. 804 records in RAM.
INFO	2019-07-03 18:02:40	MarkDuplicates	Read    11,000,000 records.  Elapsed time: 00:02:00s.  Time for last 1,000,000:   11s.  Last read position: HiC_scaffold_11:2,576,648
INFO	2019-07-03 18:02:40	MarkDuplicates	Tracking 29646 as yet unmatched pairs. 1175 records in RAM.
INFO	2019-07-03 18:02:49	MarkDuplicates	Read    12,000,000 records.  Elapsed time: 00:02:10s.  Time for last 1,000,000:    9s.  Last read position: HiC_scaffold_11:13,588,217
INFO	2019-07-03 18:02:49	MarkDuplicates	Tracking 30644 as yet unmatched pairs. 187 records in RAM.
INFO	2019-07-03 18:02:59	MarkDuplicates	Read    13,000,000 records.  Elapsed time: 00:02:20s.  Time for last 1,000,000:    9s.  Last read position: HiC_scaffold_12:11,781,941
INFO	2019-07-03 18:02:59	MarkDuplicates	Tracking 34222 as yet unmatched pairs. 3194 records in RAM.
INFO	2019-07-03 18:03:57	MarkDuplicates	Read    14,000,000 records.  Elapsed time: 00:03:17s.  Time for last 1,000,000:   57s.  Last read position: HiC_scaffold_13:3,707,337
INFO	2019-07-03 18:03:57	MarkDuplicates	Tracking 35284 as yet unmatched pairs. 1377 records in RAM.
INFO	2019-07-03 18:04:08	MarkDuplicates	Read    15,000,000 records.  Elapsed time: 00:03:28s.  Time for last 1,000,000:   10s.  Last read position: HiC_scaffold_13:14,625,814
INFO	2019-07-03 18:04:08	MarkDuplicates	Tracking 35538 as yet unmatched pairs. 52 records in RAM.
INFO	2019-07-03 18:04:30	MarkDuplicates	Read    16,000,000 records.  Elapsed time: 00:03:50s.  Time for last 1,000,000:   22s.  Last read position: HiC_scaffold_14:11,802,038
INFO	2019-07-03 18:04:30	MarkDuplicates	Tracking 35486 as yet unmatched pairs. 520 records in RAM.
INFO	2019-07-03 18:04:40	MarkDuplicates	Read    17,000,000 records.  Elapsed time: 00:04:00s.  Time for last 1,000,000:    9s.  Last read position: HiC_scaffold_15:9,352,887
INFO	2019-07-03 18:04:40	MarkDuplicates	Tracking 35288 as yet unmatched pairs. 718 records in RAM.
INFO	2019-07-03 18:04:50	MarkDuplicates	Read    18,000,000 records.  Elapsed time: 00:04:10s.  Time for last 1,000,000:    9s.  Last read position: HiC_scaffold_16:7,958,837
INFO	2019-07-03 18:04:50	MarkDuplicates	Tracking 34848 as yet unmatched pairs. 901 records in RAM.
INFO	2019-07-03 18:05:02	MarkDuplicates	Read    19,000,000 records.  Elapsed time: 00:04:22s.  Time for last 1,000,000:   12s.  Last read position: HiC_scaffold_17:8,747,133
INFO	2019-07-03 18:05:02	MarkDuplicates	Tracking 34032 as yet unmatched pairs. 760 records in RAM.
INFO	2019-07-03 18:05:12	MarkDuplicates	Read    20,000,000 records.  Elapsed time: 00:04:33s.  Time for last 1,000,000:   10s.  Last read position: HiC_scaffold_18:10,382,884
INFO	2019-07-03 18:05:12	MarkDuplicates	Tracking 33084 as yet unmatched pairs. 449 records in RAM.
INFO	2019-07-03 18:05:22	MarkDuplicates	Read    21,000,000 records.  Elapsed time: 00:04:42s.  Time for last 1,000,000:    9s.  Last read position: HiC_scaffold_19:10,051,096
INFO	2019-07-03 18:05:22	MarkDuplicates	Tracking 31928 as yet unmatched pairs. 714 records in RAM.
INFO	2019-07-03 18:05:31	MarkDuplicates	Read    22,000,000 records.  Elapsed time: 00:04:51s.  Time for last 1,000,000:    9s.  Last read position: HiC_scaffold_20:10,297,887
INFO	2019-07-03 18:05:31	MarkDuplicates	Tracking 30286 as yet unmatched pairs. 319 records in RAM.
INFO	2019-07-03 18:06:12	MarkDuplicates	Read    23,000,000 records.  Elapsed time: 00:05:32s.  Time for last 1,000,000:   40s.  Last read position: HiC_scaffold_21:10,674,489
INFO	2019-07-03 18:06:12	MarkDuplicates	Tracking 28780 as yet unmatched pairs. 660 records in RAM.
INFO	2019-07-03 18:06:21	MarkDuplicates	Read    24,000,000 records.  Elapsed time: 00:05:41s.  Time for last 1,000,000:    9s.  Last read position: HiC_scaffold_22:8,978,198
INFO	2019-07-03 18:06:21	MarkDuplicates	Tracking 26534 as yet unmatched pairs. 849 records in RAM.
INFO	2019-07-03 18:06:31	MarkDuplicates	Read    25,000,000 records.  Elapsed time: 00:05:51s.  Time for last 1,000,000:    9s.  Last read position: HiC_scaffold_24:1,485,011
INFO	2019-07-03 18:06:31	MarkDuplicates	Tracking 23840 as yet unmatched pairs. 3097 records in RAM.
INFO	2019-07-03 18:06:42	MarkDuplicates	Read    26,000,000 records.  Elapsed time: 00:06:03s.  Time for last 1,000,000:   11s.  Last read position: HiC_scaffold_25:3,074,385
INFO	2019-07-03 18:06:42	MarkDuplicates	Tracking 20994 as yet unmatched pairs. 2444 records in RAM.
INFO	2019-07-03 18:06:52	MarkDuplicates	Read    27,000,000 records.  Elapsed time: 00:06:12s.  Time for last 1,000,000:    9s.  Last read position: HiC_scaffold_26:712,248
INFO	2019-07-03 18:06:52	MarkDuplicates	Tracking 18874 as yet unmatched pairs. 3148 records in RAM.
INFO	2019-07-03 18:07:01	MarkDuplicates	Read    28,000,000 records.  Elapsed time: 00:06:21s.  Time for last 1,000,000:    9s.  Last read position: HiC_scaffold_27:5,076,969
INFO	2019-07-03 18:07:01	MarkDuplicates	Tracking 15042 as yet unmatched pairs. 2422 records in RAM.
INFO	2019-07-03 18:07:10	MarkDuplicates	Read    29,000,000 records.  Elapsed time: 00:06:30s.  Time for last 1,000,000:    9s.  Last read position: HiC_scaffold_28:2,402,087
INFO	2019-07-03 18:07:10	MarkDuplicates	Tracking 11696 as yet unmatched pairs. 2697 records in RAM.
INFO	2019-07-03 18:07:20	MarkDuplicates	Read    30,000,000 records.  Elapsed time: 00:06:41s.  Time for last 1,000,000:   10s.  Last read position: HiC_scaffold_29:10,940,022
INFO	2019-07-03 18:07:20	MarkDuplicates	Tracking 6280 as yet unmatched pairs. 3596 records in RAM.
INFO	2019-07-03 18:07:43	MarkDuplicates	Read    31,000,000 records.  Elapsed time: 00:07:03s.  Time for last 1,000,000:   22s.  Last read position: HiC_scaffold_476:12,642
INFO	2019-07-03 18:07:43	MarkDuplicates	Tracking 292 as yet unmatched pairs. 3 records in RAM.
INFO	2019-07-03 18:07:43	MarkDuplicates	Read 31019580 records. 0 pairs never matched.
INFO	2019-07-03 18:08:26	MarkDuplicates	After buildSortedReadEndLists freeMemory: 2630535008; totalMemory: 3593469952; maxMemory: 3817865216
INFO	2019-07-03 18:08:26	MarkDuplicates	Will retain up to 119308288 duplicate indices before spilling to disk.
INFO	2019-07-03 18:08:26	MarkDuplicates	Traversing read pair information and detecting duplicates.
INFO	2019-07-03 18:08:28	MarkDuplicates	Traversing fragment information and detecting duplicates.
INFO	2019-07-03 18:08:49	MarkDuplicates	Sorting list of duplicate records.
INFO	2019-07-03 18:08:58	MarkDuplicates	After generateDuplicateIndexes freeMemory: 2851161176; totalMemory: 3833593856; maxMemory: 3833593856
INFO	2019-07-03 18:08:58	MarkDuplicates	Marking 4171594 records as duplicates.
INFO	2019-07-03 18:08:58	MarkDuplicates	Found 157523 optical duplicate clusters.
INFO	2019-07-03 18:08:58	MarkDuplicates	Reads are assumed to be ordered by: coordinate
INFO	2019-07-03 18:12:43	MarkDuplicates	Written    10,000,000 records.  Elapsed time: 00:03:44s.  Time for last 10,000,000:  224s.  Last read position: HiC_scaffold_11:8,656,173
INFO	2019-07-03 18:16:30	MarkDuplicates	Written    20,000,000 records.  Elapsed time: 00:07:31s.  Time for last 10,000,000:  227s.  Last read position: HiC_scaffold_21:12,393,879
INFO	2019-07-03 18:20:09	MarkDuplicates	Written    30,000,000 records.  Elapsed time: 00:11:10s.  Time for last 10,000,000:  218s.  Last read position: */*
INFO	2019-07-03 18:23:34	MarkDuplicates	Written    40,000,000 records.  Elapsed time: 00:14:36s.  Time for last 10,000,000:  205s.  Last read position: */*
INFO	2019-07-03 18:23:44	MarkDuplicates	Before output close freeMemory: 3954985856; totalMemory: 3986685952; maxMemory: 3986685952
INFO	2019-07-03 18:23:44	MarkDuplicates	After output close freeMemory: 3954971352; totalMemory: 3986685952; maxMemory: 3986685952
[Wed Jul 03 18:23:45 CEST 2019] picard.sam.markduplicates.MarkDuplicates done. Elapsed time: 23.11 minutes.
Runtime.totalMemory()=3986685952
[Wed Jul 03 18:23:45 CEST 2019] picard.sam.AddOrReplaceReadGroups INPUT=KNAM_0045.dupl_rm.bam OUTPUT=KNAM_0045.bam RGID=KNAM_0045 RGLB=lib1 RGPL=illumina RGPU=unit1 RGSM=KNAM_0045    VERBOSITY=INFO QUIET=false VALIDATION_STRINGENCY=STRICT COMPRESSION_LEVEL=5 MAX_RECORDS_IN_RAM=500000 CREATE_INDEX=false CREATE_MD5_FILE=false GA4GH_CLIENT_SECRETS=client_secrets.json
[Wed Jul 03 18:23:45 CEST 2019] Executing as knam@node114 on Linux 3.10.0-514.26.2.el7.x86_64 amd64; OpenJDK 64-Bit Server VM 1.8.0_102-b14; Picard version: 2.9.4-SNAPSHOT
INFO	2019-07-03 18:23:46	AddOrReplaceReadGroups	Created read group ID=KNAM_0045 PL=illumina LB=lib1 SM=KNAM_0045

INFO	2019-07-03 18:24:12	AddOrReplaceReadGroups	Processed     1,000,000 records.  Elapsed time: 00:00:26s.  Time for last 1,000,000:   26s.  Last read position: HiC_scaffold_2:1,312,038
INFO	2019-07-03 18:24:34	AddOrReplaceReadGroups	Processed     2,000,000 records.  Elapsed time: 00:00:48s.  Time for last 1,000,000:   21s.  Last read position: HiC_scaffold_3:2,122,929
INFO	2019-07-03 18:24:55	AddOrReplaceReadGroups	Processed     3,000,000 records.  Elapsed time: 00:01:09s.  Time for last 1,000,000:   21s.  Last read position: HiC_scaffold_4:690,460
INFO	2019-07-03 18:25:16	AddOrReplaceReadGroups	Processed     4,000,000 records.  Elapsed time: 00:01:30s.  Time for last 1,000,000:   21s.  Last read position: HiC_scaffold_4:13,773,776
INFO	2019-07-03 18:25:38	AddOrReplaceReadGroups	Processed     5,000,000 records.  Elapsed time: 00:01:52s.  Time for last 1,000,000:   21s.  Last read position: HiC_scaffold_6:1,504,795
INFO	2019-07-03 18:26:00	AddOrReplaceReadGroups	Processed     6,000,000 records.  Elapsed time: 00:02:14s.  Time for last 1,000,000:   21s.  Last read position: HiC_scaffold_7:6,071,302
INFO	2019-07-03 18:26:21	AddOrReplaceReadGroups	Processed     7,000,000 records.  Elapsed time: 00:02:35s.  Time for last 1,000,000:   21s.  Last read position: HiC_scaffold_8:6,195,124
INFO	2019-07-03 18:26:42	AddOrReplaceReadGroups	Processed     8,000,000 records.  Elapsed time: 00:02:56s.  Time for last 1,000,000:   21s.  Last read position: HiC_scaffold_9:8,379,835
INFO	2019-07-03 18:27:04	AddOrReplaceReadGroups	Processed     9,000,000 records.  Elapsed time: 00:03:17s.  Time for last 1,000,000:   21s.  Last read position: HiC_scaffold_10:9,607,997
INFO	2019-07-03 18:27:25	AddOrReplaceReadGroups	Processed    10,000,000 records.  Elapsed time: 00:03:39s.  Time for last 1,000,000:   21s.  Last read position: HiC_scaffold_11:8,656,173
INFO	2019-07-03 18:27:46	AddOrReplaceReadGroups	Processed    11,000,000 records.  Elapsed time: 00:04:00s.  Time for last 1,000,000:   21s.  Last read position: HiC_scaffold_12:8,431,812
INFO	2019-07-03 18:28:08	AddOrReplaceReadGroups	Processed    12,000,000 records.  Elapsed time: 00:04:22s.  Time for last 1,000,000:   21s.  Last read position: HiC_scaffold_13:1,880,875
INFO	2019-07-03 18:28:29	AddOrReplaceReadGroups	Processed    13,000,000 records.  Elapsed time: 00:04:43s.  Time for last 1,000,000:   21s.  Last read position: HiC_scaffold_14:205,429
INFO	2019-07-03 18:28:51	AddOrReplaceReadGroups	Processed    14,000,000 records.  Elapsed time: 00:05:04s.  Time for last 1,000,000:   21s.  Last read position: HiC_scaffold_14:14,236,724
INFO	2019-07-03 18:29:12	AddOrReplaceReadGroups	Processed    15,000,000 records.  Elapsed time: 00:05:25s.  Time for last 1,000,000:   21s.  Last read position: HiC_scaffold_16:227,070
INFO	2019-07-03 18:29:33	AddOrReplaceReadGroups	Processed    16,000,000 records.  Elapsed time: 00:05:47s.  Time for last 1,000,000:   21s.  Last read position: HiC_scaffold_17:2,002,329
INFO	2019-07-03 18:29:55	AddOrReplaceReadGroups	Processed    17,000,000 records.  Elapsed time: 00:06:08s.  Time for last 1,000,000:   21s.  Last read position: HiC_scaffold_18:6,347,786
INFO	2019-07-03 18:30:16	AddOrReplaceReadGroups	Processed    18,000,000 records.  Elapsed time: 00:06:30s.  Time for last 1,000,000:   21s.  Last read position: HiC_scaffold_19:8,033,689
INFO	2019-07-03 18:30:37	AddOrReplaceReadGroups	Processed    19,000,000 records.  Elapsed time: 00:06:51s.  Time for last 1,000,000:   21s.  Last read position: HiC_scaffold_20:9,835,263
INFO	2019-07-03 18:30:58	AddOrReplaceReadGroups	Processed    20,000,000 records.  Elapsed time: 00:07:12s.  Time for last 1,000,000:   21s.  Last read position: HiC_scaffold_21:12,393,879
INFO	2019-07-03 18:31:20	AddOrReplaceReadGroups	Processed    21,000,000 records.  Elapsed time: 00:07:34s.  Time for last 1,000,000:   21s.  Last read position: HiC_scaffold_23:411,992
INFO	2019-07-03 18:31:41	AddOrReplaceReadGroups	Processed    22,000,000 records.  Elapsed time: 00:07:54s.  Time for last 1,000,000:   20s.  Last read position: HiC_scaffold_24:5,719,962
INFO	2019-07-03 18:32:02	AddOrReplaceReadGroups	Processed    23,000,000 records.  Elapsed time: 00:08:16s.  Time for last 1,000,000:   21s.  Last read position: HiC_scaffold_25:9,505,070
INFO	2019-07-03 18:32:24	AddOrReplaceReadGroups	Processed    24,000,000 records.  Elapsed time: 00:08:37s.  Time for last 1,000,000:   21s.  Last read position: HiC_scaffold_27:1,636,517
INFO	2019-07-03 18:32:45	AddOrReplaceReadGroups	Processed    25,000,000 records.  Elapsed time: 00:08:59s.  Time for last 1,000,000:   21s.  Last read position: HiC_scaffold_28:850,437
INFO	2019-07-03 18:33:07	AddOrReplaceReadGroups	Processed    26,000,000 records.  Elapsed time: 00:09:20s.  Time for last 1,000,000:   21s.  Last read position: HiC_scaffold_29:11,712,552
INFO	2019-07-03 18:33:28	AddOrReplaceReadGroups	Processed    27,000,000 records.  Elapsed time: 00:09:42s.  Time for last 1,000,000:   21s.  Last read position: */*
INFO	2019-07-03 18:33:48	AddOrReplaceReadGroups	Processed    28,000,000 records.  Elapsed time: 00:10:01s.  Time for last 1,000,000:   19s.  Last read position: */*
INFO	2019-07-03 18:34:07	AddOrReplaceReadGroups	Processed    29,000,000 records.  Elapsed time: 00:10:21s.  Time for last 1,000,000:   19s.  Last read position: */*
INFO	2019-07-03 18:34:27	AddOrReplaceReadGroups	Processed    30,000,000 records.  Elapsed time: 00:10:41s.  Time for last 1,000,000:   19s.  Last read position: */*
INFO	2019-07-03 18:34:47	AddOrReplaceReadGroups	Processed    31,000,000 records.  Elapsed time: 00:11:00s.  Time for last 1,000,000:   19s.  Last read position: */*
INFO	2019-07-03 18:35:06	AddOrReplaceReadGroups	Processed    32,000,000 records.  Elapsed time: 00:11:20s.  Time for last 1,000,000:   19s.  Last read position: */*
INFO	2019-07-03 18:35:26	AddOrReplaceReadGroups	Processed    33,000,000 records.  Elapsed time: 00:11:40s.  Time for last 1,000,000:   19s.  Last read position: */*
INFO	2019-07-03 18:35:46	AddOrReplaceReadGroups	Processed    34,000,000 records.  Elapsed time: 00:12:00s.  Time for last 1,000,000:   19s.  Last read position: */*
INFO	2019-07-03 18:36:07	AddOrReplaceReadGroups	Processed    35,000,000 records.  Elapsed time: 00:12:21s.  Time for last 1,000,000:   20s.  Last read position: */*
INFO	2019-07-03 18:36:28	AddOrReplaceReadGroups	Processed    36,000,000 records.  Elapsed time: 00:12:41s.  Time for last 1,000,000:   20s.  Last read position: */*
INFO	2019-07-03 18:36:48	AddOrReplaceReadGroups	Processed    37,000,000 records.  Elapsed time: 00:13:02s.  Time for last 1,000,000:   20s.  Last read position: */*
INFO	2019-07-03 18:37:09	AddOrReplaceReadGroups	Processed    38,000,000 records.  Elapsed time: 00:13:23s.  Time for last 1,000,000:   20s.  Last read position: */*
INFO	2019-07-03 18:37:29	AddOrReplaceReadGroups	Processed    39,000,000 records.  Elapsed time: 00:13:43s.  Time for last 1,000,000:   20s.  Last read position: */*
INFO	2019-07-03 18:37:50	AddOrReplaceReadGroups	Processed    40,000,000 records.  Elapsed time: 00:14:04s.  Time for last 1,000,000:   20s.  Last read position: */*
[Wed Jul 03 18:37:59 CEST 2019] picard.sam.AddOrReplaceReadGroups done. Elapsed time: 14.22 minutes.
Runtime.totalMemory()=1512570880
