25749390 reads; of these:
  25749390 (100.00%) were paired; of these:
    13905151 (54.00%) aligned concordantly 0 times
    9320341 (36.20%) aligned concordantly exactly 1 time
    2523898 (9.80%) aligned concordantly >1 times
    ----
    13905151 pairs aligned concordantly 0 times; of these:
      221890 (1.60%) aligned discordantly 1 time
    ----
    13683261 pairs aligned 0 times concordantly or discordantly; of these:
      27366522 mates make up the pairs; of these:
        20194768 (73.79%) aligned 0 times
        5797530 (21.18%) aligned exactly 1 time
        1374224 (5.02%) aligned >1 times
60.79% overall alignment rate
[bam_sort_core] merging from 23 files and 1 in-memory blocks...
[Wed Jul 03 18:57:40 CEST 2019] picard.sam.markduplicates.MarkDuplicates MAX_FILE_HANDLES_FOR_READ_ENDS_MAP=1000 INPUT=[BCW2.sorted.bam] OUTPUT=BCW2.dupl_rm.bam METRICS_FILE=BCW2.metricN.log REMOVE_DUPLICATES=true ASSUME_SORTED=true    MAX_SEQUENCES_FOR_DISK_READ_ENDS_MAP=50000 SORTING_COLLECTION_SIZE_RATIO=0.25 TAG_DUPLICATE_SET_MEMBERS=false REMOVE_SEQUENCING_DUPLICATES=false TAGGING_POLICY=DontTag DUPLICATE_SCORING_STRATEGY=SUM_OF_BASE_QUALITIES PROGRAM_RECORD_ID=MarkDuplicates PROGRAM_GROUP_NAME=MarkDuplicates READ_NAME_REGEX=<optimized capture of last three ':' separated fields as numeric values> OPTICAL_DUPLICATE_PIXEL_DISTANCE=100 VERBOSITY=INFO QUIET=false VALIDATION_STRINGENCY=STRICT COMPRESSION_LEVEL=5 MAX_RECORDS_IN_RAM=500000 CREATE_INDEX=false CREATE_MD5_FILE=false GA4GH_CLIENT_SECRETS=client_secrets.json
[Wed Jul 03 18:57:40 CEST 2019] Executing as knam@node054 on Linux 3.10.0-514.26.2.el7.x86_64 amd64; OpenJDK 64-Bit Server VM 1.8.0_102-b14; Picard version: 2.9.4-SNAPSHOT
INFO	2019-07-03 18:57:41	MarkDuplicates	Start of doWork freeMemory: 2031682280; totalMemory: 2058354688; maxMemory: 3817865216
INFO	2019-07-03 18:57:41	MarkDuplicates	Reading input file and constructing read end information.
INFO	2019-07-03 18:57:41	MarkDuplicates	Will retain up to 13832844 data points before spilling to disk.
INFO	2019-07-03 18:57:55	MarkDuplicates	Read     1,000,000 records.  Elapsed time: 00:00:14s.  Time for last 1,000,000:   14s.  Last read position: HiC_scaffold_1:10,231,105
INFO	2019-07-03 18:57:55	MarkDuplicates	Tracking 17443 as yet unmatched pairs. 154 records in RAM.
INFO	2019-07-03 18:58:04	MarkDuplicates	Read     2,000,000 records.  Elapsed time: 00:00:23s.  Time for last 1,000,000:    8s.  Last read position: HiC_scaffold_2:7,532,950
INFO	2019-07-03 18:58:04	MarkDuplicates	Tracking 34649 as yet unmatched pairs. 492 records in RAM.
INFO	2019-07-03 18:58:14	MarkDuplicates	Read     3,000,000 records.  Elapsed time: 00:00:33s.  Time for last 1,000,000:   10s.  Last read position: HiC_scaffold_3:4,148,380
INFO	2019-07-03 18:58:14	MarkDuplicates	Tracking 51096 as yet unmatched pairs. 1576 records in RAM.
INFO	2019-07-03 18:58:23	MarkDuplicates	Read     4,000,000 records.  Elapsed time: 00:00:42s.  Time for last 1,000,000:    8s.  Last read position: HiC_scaffold_3:13,494,747
INFO	2019-07-03 18:58:23	MarkDuplicates	Tracking 68350 as yet unmatched pairs. 362 records in RAM.
INFO	2019-07-03 18:58:33	MarkDuplicates	Read     5,000,000 records.  Elapsed time: 00:00:52s.  Time for last 1,000,000:    9s.  Last read position: HiC_scaffold_4:8,862,584
INFO	2019-07-03 18:58:33	MarkDuplicates	Tracking 82020 as yet unmatched pairs. 1379 records in RAM.
INFO	2019-07-03 18:58:41	MarkDuplicates	Read     6,000,000 records.  Elapsed time: 00:00:59s.  Time for last 1,000,000:    7s.  Last read position: HiC_scaffold_5:3,978,678
INFO	2019-07-03 18:58:41	MarkDuplicates	Tracking 95630 as yet unmatched pairs. 2155 records in RAM.
INFO	2019-07-03 18:58:50	MarkDuplicates	Read     7,000,000 records.  Elapsed time: 00:01:08s.  Time for last 1,000,000:    9s.  Last read position: HiC_scaffold_6:2,555,525
INFO	2019-07-03 18:58:50	MarkDuplicates	Tracking 110014 as yet unmatched pairs. 2658 records in RAM.
INFO	2019-07-03 18:58:58	MarkDuplicates	Read     8,000,000 records.  Elapsed time: 00:01:17s.  Time for last 1,000,000:    8s.  Last read position: HiC_scaffold_7:3,177,913
INFO	2019-07-03 18:58:58	MarkDuplicates	Tracking 123688 as yet unmatched pairs. 3980 records in RAM.
INFO	2019-07-03 18:59:06	MarkDuplicates	Read     9,000,000 records.  Elapsed time: 00:01:24s.  Time for last 1,000,000:    7s.  Last read position: HiC_scaffold_7:12,775,404
INFO	2019-07-03 18:59:06	MarkDuplicates	Tracking 133942 as yet unmatched pairs. 469 records in RAM.
INFO	2019-07-03 18:59:15	MarkDuplicates	Read    10,000,000 records.  Elapsed time: 00:01:34s.  Time for last 1,000,000:    9s.  Last read position: HiC_scaffold_8:9,009,274
INFO	2019-07-03 18:59:15	MarkDuplicates	Tracking 144466 as yet unmatched pairs. 1204 records in RAM.
INFO	2019-07-03 18:59:23	MarkDuplicates	Read    11,000,000 records.  Elapsed time: 00:01:42s.  Time for last 1,000,000:    8s.  Last read position: HiC_scaffold_9:7,229,503
INFO	2019-07-03 18:59:23	MarkDuplicates	Tracking 154510 as yet unmatched pairs. 2340 records in RAM.
INFO	2019-07-03 18:59:32	MarkDuplicates	Read    12,000,000 records.  Elapsed time: 00:01:51s.  Time for last 1,000,000:    8s.  Last read position: HiC_scaffold_10:5,033,285
INFO	2019-07-03 18:59:32	MarkDuplicates	Tracking 161988 as yet unmatched pairs. 5128 records in RAM.
INFO	2019-07-03 18:59:41	MarkDuplicates	Read    13,000,000 records.  Elapsed time: 00:02:00s.  Time for last 1,000,000:    8s.  Last read position: HiC_scaffold_11:543,504
INFO	2019-07-03 18:59:41	MarkDuplicates	Tracking 168882 as yet unmatched pairs. 8847 records in RAM.
INFO	2019-07-03 18:59:51	MarkDuplicates	Read    14,000,000 records.  Elapsed time: 00:02:09s.  Time for last 1,000,000:    9s.  Last read position: HiC_scaffold_11:9,781,722
INFO	2019-07-03 18:59:51	MarkDuplicates	Tracking 174788 as yet unmatched pairs. 3526 records in RAM.
INFO	2019-07-03 19:00:01	MarkDuplicates	Read    15,000,000 records.  Elapsed time: 00:02:19s.  Time for last 1,000,000:   10s.  Last read position: HiC_scaffold_12:5,503,717
INFO	2019-07-03 19:00:01	MarkDuplicates	Tracking 184704 as yet unmatched pairs. 18771 records in RAM.
INFO	2019-07-03 19:00:43	MarkDuplicates	Read    16,000,000 records.  Elapsed time: 00:03:01s.  Time for last 1,000,000:   42s.  Last read position: HiC_scaffold_12:17,858,575
INFO	2019-07-03 19:00:43	MarkDuplicates	Tracking 193302 as yet unmatched pairs. 4819 records in RAM.
INFO	2019-07-03 19:01:06	MarkDuplicates	Read    17,000,000 records.  Elapsed time: 00:03:24s.  Time for last 1,000,000:   22s.  Last read position: HiC_scaffold_13:7,403,878
INFO	2019-07-03 19:01:06	MarkDuplicates	Tracking 195384 as yet unmatched pairs. 6142 records in RAM.
INFO	2019-07-03 19:01:15	MarkDuplicates	Read    18,000,000 records.  Elapsed time: 00:03:33s.  Time for last 1,000,000:    8s.  Last read position: HiC_scaffold_14:2,060,784
INFO	2019-07-03 19:01:15	MarkDuplicates	Tracking 196513 as yet unmatched pairs. 11327 records in RAM.
INFO	2019-07-03 19:01:23	MarkDuplicates	Read    19,000,000 records.  Elapsed time: 00:03:42s.  Time for last 1,000,000:    8s.  Last read position: HiC_scaffold_14:11,506,405
INFO	2019-07-03 19:01:23	MarkDuplicates	Tracking 196896 as yet unmatched pairs. 2999 records in RAM.
INFO	2019-07-03 19:01:32	MarkDuplicates	Read    20,000,000 records.  Elapsed time: 00:03:51s.  Time for last 1,000,000:    9s.  Last read position: HiC_scaffold_15:7,396,633
INFO	2019-07-03 19:01:32	MarkDuplicates	Tracking 196680 as yet unmatched pairs. 5709 records in RAM.
INFO	2019-07-03 19:01:41	MarkDuplicates	Read    21,000,000 records.  Elapsed time: 00:04:00s.  Time for last 1,000,000:    9s.  Last read position: HiC_scaffold_16:3,879,658
INFO	2019-07-03 19:01:41	MarkDuplicates	Tracking 195035 as yet unmatched pairs. 9375 records in RAM.
INFO	2019-07-03 19:01:51	MarkDuplicates	Read    22,000,000 records.  Elapsed time: 00:04:10s.  Time for last 1,000,000:    9s.  Last read position: HiC_scaffold_17:1,959,433
INFO	2019-07-03 19:01:51	MarkDuplicates	Tracking 192676 as yet unmatched pairs. 11495 records in RAM.
INFO	2019-07-03 19:02:00	MarkDuplicates	Read    23,000,000 records.  Elapsed time: 00:04:19s.  Time for last 1,000,000:    9s.  Last read position: HiC_scaffold_18:2,198,665
INFO	2019-07-03 19:02:00	MarkDuplicates	Tracking 187838 as yet unmatched pairs. 10937 records in RAM.
INFO	2019-07-03 19:02:09	MarkDuplicates	Read    24,000,000 records.  Elapsed time: 00:04:27s.  Time for last 1,000,000:    8s.  Last read position: HiC_scaffold_18:12,628,366
INFO	2019-07-03 19:02:09	MarkDuplicates	Tracking 183714 as yet unmatched pairs. 103 records in RAM.
INFO	2019-07-03 19:02:19	MarkDuplicates	Read    25,000,000 records.  Elapsed time: 00:04:38s.  Time for last 1,000,000:   10s.  Last read position: HiC_scaffold_19:9,941,048
INFO	2019-07-03 19:02:19	MarkDuplicates	Tracking 178431 as yet unmatched pairs. 3995 records in RAM.
INFO	2019-07-03 19:02:53	MarkDuplicates	Read    26,000,000 records.  Elapsed time: 00:05:12s.  Time for last 1,000,000:   34s.  Last read position: HiC_scaffold_20:7,553,974
INFO	2019-07-03 19:02:53	MarkDuplicates	Tracking 171934 as yet unmatched pairs. 5751 records in RAM.
INFO	2019-07-03 19:03:03	MarkDuplicates	Read    27,000,000 records.  Elapsed time: 00:05:22s.  Time for last 1,000,000:    9s.  Last read position: HiC_scaffold_21:6,741,265
INFO	2019-07-03 19:03:03	MarkDuplicates	Tracking 163776 as yet unmatched pairs. 8720 records in RAM.
INFO	2019-07-03 19:03:14	MarkDuplicates	Read    28,000,000 records.  Elapsed time: 00:05:33s.  Time for last 1,000,000:   10s.  Last read position: HiC_scaffold_22:2,700,096
INFO	2019-07-03 19:03:14	MarkDuplicates	Tracking 153756 as yet unmatched pairs. 12723 records in RAM.
INFO	2019-07-03 19:03:24	MarkDuplicates	Read    29,000,000 records.  Elapsed time: 00:05:42s.  Time for last 1,000,000:    9s.  Last read position: HiC_scaffold_23:1,248,504
INFO	2019-07-03 19:03:24	MarkDuplicates	Tracking 143926 as yet unmatched pairs. 10014 records in RAM.
INFO	2019-07-03 19:03:35	MarkDuplicates	Read    30,000,000 records.  Elapsed time: 00:05:53s.  Time for last 1,000,000:   10s.  Last read position: HiC_scaffold_24:2,640,514
INFO	2019-07-03 19:03:35	MarkDuplicates	Tracking 134106 as yet unmatched pairs. 15961 records in RAM.
INFO	2019-07-03 19:03:45	MarkDuplicates	Read    31,000,000 records.  Elapsed time: 00:06:04s.  Time for last 1,000,000:   10s.  Last read position: HiC_scaffold_25:3,060,914
INFO	2019-07-03 19:03:45	MarkDuplicates	Tracking 118358 as yet unmatched pairs. 15737 records in RAM.
INFO	2019-07-03 19:03:53	MarkDuplicates	Read    32,000,000 records.  Elapsed time: 00:06:12s.  Time for last 1,000,000:    8s.  Last read position: HiC_scaffold_25:12,919,031
INFO	2019-07-03 19:03:53	MarkDuplicates	Tracking 107392 as yet unmatched pairs. 2186 records in RAM.
INFO	2019-07-03 19:04:06	MarkDuplicates	Read    33,000,000 records.  Elapsed time: 00:06:25s.  Time for last 1,000,000:   12s.  Last read position: HiC_scaffold_27:615,608
INFO	2019-07-03 19:04:06	MarkDuplicates	Tracking 90598 as yet unmatched pairs. 21524 records in RAM.
INFO	2019-07-03 19:04:27	MarkDuplicates	Read    34,000,000 records.  Elapsed time: 00:06:46s.  Time for last 1,000,000:   20s.  Last read position: HiC_scaffold_27:10,072,293
INFO	2019-07-03 19:04:27	MarkDuplicates	Tracking 77924 as yet unmatched pairs. 7284 records in RAM.
INFO	2019-07-03 19:04:37	MarkDuplicates	Read    35,000,000 records.  Elapsed time: 00:06:56s.  Time for last 1,000,000:    9s.  Last read position: HiC_scaffold_28:7,114,579
INFO	2019-07-03 19:04:37	MarkDuplicates	Tracking 56578 as yet unmatched pairs. 1199 records in RAM.
INFO	2019-07-03 19:04:51	MarkDuplicates	Read    36,000,000 records.  Elapsed time: 00:07:10s.  Time for last 1,000,000:   14s.  Last read position: HiC_scaffold_29:7,701,123
INFO	2019-07-03 19:04:51	MarkDuplicates	Tracking 40011 as yet unmatched pairs. 28118 records in RAM.
INFO	2019-07-03 19:05:00	MarkDuplicates	Read    37,000,000 records.  Elapsed time: 00:07:19s.  Time for last 1,000,000:    8s.  Last read position: HiC_scaffold_29:16,119,577
INFO	2019-07-03 19:05:00	MarkDuplicates	Tracking 21837 as yet unmatched pairs. 9657 records in RAM.
INFO	2019-07-03 19:05:10	MarkDuplicates	Read 37845942 records. 0 pairs never matched.
INFO	2019-07-03 19:05:46	MarkDuplicates	After buildSortedReadEndLists freeMemory: 2726050352; totalMemory: 3701997568; maxMemory: 3817865216
INFO	2019-07-03 19:05:46	MarkDuplicates	Will retain up to 119308288 duplicate indices before spilling to disk.
INFO	2019-07-03 19:05:46	MarkDuplicates	Traversing read pair information and detecting duplicates.
INFO	2019-07-03 19:05:49	MarkDuplicates	Traversing fragment information and detecting duplicates.
INFO	2019-07-03 19:06:15	MarkDuplicates	Sorting list of duplicate records.
INFO	2019-07-03 19:06:16	MarkDuplicates	After generateDuplicateIndexes freeMemory: 2681956176; totalMemory: 3664773120; maxMemory: 3817865216
INFO	2019-07-03 19:06:16	MarkDuplicates	Marking 4486178 records as duplicates.
INFO	2019-07-03 19:06:16	MarkDuplicates	Found 164542 optical duplicate clusters.
INFO	2019-07-03 19:06:16	MarkDuplicates	Reads are assumed to be ordered by: coordinate
INFO	2019-07-03 19:10:26	MarkDuplicates	Written    10,000,000 records.  Elapsed time: 00:04:09s.  Time for last 10,000,000:  249s.  Last read position: HiC_scaffold_9:11,057,917
INFO	2019-07-03 19:14:36	MarkDuplicates	Written    20,000,000 records.  Elapsed time: 00:08:20s.  Time for last 10,000,000:  250s.  Last read position: HiC_scaffold_17:10,001,722
INFO	2019-07-03 19:18:48	MarkDuplicates	Written    30,000,000 records.  Elapsed time: 00:12:31s.  Time for last 10,000,000:  251s.  Last read position: HiC_scaffold_27:10,230,714
INFO	2019-07-03 19:22:41	MarkDuplicates	Written    40,000,000 records.  Elapsed time: 00:16:24s.  Time for last 10,000,000:  233s.  Last read position: */*
INFO	2019-07-03 19:25:26	MarkDuplicates	Before output close freeMemory: 3768330512; totalMemory: 3800039424; maxMemory: 3817865216
INFO	2019-07-03 19:25:26	MarkDuplicates	After output close freeMemory: 3768316008; totalMemory: 3800039424; maxMemory: 3817865216
[Wed Jul 03 19:25:26 CEST 2019] picard.sam.markduplicates.MarkDuplicates done. Elapsed time: 27.77 minutes.
Runtime.totalMemory()=3800039424
[Wed Jul 03 19:25:27 CEST 2019] picard.sam.AddOrReplaceReadGroups INPUT=BCW2.dupl_rm.bam OUTPUT=BCW2.bam RGID=BCW2 RGLB=lib1 RGPL=illumina RGPU=unit1 RGSM=BCW2    VERBOSITY=INFO QUIET=false VALIDATION_STRINGENCY=STRICT COMPRESSION_LEVEL=5 MAX_RECORDS_IN_RAM=500000 CREATE_INDEX=false CREATE_MD5_FILE=false GA4GH_CLIENT_SECRETS=client_secrets.json
[Wed Jul 03 19:25:27 CEST 2019] Executing as knam@node054 on Linux 3.10.0-514.26.2.el7.x86_64 amd64; OpenJDK 64-Bit Server VM 1.8.0_102-b14; Picard version: 2.9.4-SNAPSHOT
INFO	2019-07-03 19:25:28	AddOrReplaceReadGroups	Created read group ID=BCW2 PL=illumina LB=lib1 SM=BCW2

INFO	2019-07-03 19:25:58	AddOrReplaceReadGroups	Processed     1,000,000 records.  Elapsed time: 00:00:29s.  Time for last 1,000,000:   29s.  Last read position: HiC_scaffold_1:11,854,153
INFO	2019-07-03 19:26:22	AddOrReplaceReadGroups	Processed     2,000,000 records.  Elapsed time: 00:00:54s.  Time for last 1,000,000:   24s.  Last read position: HiC_scaffold_2:10,144,248
INFO	2019-07-03 19:26:46	AddOrReplaceReadGroups	Processed     3,000,000 records.  Elapsed time: 00:01:18s.  Time for last 1,000,000:   24s.  Last read position: HiC_scaffold_3:7,784,189
INFO	2019-07-03 19:27:11	AddOrReplaceReadGroups	Processed     4,000,000 records.  Elapsed time: 00:01:42s.  Time for last 1,000,000:   24s.  Last read position: HiC_scaffold_4:4,819,728
INFO	2019-07-03 19:27:35	AddOrReplaceReadGroups	Processed     5,000,000 records.  Elapsed time: 00:02:07s.  Time for last 1,000,000:   24s.  Last read position: HiC_scaffold_5:652,833
INFO	2019-07-03 19:27:59	AddOrReplaceReadGroups	Processed     6,000,000 records.  Elapsed time: 00:02:31s.  Time for last 1,000,000:   24s.  Last read position: HiC_scaffold_6:324,947
INFO	2019-07-03 19:28:23	AddOrReplaceReadGroups	Processed     7,000,000 records.  Elapsed time: 00:02:54s.  Time for last 1,000,000:   23s.  Last read position: HiC_scaffold_7:2,664,249
INFO	2019-07-03 19:28:46	AddOrReplaceReadGroups	Processed     8,000,000 records.  Elapsed time: 00:03:18s.  Time for last 1,000,000:   23s.  Last read position: HiC_scaffold_7:13,607,170
INFO	2019-07-03 19:29:10	AddOrReplaceReadGroups	Processed     9,000,000 records.  Elapsed time: 00:03:41s.  Time for last 1,000,000:   23s.  Last read position: HiC_scaffold_8:11,316,780
INFO	2019-07-03 19:29:33	AddOrReplaceReadGroups	Processed    10,000,000 records.  Elapsed time: 00:04:05s.  Time for last 1,000,000:   23s.  Last read position: HiC_scaffold_9:11,057,917
INFO	2019-07-03 19:29:57	AddOrReplaceReadGroups	Processed    11,000,000 records.  Elapsed time: 00:04:29s.  Time for last 1,000,000:   23s.  Last read position: HiC_scaffold_10:9,509,252
INFO	2019-07-03 19:30:20	AddOrReplaceReadGroups	Processed    12,000,000 records.  Elapsed time: 00:04:52s.  Time for last 1,000,000:   23s.  Last read position: HiC_scaffold_11:6,462,928
INFO	2019-07-03 19:30:44	AddOrReplaceReadGroups	Processed    13,000,000 records.  Elapsed time: 00:05:16s.  Time for last 1,000,000:   23s.  Last read position: HiC_scaffold_12:2,941,779
INFO	2019-07-03 19:31:08	AddOrReplaceReadGroups	Processed    14,000,000 records.  Elapsed time: 00:05:40s.  Time for last 1,000,000:   24s.  Last read position: HiC_scaffold_12:16,549,009
INFO	2019-07-03 19:31:32	AddOrReplaceReadGroups	Processed    15,000,000 records.  Elapsed time: 00:06:04s.  Time for last 1,000,000:   23s.  Last read position: HiC_scaffold_13:7,544,085
INFO	2019-07-03 19:31:55	AddOrReplaceReadGroups	Processed    16,000,000 records.  Elapsed time: 00:06:27s.  Time for last 1,000,000:   23s.  Last read position: HiC_scaffold_14:3,807,901
INFO	2019-07-03 19:32:19	AddOrReplaceReadGroups	Processed    17,000,000 records.  Elapsed time: 00:06:50s.  Time for last 1,000,000:   23s.  Last read position: HiC_scaffold_15:64,176
INFO	2019-07-03 19:32:35	AddOrReplaceReadGroups	Processed    18,000,000 records.  Elapsed time: 00:07:06s.  Time for last 1,000,000:   16s.  Last read position: HiC_scaffold_15:11,339,612
INFO	2019-07-03 19:32:51	AddOrReplaceReadGroups	Processed    19,000,000 records.  Elapsed time: 00:07:23s.  Time for last 1,000,000:   16s.  Last read position: HiC_scaffold_16:9,494,421
INFO	2019-07-03 19:33:07	AddOrReplaceReadGroups	Processed    20,000,000 records.  Elapsed time: 00:07:39s.  Time for last 1,000,000:   16s.  Last read position: HiC_scaffold_17:10,001,722
INFO	2019-07-03 19:33:23	AddOrReplaceReadGroups	Processed    21,000,000 records.  Elapsed time: 00:07:55s.  Time for last 1,000,000:   16s.  Last read position: HiC_scaffold_18:10,666,847
INFO	2019-07-03 19:33:40	AddOrReplaceReadGroups	Processed    22,000,000 records.  Elapsed time: 00:08:12s.  Time for last 1,000,000:   16s.  Last read position: HiC_scaffold_19:9,523,831
INFO	2019-07-03 19:33:56	AddOrReplaceReadGroups	Processed    23,000,000 records.  Elapsed time: 00:08:28s.  Time for last 1,000,000:   16s.  Last read position: HiC_scaffold_20:8,548,429
INFO	2019-07-03 19:34:12	AddOrReplaceReadGroups	Processed    24,000,000 records.  Elapsed time: 00:08:44s.  Time for last 1,000,000:   16s.  Last read position: HiC_scaffold_21:8,901,654
INFO	2019-07-03 19:34:29	AddOrReplaceReadGroups	Processed    25,000,000 records.  Elapsed time: 00:09:01s.  Time for last 1,000,000:   16s.  Last read position: HiC_scaffold_22:6,565,886
INFO	2019-07-03 19:34:45	AddOrReplaceReadGroups	Processed    26,000,000 records.  Elapsed time: 00:09:17s.  Time for last 1,000,000:   16s.  Last read position: HiC_scaffold_23:7,083,287
INFO	2019-07-03 19:35:01	AddOrReplaceReadGroups	Processed    27,000,000 records.  Elapsed time: 00:09:33s.  Time for last 1,000,000:   16s.  Last read position: HiC_scaffold_24:9,509,379
INFO	2019-07-03 19:35:17	AddOrReplaceReadGroups	Processed    28,000,000 records.  Elapsed time: 00:09:49s.  Time for last 1,000,000:   16s.  Last read position: HiC_scaffold_25:10,130,096
INFO	2019-07-03 19:35:34	AddOrReplaceReadGroups	Processed    29,000,000 records.  Elapsed time: 00:10:06s.  Time for last 1,000,000:   16s.  Last read position: HiC_scaffold_26:8,726,648
INFO	2019-07-03 19:35:50	AddOrReplaceReadGroups	Processed    30,000,000 records.  Elapsed time: 00:10:22s.  Time for last 1,000,000:   16s.  Last read position: HiC_scaffold_27:10,230,714
INFO	2019-07-03 19:36:06	AddOrReplaceReadGroups	Processed    31,000,000 records.  Elapsed time: 00:10:38s.  Time for last 1,000,000:   16s.  Last read position: HiC_scaffold_29:827,561
INFO	2019-07-03 19:36:22	AddOrReplaceReadGroups	Processed    32,000,000 records.  Elapsed time: 00:10:54s.  Time for last 1,000,000:   15s.  Last read position: HiC_scaffold_29:10,097,225
INFO	2019-07-03 19:36:38	AddOrReplaceReadGroups	Processed    33,000,000 records.  Elapsed time: 00:11:10s.  Time for last 1,000,000:   16s.  Last read position: HiC_scaffold_113:3,789
INFO	2019-07-03 19:36:54	AddOrReplaceReadGroups	Processed    34,000,000 records.  Elapsed time: 00:11:26s.  Time for last 1,000,000:   15s.  Last read position: */*
INFO	2019-07-03 19:37:09	AddOrReplaceReadGroups	Processed    35,000,000 records.  Elapsed time: 00:11:41s.  Time for last 1,000,000:   15s.  Last read position: */*
INFO	2019-07-03 19:37:24	AddOrReplaceReadGroups	Processed    36,000,000 records.  Elapsed time: 00:11:56s.  Time for last 1,000,000:   15s.  Last read position: */*
INFO	2019-07-03 19:37:39	AddOrReplaceReadGroups	Processed    37,000,000 records.  Elapsed time: 00:12:11s.  Time for last 1,000,000:   15s.  Last read position: */*
INFO	2019-07-03 19:37:55	AddOrReplaceReadGroups	Processed    38,000,000 records.  Elapsed time: 00:12:26s.  Time for last 1,000,000:   15s.  Last read position: */*
INFO	2019-07-03 19:38:10	AddOrReplaceReadGroups	Processed    39,000,000 records.  Elapsed time: 00:12:41s.  Time for last 1,000,000:   15s.  Last read position: */*
INFO	2019-07-03 19:38:25	AddOrReplaceReadGroups	Processed    40,000,000 records.  Elapsed time: 00:12:57s.  Time for last 1,000,000:   15s.  Last read position: */*
INFO	2019-07-03 19:38:41	AddOrReplaceReadGroups	Processed    41,000,000 records.  Elapsed time: 00:13:13s.  Time for last 1,000,000:   15s.  Last read position: */*
INFO	2019-07-03 19:38:57	AddOrReplaceReadGroups	Processed    42,000,000 records.  Elapsed time: 00:13:29s.  Time for last 1,000,000:   16s.  Last read position: */*
INFO	2019-07-03 19:39:13	AddOrReplaceReadGroups	Processed    43,000,000 records.  Elapsed time: 00:13:45s.  Time for last 1,000,000:   15s.  Last read position: */*
INFO	2019-07-03 19:39:29	AddOrReplaceReadGroups	Processed    44,000,000 records.  Elapsed time: 00:14:01s.  Time for last 1,000,000:   15s.  Last read position: */*
INFO	2019-07-03 19:39:45	AddOrReplaceReadGroups	Processed    45,000,000 records.  Elapsed time: 00:14:16s.  Time for last 1,000,000:   15s.  Last read position: */*
INFO	2019-07-03 19:40:00	AddOrReplaceReadGroups	Processed    46,000,000 records.  Elapsed time: 00:14:32s.  Time for last 1,000,000:   15s.  Last read position: */*
INFO	2019-07-03 19:40:16	AddOrReplaceReadGroups	Processed    47,000,000 records.  Elapsed time: 00:14:48s.  Time for last 1,000,000:   15s.  Last read position: */*
[Wed Jul 03 19:40:17 CEST 2019] picard.sam.AddOrReplaceReadGroups done. Elapsed time: 14.82 minutes.
Runtime.totalMemory()=1512570880
